[0.050s] Invoking command in '/home/orangepi/code/town_ws/build/village_wang': CMAKE_PREFIX_PATH=${CMAKE_PREFIX_PATH}:/home/orangepi/code/town_ws/install/village_li:/opt/ros/foxy /usr/bin/cmake --build /home/orangepi/code/town_ws/build/village_wang -- -j8 -l8
[0.460s] [35m[1mScanning dependencies of target wang2_node[0m
[0.541s] [ 50%] [32mBuilding CXX object CMakeFiles/wang2_node.dir/src/wang2.cpp.o[0m
[9.512s] [100%] [32m[1mLinking CXX executable wang2_node[0m
[10.428s] [100%] Built target wang2_node
[10.474s] Invoked command in '/home/orangepi/code/town_ws/build/village_wang' returned '0': CMAKE_PREFIX_PATH=${CMAKE_PREFIX_PATH}:/home/orangepi/code/town_ws/install/village_li:/opt/ros/foxy /usr/bin/cmake --build /home/orangepi/code/town_ws/build/village_wang -- -j8 -l8
[10.565s] Invoking command in '/home/orangepi/code/town_ws/build/village_wang': CMAKE_PREFIX_PATH=${CMAKE_PREFIX_PATH}:/home/orangepi/code/town_ws/install/village_li:/opt/ros/foxy /usr/bin/cmake --install /home/orangepi/code/town_ws/build/village_wang
[10.594s] -- Install configuration: ""
[10.595s] -- Up-to-date: /home/orangepi/code/town_ws/install/village_wang/share/ament_index/resource_index/package_run_dependencies/village_wang
[10.596s] -- Up-to-date: /home/orangepi/code/town_ws/install/village_wang/share/ament_index/resource_index/parent_prefix_path/village_wang
[10.596s] -- Up-to-date: /home/orangepi/code/town_ws/install/village_wang/share/village_wang/environment/ament_prefix_path.sh
[10.597s] -- Up-to-date: /home/orangepi/code/town_ws/install/village_wang/share/village_wang/environment/ament_prefix_path.dsv
[10.597s] -- Up-to-date: /home/orangepi/code/town_ws/install/village_wang/share/village_wang/environment/path.sh
[10.598s] -- Up-to-date: /home/orangepi/code/town_ws/install/village_wang/share/village_wang/environment/path.dsv
[10.598s] -- Up-to-date: /home/orangepi/code/town_ws/install/village_wang/share/village_wang/local_setup.bash
[10.599s] -- Up-to-date: /home/orangepi/code/town_ws/install/village_wang/share/village_wang/local_setup.sh
[10.599s] -- Up-to-date: /home/orangepi/code/town_ws/install/village_wang/share/village_wang/local_setup.zsh
[10.599s] -- Up-to-date: /home/orangepi/code/town_ws/install/village_wang/share/village_wang/local_setup.dsv
[10.600s] -- Installing: /home/orangepi/code/town_ws/install/village_wang/share/village_wang/package.dsv
[10.600s] -- Up-to-date: /home/orangepi/code/town_ws/install/village_wang/share/ament_index/resource_index/packages/village_wang
[10.601s] -- Up-to-date: /home/orangepi/code/town_ws/install/village_wang/share/village_wang/cmake/village_wangConfig.cmake
[10.601s] -- Up-to-date: /home/orangepi/code/town_ws/install/village_wang/share/village_wang/cmake/village_wangConfig-version.cmake
[10.602s] -- Up-to-date: /home/orangepi/code/town_ws/install/village_wang/share/village_wang/package.xml
[10.602s] -- Installing: /home/orangepi/code/town_ws/install/village_wang/lib/village_wang/wang2_node
[10.610s] -- Set runtime path of "/home/orangepi/code/town_ws/install/village_wang/lib/village_wang/wang2_node" to ""
[10.625s] Invoked command in '/home/orangepi/code/town_ws/build/village_wang' returned '0': CMAKE_PREFIX_PATH=${CMAKE_PREFIX_PATH}:/home/orangepi/code/town_ws/install/village_li:/opt/ros/foxy /usr/bin/cmake --install /home/orangepi/code/town_ws/build/village_wang
