[1.227s] DEBUG:colcon:Command line arguments: ['/usr/bin/colcon', 'build', '--packages-select', 'village_wang']
[1.227s] DEBUG:colcon:Parsed command line arguments: Namespace(ament_cmake_args=None, base_paths=['.'], build_base='build', catkin_cmake_args=None, catkin_skip_building_tests=False, cmake_args=None, cmake_clean_cache=False, cmake_clean_first=False, cmake_force_configure=False, cmake_target=None, cmake_target_skip_unavailable=False, continue_on_error=False, event_handlers=None, executor='parallel', ignore_user_meta=False, install_base='install', log_base=None, log_level=None, main=<bound method BuildVerb.main of <colcon_core.verb.build.BuildVerb object at 0x7fa794e310>>, merge_install=False, metas=['./colcon.meta'], packages_above=None, packages_above_and_dependencies=None, packages_above_depth=None, packages_end=None, packages_ignore=None, packages_ignore_regex=None, packages_select=['village_wang'], packages_select_build_failed=False, packages_select_by_dep=None, packages_select_regex=None, packages_select_test_failures=False, packages_skip=None, packages_skip_build_finished=False, packages_skip_by_dep=None, packages_skip_regex=None, packages_skip_test_passed=False, packages_skip_up_to=None, packages_start=None, packages_up_to=None, packages_up_to_regex=None, parallel_workers=8, paths=None, symlink_install=False, test_result_base=None, verb_extension=<colcon_core.verb.build.BuildVerb object at 0x7fa794e310>, verb_name='build', verb_parser=<colcon_defaults.argument_parser.defaults.DefaultArgumentsDecorator object at 0x7fa794e850>)
[1.334s] Level 1:colcon.colcon_core.package_discovery:discover_packages(colcon_meta) check parameters
[1.334s] Level 1:colcon.colcon_core.package_discovery:discover_packages(recursive) check parameters
[1.334s] Level 1:colcon.colcon_core.package_discovery:discover_packages(ignore) check parameters
[1.334s] Level 1:colcon.colcon_core.package_discovery:discover_packages(path) check parameters
[1.334s] Level 1:colcon.colcon_core.package_discovery:discover_packages(colcon_meta) discover
[1.334s] Level 1:colcon.colcon_core.package_discovery:discover_packages(recursive) discover
[1.335s] INFO:colcon.colcon_core.package_discovery:Crawling recursively for packages in '/home/orangepi/code/town_ws'
[1.335s] Level 1:colcon.colcon_core.package_identification:_identify(.) by extensions ['ignore', 'ignore_ament_install']
[1.335s] Level 1:colcon.colcon_core.package_identification:_identify(.) by extension 'ignore'
[1.335s] Level 1:colcon.colcon_core.package_identification:_identify(.) by extension 'ignore_ament_install'
[1.335s] Level 1:colcon.colcon_core.package_identification:_identify(.) by extensions ['colcon_pkg']
[1.335s] Level 1:colcon.colcon_core.package_identification:_identify(.) by extension 'colcon_pkg'
[1.335s] Level 1:colcon.colcon_core.package_identification:_identify(.) by extensions ['colcon_meta']
[1.335s] Level 1:colcon.colcon_core.package_identification:_identify(.) by extension 'colcon_meta'
[1.335s] Level 1:colcon.colcon_core.package_identification:_identify(.) by extensions ['ros']
[1.335s] Level 1:colcon.colcon_core.package_identification:_identify(.) by extension 'ros'
[1.407s] Level 1:colcon.colcon_core.package_identification:_identify(.) by extensions ['cmake', 'python']
[1.407s] Level 1:colcon.colcon_core.package_identification:_identify(.) by extension 'cmake'
[1.407s] Level 1:colcon.colcon_core.package_identification:_identify(.) by extension 'python'
[1.408s] Level 1:colcon.colcon_core.package_identification:_identify(.) by extensions ['python_setup_py']
[1.408s] Level 1:colcon.colcon_core.package_identification:_identify(.) by extension 'python_setup_py'
[1.408s] Level 1:colcon.colcon_core.package_identification:_identify(build) by extensions ['ignore', 'ignore_ament_install']
[1.408s] Level 1:colcon.colcon_core.package_identification:_identify(build) by extension 'ignore'
[1.408s] Level 1:colcon.colcon_core.package_identification:_identify(build) ignored
[1.408s] Level 1:colcon.colcon_core.package_identification:_identify(install) by extensions ['ignore', 'ignore_ament_install']
[1.408s] Level 1:colcon.colcon_core.package_identification:_identify(install) by extension 'ignore'
[1.409s] Level 1:colcon.colcon_core.package_identification:_identify(install) ignored
[1.409s] Level 1:colcon.colcon_core.package_identification:_identify(log) by extensions ['ignore', 'ignore_ament_install']
[1.409s] Level 1:colcon.colcon_core.package_identification:_identify(log) by extension 'ignore'
[1.409s] Level 1:colcon.colcon_core.package_identification:_identify(log) ignored
[1.409s] Level 1:colcon.colcon_core.package_identification:_identify(src) by extensions ['ignore', 'ignore_ament_install']
[1.409s] Level 1:colcon.colcon_core.package_identification:_identify(src) by extension 'ignore'
[1.409s] Level 1:colcon.colcon_core.package_identification:_identify(src) by extension 'ignore_ament_install'
[1.409s] Level 1:colcon.colcon_core.package_identification:_identify(src) by extensions ['colcon_pkg']
[1.409s] Level 1:colcon.colcon_core.package_identification:_identify(src) by extension 'colcon_pkg'
[1.409s] Level 1:colcon.colcon_core.package_identification:_identify(src) by extensions ['colcon_meta']
[1.410s] Level 1:colcon.colcon_core.package_identification:_identify(src) by extension 'colcon_meta'
[1.410s] Level 1:colcon.colcon_core.package_identification:_identify(src) by extensions ['ros']
[1.410s] Level 1:colcon.colcon_core.package_identification:_identify(src) by extension 'ros'
[1.410s] Level 1:colcon.colcon_core.package_identification:_identify(src) by extensions ['cmake', 'python']
[1.410s] Level 1:colcon.colcon_core.package_identification:_identify(src) by extension 'cmake'
[1.410s] Level 1:colcon.colcon_core.package_identification:_identify(src) by extension 'python'
[1.410s] Level 1:colcon.colcon_core.package_identification:_identify(src) by extensions ['python_setup_py']
[1.410s] Level 1:colcon.colcon_core.package_identification:_identify(src) by extension 'python_setup_py'
[1.410s] Level 1:colcon.colcon_core.package_identification:_identify(src/village_interfaces) by extensions ['ignore', 'ignore_ament_install']
[1.410s] Level 1:colcon.colcon_core.package_identification:_identify(src/village_interfaces) by extension 'ignore'
[1.410s] Level 1:colcon.colcon_core.package_identification:_identify(src/village_interfaces) by extension 'ignore_ament_install'
[1.410s] Level 1:colcon.colcon_core.package_identification:_identify(src/village_interfaces) by extensions ['colcon_pkg']
[1.410s] Level 1:colcon.colcon_core.package_identification:_identify(src/village_interfaces) by extension 'colcon_pkg'
[1.410s] Level 1:colcon.colcon_core.package_identification:_identify(src/village_interfaces) by extensions ['colcon_meta']
[1.411s] Level 1:colcon.colcon_core.package_identification:_identify(src/village_interfaces) by extension 'colcon_meta'
[1.411s] Level 1:colcon.colcon_core.package_identification:_identify(src/village_interfaces) by extensions ['ros']
[1.411s] Level 1:colcon.colcon_core.package_identification:_identify(src/village_interfaces) by extension 'ros'
[1.422s] DEBUG:colcon.colcon_core.package_identification:Package 'src/village_interfaces' with type 'ros.ament_cmake' and name 'village_interfaces'
[1.423s] Level 1:colcon.colcon_core.package_identification:_identify(src/village_li) by extensions ['ignore', 'ignore_ament_install']
[1.423s] Level 1:colcon.colcon_core.package_identification:_identify(src/village_li) by extension 'ignore'
[1.423s] Level 1:colcon.colcon_core.package_identification:_identify(src/village_li) by extension 'ignore_ament_install'
[1.423s] Level 1:colcon.colcon_core.package_identification:_identify(src/village_li) by extensions ['colcon_pkg']
[1.423s] Level 1:colcon.colcon_core.package_identification:_identify(src/village_li) by extension 'colcon_pkg'
[1.423s] Level 1:colcon.colcon_core.package_identification:_identify(src/village_li) by extensions ['colcon_meta']
[1.423s] Level 1:colcon.colcon_core.package_identification:_identify(src/village_li) by extension 'colcon_meta'
[1.423s] Level 1:colcon.colcon_core.package_identification:_identify(src/village_li) by extensions ['ros']
[1.423s] Level 1:colcon.colcon_core.package_identification:_identify(src/village_li) by extension 'ros'
[1.425s] DEBUG:colcon.colcon_core.package_identification:Package 'src/village_li' with type 'ros.ament_python' and name 'village_li'
[1.425s] Level 1:colcon.colcon_core.package_identification:_identify(src/village_wang) by extensions ['ignore', 'ignore_ament_install']
[1.425s] Level 1:colcon.colcon_core.package_identification:_identify(src/village_wang) by extension 'ignore'
[1.425s] Level 1:colcon.colcon_core.package_identification:_identify(src/village_wang) by extension 'ignore_ament_install'
[1.425s] Level 1:colcon.colcon_core.package_identification:_identify(src/village_wang) by extensions ['colcon_pkg']
[1.425s] Level 1:colcon.colcon_core.package_identification:_identify(src/village_wang) by extension 'colcon_pkg'
[1.426s] Level 1:colcon.colcon_core.package_identification:_identify(src/village_wang) by extensions ['colcon_meta']
[1.426s] Level 1:colcon.colcon_core.package_identification:_identify(src/village_wang) by extension 'colcon_meta'
[1.426s] Level 1:colcon.colcon_core.package_identification:_identify(src/village_wang) by extensions ['ros']
[1.426s] Level 1:colcon.colcon_core.package_identification:_identify(src/village_wang) by extension 'ros'
[1.427s] DEBUG:colcon.colcon_core.package_identification:Package 'src/village_wang' with type 'ros.ament_cmake' and name 'village_wang'
[1.427s] Level 1:colcon.colcon_core.package_identification:_identify(src/village_zhang) by extensions ['ignore', 'ignore_ament_install']
[1.428s] Level 1:colcon.colcon_core.package_identification:_identify(src/village_zhang) by extension 'ignore'
[1.428s] Level 1:colcon.colcon_core.package_identification:_identify(src/village_zhang) by extension 'ignore_ament_install'
[1.428s] Level 1:colcon.colcon_core.package_identification:_identify(src/village_zhang) by extensions ['colcon_pkg']
[1.428s] Level 1:colcon.colcon_core.package_identification:_identify(src/village_zhang) by extension 'colcon_pkg'
[1.428s] Level 1:colcon.colcon_core.package_identification:_identify(src/village_zhang) by extensions ['colcon_meta']
[1.428s] Level 1:colcon.colcon_core.package_identification:_identify(src/village_zhang) by extension 'colcon_meta'
[1.428s] Level 1:colcon.colcon_core.package_identification:_identify(src/village_zhang) by extensions ['ros']
[1.428s] Level 1:colcon.colcon_core.package_identification:_identify(src/village_zhang) by extension 'ros'
[1.433s] DEBUG:colcon.colcon_core.package_identification:Package 'src/village_zhang' with type 'ros.ament_cmake' and name 'village_zhang'
[1.433s] Level 1:colcon.colcon_core.package_discovery:discover_packages(recursive) using defaults
[1.433s] Level 1:colcon.colcon_core.package_discovery:discover_packages(ignore) discover
[1.433s] Level 1:colcon.colcon_core.package_discovery:discover_packages(ignore) using defaults
[1.433s] Level 1:colcon.colcon_core.package_discovery:discover_packages(path) discover
[1.434s] Level 1:colcon.colcon_core.package_discovery:discover_packages(path) using defaults
[1.526s] INFO:colcon.colcon_core.package_selection:Skipping not selected package 'village_interfaces' in 'src/village_interfaces'
[1.526s] INFO:colcon.colcon_core.package_selection:Skipping not selected package 'village_li' in 'src/village_li'
[1.526s] INFO:colcon.colcon_core.package_selection:Skipping not selected package 'village_zhang' in 'src/village_zhang'
[1.528s] Level 5:colcon.colcon_core.verb:set package 'village_wang' build argument 'cmake_args' from command line to 'None'
[1.528s] Level 5:colcon.colcon_core.verb:set package 'village_wang' build argument 'cmake_target' from command line to 'None'
[1.528s] Level 5:colcon.colcon_core.verb:set package 'village_wang' build argument 'cmake_target_skip_unavailable' from command line to 'False'
[1.528s] Level 5:colcon.colcon_core.verb:set package 'village_wang' build argument 'cmake_clean_cache' from command line to 'False'
[1.528s] Level 5:colcon.colcon_core.verb:set package 'village_wang' build argument 'cmake_clean_first' from command line to 'False'
[1.528s] Level 5:colcon.colcon_core.verb:set package 'village_wang' build argument 'cmake_force_configure' from command line to 'False'
[1.528s] Level 5:colcon.colcon_core.verb:set package 'village_wang' build argument 'ament_cmake_args' from command line to 'None'
[1.528s] Level 5:colcon.colcon_core.verb:set package 'village_wang' build argument 'catkin_cmake_args' from command line to 'None'
[1.528s] Level 5:colcon.colcon_core.verb:set package 'village_wang' build argument 'catkin_skip_building_tests' from command line to 'False'
[1.528s] DEBUG:colcon.colcon_core.verb:Building package 'village_wang' with the following arguments: {'ament_cmake_args': None, 'build_base': '/home/orangepi/code/town_ws/build/village_wang', 'catkin_cmake_args': None, 'catkin_skip_building_tests': False, 'cmake_args': None, 'cmake_clean_cache': False, 'cmake_clean_first': False, 'cmake_force_configure': False, 'cmake_target': None, 'cmake_target_skip_unavailable': False, 'install_base': '/home/orangepi/code/town_ws/install/village_wang', 'merge_install': False, 'path': '/home/orangepi/code/town_ws/src/village_wang', 'symlink_install': False, 'test_result_base': None}
[1.529s] INFO:colcon.colcon_core.executor:Executing jobs using 'parallel' executor
[1.535s] DEBUG:colcon.colcon_parallel_executor.executor.parallel:run_until_complete
[1.535s] INFO:colcon.colcon_ros.task.ament_cmake.build:Building ROS package in '/home/orangepi/code/town_ws/src/village_wang' with build type 'ament_cmake'
[1.535s] INFO:colcon.colcon_cmake.task.cmake.build:Building CMake package in '/home/orangepi/code/town_ws/src/village_wang'
[1.553s] INFO:colcon.colcon_core.plugin_system:Skipping extension 'colcon_core.shell.bat': Not used on non-Windows systems
[1.553s] INFO:colcon.colcon_core.shell:Skip shell extension 'powershell' for command environment: Not usable outside of PowerShell
[1.553s] DEBUG:colcon.colcon_core.shell:Skip shell extension 'dsv' for command environment
[1.604s] DEBUG:colcon.colcon_core.event_handler.log_command:Invoking command in '/home/orangepi/code/town_ws/build/village_wang': CMAKE_PREFIX_PATH=/home/orangepi/code/town_ws/install/village_interfaces:/home/orangepi/code/town_ws/install/village_zhang:/home/orangepi/code/town_ws/install/village_wang:/home/orangepi/code/town_ws/install/village_li:/opt/ros/foxy PYTHONPATH=/home/orangepi/code/town_ws/install/village_interfaces/lib/python3.8/site-packages:/home/orangepi/code/town_ws/install/village_li/lib/python3.8/site-packages:/opt/ros/foxy/lib/python3.8/site-packages /usr/bin/cmake --build /home/orangepi/code/town_ws/build/village_wang -- -j8 -l8
[9.880s] DEBUG:colcon.colcon_core.event_handler.log_command:Invoked command in '/home/orangepi/code/town_ws/build/village_wang' returned '2': CMAKE_PREFIX_PATH=/home/orangepi/code/town_ws/install/village_interfaces:/home/orangepi/code/town_ws/install/village_zhang:/home/orangepi/code/town_ws/install/village_wang:/home/orangepi/code/town_ws/install/village_li:/opt/ros/foxy PYTHONPATH=/home/orangepi/code/town_ws/install/village_interfaces/lib/python3.8/site-packages:/home/orangepi/code/town_ws/install/village_li/lib/python3.8/site-packages:/opt/ros/foxy/lib/python3.8/site-packages /usr/bin/cmake --build /home/orangepi/code/town_ws/build/village_wang -- -j8 -l8
[9.969s] Level 1:colcon.colcon_core.environment:create_environment_scripts_only(village_wang)
[10.009s] Level 1:colcon.colcon_core.environment:checking '/home/orangepi/code/town_ws/install/village_wang' for CMake module files
[10.014s] Level 1:colcon.colcon_core.environment:checking '/home/orangepi/code/town_ws/install/village_wang' for CMake config files
[10.016s] Level 1:colcon.colcon_core.shell:create_environment_hook('village_wang', 'cmake_prefix_path')
[10.024s] INFO:colcon.colcon_core.shell:Creating environment hook '/home/orangepi/code/town_ws/install/village_wang/share/village_wang/hook/cmake_prefix_path.ps1'
[10.030s] INFO:colcon.colcon_core.shell:Creating environment descriptor '/home/orangepi/code/town_ws/install/village_wang/share/village_wang/hook/cmake_prefix_path.dsv'
[10.032s] INFO:colcon.colcon_core.shell:Creating environment hook '/home/orangepi/code/town_ws/install/village_wang/share/village_wang/hook/cmake_prefix_path.sh'
[10.037s] Level 1:colcon.colcon_core.environment:checking '/home/orangepi/code/town_ws/install/village_wang/lib'
[10.038s] Level 1:colcon.colcon_core.environment:checking '/home/orangepi/code/town_ws/install/village_wang/bin'
[10.039s] Level 1:colcon.colcon_core.environment:checking '/home/orangepi/code/town_ws/install/village_wang/lib/pkgconfig/village_wang.pc'
[10.043s] Level 1:colcon.colcon_core.environment:checking '/home/orangepi/code/town_ws/install/village_wang/lib/python3.8/site-packages'
[10.044s] Level 1:colcon.colcon_core.environment:checking '/home/orangepi/code/town_ws/install/village_wang/bin'
[10.050s] INFO:colcon.colcon_core.shell:Creating package script '/home/orangepi/code/town_ws/install/village_wang/share/village_wang/package.ps1'
[10.053s] INFO:colcon.colcon_core.shell:Creating package descriptor '/home/orangepi/code/town_ws/install/village_wang/share/village_wang/package.dsv'
[10.055s] INFO:colcon.colcon_core.shell:Creating package script '/home/orangepi/code/town_ws/install/village_wang/share/village_wang/package.sh'
[10.057s] INFO:colcon.colcon_core.shell:Creating package script '/home/orangepi/code/town_ws/install/village_wang/share/village_wang/package.bash'
[10.062s] INFO:colcon.colcon_core.shell:Creating package script '/home/orangepi/code/town_ws/install/village_wang/share/village_wang/package.zsh'
[10.065s] Level 1:colcon.colcon_core.environment:create_file_with_runtime_dependencies(/home/orangepi/code/town_ws/install/village_wang/share/colcon-core/packages/village_wang)
[10.076s] DEBUG:colcon.colcon_parallel_executor.executor.parallel:closing loop
[10.076s] DEBUG:colcon.colcon_parallel_executor.executor.parallel:loop closed
[10.077s] DEBUG:colcon.colcon_parallel_executor.executor.parallel:run_until_complete finished with '2'
[10.077s] DEBUG:colcon.colcon_core.event_reactor:joining thread
[10.125s] INFO:colcon.colcon_core.plugin_system:Skipping extension 'colcon_notification.desktop_notification.terminal_notifier': Not used on non-Darwin systems
[10.125s] INFO:colcon.colcon_core.plugin_system:Skipping extension 'colcon_notification.desktop_notification.win32': Not used on non-Windows systems
[10.126s] INFO:colcon.colcon_notification.desktop_notification:Sending desktop notification using 'notify2'
[10.169s] DEBUG:colcon.colcon_core.event_reactor:joined thread
[10.171s] INFO:colcon.colcon_core.shell:Creating prefix script '/home/orangepi/code/town_ws/install/local_setup.ps1'
[10.177s] INFO:colcon.colcon_core.shell:Creating prefix util module '/home/orangepi/code/town_ws/install/_local_setup_util_ps1.py'
[10.186s] INFO:colcon.colcon_core.shell:Creating prefix chain script '/home/orangepi/code/town_ws/install/setup.ps1'
[10.195s] INFO:colcon.colcon_core.shell:Creating prefix script '/home/orangepi/code/town_ws/install/local_setup.sh'
[10.197s] INFO:colcon.colcon_core.shell:Creating prefix util module '/home/orangepi/code/town_ws/install/_local_setup_util_sh.py'
[10.198s] INFO:colcon.colcon_core.shell:Creating prefix chain script '/home/orangepi/code/town_ws/install/setup.sh'
[10.201s] INFO:colcon.colcon_core.shell:Creating prefix script '/home/orangepi/code/town_ws/install/local_setup.bash'
[10.204s] INFO:colcon.colcon_core.shell:Creating prefix chain script '/home/orangepi/code/town_ws/install/setup.bash'
[10.207s] INFO:colcon.colcon_core.shell:Creating prefix script '/home/orangepi/code/town_ws/install/local_setup.zsh'
[10.209s] INFO:colcon.colcon_core.shell:Creating prefix chain script '/home/orangepi/code/town_ws/install/setup.zsh'
