[0.030s] Invoking command in '/home/orangepi/code/My_Robot/build/perception_pkg': CMAKE_PREFIX_PATH=/opt/ros/foxy CONDA_PROMPT_MODIFIER=(base) /usr/bin/cmake /home/orangepi/code/My_Robot/src/perception_pkg -DCMAKE_INSTALL_PREFIX=/home/orangepi/code/My_Robot/install/perception_pkg
[0.072s] -- Found ament_cmake: 0.9.12 (/opt/ros/foxy/share/ament_cmake/cmake)
[0.141s] -- Using PYTHON_EXECUTABLE: /home/orangepi/miniconda3/bin/python3
[0.409s] -- Found rclcpp: 2.4.3 (/opt/ros/foxy/share/rclcpp/cmake)
[0.457s] -- Using all available rosidl_typesupport_c: rosidl_typesupport_fastrtps_c;rosidl_typesupport_introspection_c
[0.462s] -- Found rosidl_adapter: 1.3.1 (/opt/ros/foxy/share/rosidl_adapter/cmake)
[0.649s] -- Using all available rosidl_typesupport_cpp: rosidl_typesupport_fastrtps_cpp;rosidl_typesupport_introspection_cpp
[0.717s] -- Found rmw_implementation_cmake: 1.0.4 (/opt/ros/foxy/share/rmw_implementation_cmake/cmake)
[0.718s] -- Using RMW implementation 'rmw_fastrtps_cpp' as default
[0.916s] -- Found ament_lint_auto: 0.9.8 (/opt/ros/foxy/share/ament_lint_auto/cmake)
[0.975s] Traceback (most recent call last):
[0.976s]   File "/opt/ros/foxy/share/ament_cmake_core/cmake/core/package_xml_2_cmake.py", line 21, in <module>
[0.977s]     from catkin_pkg.package import parse_package_string
[0.977s] ModuleNotFoundError: No module named 'catkin_pkg'
[0.983s] CMake Error at /opt/ros/foxy/share/ament_cmake_core/cmake/core/ament_package_xml.cmake:94 (message):
[0.983s]   execute_process(/home/orangepi/miniconda3/bin/python3
[0.984s]   /opt/ros/foxy/share/ament_cmake_core/cmake/core/package_xml_2_cmake.py
[0.984s]   /home/orangepi/code/My_Robot/src/perception_pkg/package.xml
[0.984s]   /home/orangepi/code/My_Robot/build/perception_pkg/ament_cmake_core/package.cmake)
[0.985s]   returned error code 1
[0.985s] Call Stack (most recent call first):
[0.986s]   /opt/ros/foxy/share/ament_cmake_core/cmake/core/ament_package_xml.cmake:49 (_ament_package_xml)
[0.986s]   /opt/ros/foxy/share/ament_lint_auto/cmake/ament_lint_auto_find_test_dependencies.cmake:31 (ament_package_xml)
[0.986s]   CMakeLists.txt:34 (ament_lint_auto_find_test_dependencies)
[0.987s] 
[0.987s] 
[0.988s] -- Configuring incomplete, errors occurred!
[0.988s] See also "/home/orangepi/code/My_Robot/build/perception_pkg/CMakeFiles/CMakeOutput.log".
[0.988s] See also "/home/orangepi/code/My_Robot/build/perception_pkg/CMakeFiles/CMakeError.log".
[0.999s] Invoked command in '/home/orangepi/code/My_Robot/build/perception_pkg' returned '1': CMAKE_PREFIX_PATH=/opt/ros/foxy CONDA_PROMPT_MODIFIER=(base) /usr/bin/cmake /home/orangepi/code/My_Robot/src/perception_pkg -DCMAKE_INSTALL_PREFIX=/home/orangepi/code/My_Robot/install/perception_pkg
