[0.519s] DEBUG:colcon:Command line arguments: ['/usr/bin/colcon', 'build', '--packages-select', 'localization_pkg']
[0.519s] DEBUG:colcon:Parsed command line arguments: Namespace(ament_cmake_args=None, base_paths=['.'], build_base='build', catkin_cmake_args=None, catkin_skip_building_tests=False, cmake_args=None, cmake_clean_cache=False, cmake_clean_first=False, cmake_force_configure=False, cmake_target=None, cmake_target_skip_unavailable=False, continue_on_error=False, event_handlers=None, executor='parallel', ignore_user_meta=False, install_base='install', log_base=None, log_level=None, main=<bound method BuildVerb.main of <colcon_core.verb.build.BuildVerb object at 0x7f82307af0>>, merge_install=False, metas=['./colcon.meta'], packages_above=None, packages_above_and_dependencies=None, packages_above_depth=None, packages_end=None, packages_ignore=None, packages_ignore_regex=None, packages_select=['localization_pkg'], packages_select_build_failed=False, packages_select_by_dep=None, packages_select_regex=None, packages_select_test_failures=False, packages_skip=None, packages_skip_build_finished=False, packages_skip_by_dep=None, packages_skip_regex=None, packages_skip_test_passed=False, packages_skip_up_to=None, packages_start=None, packages_up_to=None, packages_up_to_regex=None, parallel_workers=8, paths=None, symlink_install=False, test_result_base=None, verb_extension=<colcon_core.verb.build.BuildVerb object at 0x7f82307af0>, verb_name='build', verb_parser=<colcon_defaults.argument_parser.defaults.DefaultArgumentsDecorator object at 0x7f823140a0>)
[0.574s] Level 1:colcon.colcon_core.package_discovery:discover_packages(colcon_meta) check parameters
[0.574s] Level 1:colcon.colcon_core.package_discovery:discover_packages(recursive) check parameters
[0.574s] Level 1:colcon.colcon_core.package_discovery:discover_packages(ignore) check parameters
[0.574s] Level 1:colcon.colcon_core.package_discovery:discover_packages(path) check parameters
[0.574s] Level 1:colcon.colcon_core.package_discovery:discover_packages(colcon_meta) discover
[0.574s] Level 1:colcon.colcon_core.package_discovery:discover_packages(recursive) discover
[0.575s] INFO:colcon.colcon_core.package_discovery:Crawling recursively for packages in '/home/orangepi/code/My_Robot'
[0.575s] Level 1:colcon.colcon_core.package_identification:_identify(.) by extensions ['ignore', 'ignore_ament_install']
[0.575s] Level 1:colcon.colcon_core.package_identification:_identify(.) by extension 'ignore'
[0.575s] Level 1:colcon.colcon_core.package_identification:_identify(.) by extension 'ignore_ament_install'
[0.575s] Level 1:colcon.colcon_core.package_identification:_identify(.) by extensions ['colcon_pkg']
[0.575s] Level 1:colcon.colcon_core.package_identification:_identify(.) by extension 'colcon_pkg'
[0.575s] Level 1:colcon.colcon_core.package_identification:_identify(.) by extensions ['colcon_meta']
[0.575s] Level 1:colcon.colcon_core.package_identification:_identify(.) by extension 'colcon_meta'
[0.575s] Level 1:colcon.colcon_core.package_identification:_identify(.) by extensions ['ros']
[0.575s] Level 1:colcon.colcon_core.package_identification:_identify(.) by extension 'ros'
[0.608s] Level 1:colcon.colcon_core.package_identification:_identify(.) by extensions ['cmake', 'python']
[0.608s] Level 1:colcon.colcon_core.package_identification:_identify(.) by extension 'cmake'
[0.608s] Level 1:colcon.colcon_core.package_identification:_identify(.) by extension 'python'
[0.608s] Level 1:colcon.colcon_core.package_identification:_identify(.) by extensions ['python_setup_py']
[0.608s] Level 1:colcon.colcon_core.package_identification:_identify(.) by extension 'python_setup_py'
[0.608s] Level 1:colcon.colcon_core.package_identification:_identify(ROSSettingMarkDown) by extensions ['ignore', 'ignore_ament_install']
[0.608s] Level 1:colcon.colcon_core.package_identification:_identify(ROSSettingMarkDown) by extension 'ignore'
[0.608s] Level 1:colcon.colcon_core.package_identification:_identify(ROSSettingMarkDown) by extension 'ignore_ament_install'
[0.608s] Level 1:colcon.colcon_core.package_identification:_identify(ROSSettingMarkDown) by extensions ['colcon_pkg']
[0.609s] Level 1:colcon.colcon_core.package_identification:_identify(ROSSettingMarkDown) by extension 'colcon_pkg'
[0.609s] Level 1:colcon.colcon_core.package_identification:_identify(ROSSettingMarkDown) by extensions ['colcon_meta']
[0.609s] Level 1:colcon.colcon_core.package_identification:_identify(ROSSettingMarkDown) by extension 'colcon_meta'
[0.609s] Level 1:colcon.colcon_core.package_identification:_identify(ROSSettingMarkDown) by extensions ['ros']
[0.609s] Level 1:colcon.colcon_core.package_identification:_identify(ROSSettingMarkDown) by extension 'ros'
[0.609s] Level 1:colcon.colcon_core.package_identification:_identify(ROSSettingMarkDown) by extensions ['cmake', 'python']
[0.609s] Level 1:colcon.colcon_core.package_identification:_identify(ROSSettingMarkDown) by extension 'cmake'
[0.609s] Level 1:colcon.colcon_core.package_identification:_identify(ROSSettingMarkDown) by extension 'python'
[0.609s] Level 1:colcon.colcon_core.package_identification:_identify(ROSSettingMarkDown) by extensions ['python_setup_py']
[0.609s] Level 1:colcon.colcon_core.package_identification:_identify(ROSSettingMarkDown) by extension 'python_setup_py'
[0.609s] Level 1:colcon.colcon_core.package_identification:_identify(RobotLearningMarkDown) by extensions ['ignore', 'ignore_ament_install']
[0.609s] Level 1:colcon.colcon_core.package_identification:_identify(RobotLearningMarkDown) by extension 'ignore'
[0.609s] Level 1:colcon.colcon_core.package_identification:_identify(RobotLearningMarkDown) by extension 'ignore_ament_install'
[0.609s] Level 1:colcon.colcon_core.package_identification:_identify(RobotLearningMarkDown) by extensions ['colcon_pkg']
[0.609s] Level 1:colcon.colcon_core.package_identification:_identify(RobotLearningMarkDown) by extension 'colcon_pkg'
[0.609s] Level 1:colcon.colcon_core.package_identification:_identify(RobotLearningMarkDown) by extensions ['colcon_meta']
[0.609s] Level 1:colcon.colcon_core.package_identification:_identify(RobotLearningMarkDown) by extension 'colcon_meta'
[0.610s] Level 1:colcon.colcon_core.package_identification:_identify(RobotLearningMarkDown) by extensions ['ros']
[0.610s] Level 1:colcon.colcon_core.package_identification:_identify(RobotLearningMarkDown) by extension 'ros'
[0.610s] Level 1:colcon.colcon_core.package_identification:_identify(RobotLearningMarkDown) by extensions ['cmake', 'python']
[0.610s] Level 1:colcon.colcon_core.package_identification:_identify(RobotLearningMarkDown) by extension 'cmake'
[0.610s] Level 1:colcon.colcon_core.package_identification:_identify(RobotLearningMarkDown) by extension 'python'
[0.610s] Level 1:colcon.colcon_core.package_identification:_identify(RobotLearningMarkDown) by extensions ['python_setup_py']
[0.610s] Level 1:colcon.colcon_core.package_identification:_identify(RobotLearningMarkDown) by extension 'python_setup_py'
[0.610s] Level 1:colcon.colcon_core.package_identification:_identify(build) by extensions ['ignore', 'ignore_ament_install']
[0.610s] Level 1:colcon.colcon_core.package_identification:_identify(build) by extension 'ignore'
[0.610s] Level 1:colcon.colcon_core.package_identification:_identify(build) ignored
[0.610s] Level 1:colcon.colcon_core.package_identification:_identify(install) by extensions ['ignore', 'ignore_ament_install']
[0.610s] Level 1:colcon.colcon_core.package_identification:_identify(install) by extension 'ignore'
[0.610s] Level 1:colcon.colcon_core.package_identification:_identify(install) ignored
[0.610s] Level 1:colcon.colcon_core.package_identification:_identify(log) by extensions ['ignore', 'ignore_ament_install']
[0.611s] Level 1:colcon.colcon_core.package_identification:_identify(log) by extension 'ignore'
[0.611s] Level 1:colcon.colcon_core.package_identification:_identify(log) ignored
[0.611s] Level 1:colcon.colcon_core.package_identification:_identify(src) by extensions ['ignore', 'ignore_ament_install']
[0.611s] Level 1:colcon.colcon_core.package_identification:_identify(src) by extension 'ignore'
[0.611s] Level 1:colcon.colcon_core.package_identification:_identify(src) by extension 'ignore_ament_install'
[0.611s] Level 1:colcon.colcon_core.package_identification:_identify(src) by extensions ['colcon_pkg']
[0.611s] Level 1:colcon.colcon_core.package_identification:_identify(src) by extension 'colcon_pkg'
[0.611s] Level 1:colcon.colcon_core.package_identification:_identify(src) by extensions ['colcon_meta']
[0.611s] Level 1:colcon.colcon_core.package_identification:_identify(src) by extension 'colcon_meta'
[0.611s] Level 1:colcon.colcon_core.package_identification:_identify(src) by extensions ['ros']
[0.611s] Level 1:colcon.colcon_core.package_identification:_identify(src) by extension 'ros'
[0.611s] Level 1:colcon.colcon_core.package_identification:_identify(src) by extensions ['cmake', 'python']
[0.611s] Level 1:colcon.colcon_core.package_identification:_identify(src) by extension 'cmake'
[0.611s] Level 1:colcon.colcon_core.package_identification:_identify(src) by extension 'python'
[0.611s] Level 1:colcon.colcon_core.package_identification:_identify(src) by extensions ['python_setup_py']
[0.611s] Level 1:colcon.colcon_core.package_identification:_identify(src) by extension 'python_setup_py'
[0.612s] Level 1:colcon.colcon_core.package_identification:_identify(src/localization_pkg) by extensions ['ignore', 'ignore_ament_install']
[0.612s] Level 1:colcon.colcon_core.package_identification:_identify(src/localization_pkg) by extension 'ignore'
[0.612s] Level 1:colcon.colcon_core.package_identification:_identify(src/localization_pkg) by extension 'ignore_ament_install'
[0.612s] Level 1:colcon.colcon_core.package_identification:_identify(src/localization_pkg) by extensions ['colcon_pkg']
[0.612s] Level 1:colcon.colcon_core.package_identification:_identify(src/localization_pkg) by extension 'colcon_pkg'
[0.612s] Level 1:colcon.colcon_core.package_identification:_identify(src/localization_pkg) by extensions ['colcon_meta']
[0.612s] Level 1:colcon.colcon_core.package_identification:_identify(src/localization_pkg) by extension 'colcon_meta'
[0.612s] Level 1:colcon.colcon_core.package_identification:_identify(src/localization_pkg) by extensions ['ros']
[0.612s] Level 1:colcon.colcon_core.package_identification:_identify(src/localization_pkg) by extension 'ros'
[0.617s] DEBUG:colcon.colcon_core.package_identification:Package 'src/localization_pkg' with type 'ros.ament_python' and name 'localization_pkg'
[0.617s] Level 1:colcon.colcon_core.package_identification:_identify(src/perception_pkg) by extensions ['ignore', 'ignore_ament_install']
[0.617s] Level 1:colcon.colcon_core.package_identification:_identify(src/perception_pkg) by extension 'ignore'
[0.617s] Level 1:colcon.colcon_core.package_identification:_identify(src/perception_pkg) by extension 'ignore_ament_install'
[0.617s] Level 1:colcon.colcon_core.package_identification:_identify(src/perception_pkg) by extensions ['colcon_pkg']
[0.617s] Level 1:colcon.colcon_core.package_identification:_identify(src/perception_pkg) by extension 'colcon_pkg'
[0.618s] Level 1:colcon.colcon_core.package_identification:_identify(src/perception_pkg) by extensions ['colcon_meta']
[0.618s] Level 1:colcon.colcon_core.package_identification:_identify(src/perception_pkg) by extension 'colcon_meta'
[0.618s] Level 1:colcon.colcon_core.package_identification:_identify(src/perception_pkg) by extensions ['ros']
[0.618s] Level 1:colcon.colcon_core.package_identification:_identify(src/perception_pkg) by extension 'ros'
[0.618s] DEBUG:colcon.colcon_core.package_identification:Package 'src/perception_pkg' with type 'ros.ament_cmake' and name 'perception_pkg'
[0.618s] Level 1:colcon.colcon_core.package_discovery:discover_packages(recursive) using defaults
[0.619s] Level 1:colcon.colcon_core.package_discovery:discover_packages(ignore) discover
[0.619s] Level 1:colcon.colcon_core.package_discovery:discover_packages(ignore) using defaults
[0.619s] Level 1:colcon.colcon_core.package_discovery:discover_packages(path) discover
[0.619s] Level 1:colcon.colcon_core.package_discovery:discover_packages(path) using defaults
[0.678s] INFO:colcon.colcon_core.package_selection:Skipping not selected package 'perception_pkg' in 'src/perception_pkg'
[0.679s] Level 5:colcon.colcon_core.verb:set package 'localization_pkg' build argument 'cmake_args' from command line to 'None'
[0.680s] Level 5:colcon.colcon_core.verb:set package 'localization_pkg' build argument 'cmake_target' from command line to 'None'
[0.680s] Level 5:colcon.colcon_core.verb:set package 'localization_pkg' build argument 'cmake_target_skip_unavailable' from command line to 'False'
[0.680s] Level 5:colcon.colcon_core.verb:set package 'localization_pkg' build argument 'cmake_clean_cache' from command line to 'False'
[0.680s] Level 5:colcon.colcon_core.verb:set package 'localization_pkg' build argument 'cmake_clean_first' from command line to 'False'
[0.680s] Level 5:colcon.colcon_core.verb:set package 'localization_pkg' build argument 'cmake_force_configure' from command line to 'False'
[0.680s] Level 5:colcon.colcon_core.verb:set package 'localization_pkg' build argument 'ament_cmake_args' from command line to 'None'
[0.680s] Level 5:colcon.colcon_core.verb:set package 'localization_pkg' build argument 'catkin_cmake_args' from command line to 'None'
[0.680s] Level 5:colcon.colcon_core.verb:set package 'localization_pkg' build argument 'catkin_skip_building_tests' from command line to 'False'
[0.680s] DEBUG:colcon.colcon_core.verb:Building package 'localization_pkg' with the following arguments: {'ament_cmake_args': None, 'build_base': '/home/orangepi/code/My_Robot/build/localization_pkg', 'catkin_cmake_args': None, 'catkin_skip_building_tests': False, 'cmake_args': None, 'cmake_clean_cache': False, 'cmake_clean_first': False, 'cmake_force_configure': False, 'cmake_target': None, 'cmake_target_skip_unavailable': False, 'install_base': '/home/orangepi/code/My_Robot/install/localization_pkg', 'merge_install': False, 'path': '/home/orangepi/code/My_Robot/src/localization_pkg', 'symlink_install': False, 'test_result_base': None}
[0.681s] INFO:colcon.colcon_core.executor:Executing jobs using 'parallel' executor
[0.685s] DEBUG:colcon.colcon_parallel_executor.executor.parallel:run_until_complete
[0.686s] INFO:colcon.colcon_ros.task.ament_python.build:Building ROS package in '/home/orangepi/code/My_Robot/src/localization_pkg' with build type 'ament_python'
[0.686s] Level 1:colcon.colcon_core.shell:create_environment_hook('localization_pkg', 'ament_prefix_path')
[0.710s] INFO:colcon.colcon_core.plugin_system:Skipping extension 'colcon_core.shell.bat': Not used on non-Windows systems
[0.711s] INFO:colcon.colcon_core.shell:Creating environment hook '/home/orangepi/code/My_Robot/install/localization_pkg/share/localization_pkg/hook/ament_prefix_path.ps1'
[0.712s] INFO:colcon.colcon_core.shell:Creating environment descriptor '/home/orangepi/code/My_Robot/install/localization_pkg/share/localization_pkg/hook/ament_prefix_path.dsv'
[0.712s] INFO:colcon.colcon_core.shell:Creating environment hook '/home/orangepi/code/My_Robot/install/localization_pkg/share/localization_pkg/hook/ament_prefix_path.sh'
[0.715s] INFO:colcon.colcon_core.shell:Skip shell extension 'powershell' for command environment: Not usable outside of PowerShell
[0.715s] DEBUG:colcon.colcon_core.shell:Skip shell extension 'dsv' for command environment
[1.059s] INFO:colcon.colcon_core.task.python.build:Building Python package in '/home/orangepi/code/My_Robot/src/localization_pkg'
[1.062s] INFO:colcon.colcon_core.shell:Skip shell extension 'powershell' for command environment: Not usable outside of PowerShell
[1.062s] DEBUG:colcon.colcon_core.shell:Skip shell extension 'dsv' for command environment
[1.741s] DEBUG:colcon.colcon_core.event_handler.log_command:Invoking command in '/home/orangepi/code/My_Robot/src/localization_pkg': CONDA_PROMPT_MODIFIER=(base) PYTHONPATH=/home/orangepi/code/My_Robot/build/localization_pkg/prefix_override:/home/orangepi/code/My_Robot/install/localization_pkg/lib/python3.8/site-packages:${PYTHONPATH} /usr/bin/python3 setup.py egg_info --egg-base ../../build/localization_pkg build --build-base /home/orangepi/code/My_Robot/build/localization_pkg/build install --record /home/orangepi/code/My_Robot/build/localization_pkg/install.log --install-scripts $base/lib/localization_pkg --single-version-externally-managed
[2.142s] DEBUG:colcon.colcon_core.event_handler.log_command:Invoked command in '/home/orangepi/code/My_Robot/src/localization_pkg' returned '0': CONDA_PROMPT_MODIFIER=(base) PYTHONPATH=/home/orangepi/code/My_Robot/build/localization_pkg/prefix_override:/home/orangepi/code/My_Robot/install/localization_pkg/lib/python3.8/site-packages:${PYTHONPATH} /usr/bin/python3 setup.py egg_info --egg-base ../../build/localization_pkg build --build-base /home/orangepi/code/My_Robot/build/localization_pkg/build install --record /home/orangepi/code/My_Robot/build/localization_pkg/install.log --install-scripts $base/lib/localization_pkg --single-version-externally-managed
[2.167s] Level 1:colcon.colcon_core.environment:checking '/home/orangepi/code/My_Robot/install/localization_pkg' for CMake module files
[2.169s] Level 1:colcon.colcon_core.environment:checking '/home/orangepi/code/My_Robot/install/localization_pkg' for CMake config files
[2.172s] Level 1:colcon.colcon_core.environment:checking '/home/orangepi/code/My_Robot/install/localization_pkg/lib'
[2.172s] Level 1:colcon.colcon_core.environment:checking '/home/orangepi/code/My_Robot/install/localization_pkg/bin'
[2.173s] Level 1:colcon.colcon_core.environment:checking '/home/orangepi/code/My_Robot/install/localization_pkg/lib/pkgconfig/localization_pkg.pc'
[2.174s] Level 1:colcon.colcon_core.environment:checking '/home/orangepi/code/My_Robot/install/localization_pkg/lib/python3.8/site-packages'
[2.174s] Level 1:colcon.colcon_core.shell:create_environment_hook('localization_pkg', 'pythonpath')
[2.181s] INFO:colcon.colcon_core.shell:Creating environment hook '/home/orangepi/code/My_Robot/install/localization_pkg/share/localization_pkg/hook/pythonpath.ps1'
[2.183s] INFO:colcon.colcon_core.shell:Creating environment descriptor '/home/orangepi/code/My_Robot/install/localization_pkg/share/localization_pkg/hook/pythonpath.dsv'
[2.184s] INFO:colcon.colcon_core.shell:Creating environment hook '/home/orangepi/code/My_Robot/install/localization_pkg/share/localization_pkg/hook/pythonpath.sh'
[2.186s] Level 1:colcon.colcon_core.environment:checking '/home/orangepi/code/My_Robot/install/localization_pkg/bin'
[2.186s] Level 1:colcon.colcon_core.environment:create_environment_scripts_only(localization_pkg)
[2.194s] INFO:colcon.colcon_core.shell:Creating package script '/home/orangepi/code/My_Robot/install/localization_pkg/share/localization_pkg/package.ps1'
[2.197s] INFO:colcon.colcon_core.shell:Creating package descriptor '/home/orangepi/code/My_Robot/install/localization_pkg/share/localization_pkg/package.dsv'
[2.200s] INFO:colcon.colcon_core.shell:Creating package script '/home/orangepi/code/My_Robot/install/localization_pkg/share/localization_pkg/package.sh'
[2.203s] INFO:colcon.colcon_core.shell:Creating package script '/home/orangepi/code/My_Robot/install/localization_pkg/share/localization_pkg/package.bash'
[2.205s] INFO:colcon.colcon_core.shell:Creating package script '/home/orangepi/code/My_Robot/install/localization_pkg/share/localization_pkg/package.zsh'
[2.207s] Level 1:colcon.colcon_core.environment:create_file_with_runtime_dependencies(/home/orangepi/code/My_Robot/install/localization_pkg/share/colcon-core/packages/localization_pkg)
[2.209s] DEBUG:colcon.colcon_parallel_executor.executor.parallel:closing loop
[2.210s] DEBUG:colcon.colcon_parallel_executor.executor.parallel:loop closed
[2.210s] DEBUG:colcon.colcon_parallel_executor.executor.parallel:run_until_complete finished with '0'
[2.210s] DEBUG:colcon.colcon_core.event_reactor:joining thread
[2.233s] INFO:colcon.colcon_core.plugin_system:Skipping extension 'colcon_notification.desktop_notification.terminal_notifier': Not used on non-Darwin systems
[2.233s] INFO:colcon.colcon_core.plugin_system:Skipping extension 'colcon_notification.desktop_notification.win32': Not used on non-Windows systems
[2.234s] INFO:colcon.colcon_notification.desktop_notification:Sending desktop notification using 'notify2'
[2.278s] DEBUG:colcon.colcon_core.event_reactor:joined thread
[2.291s] INFO:colcon.colcon_core.shell:Creating prefix script '/home/orangepi/code/My_Robot/install/local_setup.ps1'
[2.296s] INFO:colcon.colcon_core.shell:Creating prefix util module '/home/orangepi/code/My_Robot/install/_local_setup_util_ps1.py'
[2.298s] INFO:colcon.colcon_core.shell:Creating prefix chain script '/home/orangepi/code/My_Robot/install/setup.ps1'
[2.302s] INFO:colcon.colcon_core.shell:Creating prefix script '/home/orangepi/code/My_Robot/install/local_setup.sh'
[2.306s] INFO:colcon.colcon_core.shell:Creating prefix util module '/home/orangepi/code/My_Robot/install/_local_setup_util_sh.py'
[2.309s] INFO:colcon.colcon_core.shell:Creating prefix chain script '/home/orangepi/code/My_Robot/install/setup.sh'
[2.317s] INFO:colcon.colcon_core.shell:Creating prefix script '/home/orangepi/code/My_Robot/install/local_setup.bash'
[2.319s] INFO:colcon.colcon_core.shell:Creating prefix chain script '/home/orangepi/code/My_Robot/install/setup.bash'
[2.323s] INFO:colcon.colcon_core.shell:Creating prefix script '/home/orangepi/code/My_Robot/install/local_setup.zsh'
[2.325s] INFO:colcon.colcon_core.shell:Creating prefix chain script '/home/orangepi/code/My_Robot/install/setup.zsh'
