[0.610s] DEBUG:colcon:Command line arguments: ['/usr/bin/colcon', 'build', '--packages-select', 'village_li']
[0.610s] DEBUG:colcon:Parsed command line arguments: Namespace(ament_cmake_args=None, base_paths=['.'], build_base='build', catkin_cmake_args=None, catkin_skip_building_tests=False, cmake_args=None, cmake_clean_cache=False, cmake_clean_first=False, cmake_force_configure=False, cmake_target=None, cmake_target_skip_unavailable=False, continue_on_error=False, event_handlers=None, executor='parallel', ignore_user_meta=False, install_base='install', log_base=None, log_level=None, main=<bound method BuildVerb.main of <colcon_core.verb.build.BuildVerb object at 0x7f9f085400>>, merge_install=False, metas=['./colcon.meta'], packages_above=None, packages_above_and_dependencies=None, packages_above_depth=None, packages_end=None, packages_ignore=None, packages_ignore_regex=None, packages_select=['village_li'], packages_select_build_failed=False, packages_select_by_dep=None, packages_select_regex=None, packages_select_test_failures=False, packages_skip=None, packages_skip_build_finished=False, packages_skip_by_dep=None, packages_skip_regex=None, packages_skip_test_passed=False, packages_skip_up_to=None, packages_start=None, packages_up_to=None, packages_up_to_regex=None, parallel_workers=8, paths=None, symlink_install=False, test_result_base=None, verb_extension=<colcon_core.verb.build.BuildVerb object at 0x7f9f085400>, verb_name='build', verb_parser=<colcon_defaults.argument_parser.defaults.DefaultArgumentsDecorator object at 0x7f9f085940>)
[0.725s] Level 1:colcon.colcon_core.package_discovery:discover_packages(colcon_meta) check parameters
[0.726s] Level 1:colcon.colcon_core.package_discovery:discover_packages(recursive) check parameters
[0.726s] Level 1:colcon.colcon_core.package_discovery:discover_packages(ignore) check parameters
[0.726s] Level 1:colcon.colcon_core.package_discovery:discover_packages(path) check parameters
[0.726s] Level 1:colcon.colcon_core.package_discovery:discover_packages(colcon_meta) discover
[0.726s] Level 1:colcon.colcon_core.package_discovery:discover_packages(recursive) discover
[0.726s] INFO:colcon.colcon_core.package_discovery:Crawling recursively for packages in '/home/orangepi/code/town_ws'
[0.726s] Level 1:colcon.colcon_core.package_identification:_identify(.) by extensions ['ignore', 'ignore_ament_install']
[0.727s] Level 1:colcon.colcon_core.package_identification:_identify(.) by extension 'ignore'
[0.727s] Level 1:colcon.colcon_core.package_identification:_identify(.) by extension 'ignore_ament_install'
[0.727s] Level 1:colcon.colcon_core.package_identification:_identify(.) by extensions ['colcon_pkg']
[0.727s] Level 1:colcon.colcon_core.package_identification:_identify(.) by extension 'colcon_pkg'
[0.727s] Level 1:colcon.colcon_core.package_identification:_identify(.) by extensions ['colcon_meta']
[0.727s] Level 1:colcon.colcon_core.package_identification:_identify(.) by extension 'colcon_meta'
[0.727s] Level 1:colcon.colcon_core.package_identification:_identify(.) by extensions ['ros']
[0.727s] Level 1:colcon.colcon_core.package_identification:_identify(.) by extension 'ros'
[0.768s] Level 1:colcon.colcon_core.package_identification:_identify(.) by extensions ['cmake', 'python']
[0.768s] Level 1:colcon.colcon_core.package_identification:_identify(.) by extension 'cmake'
[0.768s] Level 1:colcon.colcon_core.package_identification:_identify(.) by extension 'python'
[0.768s] Level 1:colcon.colcon_core.package_identification:_identify(.) by extensions ['python_setup_py']
[0.768s] Level 1:colcon.colcon_core.package_identification:_identify(.) by extension 'python_setup_py'
[0.768s] Level 1:colcon.colcon_core.package_identification:_identify(build) by extensions ['ignore', 'ignore_ament_install']
[0.769s] Level 1:colcon.colcon_core.package_identification:_identify(build) by extension 'ignore'
[0.769s] Level 1:colcon.colcon_core.package_identification:_identify(build) ignored
[0.769s] Level 1:colcon.colcon_core.package_identification:_identify(install) by extensions ['ignore', 'ignore_ament_install']
[0.769s] Level 1:colcon.colcon_core.package_identification:_identify(install) by extension 'ignore'
[0.769s] Level 1:colcon.colcon_core.package_identification:_identify(install) ignored
[0.769s] Level 1:colcon.colcon_core.package_identification:_identify(log) by extensions ['ignore', 'ignore_ament_install']
[0.769s] Level 1:colcon.colcon_core.package_identification:_identify(log) by extension 'ignore'
[0.769s] Level 1:colcon.colcon_core.package_identification:_identify(log) ignored
[0.770s] Level 1:colcon.colcon_core.package_identification:_identify(src) by extensions ['ignore', 'ignore_ament_install']
[0.770s] Level 1:colcon.colcon_core.package_identification:_identify(src) by extension 'ignore'
[0.770s] Level 1:colcon.colcon_core.package_identification:_identify(src) by extension 'ignore_ament_install'
[0.770s] Level 1:colcon.colcon_core.package_identification:_identify(src) by extensions ['colcon_pkg']
[0.770s] Level 1:colcon.colcon_core.package_identification:_identify(src) by extension 'colcon_pkg'
[0.770s] Level 1:colcon.colcon_core.package_identification:_identify(src) by extensions ['colcon_meta']
[0.770s] Level 1:colcon.colcon_core.package_identification:_identify(src) by extension 'colcon_meta'
[0.770s] Level 1:colcon.colcon_core.package_identification:_identify(src) by extensions ['ros']
[0.770s] Level 1:colcon.colcon_core.package_identification:_identify(src) by extension 'ros'
[0.770s] Level 1:colcon.colcon_core.package_identification:_identify(src) by extensions ['cmake', 'python']
[0.770s] Level 1:colcon.colcon_core.package_identification:_identify(src) by extension 'cmake'
[0.770s] Level 1:colcon.colcon_core.package_identification:_identify(src) by extension 'python'
[0.771s] Level 1:colcon.colcon_core.package_identification:_identify(src) by extensions ['python_setup_py']
[0.771s] Level 1:colcon.colcon_core.package_identification:_identify(src) by extension 'python_setup_py'
[0.771s] Level 1:colcon.colcon_core.package_identification:_identify(src/village_interfaces) by extensions ['ignore', 'ignore_ament_install']
[0.771s] Level 1:colcon.colcon_core.package_identification:_identify(src/village_interfaces) by extension 'ignore'
[0.771s] Level 1:colcon.colcon_core.package_identification:_identify(src/village_interfaces) by extension 'ignore_ament_install'
[0.771s] Level 1:colcon.colcon_core.package_identification:_identify(src/village_interfaces) by extensions ['colcon_pkg']
[0.771s] Level 1:colcon.colcon_core.package_identification:_identify(src/village_interfaces) by extension 'colcon_pkg'
[0.771s] Level 1:colcon.colcon_core.package_identification:_identify(src/village_interfaces) by extensions ['colcon_meta']
[0.771s] Level 1:colcon.colcon_core.package_identification:_identify(src/village_interfaces) by extension 'colcon_meta'
[0.771s] Level 1:colcon.colcon_core.package_identification:_identify(src/village_interfaces) by extensions ['ros']
[0.771s] Level 1:colcon.colcon_core.package_identification:_identify(src/village_interfaces) by extension 'ros'
[0.778s] DEBUG:colcon.colcon_core.package_identification:Package 'src/village_interfaces' with type 'ros.ament_cmake' and name 'village_interfaces'
[0.779s] Level 1:colcon.colcon_core.package_identification:_identify(src/village_li) by extensions ['ignore', 'ignore_ament_install']
[0.779s] Level 1:colcon.colcon_core.package_identification:_identify(src/village_li) by extension 'ignore'
[0.779s] Level 1:colcon.colcon_core.package_identification:_identify(src/village_li) by extension 'ignore_ament_install'
[0.779s] Level 1:colcon.colcon_core.package_identification:_identify(src/village_li) by extensions ['colcon_pkg']
[0.779s] Level 1:colcon.colcon_core.package_identification:_identify(src/village_li) by extension 'colcon_pkg'
[0.779s] Level 1:colcon.colcon_core.package_identification:_identify(src/village_li) by extensions ['colcon_meta']
[0.779s] Level 1:colcon.colcon_core.package_identification:_identify(src/village_li) by extension 'colcon_meta'
[0.779s] Level 1:colcon.colcon_core.package_identification:_identify(src/village_li) by extensions ['ros']
[0.779s] Level 1:colcon.colcon_core.package_identification:_identify(src/village_li) by extension 'ros'
[0.781s] DEBUG:colcon.colcon_core.package_identification:Package 'src/village_li' with type 'ros.ament_python' and name 'village_li'
[0.781s] Level 1:colcon.colcon_core.package_identification:_identify(src/village_wang) by extensions ['ignore', 'ignore_ament_install']
[0.781s] Level 1:colcon.colcon_core.package_identification:_identify(src/village_wang) by extension 'ignore'
[0.781s] Level 1:colcon.colcon_core.package_identification:_identify(src/village_wang) by extension 'ignore_ament_install'
[0.781s] Level 1:colcon.colcon_core.package_identification:_identify(src/village_wang) by extensions ['colcon_pkg']
[0.781s] Level 1:colcon.colcon_core.package_identification:_identify(src/village_wang) by extension 'colcon_pkg'
[0.781s] Level 1:colcon.colcon_core.package_identification:_identify(src/village_wang) by extensions ['colcon_meta']
[0.781s] Level 1:colcon.colcon_core.package_identification:_identify(src/village_wang) by extension 'colcon_meta'
[0.782s] Level 1:colcon.colcon_core.package_identification:_identify(src/village_wang) by extensions ['ros']
[0.782s] Level 1:colcon.colcon_core.package_identification:_identify(src/village_wang) by extension 'ros'
[0.783s] DEBUG:colcon.colcon_core.package_identification:Package 'src/village_wang' with type 'ros.ament_cmake' and name 'village_wang'
[0.783s] Level 1:colcon.colcon_core.package_discovery:discover_packages(recursive) using defaults
[0.783s] Level 1:colcon.colcon_core.package_discovery:discover_packages(ignore) discover
[0.783s] Level 1:colcon.colcon_core.package_discovery:discover_packages(ignore) using defaults
[0.783s] Level 1:colcon.colcon_core.package_discovery:discover_packages(path) discover
[0.783s] Level 1:colcon.colcon_core.package_discovery:discover_packages(path) using defaults
[0.869s] INFO:colcon.colcon_core.package_selection:Skipping not selected package 'village_interfaces' in 'src/village_interfaces'
[0.869s] INFO:colcon.colcon_core.package_selection:Skipping not selected package 'village_wang' in 'src/village_wang'
[0.871s] Level 5:colcon.colcon_core.verb:set package 'village_li' build argument 'cmake_args' from command line to 'None'
[0.871s] Level 5:colcon.colcon_core.verb:set package 'village_li' build argument 'cmake_target' from command line to 'None'
[0.871s] Level 5:colcon.colcon_core.verb:set package 'village_li' build argument 'cmake_target_skip_unavailable' from command line to 'False'
[0.871s] Level 5:colcon.colcon_core.verb:set package 'village_li' build argument 'cmake_clean_cache' from command line to 'False'
[0.871s] Level 5:colcon.colcon_core.verb:set package 'village_li' build argument 'cmake_clean_first' from command line to 'False'
[0.871s] Level 5:colcon.colcon_core.verb:set package 'village_li' build argument 'cmake_force_configure' from command line to 'False'
[0.871s] Level 5:colcon.colcon_core.verb:set package 'village_li' build argument 'ament_cmake_args' from command line to 'None'
[0.871s] Level 5:colcon.colcon_core.verb:set package 'village_li' build argument 'catkin_cmake_args' from command line to 'None'
[0.871s] Level 5:colcon.colcon_core.verb:set package 'village_li' build argument 'catkin_skip_building_tests' from command line to 'False'
[0.871s] DEBUG:colcon.colcon_core.verb:Building package 'village_li' with the following arguments: {'ament_cmake_args': None, 'build_base': '/home/orangepi/code/town_ws/build/village_li', 'catkin_cmake_args': None, 'catkin_skip_building_tests': False, 'cmake_args': None, 'cmake_clean_cache': False, 'cmake_clean_first': False, 'cmake_force_configure': False, 'cmake_target': None, 'cmake_target_skip_unavailable': False, 'install_base': '/home/orangepi/code/town_ws/install/village_li', 'merge_install': False, 'path': '/home/orangepi/code/town_ws/src/village_li', 'symlink_install': False, 'test_result_base': None}
[0.872s] INFO:colcon.colcon_core.executor:Executing jobs using 'parallel' executor
[0.877s] DEBUG:colcon.colcon_parallel_executor.executor.parallel:run_until_complete
[0.877s] INFO:colcon.colcon_ros.task.ament_python.build:Building ROS package in '/home/orangepi/code/town_ws/src/village_li' with build type 'ament_python'
[0.878s] Level 1:colcon.colcon_core.shell:create_environment_hook('village_li', 'ament_prefix_path')
[0.894s] INFO:colcon.colcon_core.plugin_system:Skipping extension 'colcon_core.shell.bat': Not used on non-Windows systems
[0.895s] INFO:colcon.colcon_core.shell:Creating environment hook '/home/orangepi/code/town_ws/install/village_li/share/village_li/hook/ament_prefix_path.ps1'
[0.900s] INFO:colcon.colcon_core.shell:Creating environment descriptor '/home/orangepi/code/town_ws/install/village_li/share/village_li/hook/ament_prefix_path.dsv'
[0.903s] INFO:colcon.colcon_core.shell:Creating environment hook '/home/orangepi/code/town_ws/install/village_li/share/village_li/hook/ament_prefix_path.sh'
[0.912s] INFO:colcon.colcon_core.shell:Skip shell extension 'powershell' for command environment: Not usable outside of PowerShell
[0.913s] DEBUG:colcon.colcon_core.shell:Skip shell extension 'dsv' for command environment
[1.266s] INFO:colcon.colcon_core.task.python.build:Building Python package in '/home/orangepi/code/town_ws/src/village_li'
[1.275s] INFO:colcon.colcon_core.shell:Skip shell extension 'powershell' for command environment: Not usable outside of PowerShell
[1.276s] DEBUG:colcon.colcon_core.shell:Skip shell extension 'dsv' for command environment
[2.084s] DEBUG:colcon.colcon_core.event_handler.log_command:Invoking command in '/home/orangepi/code/town_ws/src/village_li': CMAKE_PREFIX_PATH=/home/orangepi/code/town_ws/install/village_interfaces:/home/orangepi/code/town_ws/install/village_wang PYTHONPATH=/home/orangepi/code/town_ws/build/village_li/prefix_override:/home/orangepi/code/town_ws/install/village_li/lib/python3.8/site-packages:/home/orangepi/code/town_ws/install/village_interfaces/lib/python3.8/site-packages:/home/orangepi/code/town_ws/install/village_li/lib/python3.8/site-packages:/opt/ros/foxy/lib/python3.8/site-packages /usr/bin/python3 setup.py egg_info --egg-base ../../build/village_li build --build-base /home/orangepi/code/town_ws/build/village_li/build install --record /home/orangepi/code/town_ws/build/village_li/install.log --install-scripts $base/lib/village_li --single-version-externally-managed
[2.512s] DEBUG:colcon.colcon_core.event_handler.log_command:Invoked command in '/home/orangepi/code/town_ws/src/village_li' returned '0': CMAKE_PREFIX_PATH=/home/orangepi/code/town_ws/install/village_interfaces:/home/orangepi/code/town_ws/install/village_wang PYTHONPATH=/home/orangepi/code/town_ws/build/village_li/prefix_override:/home/orangepi/code/town_ws/install/village_li/lib/python3.8/site-packages:/home/orangepi/code/town_ws/install/village_interfaces/lib/python3.8/site-packages:/home/orangepi/code/town_ws/install/village_li/lib/python3.8/site-packages:/opt/ros/foxy/lib/python3.8/site-packages /usr/bin/python3 setup.py egg_info --egg-base ../../build/village_li build --build-base /home/orangepi/code/town_ws/build/village_li/build install --record /home/orangepi/code/town_ws/build/village_li/install.log --install-scripts $base/lib/village_li --single-version-externally-managed
[2.543s] Level 1:colcon.colcon_core.environment:checking '/home/orangepi/code/town_ws/install/village_li' for CMake module files
[2.546s] Level 1:colcon.colcon_core.environment:checking '/home/orangepi/code/town_ws/install/village_li' for CMake config files
[2.549s] Level 1:colcon.colcon_core.environment:checking '/home/orangepi/code/town_ws/install/village_li/lib'
[2.550s] Level 1:colcon.colcon_core.environment:checking '/home/orangepi/code/town_ws/install/village_li/bin'
[2.550s] Level 1:colcon.colcon_core.environment:checking '/home/orangepi/code/town_ws/install/village_li/lib/pkgconfig/village_li.pc'
[2.551s] Level 1:colcon.colcon_core.environment:checking '/home/orangepi/code/town_ws/install/village_li/lib/python3.8/site-packages'
[2.552s] Level 1:colcon.colcon_core.shell:create_environment_hook('village_li', 'pythonpath')
[2.559s] INFO:colcon.colcon_core.shell:Creating environment hook '/home/orangepi/code/town_ws/install/village_li/share/village_li/hook/pythonpath.ps1'
[2.560s] INFO:colcon.colcon_core.shell:Creating environment descriptor '/home/orangepi/code/town_ws/install/village_li/share/village_li/hook/pythonpath.dsv'
[2.562s] INFO:colcon.colcon_core.shell:Creating environment hook '/home/orangepi/code/town_ws/install/village_li/share/village_li/hook/pythonpath.sh'
[2.564s] Level 1:colcon.colcon_core.environment:checking '/home/orangepi/code/town_ws/install/village_li/bin'
[2.564s] Level 1:colcon.colcon_core.environment:create_environment_scripts_only(village_li)
[2.572s] INFO:colcon.colcon_core.shell:Creating package script '/home/orangepi/code/town_ws/install/village_li/share/village_li/package.ps1'
[2.576s] INFO:colcon.colcon_core.shell:Creating package descriptor '/home/orangepi/code/town_ws/install/village_li/share/village_li/package.dsv'
[2.579s] INFO:colcon.colcon_core.shell:Creating package script '/home/orangepi/code/town_ws/install/village_li/share/village_li/package.sh'
[2.585s] INFO:colcon.colcon_core.shell:Creating package script '/home/orangepi/code/town_ws/install/village_li/share/village_li/package.bash'
[2.590s] INFO:colcon.colcon_core.shell:Creating package script '/home/orangepi/code/town_ws/install/village_li/share/village_li/package.zsh'
[2.593s] Level 1:colcon.colcon_core.environment:create_file_with_runtime_dependencies(/home/orangepi/code/town_ws/install/village_li/share/colcon-core/packages/village_li)
[2.595s] DEBUG:colcon.colcon_parallel_executor.executor.parallel:closing loop
[2.596s] DEBUG:colcon.colcon_parallel_executor.executor.parallel:loop closed
[2.596s] DEBUG:colcon.colcon_parallel_executor.executor.parallel:run_until_complete finished with '0'
[2.596s] DEBUG:colcon.colcon_core.event_reactor:joining thread
[2.630s] INFO:colcon.colcon_core.plugin_system:Skipping extension 'colcon_notification.desktop_notification.terminal_notifier': Not used on non-Darwin systems
[2.631s] INFO:colcon.colcon_core.plugin_system:Skipping extension 'colcon_notification.desktop_notification.win32': Not used on non-Windows systems
[2.631s] INFO:colcon.colcon_notification.desktop_notification:Sending desktop notification using 'notify2'
[2.660s] DEBUG:colcon.colcon_core.event_reactor:joined thread
[2.666s] INFO:colcon.colcon_core.shell:Creating prefix script '/home/orangepi/code/town_ws/install/local_setup.ps1'
[2.671s] INFO:colcon.colcon_core.shell:Creating prefix util module '/home/orangepi/code/town_ws/install/_local_setup_util_ps1.py'
[2.676s] INFO:colcon.colcon_core.shell:Creating prefix chain script '/home/orangepi/code/town_ws/install/setup.ps1'
[2.682s] INFO:colcon.colcon_core.shell:Creating prefix script '/home/orangepi/code/town_ws/install/local_setup.sh'
[2.685s] INFO:colcon.colcon_core.shell:Creating prefix util module '/home/orangepi/code/town_ws/install/_local_setup_util_sh.py'
[2.686s] INFO:colcon.colcon_core.shell:Creating prefix chain script '/home/orangepi/code/town_ws/install/setup.sh'
[2.694s] INFO:colcon.colcon_core.shell:Creating prefix script '/home/orangepi/code/town_ws/install/local_setup.bash'
[2.697s] INFO:colcon.colcon_core.shell:Creating prefix chain script '/home/orangepi/code/town_ws/install/setup.bash'
[2.703s] INFO:colcon.colcon_core.shell:Creating prefix script '/home/orangepi/code/town_ws/install/local_setup.zsh'
[2.708s] INFO:colcon.colcon_core.shell:Creating prefix chain script '/home/orangepi/code/town_ws/install/setup.zsh'
