[0.064s] Invoking command in '/home/orangepi/code/town_ws/build/village_interfaces': CMAKE_PREFIX_PATH=${CMAKE_PREFIX_PATH}:/home/orangepi/code/town_ws/install/village_li:/opt/ros/foxy /usr/bin/cmake --build /home/orangepi/code/town_ws/build/village_interfaces -- -j8 -l8
[0.344s] -- Found ament_cmake: 0.9.12 (/opt/ros/foxy/share/ament_cmake/cmake)
[0.433s] -- Found PythonInterp: /usr/bin/python3 (found suitable version "3.8.10", minimum required is "3") 
[0.433s] -- Using PYTHON_EXECUTABLE: /usr/bin/python3
[0.763s] -- Found sensor_msgs: 2.0.5 (/opt/ros/foxy/share/sensor_msgs/cmake)
[0.869s] -- Using all available rosidl_typesupport_c: rosidl_typesupport_fastrtps_c;rosidl_typesupport_introspection_c
[0.885s] -- Found rosidl_adapter: 1.3.1 (/opt/ros/foxy/share/rosidl_adapter/cmake)
[1.184s] -- Using all available rosidl_typesupport_cpp: rosidl_typesupport_fastrtps_cpp;rosidl_typesupport_introspection_cpp
[1.516s] -- Found rosidl_default_generators: 1.0.1 (/opt/ros/foxy/share/rosidl_default_generators/cmake)
[1.606s] -- Found PythonInterp: /usr/bin/python3 (found version "3.8.10") 
[2.017s] -- Found ament_cmake_ros: 0.9.2 (/opt/ros/foxy/share/ament_cmake_ros/cmake)
[2.543s] -- Using all available rosidl_typesupport_c: rosidl_typesupport_fastrtps_c;rosidl_typesupport_introspection_c
[2.754s] -- Using all available rosidl_typesupport_cpp: rosidl_typesupport_fastrtps_cpp;rosidl_typesupport_introspection_cpp
[2.822s] -- Found PythonInterp: /usr/bin/python3 (found suitable version "3.8.10", minimum required is "3.5") 
[2.824s] -- Found python_cmake_module: 0.8.1 (/opt/ros/foxy/share/python_cmake_module/cmake)
[2.904s] -- Using PYTHON_EXECUTABLE: /usr/bin/python3
[2.904s] -- Using PYTHON_INCLUDE_DIRS: /usr/include/python3.8
[2.905s] -- Using PYTHON_LIBRARIES: /usr/lib/aarch64-linux-gnu/libpython3.8.so
[3.004s] -- Found ament_lint_auto: 0.9.8 (/opt/ros/foxy/share/ament_lint_auto/cmake)
[3.065s] -- Added test 'copyright' to check source files copyright and LICENSE
[3.077s] -- Added test 'lint_cmake' to check CMake code style
[3.083s] -- Added test 'xmllint' to check XML markup files
[3.094s] -- Configuring done
[3.321s] -- Generating done
[3.345s] -- Build files have been written to: /home/orangepi/code/town_ws/build/village_interfaces
[3.479s] [  3%] Built target village_interfaces__cpp
[3.500s] [ 12%] Built target village_interfaces__rosidl_generator_c
[3.548s] [ 32%] Built target village_interfaces__rosidl_typesupport_c
[3.548s] [ 32%] Built target village_interfaces__rosidl_typesupport_cpp
[3.567s] [ 41%] Built target village_interfaces__rosidl_typesupport_introspection_c
[3.600s] [ 51%] Built target village_interfaces__rosidl_typesupport_introspection_cpp
[3.608s] [ 61%] Built target village_interfaces__rosidl_typesupport_fastrtps_cpp
[3.713s] [ 70%] Built target village_interfaces__rosidl_typesupport_fastrtps_c
[3.792s] [ 70%] Built target village_interfaces
[3.879s] [ 74%] Built target village_interfaces__py
[3.986s] [ 80%] Built target village_interfaces__python
[4.057s] [ 87%] Built target village_interfaces__rosidl_typesupport_fastrtps_c__pyext
[4.070s] [ 93%] Built target village_interfaces__rosidl_typesupport_c__pyext
[4.093s] [100%] Built target village_interfaces__rosidl_typesupport_introspection_c__pyext
[4.149s] Invoked command in '/home/orangepi/code/town_ws/build/village_interfaces' returned '0': CMAKE_PREFIX_PATH=${CMAKE_PREFIX_PATH}:/home/orangepi/code/town_ws/install/village_li:/opt/ros/foxy /usr/bin/cmake --build /home/orangepi/code/town_ws/build/village_interfaces -- -j8 -l8
[4.364s] Invoking command in '/home/orangepi/code/town_ws/build/village_interfaces': CMAKE_PREFIX_PATH=${CMAKE_PREFIX_PATH}:/home/orangepi/code/town_ws/install/village_li:/opt/ros/foxy /usr/bin/cmake --install /home/orangepi/code/town_ws/build/village_interfaces
[4.400s] -- Install configuration: ""
[4.401s] -- Up-to-date: /home/orangepi/code/town_ws/install/village_interfaces/share/ament_index/resource_index/rosidl_interfaces/village_interfaces
[4.401s] -- Up-to-date: /home/orangepi/code/town_ws/install/village_interfaces/include/village_interfaces
[4.402s] -- Up-to-date: /home/orangepi/code/town_ws/install/village_interfaces/include/village_interfaces/msg
[4.402s] -- Up-to-date: /home/orangepi/code/town_ws/install/village_interfaces/include/village_interfaces/msg/detail
[4.402s] -- Up-to-date: /home/orangepi/code/town_ws/install/village_interfaces/include/village_interfaces/msg/detail/novel__functions.h
[4.403s] -- Up-to-date: /home/orangepi/code/town_ws/install/village_interfaces/include/village_interfaces/msg/detail/novel__functions.c
[4.404s] -- Up-to-date: /home/orangepi/code/town_ws/install/village_interfaces/include/village_interfaces/msg/detail/novel__struct.h
[4.404s] -- Up-to-date: /home/orangepi/code/town_ws/install/village_interfaces/include/village_interfaces/msg/detail/novel__type_support.h
[4.405s] -- Up-to-date: /home/orangepi/code/town_ws/install/village_interfaces/include/village_interfaces/msg/novel.h
[4.405s] -- Up-to-date: /home/orangepi/code/town_ws/install/village_interfaces/include/village_interfaces/msg/rosidl_generator_c__visibility_control.h
[4.406s] -- Up-to-date: /home/orangepi/code/town_ws/install/village_interfaces/share/village_interfaces/environment/library_path.sh
[4.406s] -- Installing: /home/orangepi/code/town_ws/install/village_interfaces/share/village_interfaces/environment/library_path.dsv
[4.407s] -- Up-to-date: /home/orangepi/code/town_ws/install/village_interfaces/lib/libvillage_interfaces__rosidl_generator_c.so
[4.407s] -- Up-to-date: /home/orangepi/code/town_ws/install/village_interfaces/include/village_interfaces
[4.407s] -- Up-to-date: /home/orangepi/code/town_ws/install/village_interfaces/include/village_interfaces/msg
[4.408s] -- Up-to-date: /home/orangepi/code/town_ws/install/village_interfaces/include/village_interfaces/msg/detail
[4.408s] -- Up-to-date: /home/orangepi/code/town_ws/install/village_interfaces/include/village_interfaces/msg/detail/novel__rosidl_typesupport_fastrtps_c.h
[4.409s] -- Up-to-date: /home/orangepi/code/town_ws/install/village_interfaces/include/village_interfaces/msg/rosidl_typesupport_fastrtps_c__visibility_control.h
[4.409s] -- Up-to-date: /home/orangepi/code/town_ws/install/village_interfaces/lib/libvillage_interfaces__rosidl_typesupport_fastrtps_c.so
[4.410s] -- Up-to-date: /home/orangepi/code/town_ws/install/village_interfaces/include/village_interfaces
[4.410s] -- Up-to-date: /home/orangepi/code/town_ws/install/village_interfaces/include/village_interfaces/msg
[4.411s] -- Up-to-date: /home/orangepi/code/town_ws/install/village_interfaces/include/village_interfaces/msg/detail
[4.411s] -- Up-to-date: /home/orangepi/code/town_ws/install/village_interfaces/include/village_interfaces/msg/detail/novel__rosidl_typesupport_fastrtps_cpp.hpp
[4.412s] -- Up-to-date: /home/orangepi/code/town_ws/install/village_interfaces/include/village_interfaces/msg/detail/dds_fastrtps
[4.413s] -- Up-to-date: /home/orangepi/code/town_ws/install/village_interfaces/include/village_interfaces/msg/rosidl_typesupport_fastrtps_cpp__visibility_control.h
[4.413s] -- Up-to-date: /home/orangepi/code/town_ws/install/village_interfaces/lib/libvillage_interfaces__rosidl_typesupport_fastrtps_cpp.so
[4.413s] -- Up-to-date: /home/orangepi/code/town_ws/install/village_interfaces/include/village_interfaces
[4.414s] -- Up-to-date: /home/orangepi/code/town_ws/install/village_interfaces/include/village_interfaces/msg
[4.414s] -- Up-to-date: /home/orangepi/code/town_ws/install/village_interfaces/include/village_interfaces/msg/detail
[4.415s] -- Up-to-date: /home/orangepi/code/town_ws/install/village_interfaces/include/village_interfaces/msg/detail/novel__rosidl_typesupport_introspection_c.h
[4.415s] -- Up-to-date: /home/orangepi/code/town_ws/install/village_interfaces/include/village_interfaces/msg/detail/novel__type_support.c
[4.416s] -- Up-to-date: /home/orangepi/code/town_ws/install/village_interfaces/include/village_interfaces/msg/rosidl_typesupport_introspection_c__visibility_control.h
[4.417s] -- Up-to-date: /home/orangepi/code/town_ws/install/village_interfaces/lib/libvillage_interfaces__rosidl_typesupport_introspection_c.so
[4.417s] -- Up-to-date: /home/orangepi/code/town_ws/install/village_interfaces/lib/libvillage_interfaces__rosidl_typesupport_c.so
[4.417s] -- Up-to-date: /home/orangepi/code/town_ws/install/village_interfaces/include/village_interfaces
[4.418s] -- Up-to-date: /home/orangepi/code/town_ws/install/village_interfaces/include/village_interfaces/msg
[4.418s] -- Up-to-date: /home/orangepi/code/town_ws/install/village_interfaces/include/village_interfaces/msg/novel.hpp
[4.419s] -- Up-to-date: /home/orangepi/code/town_ws/install/village_interfaces/include/village_interfaces/msg/detail
[4.419s] -- Up-to-date: /home/orangepi/code/town_ws/install/village_interfaces/include/village_interfaces/msg/detail/novel__type_support.hpp
[4.419s] -- Up-to-date: /home/orangepi/code/town_ws/install/village_interfaces/include/village_interfaces/msg/detail/novel__struct.hpp
[4.420s] -- Up-to-date: /home/orangepi/code/town_ws/install/village_interfaces/include/village_interfaces/msg/detail/novel__builder.hpp
[4.420s] -- Up-to-date: /home/orangepi/code/town_ws/install/village_interfaces/include/village_interfaces/msg/detail/novel__traits.hpp
[4.420s] -- Up-to-date: /home/orangepi/code/town_ws/install/village_interfaces/include/village_interfaces/msg/rosidl_generator_cpp__visibility_control.hpp
[4.421s] -- Up-to-date: /home/orangepi/code/town_ws/install/village_interfaces/include/village_interfaces
[4.421s] -- Up-to-date: /home/orangepi/code/town_ws/install/village_interfaces/include/village_interfaces/msg
[4.422s] -- Up-to-date: /home/orangepi/code/town_ws/install/village_interfaces/include/village_interfaces/msg/detail
[4.422s] -- Up-to-date: /home/orangepi/code/town_ws/install/village_interfaces/include/village_interfaces/msg/detail/novel__rosidl_typesupport_introspection_cpp.hpp
[4.422s] -- Up-to-date: /home/orangepi/code/town_ws/install/village_interfaces/include/village_interfaces/msg/detail/novel__type_support.cpp
[4.423s] -- Up-to-date: /home/orangepi/code/town_ws/install/village_interfaces/lib/libvillage_interfaces__rosidl_typesupport_introspection_cpp.so
[4.423s] -- Up-to-date: /home/orangepi/code/town_ws/install/village_interfaces/lib/libvillage_interfaces__rosidl_typesupport_cpp.so
[4.424s] -- Up-to-date: /home/orangepi/code/town_ws/install/village_interfaces/share/village_interfaces/environment/pythonpath.sh
[4.424s] -- Installing: /home/orangepi/code/town_ws/install/village_interfaces/share/village_interfaces/environment/pythonpath.dsv
[4.424s] -- Installing: /home/orangepi/code/town_ws/install/village_interfaces/lib/python3.8/site-packages/village_interfaces/__init__.py
[4.487s] Compiling '/home/orangepi/code/town_ws/install/village_interfaces/lib/python3.8/site-packages/village_interfaces/__init__.py'...
[4.494s] -- Up-to-date: /home/orangepi/code/town_ws/install/village_interfaces/lib/python3.8/site-packages/village_interfaces/msg
[4.495s] -- Up-to-date: /home/orangepi/code/town_ws/install/village_interfaces/lib/python3.8/site-packages/village_interfaces/msg/__init__.py
[4.495s] -- Up-to-date: /home/orangepi/code/town_ws/install/village_interfaces/lib/python3.8/site-packages/village_interfaces/msg/_novel_s.c
[4.496s] -- Up-to-date: /home/orangepi/code/town_ws/install/village_interfaces/lib/python3.8/site-packages/village_interfaces/msg/_novel.py
[4.496s] -- Up-to-date: /home/orangepi/code/town_ws/install/village_interfaces/lib/python3.8/site-packages/village_interfaces/village_interfaces_s__rosidl_typesupport_fastrtps_c.cpython-38-aarch64-linux-gnu.so
[4.497s] -- Up-to-date: /home/orangepi/code/town_ws/install/village_interfaces/lib/python3.8/site-packages/village_interfaces/village_interfaces_s__rosidl_typesupport_introspection_c.cpython-38-aarch64-linux-gnu.so
[4.498s] -- Up-to-date: /home/orangepi/code/town_ws/install/village_interfaces/lib/python3.8/site-packages/village_interfaces/village_interfaces_s__rosidl_typesupport_c.cpython-38-aarch64-linux-gnu.so
[4.500s] -- Up-to-date: /home/orangepi/code/town_ws/install/village_interfaces/lib/libvillage_interfaces__python.so
[4.501s] -- Up-to-date: /home/orangepi/code/town_ws/install/village_interfaces/share/village_interfaces/msg/Novel.idl
[4.502s] -- Installing: /home/orangepi/code/town_ws/install/village_interfaces/share/village_interfaces/msg/Novel.msg
[4.502s] -- Up-to-date: /home/orangepi/code/town_ws/install/village_interfaces/share/ament_index/resource_index/package_run_dependencies/village_interfaces
[4.503s] -- Installing: /home/orangepi/code/town_ws/install/village_interfaces/share/ament_index/resource_index/parent_prefix_path/village_interfaces
[4.504s] -- Up-to-date: /home/orangepi/code/town_ws/install/village_interfaces/share/village_interfaces/environment/ament_prefix_path.sh
[4.504s] -- Installing: /home/orangepi/code/town_ws/install/village_interfaces/share/village_interfaces/environment/ament_prefix_path.dsv
[4.505s] -- Up-to-date: /home/orangepi/code/town_ws/install/village_interfaces/share/village_interfaces/environment/path.sh
[4.505s] -- Installing: /home/orangepi/code/town_ws/install/village_interfaces/share/village_interfaces/environment/path.dsv
[4.506s] -- Up-to-date: /home/orangepi/code/town_ws/install/village_interfaces/share/village_interfaces/local_setup.bash
[4.507s] -- Up-to-date: /home/orangepi/code/town_ws/install/village_interfaces/share/village_interfaces/local_setup.sh
[4.507s] -- Up-to-date: /home/orangepi/code/town_ws/install/village_interfaces/share/village_interfaces/local_setup.zsh
[4.508s] -- Installing: /home/orangepi/code/town_ws/install/village_interfaces/share/village_interfaces/local_setup.dsv
[4.508s] -- Installing: /home/orangepi/code/town_ws/install/village_interfaces/share/village_interfaces/package.dsv
[4.509s] -- Up-to-date: /home/orangepi/code/town_ws/install/village_interfaces/share/ament_index/resource_index/packages/village_interfaces
[4.510s] -- Up-to-date: /home/orangepi/code/town_ws/install/village_interfaces/share/village_interfaces/cmake/village_interfaces__rosidl_generator_cExport.cmake
[4.511s] -- Installing: /home/orangepi/code/town_ws/install/village_interfaces/share/village_interfaces/cmake/village_interfaces__rosidl_generator_cExport-noconfig.cmake
[4.512s] -- Up-to-date: /home/orangepi/code/town_ws/install/village_interfaces/share/village_interfaces/cmake/village_interfaces__rosidl_typesupport_introspection_cExport.cmake
[4.513s] -- Installing: /home/orangepi/code/town_ws/install/village_interfaces/share/village_interfaces/cmake/village_interfaces__rosidl_typesupport_introspection_cExport-noconfig.cmake
[4.514s] -- Up-to-date: /home/orangepi/code/town_ws/install/village_interfaces/share/village_interfaces/cmake/village_interfaces__rosidl_typesupport_cExport.cmake
[4.515s] -- Installing: /home/orangepi/code/town_ws/install/village_interfaces/share/village_interfaces/cmake/village_interfaces__rosidl_typesupport_cExport-noconfig.cmake
[4.517s] -- Up-to-date: /home/orangepi/code/town_ws/install/village_interfaces/share/village_interfaces/cmake/village_interfaces__rosidl_generator_cppExport.cmake
[4.518s] -- Up-to-date: /home/orangepi/code/town_ws/install/village_interfaces/share/village_interfaces/cmake/village_interfaces__rosidl_typesupport_introspection_cppExport.cmake
[4.518s] -- Installing: /home/orangepi/code/town_ws/install/village_interfaces/share/village_interfaces/cmake/village_interfaces__rosidl_typesupport_introspection_cppExport-noconfig.cmake
[4.520s] -- Up-to-date: /home/orangepi/code/town_ws/install/village_interfaces/share/village_interfaces/cmake/village_interfaces__rosidl_typesupport_cppExport.cmake
[4.520s] -- Installing: /home/orangepi/code/town_ws/install/village_interfaces/share/village_interfaces/cmake/village_interfaces__rosidl_typesupport_cppExport-noconfig.cmake
[4.521s] -- Up-to-date: /home/orangepi/code/town_ws/install/village_interfaces/share/village_interfaces/cmake/rosidl_cmake-extras.cmake
[4.521s] -- Up-to-date: /home/orangepi/code/town_ws/install/village_interfaces/share/village_interfaces/cmake/ament_cmake_export_dependencies-extras.cmake
[4.522s] -- Up-to-date: /home/orangepi/code/town_ws/install/village_interfaces/share/village_interfaces/cmake/ament_cmake_export_libraries-extras.cmake
[4.522s] -- Up-to-date: /home/orangepi/code/town_ws/install/village_interfaces/share/village_interfaces/cmake/ament_cmake_export_targets-extras.cmake
[4.523s] -- Up-to-date: /home/orangepi/code/town_ws/install/village_interfaces/share/village_interfaces/cmake/ament_cmake_export_include_directories-extras.cmake
[4.523s] -- Up-to-date: /home/orangepi/code/town_ws/install/village_interfaces/share/village_interfaces/cmake/rosidl_cmake_export_typesupport_libraries-extras.cmake
[4.524s] -- Up-to-date: /home/orangepi/code/town_ws/install/village_interfaces/share/village_interfaces/cmake/rosidl_cmake_export_typesupport_targets-extras.cmake
[4.524s] -- Up-to-date: /home/orangepi/code/town_ws/install/village_interfaces/share/village_interfaces/cmake/village_interfacesConfig.cmake
[4.525s] -- Up-to-date: /home/orangepi/code/town_ws/install/village_interfaces/share/village_interfaces/cmake/village_interfacesConfig-version.cmake
[4.525s] -- Up-to-date: /home/orangepi/code/town_ws/install/village_interfaces/share/village_interfaces/package.xml
[4.534s] Invoked command in '/home/orangepi/code/town_ws/build/village_interfaces' returned '0': CMAKE_PREFIX_PATH=${CMAKE_PREFIX_PATH}:/home/orangepi/code/town_ws/install/village_li:/opt/ros/foxy /usr/bin/cmake --install /home/orangepi/code/town_ws/build/village_interfaces
