[0.343s] DEBUG:colcon:Command line arguments: ['/usr/bin/colcon', 'build', '--packages-select', 'village_wang']
[0.343s] DEBUG:colcon:Parsed command line arguments: Namespace(ament_cmake_args=None, base_paths=['.'], build_base='build', catkin_cmake_args=None, catkin_skip_building_tests=False, cmake_args=None, cmake_clean_cache=False, cmake_clean_first=False, cmake_force_configure=False, cmake_target=None, cmake_target_skip_unavailable=False, continue_on_error=False, event_handlers=None, executor='parallel', ignore_user_meta=False, install_base='install', log_base=None, log_level=None, main=<bound method BuildVerb.main of <colcon_core.verb.build.BuildVerb object at 0x7f960d8bb0>>, merge_install=False, metas=['./colcon.meta'], packages_above=None, packages_above_and_dependencies=None, packages_above_depth=None, packages_end=None, packages_ignore=None, packages_ignore_regex=None, packages_select=['village_wang'], packages_select_build_failed=False, packages_select_by_dep=None, packages_select_regex=None, packages_select_test_failures=False, packages_skip=None, packages_skip_build_finished=False, packages_skip_by_dep=None, packages_skip_regex=None, packages_skip_test_passed=False, packages_skip_up_to=None, packages_start=None, packages_up_to=None, packages_up_to_regex=None, parallel_workers=8, paths=None, symlink_install=False, test_result_base=None, verb_extension=<colcon_core.verb.build.BuildVerb object at 0x7f960d8bb0>, verb_name='build', verb_parser=<colcon_defaults.argument_parser.defaults.DefaultArgumentsDecorator object at 0x7f960e3160>)
[0.468s] Level 1:colcon.colcon_core.package_discovery:discover_packages(colcon_meta) check parameters
[0.468s] Level 1:colcon.colcon_core.package_discovery:discover_packages(recursive) check parameters
[0.468s] Level 1:colcon.colcon_core.package_discovery:discover_packages(ignore) check parameters
[0.468s] Level 1:colcon.colcon_core.package_discovery:discover_packages(path) check parameters
[0.468s] Level 1:colcon.colcon_core.package_discovery:discover_packages(colcon_meta) discover
[0.468s] Level 1:colcon.colcon_core.package_discovery:discover_packages(recursive) discover
[0.469s] INFO:colcon.colcon_core.package_discovery:Crawling recursively for packages in '/home/orangepi/code/town_ws'
[0.469s] Level 1:colcon.colcon_core.package_identification:_identify(.) by extensions ['ignore', 'ignore_ament_install']
[0.469s] Level 1:colcon.colcon_core.package_identification:_identify(.) by extension 'ignore'
[0.469s] Level 1:colcon.colcon_core.package_identification:_identify(.) by extension 'ignore_ament_install'
[0.470s] Level 1:colcon.colcon_core.package_identification:_identify(.) by extensions ['colcon_pkg']
[0.470s] Level 1:colcon.colcon_core.package_identification:_identify(.) by extension 'colcon_pkg'
[0.470s] Level 1:colcon.colcon_core.package_identification:_identify(.) by extensions ['colcon_meta']
[0.470s] Level 1:colcon.colcon_core.package_identification:_identify(.) by extension 'colcon_meta'
[0.470s] Level 1:colcon.colcon_core.package_identification:_identify(.) by extensions ['ros']
[0.470s] Level 1:colcon.colcon_core.package_identification:_identify(.) by extension 'ros'
[0.511s] Level 1:colcon.colcon_core.package_identification:_identify(.) by extensions ['cmake', 'python']
[0.511s] Level 1:colcon.colcon_core.package_identification:_identify(.) by extension 'cmake'
[0.511s] Level 1:colcon.colcon_core.package_identification:_identify(.) by extension 'python'
[0.511s] Level 1:colcon.colcon_core.package_identification:_identify(.) by extensions ['python_setup_py']
[0.511s] Level 1:colcon.colcon_core.package_identification:_identify(.) by extension 'python_setup_py'
[0.511s] Level 1:colcon.colcon_core.package_identification:_identify(build) by extensions ['ignore', 'ignore_ament_install']
[0.511s] Level 1:colcon.colcon_core.package_identification:_identify(build) by extension 'ignore'
[0.511s] Level 1:colcon.colcon_core.package_identification:_identify(build) ignored
[0.512s] Level 1:colcon.colcon_core.package_identification:_identify(install) by extensions ['ignore', 'ignore_ament_install']
[0.512s] Level 1:colcon.colcon_core.package_identification:_identify(install) by extension 'ignore'
[0.512s] Level 1:colcon.colcon_core.package_identification:_identify(install) ignored
[0.512s] Level 1:colcon.colcon_core.package_identification:_identify(log) by extensions ['ignore', 'ignore_ament_install']
[0.512s] Level 1:colcon.colcon_core.package_identification:_identify(log) by extension 'ignore'
[0.512s] Level 1:colcon.colcon_core.package_identification:_identify(log) ignored
[0.512s] Level 1:colcon.colcon_core.package_identification:_identify(src) by extensions ['ignore', 'ignore_ament_install']
[0.512s] Level 1:colcon.colcon_core.package_identification:_identify(src) by extension 'ignore'
[0.513s] Level 1:colcon.colcon_core.package_identification:_identify(src) by extension 'ignore_ament_install'
[0.513s] Level 1:colcon.colcon_core.package_identification:_identify(src) by extensions ['colcon_pkg']
[0.513s] Level 1:colcon.colcon_core.package_identification:_identify(src) by extension 'colcon_pkg'
[0.513s] Level 1:colcon.colcon_core.package_identification:_identify(src) by extensions ['colcon_meta']
[0.513s] Level 1:colcon.colcon_core.package_identification:_identify(src) by extension 'colcon_meta'
[0.513s] Level 1:colcon.colcon_core.package_identification:_identify(src) by extensions ['ros']
[0.513s] Level 1:colcon.colcon_core.package_identification:_identify(src) by extension 'ros'
[0.513s] Level 1:colcon.colcon_core.package_identification:_identify(src) by extensions ['cmake', 'python']
[0.513s] Level 1:colcon.colcon_core.package_identification:_identify(src) by extension 'cmake'
[0.513s] Level 1:colcon.colcon_core.package_identification:_identify(src) by extension 'python'
[0.513s] Level 1:colcon.colcon_core.package_identification:_identify(src) by extensions ['python_setup_py']
[0.513s] Level 1:colcon.colcon_core.package_identification:_identify(src) by extension 'python_setup_py'
[0.513s] Level 1:colcon.colcon_core.package_identification:_identify(src/village_li) by extensions ['ignore', 'ignore_ament_install']
[0.513s] Level 1:colcon.colcon_core.package_identification:_identify(src/village_li) by extension 'ignore'
[0.514s] Level 1:colcon.colcon_core.package_identification:_identify(src/village_li) by extension 'ignore_ament_install'
[0.514s] Level 1:colcon.colcon_core.package_identification:_identify(src/village_li) by extensions ['colcon_pkg']
[0.514s] Level 1:colcon.colcon_core.package_identification:_identify(src/village_li) by extension 'colcon_pkg'
[0.514s] Level 1:colcon.colcon_core.package_identification:_identify(src/village_li) by extensions ['colcon_meta']
[0.514s] Level 1:colcon.colcon_core.package_identification:_identify(src/village_li) by extension 'colcon_meta'
[0.514s] Level 1:colcon.colcon_core.package_identification:_identify(src/village_li) by extensions ['ros']
[0.514s] Level 1:colcon.colcon_core.package_identification:_identify(src/village_li) by extension 'ros'
[0.520s] DEBUG:colcon.colcon_core.package_identification:Package 'src/village_li' with type 'ros.ament_python' and name 'village_li'
[0.520s] Level 1:colcon.colcon_core.package_identification:_identify(src/village_wang) by extensions ['ignore', 'ignore_ament_install']
[0.521s] Level 1:colcon.colcon_core.package_identification:_identify(src/village_wang) by extension 'ignore'
[0.521s] Level 1:colcon.colcon_core.package_identification:_identify(src/village_wang) by extension 'ignore_ament_install'
[0.521s] Level 1:colcon.colcon_core.package_identification:_identify(src/village_wang) by extensions ['colcon_pkg']
[0.521s] Level 1:colcon.colcon_core.package_identification:_identify(src/village_wang) by extension 'colcon_pkg'
[0.521s] Level 1:colcon.colcon_core.package_identification:_identify(src/village_wang) by extensions ['colcon_meta']
[0.521s] Level 1:colcon.colcon_core.package_identification:_identify(src/village_wang) by extension 'colcon_meta'
[0.521s] Level 1:colcon.colcon_core.package_identification:_identify(src/village_wang) by extensions ['ros']
[0.521s] Level 1:colcon.colcon_core.package_identification:_identify(src/village_wang) by extension 'ros'
[0.522s] DEBUG:colcon.colcon_core.package_identification:Package 'src/village_wang' with type 'ros.ament_cmake' and name 'village_wang'
[0.523s] Level 1:colcon.colcon_core.package_discovery:discover_packages(recursive) using defaults
[0.523s] Level 1:colcon.colcon_core.package_discovery:discover_packages(ignore) discover
[0.523s] Level 1:colcon.colcon_core.package_discovery:discover_packages(ignore) using defaults
[0.523s] Level 1:colcon.colcon_core.package_discovery:discover_packages(path) discover
[0.523s] Level 1:colcon.colcon_core.package_discovery:discover_packages(path) using defaults
[0.611s] INFO:colcon.colcon_core.package_selection:Skipping not selected package 'village_li' in 'src/village_li'
[0.612s] Level 5:colcon.colcon_core.verb:set package 'village_wang' build argument 'cmake_args' from command line to 'None'
[0.612s] Level 5:colcon.colcon_core.verb:set package 'village_wang' build argument 'cmake_target' from command line to 'None'
[0.612s] Level 5:colcon.colcon_core.verb:set package 'village_wang' build argument 'cmake_target_skip_unavailable' from command line to 'False'
[0.612s] Level 5:colcon.colcon_core.verb:set package 'village_wang' build argument 'cmake_clean_cache' from command line to 'False'
[0.612s] Level 5:colcon.colcon_core.verb:set package 'village_wang' build argument 'cmake_clean_first' from command line to 'False'
[0.612s] Level 5:colcon.colcon_core.verb:set package 'village_wang' build argument 'cmake_force_configure' from command line to 'False'
[0.612s] Level 5:colcon.colcon_core.verb:set package 'village_wang' build argument 'ament_cmake_args' from command line to 'None'
[0.612s] Level 5:colcon.colcon_core.verb:set package 'village_wang' build argument 'catkin_cmake_args' from command line to 'None'
[0.612s] Level 5:colcon.colcon_core.verb:set package 'village_wang' build argument 'catkin_skip_building_tests' from command line to 'False'
[0.613s] DEBUG:colcon.colcon_core.verb:Building package 'village_wang' with the following arguments: {'ament_cmake_args': None, 'build_base': '/home/orangepi/code/town_ws/build/village_wang', 'catkin_cmake_args': None, 'catkin_skip_building_tests': False, 'cmake_args': None, 'cmake_clean_cache': False, 'cmake_clean_first': False, 'cmake_force_configure': False, 'cmake_target': None, 'cmake_target_skip_unavailable': False, 'install_base': '/home/orangepi/code/town_ws/install/village_wang', 'merge_install': False, 'path': '/home/orangepi/code/town_ws/src/village_wang', 'symlink_install': False, 'test_result_base': None}
[0.613s] INFO:colcon.colcon_core.executor:Executing jobs using 'parallel' executor
[0.618s] DEBUG:colcon.colcon_parallel_executor.executor.parallel:run_until_complete
[0.618s] INFO:colcon.colcon_ros.task.ament_cmake.build:Building ROS package in '/home/orangepi/code/town_ws/src/village_wang' with build type 'ament_cmake'
[0.619s] INFO:colcon.colcon_cmake.task.cmake.build:Building CMake package in '/home/orangepi/code/town_ws/src/village_wang'
[0.634s] INFO:colcon.colcon_core.plugin_system:Skipping extension 'colcon_core.shell.bat': Not used on non-Windows systems
[0.634s] INFO:colcon.colcon_core.shell:Skip shell extension 'powershell' for command environment: Not usable outside of PowerShell
[0.634s] DEBUG:colcon.colcon_core.shell:Skip shell extension 'dsv' for command environment
[0.690s] DEBUG:colcon.colcon_core.event_handler.log_command:Invoking command in '/home/orangepi/code/town_ws/build/village_wang': CMAKE_PREFIX_PATH=${CMAKE_PREFIX_PATH}:/home/orangepi/code/town_ws/install/village_li:/opt/ros/foxy /usr/bin/cmake --build /home/orangepi/code/town_ws/build/village_wang -- -j8 -l8
[4.762s] DEBUG:colcon.colcon_core.event_handler.log_command:Invoked command in '/home/orangepi/code/town_ws/build/village_wang' returned '0': CMAKE_PREFIX_PATH=${CMAKE_PREFIX_PATH}:/home/orangepi/code/town_ws/install/village_li:/opt/ros/foxy /usr/bin/cmake --build /home/orangepi/code/town_ws/build/village_wang -- -j8 -l8
[4.879s] DEBUG:colcon.colcon_core.event_handler.log_command:Invoking command in '/home/orangepi/code/town_ws/build/village_wang': CMAKE_PREFIX_PATH=${CMAKE_PREFIX_PATH}:/home/orangepi/code/town_ws/install/village_li:/opt/ros/foxy /usr/bin/cmake --install /home/orangepi/code/town_ws/build/village_wang
[4.923s] Level 1:colcon.colcon_core.environment:create_environment_scripts_only(village_wang)
[4.936s] DEBUG:colcon.colcon_core.event_handler.log_command:Invoked command in '/home/orangepi/code/town_ws/build/village_wang' returned '0': CMAKE_PREFIX_PATH=${CMAKE_PREFIX_PATH}:/home/orangepi/code/town_ws/install/village_li:/opt/ros/foxy /usr/bin/cmake --install /home/orangepi/code/town_ws/build/village_wang
[4.961s] Level 1:colcon.colcon_core.environment:checking '/home/orangepi/code/town_ws/install/village_wang' for CMake module files
[4.964s] Level 1:colcon.colcon_core.environment:checking '/home/orangepi/code/town_ws/install/village_wang' for CMake config files
[4.965s] Level 1:colcon.colcon_core.shell:create_environment_hook('village_wang', 'cmake_prefix_path')
[4.972s] INFO:colcon.colcon_core.shell:Creating environment hook '/home/orangepi/code/town_ws/install/village_wang/share/village_wang/hook/cmake_prefix_path.ps1'
[4.977s] INFO:colcon.colcon_core.shell:Creating environment descriptor '/home/orangepi/code/town_ws/install/village_wang/share/village_wang/hook/cmake_prefix_path.dsv'
[4.980s] INFO:colcon.colcon_core.shell:Creating environment hook '/home/orangepi/code/town_ws/install/village_wang/share/village_wang/hook/cmake_prefix_path.sh'
[4.986s] Level 1:colcon.colcon_core.environment:checking '/home/orangepi/code/town_ws/install/village_wang/lib'
[4.987s] Level 1:colcon.colcon_core.environment:checking '/home/orangepi/code/town_ws/install/village_wang/bin'
[4.988s] Level 1:colcon.colcon_core.environment:checking '/home/orangepi/code/town_ws/install/village_wang/lib/pkgconfig/village_wang.pc'
[4.994s] Level 1:colcon.colcon_core.environment:checking '/home/orangepi/code/town_ws/install/village_wang/lib/python3.8/site-packages'
[4.995s] Level 1:colcon.colcon_core.environment:checking '/home/orangepi/code/town_ws/install/village_wang/bin'
[4.999s] INFO:colcon.colcon_core.shell:Creating package script '/home/orangepi/code/town_ws/install/village_wang/share/village_wang/package.ps1'
[5.000s] INFO:colcon.colcon_core.shell:Creating package descriptor '/home/orangepi/code/town_ws/install/village_wang/share/village_wang/package.dsv'
[5.002s] INFO:colcon.colcon_core.shell:Creating package script '/home/orangepi/code/town_ws/install/village_wang/share/village_wang/package.sh'
[5.004s] INFO:colcon.colcon_core.shell:Creating package script '/home/orangepi/code/town_ws/install/village_wang/share/village_wang/package.bash'
[5.006s] INFO:colcon.colcon_core.shell:Creating package script '/home/orangepi/code/town_ws/install/village_wang/share/village_wang/package.zsh'
[5.007s] Level 1:colcon.colcon_core.environment:create_file_with_runtime_dependencies(/home/orangepi/code/town_ws/install/village_wang/share/colcon-core/packages/village_wang)
[5.103s] Level 1:colcon.colcon_core.environment:create_environment_scripts_only(village_wang)
[5.114s] Level 1:colcon.colcon_core.environment:checking '/home/orangepi/code/town_ws/install/village_wang' for CMake module files
[5.117s] Level 1:colcon.colcon_core.environment:checking '/home/orangepi/code/town_ws/install/village_wang' for CMake config files
[5.118s] Level 1:colcon.colcon_core.shell:create_environment_hook('village_wang', 'cmake_prefix_path')
[5.127s] INFO:colcon.colcon_core.shell:Creating environment hook '/home/orangepi/code/town_ws/install/village_wang/share/village_wang/hook/cmake_prefix_path.ps1'
[5.129s] INFO:colcon.colcon_core.shell:Creating environment descriptor '/home/orangepi/code/town_ws/install/village_wang/share/village_wang/hook/cmake_prefix_path.dsv'
[5.132s] INFO:colcon.colcon_core.shell:Creating environment hook '/home/orangepi/code/town_ws/install/village_wang/share/village_wang/hook/cmake_prefix_path.sh'
[5.135s] Level 1:colcon.colcon_core.environment:checking '/home/orangepi/code/town_ws/install/village_wang/lib'
[5.135s] Level 1:colcon.colcon_core.environment:checking '/home/orangepi/code/town_ws/install/village_wang/bin'
[5.136s] Level 1:colcon.colcon_core.environment:checking '/home/orangepi/code/town_ws/install/village_wang/lib/pkgconfig/village_wang.pc'
[5.137s] Level 1:colcon.colcon_core.environment:checking '/home/orangepi/code/town_ws/install/village_wang/lib/python3.8/site-packages'
[5.138s] Level 1:colcon.colcon_core.environment:checking '/home/orangepi/code/town_ws/install/village_wang/bin'
[5.143s] INFO:colcon.colcon_core.shell:Creating package script '/home/orangepi/code/town_ws/install/village_wang/share/village_wang/package.ps1'
[5.145s] INFO:colcon.colcon_core.shell:Creating package descriptor '/home/orangepi/code/town_ws/install/village_wang/share/village_wang/package.dsv'
[5.146s] INFO:colcon.colcon_core.shell:Creating package script '/home/orangepi/code/town_ws/install/village_wang/share/village_wang/package.sh'
[5.146s] INFO:colcon.colcon_core.shell:Creating package script '/home/orangepi/code/town_ws/install/village_wang/share/village_wang/package.bash'
[5.147s] INFO:colcon.colcon_core.shell:Creating package script '/home/orangepi/code/town_ws/install/village_wang/share/village_wang/package.zsh'
[5.148s] Level 1:colcon.colcon_core.environment:create_file_with_runtime_dependencies(/home/orangepi/code/town_ws/install/village_wang/share/colcon-core/packages/village_wang)
[5.150s] DEBUG:colcon.colcon_parallel_executor.executor.parallel:closing loop
[5.151s] DEBUG:colcon.colcon_parallel_executor.executor.parallel:loop closed
[5.151s] DEBUG:colcon.colcon_parallel_executor.executor.parallel:run_until_complete finished with '0'
[5.151s] DEBUG:colcon.colcon_core.event_reactor:joining thread
[5.191s] INFO:colcon.colcon_core.plugin_system:Skipping extension 'colcon_notification.desktop_notification.terminal_notifier': Not used on non-Darwin systems
[5.192s] INFO:colcon.colcon_core.plugin_system:Skipping extension 'colcon_notification.desktop_notification.win32': Not used on non-Windows systems
[5.192s] INFO:colcon.colcon_notification.desktop_notification:Sending desktop notification using 'notify2'
[5.219s] DEBUG:colcon.colcon_core.event_reactor:joined thread
[5.228s] INFO:colcon.colcon_core.shell:Creating prefix script '/home/orangepi/code/town_ws/install/local_setup.ps1'
[5.234s] INFO:colcon.colcon_core.shell:Creating prefix util module '/home/orangepi/code/town_ws/install/_local_setup_util_ps1.py'
[5.238s] INFO:colcon.colcon_core.shell:Creating prefix chain script '/home/orangepi/code/town_ws/install/setup.ps1'
[5.241s] INFO:colcon.colcon_core.shell:Creating prefix script '/home/orangepi/code/town_ws/install/local_setup.sh'
[5.246s] INFO:colcon.colcon_core.shell:Creating prefix util module '/home/orangepi/code/town_ws/install/_local_setup_util_sh.py'
[5.247s] INFO:colcon.colcon_core.shell:Creating prefix chain script '/home/orangepi/code/town_ws/install/setup.sh'
[5.254s] INFO:colcon.colcon_core.shell:Creating prefix script '/home/orangepi/code/town_ws/install/local_setup.bash'
[5.257s] INFO:colcon.colcon_core.shell:Creating prefix chain script '/home/orangepi/code/town_ws/install/setup.bash'
[5.262s] INFO:colcon.colcon_core.shell:Creating prefix script '/home/orangepi/code/town_ws/install/local_setup.zsh'
[5.265s] INFO:colcon.colcon_core.shell:Creating prefix chain script '/home/orangepi/code/town_ws/install/setup.zsh'
