[0.039s] Invoking command in '/home/orangepi/code/town_ws/build/village_interfaces': CMAKE_PREFIX_PATH=${CMAKE_PREFIX_PATH}:/home/orangepi/code/town_ws/install/village_li:/opt/ros/foxy /usr/bin/cmake --build /home/orangepi/code/town_ws/build/village_interfaces -- -j8 -l8
[0.399s] -- Found ament_cmake: 0.9.12 (/opt/ros/foxy/share/ament_cmake/cmake)
[0.483s] -- Found PythonInterp: /usr/bin/python3 (found suitable version "3.8.10", minimum required is "3") 
[0.484s] -- Using PYTHON_EXECUTABLE: /usr/bin/python3
[0.909s] -- Found sensor_msgs: 2.0.5 (/opt/ros/foxy/share/sensor_msgs/cmake)
[1.041s] -- Using all available rosidl_typesupport_c: rosidl_typesupport_fastrtps_c;rosidl_typesupport_introspection_c
[1.059s] -- Found rosidl_adapter: 1.3.1 (/opt/ros/foxy/share/rosidl_adapter/cmake)
[1.396s] -- Using all available rosidl_typesupport_cpp: rosidl_typesupport_fastrtps_cpp;rosidl_typesupport_introspection_cpp
[1.744s] -- Found rosidl_default_generators: 1.0.1 (/opt/ros/foxy/share/rosidl_default_generators/cmake)
[1.829s] -- Found PythonInterp: /usr/bin/python3 (found version "3.8.10") 
[2.201s] -- Found ament_cmake_ros: 0.9.2 (/opt/ros/foxy/share/ament_cmake_ros/cmake)
[2.674s] -- Using all available rosidl_typesupport_c: rosidl_typesupport_fastrtps_c;rosidl_typesupport_introspection_c
[2.893s] -- Using all available rosidl_typesupport_cpp: rosidl_typesupport_fastrtps_cpp;rosidl_typesupport_introspection_cpp
[2.958s] -- Found PythonInterp: /usr/bin/python3 (found suitable version "3.8.10", minimum required is "3.5") 
[2.960s] -- Found python_cmake_module: 0.8.1 (/opt/ros/foxy/share/python_cmake_module/cmake)
[3.026s] -- Using PYTHON_EXECUTABLE: /usr/bin/python3
[3.027s] -- Using PYTHON_INCLUDE_DIRS: /usr/include/python3.8
[3.027s] -- Using PYTHON_LIBRARIES: /usr/lib/aarch64-linux-gnu/libpython3.8.so
[3.134s] -- Found ament_lint_auto: 0.9.8 (/opt/ros/foxy/share/ament_lint_auto/cmake)
[3.199s] -- Added test 'copyright' to check source files copyright and LICENSE
[3.207s] -- Added test 'lint_cmake' to check CMake code style
[3.211s] -- Added test 'xmllint' to check XML markup files
[3.227s] -- Configuring done
[3.508s] -- Generating done
[3.531s] -- Build files have been written to: /home/orangepi/code/town_ws/build/village_interfaces
[3.678s] [  2%] Built target village_interfaces__cpp
[3.704s] [ 12%] Built target village_interfaces__rosidl_generator_c
[3.725s] [ 23%] Built target village_interfaces__rosidl_typesupport_cpp
[3.751s] [ 34%] Built target village_interfaces__rosidl_typesupport_fastrtps_cpp
[3.751s] [ 44%] Built target village_interfaces__rosidl_typesupport_introspection_cpp
[3.776s] [ 55%] Built target village_interfaces__rosidl_typesupport_c
[3.780s] [ 65%] Built target village_interfaces__rosidl_typesupport_introspection_c
[3.874s] [ 76%] Built target village_interfaces__rosidl_typesupport_fastrtps_c
[3.944s] [ 76%] Built target village_interfaces
[4.023s] [ 78%] Built target village_interfaces__py
[4.153s] [ 87%] Built target village_interfaces__python
[4.223s] [ 91%] Built target village_interfaces__rosidl_typesupport_fastrtps_c__pyext
[4.234s] [ 95%] Built target village_interfaces__rosidl_typesupport_c__pyext
[4.255s] [100%] Built target village_interfaces__rosidl_typesupport_introspection_c__pyext
[4.301s] Invoked command in '/home/orangepi/code/town_ws/build/village_interfaces' returned '0': CMAKE_PREFIX_PATH=${CMAKE_PREFIX_PATH}:/home/orangepi/code/town_ws/install/village_li:/opt/ros/foxy /usr/bin/cmake --build /home/orangepi/code/town_ws/build/village_interfaces -- -j8 -l8
[4.598s] Invoking command in '/home/orangepi/code/town_ws/build/village_interfaces': CMAKE_PREFIX_PATH=${CMAKE_PREFIX_PATH}:/home/orangepi/code/town_ws/install/village_li:/opt/ros/foxy /usr/bin/cmake --install /home/orangepi/code/town_ws/build/village_interfaces
[4.624s] -- Install configuration: ""
[4.625s] -- Up-to-date: /home/orangepi/code/town_ws/install/village_interfaces/share/ament_index/resource_index/rosidl_interfaces/village_interfaces
[4.625s] -- Up-to-date: /home/orangepi/code/town_ws/install/village_interfaces/include/village_interfaces
[4.625s] -- Up-to-date: /home/orangepi/code/town_ws/install/village_interfaces/include/village_interfaces/msg
[4.626s] -- Up-to-date: /home/orangepi/code/town_ws/install/village_interfaces/include/village_interfaces/msg/detail
[4.626s] -- Up-to-date: /home/orangepi/code/town_ws/install/village_interfaces/include/village_interfaces/msg/detail/novel__functions.h
[4.626s] -- Up-to-date: /home/orangepi/code/town_ws/install/village_interfaces/include/village_interfaces/msg/detail/novel__functions.c
[4.626s] -- Up-to-date: /home/orangepi/code/town_ws/install/village_interfaces/include/village_interfaces/msg/detail/novel__struct.h
[4.626s] -- Up-to-date: /home/orangepi/code/town_ws/install/village_interfaces/include/village_interfaces/msg/detail/novel__type_support.h
[4.626s] -- Up-to-date: /home/orangepi/code/town_ws/install/village_interfaces/include/village_interfaces/msg/novel.h
[4.627s] -- Up-to-date: /home/orangepi/code/town_ws/install/village_interfaces/include/village_interfaces/msg/rosidl_generator_c__visibility_control.h
[4.627s] -- Up-to-date: /home/orangepi/code/town_ws/install/village_interfaces/include/village_interfaces/srv
[4.627s] -- Up-to-date: /home/orangepi/code/town_ws/install/village_interfaces/include/village_interfaces/srv/detail
[4.628s] -- Up-to-date: /home/orangepi/code/town_ws/install/village_interfaces/include/village_interfaces/srv/detail/borrow_money__functions.c
[4.628s] -- Up-to-date: /home/orangepi/code/town_ws/install/village_interfaces/include/village_interfaces/srv/detail/borrow_money__type_support.h
[4.628s] -- Up-to-date: /home/orangepi/code/town_ws/install/village_interfaces/include/village_interfaces/srv/detail/sell_novel__struct.h
[4.629s] -- Up-to-date: /home/orangepi/code/town_ws/install/village_interfaces/include/village_interfaces/srv/detail/sell_novel__type_support.h
[4.629s] -- Up-to-date: /home/orangepi/code/town_ws/install/village_interfaces/include/village_interfaces/srv/detail/borrow_money__struct.h
[4.629s] -- Up-to-date: /home/orangepi/code/town_ws/install/village_interfaces/include/village_interfaces/srv/detail/sell_novel__functions.c
[4.629s] -- Up-to-date: /home/orangepi/code/town_ws/install/village_interfaces/include/village_interfaces/srv/detail/borrow_money__functions.h
[4.629s] -- Up-to-date: /home/orangepi/code/town_ws/install/village_interfaces/include/village_interfaces/srv/detail/sell_novel__functions.h
[4.629s] -- Up-to-date: /home/orangepi/code/town_ws/install/village_interfaces/include/village_interfaces/srv/sell_novel.h
[4.629s] -- Up-to-date: /home/orangepi/code/town_ws/install/village_interfaces/include/village_interfaces/srv/borrow_money.h
[4.629s] -- Up-to-date: /home/orangepi/code/town_ws/install/village_interfaces/share/village_interfaces/environment/library_path.sh
[4.630s] -- Installing: /home/orangepi/code/town_ws/install/village_interfaces/share/village_interfaces/environment/library_path.dsv
[4.633s] -- Up-to-date: /home/orangepi/code/town_ws/install/village_interfaces/lib/libvillage_interfaces__rosidl_generator_c.so
[4.634s] -- Up-to-date: /home/orangepi/code/town_ws/install/village_interfaces/include/village_interfaces
[4.634s] -- Up-to-date: /home/orangepi/code/town_ws/install/village_interfaces/include/village_interfaces/msg
[4.634s] -- Up-to-date: /home/orangepi/code/town_ws/install/village_interfaces/include/village_interfaces/msg/detail
[4.635s] -- Up-to-date: /home/orangepi/code/town_ws/install/village_interfaces/include/village_interfaces/msg/detail/novel__rosidl_typesupport_fastrtps_c.h
[4.635s] -- Up-to-date: /home/orangepi/code/town_ws/install/village_interfaces/include/village_interfaces/msg/rosidl_typesupport_fastrtps_c__visibility_control.h
[4.635s] -- Up-to-date: /home/orangepi/code/town_ws/install/village_interfaces/include/village_interfaces/srv
[4.635s] -- Up-to-date: /home/orangepi/code/town_ws/install/village_interfaces/include/village_interfaces/srv/detail
[4.635s] -- Up-to-date: /home/orangepi/code/town_ws/install/village_interfaces/include/village_interfaces/srv/detail/sell_novel__rosidl_typesupport_fastrtps_c.h
[4.636s] -- Up-to-date: /home/orangepi/code/town_ws/install/village_interfaces/include/village_interfaces/srv/detail/borrow_money__rosidl_typesupport_fastrtps_c.h
[4.639s] -- Up-to-date: /home/orangepi/code/town_ws/install/village_interfaces/lib/libvillage_interfaces__rosidl_typesupport_fastrtps_c.so
[4.640s] -- Up-to-date: /home/orangepi/code/town_ws/install/village_interfaces/include/village_interfaces
[4.640s] -- Up-to-date: /home/orangepi/code/town_ws/install/village_interfaces/include/village_interfaces/msg
[4.641s] -- Up-to-date: /home/orangepi/code/town_ws/install/village_interfaces/include/village_interfaces/msg/detail
[4.641s] -- Up-to-date: /home/orangepi/code/town_ws/install/village_interfaces/include/village_interfaces/msg/detail/novel__rosidl_typesupport_fastrtps_cpp.hpp
[4.641s] -- Up-to-date: /home/orangepi/code/town_ws/install/village_interfaces/include/village_interfaces/msg/detail/dds_fastrtps
[4.641s] -- Up-to-date: /home/orangepi/code/town_ws/install/village_interfaces/include/village_interfaces/msg/rosidl_typesupport_fastrtps_cpp__visibility_control.h
[4.642s] -- Up-to-date: /home/orangepi/code/town_ws/install/village_interfaces/include/village_interfaces/srv
[4.642s] -- Up-to-date: /home/orangepi/code/town_ws/install/village_interfaces/include/village_interfaces/srv/detail
[4.642s] -- Up-to-date: /home/orangepi/code/town_ws/install/village_interfaces/include/village_interfaces/srv/detail/sell_novel__rosidl_typesupport_fastrtps_cpp.hpp
[4.642s] -- Up-to-date: /home/orangepi/code/town_ws/install/village_interfaces/include/village_interfaces/srv/detail/dds_fastrtps
[4.642s] -- Up-to-date: /home/orangepi/code/town_ws/install/village_interfaces/include/village_interfaces/srv/detail/borrow_money__rosidl_typesupport_fastrtps_cpp.hpp
[4.644s] -- Up-to-date: /home/orangepi/code/town_ws/install/village_interfaces/lib/libvillage_interfaces__rosidl_typesupport_fastrtps_cpp.so
[4.644s] -- Up-to-date: /home/orangepi/code/town_ws/install/village_interfaces/include/village_interfaces
[4.645s] -- Up-to-date: /home/orangepi/code/town_ws/install/village_interfaces/include/village_interfaces/msg
[4.645s] -- Up-to-date: /home/orangepi/code/town_ws/install/village_interfaces/include/village_interfaces/msg/detail
[4.645s] -- Up-to-date: /home/orangepi/code/town_ws/install/village_interfaces/include/village_interfaces/msg/detail/novel__rosidl_typesupport_introspection_c.h
[4.645s] -- Up-to-date: /home/orangepi/code/town_ws/install/village_interfaces/include/village_interfaces/msg/detail/novel__type_support.c
[4.645s] -- Up-to-date: /home/orangepi/code/town_ws/install/village_interfaces/include/village_interfaces/msg/rosidl_typesupport_introspection_c__visibility_control.h
[4.646s] -- Up-to-date: /home/orangepi/code/town_ws/install/village_interfaces/include/village_interfaces/srv
[4.646s] -- Up-to-date: /home/orangepi/code/town_ws/install/village_interfaces/include/village_interfaces/srv/detail
[4.646s] -- Up-to-date: /home/orangepi/code/town_ws/install/village_interfaces/include/village_interfaces/srv/detail/borrow_money__rosidl_typesupport_introspection_c.h
[4.646s] -- Up-to-date: /home/orangepi/code/town_ws/install/village_interfaces/include/village_interfaces/srv/detail/sell_novel__rosidl_typesupport_introspection_c.h
[4.646s] -- Up-to-date: /home/orangepi/code/town_ws/install/village_interfaces/include/village_interfaces/srv/detail/sell_novel__type_support.c
[4.646s] -- Up-to-date: /home/orangepi/code/town_ws/install/village_interfaces/include/village_interfaces/srv/detail/borrow_money__type_support.c
[4.648s] -- Up-to-date: /home/orangepi/code/town_ws/install/village_interfaces/lib/libvillage_interfaces__rosidl_typesupport_introspection_c.so
[4.650s] -- Up-to-date: /home/orangepi/code/town_ws/install/village_interfaces/lib/libvillage_interfaces__rosidl_typesupport_c.so
[4.651s] -- Up-to-date: /home/orangepi/code/town_ws/install/village_interfaces/include/village_interfaces
[4.652s] -- Up-to-date: /home/orangepi/code/town_ws/install/village_interfaces/include/village_interfaces/msg
[4.652s] -- Up-to-date: /home/orangepi/code/town_ws/install/village_interfaces/include/village_interfaces/msg/novel.hpp
[4.652s] -- Up-to-date: /home/orangepi/code/town_ws/install/village_interfaces/include/village_interfaces/msg/detail
[4.652s] -- Up-to-date: /home/orangepi/code/town_ws/install/village_interfaces/include/village_interfaces/msg/detail/novel__type_support.hpp
[4.652s] -- Up-to-date: /home/orangepi/code/town_ws/install/village_interfaces/include/village_interfaces/msg/detail/novel__struct.hpp
[4.652s] -- Up-to-date: /home/orangepi/code/town_ws/install/village_interfaces/include/village_interfaces/msg/detail/novel__builder.hpp
[4.652s] -- Up-to-date: /home/orangepi/code/town_ws/install/village_interfaces/include/village_interfaces/msg/detail/novel__traits.hpp
[4.653s] -- Up-to-date: /home/orangepi/code/town_ws/install/village_interfaces/include/village_interfaces/msg/rosidl_generator_cpp__visibility_control.hpp
[4.653s] -- Up-to-date: /home/orangepi/code/town_ws/install/village_interfaces/include/village_interfaces/srv
[4.653s] -- Up-to-date: /home/orangepi/code/town_ws/install/village_interfaces/include/village_interfaces/srv/detail
[4.653s] -- Up-to-date: /home/orangepi/code/town_ws/install/village_interfaces/include/village_interfaces/srv/detail/borrow_money__struct.hpp
[4.653s] -- Up-to-date: /home/orangepi/code/town_ws/install/village_interfaces/include/village_interfaces/srv/detail/borrow_money__builder.hpp
[4.653s] -- Up-to-date: /home/orangepi/code/town_ws/install/village_interfaces/include/village_interfaces/srv/detail/sell_novel__type_support.hpp
[4.653s] -- Up-to-date: /home/orangepi/code/town_ws/install/village_interfaces/include/village_interfaces/srv/detail/sell_novel__struct.hpp
[4.653s] -- Up-to-date: /home/orangepi/code/town_ws/install/village_interfaces/include/village_interfaces/srv/detail/sell_novel__builder.hpp
[4.654s] -- Up-to-date: /home/orangepi/code/town_ws/install/village_interfaces/include/village_interfaces/srv/detail/sell_novel__traits.hpp
[4.654s] -- Up-to-date: /home/orangepi/code/town_ws/install/village_interfaces/include/village_interfaces/srv/detail/borrow_money__type_support.hpp
[4.654s] -- Up-to-date: /home/orangepi/code/town_ws/install/village_interfaces/include/village_interfaces/srv/detail/borrow_money__traits.hpp
[4.654s] -- Up-to-date: /home/orangepi/code/town_ws/install/village_interfaces/include/village_interfaces/srv/borrow_money.hpp
[4.654s] -- Up-to-date: /home/orangepi/code/town_ws/install/village_interfaces/include/village_interfaces/srv/sell_novel.hpp
[4.654s] -- Up-to-date: /home/orangepi/code/town_ws/install/village_interfaces/include/village_interfaces
[4.654s] -- Up-to-date: /home/orangepi/code/town_ws/install/village_interfaces/include/village_interfaces/msg
[4.655s] -- Up-to-date: /home/orangepi/code/town_ws/install/village_interfaces/include/village_interfaces/msg/detail
[4.655s] -- Up-to-date: /home/orangepi/code/town_ws/install/village_interfaces/include/village_interfaces/msg/detail/novel__rosidl_typesupport_introspection_cpp.hpp
[4.655s] -- Up-to-date: /home/orangepi/code/town_ws/install/village_interfaces/include/village_interfaces/msg/detail/novel__type_support.cpp
[4.655s] -- Up-to-date: /home/orangepi/code/town_ws/install/village_interfaces/include/village_interfaces/srv
[4.655s] -- Up-to-date: /home/orangepi/code/town_ws/install/village_interfaces/include/village_interfaces/srv/detail
[4.655s] -- Up-to-date: /home/orangepi/code/town_ws/install/village_interfaces/include/village_interfaces/srv/detail/sell_novel__rosidl_typesupport_introspection_cpp.hpp
[4.655s] -- Up-to-date: /home/orangepi/code/town_ws/install/village_interfaces/include/village_interfaces/srv/detail/sell_novel__type_support.cpp
[4.655s] -- Up-to-date: /home/orangepi/code/town_ws/install/village_interfaces/include/village_interfaces/srv/detail/borrow_money__rosidl_typesupport_introspection_cpp.hpp
[4.656s] -- Up-to-date: /home/orangepi/code/town_ws/install/village_interfaces/include/village_interfaces/srv/detail/borrow_money__type_support.cpp
[4.656s] -- Up-to-date: /home/orangepi/code/town_ws/install/village_interfaces/lib/libvillage_interfaces__rosidl_typesupport_introspection_cpp.so
[4.658s] -- Up-to-date: /home/orangepi/code/town_ws/install/village_interfaces/lib/libvillage_interfaces__rosidl_typesupport_cpp.so
[4.658s] -- Up-to-date: /home/orangepi/code/town_ws/install/village_interfaces/share/village_interfaces/environment/pythonpath.sh
[4.658s] -- Installing: /home/orangepi/code/town_ws/install/village_interfaces/share/village_interfaces/environment/pythonpath.dsv
[4.660s] -- Installing: /home/orangepi/code/town_ws/install/village_interfaces/lib/python3.8/site-packages/village_interfaces/__init__.py
[4.718s] Compiling '/home/orangepi/code/town_ws/install/village_interfaces/lib/python3.8/site-packages/village_interfaces/__init__.py'...
[4.726s] -- Up-to-date: /home/orangepi/code/town_ws/install/village_interfaces/lib/python3.8/site-packages/village_interfaces/msg
[4.726s] -- Up-to-date: /home/orangepi/code/town_ws/install/village_interfaces/lib/python3.8/site-packages/village_interfaces/msg/__init__.py
[4.727s] -- Up-to-date: /home/orangepi/code/town_ws/install/village_interfaces/lib/python3.8/site-packages/village_interfaces/msg/_novel_s.c
[4.727s] -- Up-to-date: /home/orangepi/code/town_ws/install/village_interfaces/lib/python3.8/site-packages/village_interfaces/msg/_novel.py
[4.728s] -- Up-to-date: /home/orangepi/code/town_ws/install/village_interfaces/lib/python3.8/site-packages/village_interfaces/srv
[4.728s] -- Up-to-date: /home/orangepi/code/town_ws/install/village_interfaces/lib/python3.8/site-packages/village_interfaces/srv/__init__.py
[4.729s] -- Up-to-date: /home/orangepi/code/town_ws/install/village_interfaces/lib/python3.8/site-packages/village_interfaces/srv/_borrow_money.py
[4.729s] -- Up-to-date: /home/orangepi/code/town_ws/install/village_interfaces/lib/python3.8/site-packages/village_interfaces/srv/_borrow_money_s.c
[4.730s] -- Up-to-date: /home/orangepi/code/town_ws/install/village_interfaces/lib/python3.8/site-packages/village_interfaces/srv/_sell_novel_s.c
[4.730s] -- Up-to-date: /home/orangepi/code/town_ws/install/village_interfaces/lib/python3.8/site-packages/village_interfaces/srv/_sell_novel.py
[4.731s] -- Up-to-date: /home/orangepi/code/town_ws/install/village_interfaces/lib/python3.8/site-packages/village_interfaces/village_interfaces_s__rosidl_typesupport_fastrtps_c.cpython-38-aarch64-linux-gnu.so
[4.733s] -- Up-to-date: /home/orangepi/code/town_ws/install/village_interfaces/lib/python3.8/site-packages/village_interfaces/village_interfaces_s__rosidl_typesupport_introspection_c.cpython-38-aarch64-linux-gnu.so
[4.736s] -- Up-to-date: /home/orangepi/code/town_ws/install/village_interfaces/lib/python3.8/site-packages/village_interfaces/village_interfaces_s__rosidl_typesupport_c.cpython-38-aarch64-linux-gnu.so
[4.739s] -- Up-to-date: /home/orangepi/code/town_ws/install/village_interfaces/lib/libvillage_interfaces__python.so
[4.740s] -- Up-to-date: /home/orangepi/code/town_ws/install/village_interfaces/share/village_interfaces/msg/Novel.idl
[4.740s] -- Up-to-date: /home/orangepi/code/town_ws/install/village_interfaces/share/village_interfaces/srv/BorrowMoney.idl
[4.741s] -- Up-to-date: /home/orangepi/code/town_ws/install/village_interfaces/share/village_interfaces/srv/SellNovel.idl
[4.741s] -- Up-to-date: /home/orangepi/code/town_ws/install/village_interfaces/share/village_interfaces/msg/Novel.msg
[4.741s] -- Up-to-date: /home/orangepi/code/town_ws/install/village_interfaces/share/village_interfaces/srv/BorrowMoney.srv
[4.741s] -- Up-to-date: /home/orangepi/code/town_ws/install/village_interfaces/share/village_interfaces/srv/BorrowMoney_Request.msg
[4.741s] -- Up-to-date: /home/orangepi/code/town_ws/install/village_interfaces/share/village_interfaces/srv/BorrowMoney_Response.msg
[4.741s] -- Up-to-date: /home/orangepi/code/town_ws/install/village_interfaces/share/village_interfaces/srv/SellNovel.srv
[4.741s] -- Up-to-date: /home/orangepi/code/town_ws/install/village_interfaces/share/village_interfaces/srv/SellNovel_Request.msg
[4.741s] -- Up-to-date: /home/orangepi/code/town_ws/install/village_interfaces/share/village_interfaces/srv/SellNovel_Response.msg
[4.742s] -- Up-to-date: /home/orangepi/code/town_ws/install/village_interfaces/share/ament_index/resource_index/package_run_dependencies/village_interfaces
[4.742s] -- Up-to-date: /home/orangepi/code/town_ws/install/village_interfaces/share/ament_index/resource_index/parent_prefix_path/village_interfaces
[4.743s] -- Up-to-date: /home/orangepi/code/town_ws/install/village_interfaces/share/village_interfaces/environment/ament_prefix_path.sh
[4.743s] -- Installing: /home/orangepi/code/town_ws/install/village_interfaces/share/village_interfaces/environment/ament_prefix_path.dsv
[4.743s] -- Up-to-date: /home/orangepi/code/town_ws/install/village_interfaces/share/village_interfaces/environment/path.sh
[4.743s] -- Installing: /home/orangepi/code/town_ws/install/village_interfaces/share/village_interfaces/environment/path.dsv
[4.743s] -- Up-to-date: /home/orangepi/code/town_ws/install/village_interfaces/share/village_interfaces/local_setup.bash
[4.743s] -- Up-to-date: /home/orangepi/code/town_ws/install/village_interfaces/share/village_interfaces/local_setup.sh
[4.744s] -- Up-to-date: /home/orangepi/code/town_ws/install/village_interfaces/share/village_interfaces/local_setup.zsh
[4.744s] -- Installing: /home/orangepi/code/town_ws/install/village_interfaces/share/village_interfaces/local_setup.dsv
[4.744s] -- Installing: /home/orangepi/code/town_ws/install/village_interfaces/share/village_interfaces/package.dsv
[4.744s] -- Up-to-date: /home/orangepi/code/town_ws/install/village_interfaces/share/ament_index/resource_index/packages/village_interfaces
[4.747s] -- Up-to-date: /home/orangepi/code/town_ws/install/village_interfaces/share/village_interfaces/cmake/village_interfaces__rosidl_generator_cExport.cmake
[4.747s] -- Installing: /home/orangepi/code/town_ws/install/village_interfaces/share/village_interfaces/cmake/village_interfaces__rosidl_generator_cExport-noconfig.cmake
[4.748s] -- Up-to-date: /home/orangepi/code/town_ws/install/village_interfaces/share/village_interfaces/cmake/village_interfaces__rosidl_typesupport_introspection_cExport.cmake
[4.748s] -- Installing: /home/orangepi/code/town_ws/install/village_interfaces/share/village_interfaces/cmake/village_interfaces__rosidl_typesupport_introspection_cExport-noconfig.cmake
[4.750s] -- Up-to-date: /home/orangepi/code/town_ws/install/village_interfaces/share/village_interfaces/cmake/village_interfaces__rosidl_typesupport_cExport.cmake
[4.751s] -- Installing: /home/orangepi/code/town_ws/install/village_interfaces/share/village_interfaces/cmake/village_interfaces__rosidl_typesupport_cExport-noconfig.cmake
[4.752s] -- Up-to-date: /home/orangepi/code/town_ws/install/village_interfaces/share/village_interfaces/cmake/village_interfaces__rosidl_generator_cppExport.cmake
[4.754s] -- Up-to-date: /home/orangepi/code/town_ws/install/village_interfaces/share/village_interfaces/cmake/village_interfaces__rosidl_typesupport_introspection_cppExport.cmake
[4.754s] -- Installing: /home/orangepi/code/town_ws/install/village_interfaces/share/village_interfaces/cmake/village_interfaces__rosidl_typesupport_introspection_cppExport-noconfig.cmake
[4.756s] -- Up-to-date: /home/orangepi/code/town_ws/install/village_interfaces/share/village_interfaces/cmake/village_interfaces__rosidl_typesupport_cppExport.cmake
[4.756s] -- Installing: /home/orangepi/code/town_ws/install/village_interfaces/share/village_interfaces/cmake/village_interfaces__rosidl_typesupport_cppExport-noconfig.cmake
[4.757s] -- Up-to-date: /home/orangepi/code/town_ws/install/village_interfaces/share/village_interfaces/cmake/rosidl_cmake-extras.cmake
[4.757s] -- Up-to-date: /home/orangepi/code/town_ws/install/village_interfaces/share/village_interfaces/cmake/ament_cmake_export_dependencies-extras.cmake
[4.758s] -- Up-to-date: /home/orangepi/code/town_ws/install/village_interfaces/share/village_interfaces/cmake/ament_cmake_export_libraries-extras.cmake
[4.758s] -- Up-to-date: /home/orangepi/code/town_ws/install/village_interfaces/share/village_interfaces/cmake/ament_cmake_export_targets-extras.cmake
[4.759s] -- Up-to-date: /home/orangepi/code/town_ws/install/village_interfaces/share/village_interfaces/cmake/ament_cmake_export_include_directories-extras.cmake
[4.759s] -- Up-to-date: /home/orangepi/code/town_ws/install/village_interfaces/share/village_interfaces/cmake/rosidl_cmake_export_typesupport_libraries-extras.cmake
[4.760s] -- Up-to-date: /home/orangepi/code/town_ws/install/village_interfaces/share/village_interfaces/cmake/rosidl_cmake_export_typesupport_targets-extras.cmake
[4.760s] -- Up-to-date: /home/orangepi/code/town_ws/install/village_interfaces/share/village_interfaces/cmake/village_interfacesConfig.cmake
[4.760s] -- Up-to-date: /home/orangepi/code/town_ws/install/village_interfaces/share/village_interfaces/cmake/village_interfacesConfig-version.cmake
[4.761s] -- Installing: /home/orangepi/code/town_ws/install/village_interfaces/share/village_interfaces/package.xml
[4.768s] Invoked command in '/home/orangepi/code/town_ws/build/village_interfaces' returned '0': CMAKE_PREFIX_PATH=${CMAKE_PREFIX_PATH}:/home/orangepi/code/town_ws/install/village_li:/opt/ros/foxy /usr/bin/cmake --install /home/orangepi/code/town_ws/build/village_interfaces
