[0.529s] DEBUG:colcon:Command line arguments: ['/usr/bin/colcon', 'build', '--packages-select', 'village_wang']
[0.530s] DEBUG:colcon:Parsed command line arguments: Namespace(ament_cmake_args=None, base_paths=['.'], build_base='build', catkin_cmake_args=None, catkin_skip_building_tests=False, cmake_args=None, cmake_clean_cache=False, cmake_clean_first=False, cmake_force_configure=False, cmake_target=None, cmake_target_skip_unavailable=False, continue_on_error=False, event_handlers=None, executor='parallel', ignore_user_meta=False, install_base='install', log_base=None, log_level=None, main=<bound method BuildVerb.main of <colcon_core.verb.build.BuildVerb object at 0x7fb15100a0>>, merge_install=False, metas=['./colcon.meta'], packages_above=None, packages_above_and_dependencies=None, packages_above_depth=None, packages_end=None, packages_ignore=None, packages_ignore_regex=None, packages_select=['village_wang'], packages_select_build_failed=False, packages_select_by_dep=None, packages_select_regex=None, packages_select_test_failures=False, packages_skip=None, packages_skip_build_finished=False, packages_skip_by_dep=None, packages_skip_regex=None, packages_skip_test_passed=False, packages_skip_up_to=None, packages_start=None, packages_up_to=None, packages_up_to_regex=None, parallel_workers=8, paths=None, symlink_install=False, test_result_base=None, verb_extension=<colcon_core.verb.build.BuildVerb object at 0x7fb15100a0>, verb_name='build', verb_parser=<colcon_defaults.argument_parser.defaults.DefaultArgumentsDecorator object at 0x7fb15105e0>)
[0.612s] Level 1:colcon.colcon_core.package_discovery:discover_packages(colcon_meta) check parameters
[0.613s] Level 1:colcon.colcon_core.package_discovery:discover_packages(recursive) check parameters
[0.613s] Level 1:colcon.colcon_core.package_discovery:discover_packages(ignore) check parameters
[0.613s] Level 1:colcon.colcon_core.package_discovery:discover_packages(path) check parameters
[0.613s] Level 1:colcon.colcon_core.package_discovery:discover_packages(colcon_meta) discover
[0.613s] Level 1:colcon.colcon_core.package_discovery:discover_packages(recursive) discover
[0.613s] INFO:colcon.colcon_core.package_discovery:Crawling recursively for packages in '/home/orangepi/code/town_ws'
[0.613s] Level 1:colcon.colcon_core.package_identification:_identify(.) by extensions ['ignore', 'ignore_ament_install']
[0.613s] Level 1:colcon.colcon_core.package_identification:_identify(.) by extension 'ignore'
[0.614s] Level 1:colcon.colcon_core.package_identification:_identify(.) by extension 'ignore_ament_install'
[0.614s] Level 1:colcon.colcon_core.package_identification:_identify(.) by extensions ['colcon_pkg']
[0.614s] Level 1:colcon.colcon_core.package_identification:_identify(.) by extension 'colcon_pkg'
[0.614s] Level 1:colcon.colcon_core.package_identification:_identify(.) by extensions ['colcon_meta']
[0.614s] Level 1:colcon.colcon_core.package_identification:_identify(.) by extension 'colcon_meta'
[0.614s] Level 1:colcon.colcon_core.package_identification:_identify(.) by extensions ['ros']
[0.614s] Level 1:colcon.colcon_core.package_identification:_identify(.) by extension 'ros'
[0.652s] Level 1:colcon.colcon_core.package_identification:_identify(.) by extensions ['cmake', 'python']
[0.652s] Level 1:colcon.colcon_core.package_identification:_identify(.) by extension 'cmake'
[0.652s] Level 1:colcon.colcon_core.package_identification:_identify(.) by extension 'python'
[0.652s] Level 1:colcon.colcon_core.package_identification:_identify(.) by extensions ['python_setup_py']
[0.652s] Level 1:colcon.colcon_core.package_identification:_identify(.) by extension 'python_setup_py'
[0.652s] Level 1:colcon.colcon_core.package_identification:_identify(build) by extensions ['ignore', 'ignore_ament_install']
[0.653s] Level 1:colcon.colcon_core.package_identification:_identify(build) by extension 'ignore'
[0.653s] Level 1:colcon.colcon_core.package_identification:_identify(build) ignored
[0.653s] Level 1:colcon.colcon_core.package_identification:_identify(install) by extensions ['ignore', 'ignore_ament_install']
[0.653s] Level 1:colcon.colcon_core.package_identification:_identify(install) by extension 'ignore'
[0.653s] Level 1:colcon.colcon_core.package_identification:_identify(install) ignored
[0.653s] Level 1:colcon.colcon_core.package_identification:_identify(log) by extensions ['ignore', 'ignore_ament_install']
[0.653s] Level 1:colcon.colcon_core.package_identification:_identify(log) by extension 'ignore'
[0.653s] Level 1:colcon.colcon_core.package_identification:_identify(log) ignored
[0.653s] Level 1:colcon.colcon_core.package_identification:_identify(src) by extensions ['ignore', 'ignore_ament_install']
[0.653s] Level 1:colcon.colcon_core.package_identification:_identify(src) by extension 'ignore'
[0.654s] Level 1:colcon.colcon_core.package_identification:_identify(src) by extension 'ignore_ament_install'
[0.654s] Level 1:colcon.colcon_core.package_identification:_identify(src) by extensions ['colcon_pkg']
[0.654s] Level 1:colcon.colcon_core.package_identification:_identify(src) by extension 'colcon_pkg'
[0.654s] Level 1:colcon.colcon_core.package_identification:_identify(src) by extensions ['colcon_meta']
[0.654s] Level 1:colcon.colcon_core.package_identification:_identify(src) by extension 'colcon_meta'
[0.654s] Level 1:colcon.colcon_core.package_identification:_identify(src) by extensions ['ros']
[0.654s] Level 1:colcon.colcon_core.package_identification:_identify(src) by extension 'ros'
[0.654s] Level 1:colcon.colcon_core.package_identification:_identify(src) by extensions ['cmake', 'python']
[0.654s] Level 1:colcon.colcon_core.package_identification:_identify(src) by extension 'cmake'
[0.654s] Level 1:colcon.colcon_core.package_identification:_identify(src) by extension 'python'
[0.654s] Level 1:colcon.colcon_core.package_identification:_identify(src) by extensions ['python_setup_py']
[0.654s] Level 1:colcon.colcon_core.package_identification:_identify(src) by extension 'python_setup_py'
[0.654s] Level 1:colcon.colcon_core.package_identification:_identify(src/village_interfaces) by extensions ['ignore', 'ignore_ament_install']
[0.654s] Level 1:colcon.colcon_core.package_identification:_identify(src/village_interfaces) by extension 'ignore'
[0.654s] Level 1:colcon.colcon_core.package_identification:_identify(src/village_interfaces) by extension 'ignore_ament_install'
[0.655s] Level 1:colcon.colcon_core.package_identification:_identify(src/village_interfaces) by extensions ['colcon_pkg']
[0.655s] Level 1:colcon.colcon_core.package_identification:_identify(src/village_interfaces) by extension 'colcon_pkg'
[0.655s] Level 1:colcon.colcon_core.package_identification:_identify(src/village_interfaces) by extensions ['colcon_meta']
[0.655s] Level 1:colcon.colcon_core.package_identification:_identify(src/village_interfaces) by extension 'colcon_meta'
[0.655s] Level 1:colcon.colcon_core.package_identification:_identify(src/village_interfaces) by extensions ['ros']
[0.655s] Level 1:colcon.colcon_core.package_identification:_identify(src/village_interfaces) by extension 'ros'
[0.663s] DEBUG:colcon.colcon_core.package_identification:Package 'src/village_interfaces' with type 'ros.ament_cmake' and name 'village_interfaces'
[0.663s] Level 1:colcon.colcon_core.package_identification:_identify(src/village_li) by extensions ['ignore', 'ignore_ament_install']
[0.663s] Level 1:colcon.colcon_core.package_identification:_identify(src/village_li) by extension 'ignore'
[0.663s] Level 1:colcon.colcon_core.package_identification:_identify(src/village_li) by extension 'ignore_ament_install'
[0.663s] Level 1:colcon.colcon_core.package_identification:_identify(src/village_li) by extensions ['colcon_pkg']
[0.663s] Level 1:colcon.colcon_core.package_identification:_identify(src/village_li) by extension 'colcon_pkg'
[0.663s] Level 1:colcon.colcon_core.package_identification:_identify(src/village_li) by extensions ['colcon_meta']
[0.663s] Level 1:colcon.colcon_core.package_identification:_identify(src/village_li) by extension 'colcon_meta'
[0.664s] Level 1:colcon.colcon_core.package_identification:_identify(src/village_li) by extensions ['ros']
[0.664s] Level 1:colcon.colcon_core.package_identification:_identify(src/village_li) by extension 'ros'
[0.665s] DEBUG:colcon.colcon_core.package_identification:Package 'src/village_li' with type 'ros.ament_python' and name 'village_li'
[0.666s] Level 1:colcon.colcon_core.package_identification:_identify(src/village_wang) by extensions ['ignore', 'ignore_ament_install']
[0.666s] Level 1:colcon.colcon_core.package_identification:_identify(src/village_wang) by extension 'ignore'
[0.666s] Level 1:colcon.colcon_core.package_identification:_identify(src/village_wang) by extension 'ignore_ament_install'
[0.666s] Level 1:colcon.colcon_core.package_identification:_identify(src/village_wang) by extensions ['colcon_pkg']
[0.666s] Level 1:colcon.colcon_core.package_identification:_identify(src/village_wang) by extension 'colcon_pkg'
[0.666s] Level 1:colcon.colcon_core.package_identification:_identify(src/village_wang) by extensions ['colcon_meta']
[0.666s] Level 1:colcon.colcon_core.package_identification:_identify(src/village_wang) by extension 'colcon_meta'
[0.666s] Level 1:colcon.colcon_core.package_identification:_identify(src/village_wang) by extensions ['ros']
[0.666s] Level 1:colcon.colcon_core.package_identification:_identify(src/village_wang) by extension 'ros'
[0.668s] DEBUG:colcon.colcon_core.package_identification:Package 'src/village_wang' with type 'ros.ament_cmake' and name 'village_wang'
[0.668s] Level 1:colcon.colcon_core.package_discovery:discover_packages(recursive) using defaults
[0.668s] Level 1:colcon.colcon_core.package_discovery:discover_packages(ignore) discover
[0.668s] Level 1:colcon.colcon_core.package_discovery:discover_packages(ignore) using defaults
[0.668s] Level 1:colcon.colcon_core.package_discovery:discover_packages(path) discover
[0.668s] Level 1:colcon.colcon_core.package_discovery:discover_packages(path) using defaults
[0.747s] INFO:colcon.colcon_core.package_selection:Skipping not selected package 'village_interfaces' in 'src/village_interfaces'
[0.747s] INFO:colcon.colcon_core.package_selection:Skipping not selected package 'village_li' in 'src/village_li'
[0.748s] Level 5:colcon.colcon_core.verb:set package 'village_wang' build argument 'cmake_args' from command line to 'None'
[0.748s] Level 5:colcon.colcon_core.verb:set package 'village_wang' build argument 'cmake_target' from command line to 'None'
[0.748s] Level 5:colcon.colcon_core.verb:set package 'village_wang' build argument 'cmake_target_skip_unavailable' from command line to 'False'
[0.748s] Level 5:colcon.colcon_core.verb:set package 'village_wang' build argument 'cmake_clean_cache' from command line to 'False'
[0.749s] Level 5:colcon.colcon_core.verb:set package 'village_wang' build argument 'cmake_clean_first' from command line to 'False'
[0.749s] Level 5:colcon.colcon_core.verb:set package 'village_wang' build argument 'cmake_force_configure' from command line to 'False'
[0.749s] Level 5:colcon.colcon_core.verb:set package 'village_wang' build argument 'ament_cmake_args' from command line to 'None'
[0.749s] Level 5:colcon.colcon_core.verb:set package 'village_wang' build argument 'catkin_cmake_args' from command line to 'None'
[0.749s] Level 5:colcon.colcon_core.verb:set package 'village_wang' build argument 'catkin_skip_building_tests' from command line to 'False'
[0.749s] DEBUG:colcon.colcon_core.verb:Building package 'village_wang' with the following arguments: {'ament_cmake_args': None, 'build_base': '/home/orangepi/code/town_ws/build/village_wang', 'catkin_cmake_args': None, 'catkin_skip_building_tests': False, 'cmake_args': None, 'cmake_clean_cache': False, 'cmake_clean_first': False, 'cmake_force_configure': False, 'cmake_target': None, 'cmake_target_skip_unavailable': False, 'install_base': '/home/orangepi/code/town_ws/install/village_wang', 'merge_install': False, 'path': '/home/orangepi/code/town_ws/src/village_wang', 'symlink_install': False, 'test_result_base': None}
[0.750s] INFO:colcon.colcon_core.executor:Executing jobs using 'parallel' executor
[0.754s] DEBUG:colcon.colcon_parallel_executor.executor.parallel:run_until_complete
[0.755s] INFO:colcon.colcon_ros.task.ament_cmake.build:Building ROS package in '/home/orangepi/code/town_ws/src/village_wang' with build type 'ament_cmake'
[0.755s] INFO:colcon.colcon_cmake.task.cmake.build:Building CMake package in '/home/orangepi/code/town_ws/src/village_wang'
[0.778s] INFO:colcon.colcon_core.plugin_system:Skipping extension 'colcon_core.shell.bat': Not used on non-Windows systems
[0.778s] INFO:colcon.colcon_core.shell:Skip shell extension 'powershell' for command environment: Not usable outside of PowerShell
[0.779s] DEBUG:colcon.colcon_core.shell:Skip shell extension 'dsv' for command environment
[0.840s] DEBUG:colcon.colcon_core.event_handler.log_command:Invoking command in '/home/orangepi/code/town_ws/build/village_wang': AMENT_PREFIX_PATH=/home/orangepi/code/town_ws/install/village_interfaces:${AMENT_PREFIX_PATH} CMAKE_PREFIX_PATH=/home/orangepi/code/town_ws/install/village_interfaces:/opt/ros/foxy LD_LIBRARY_PATH=/home/orangepi/code/town_ws/install/village_interfaces/lib:${LD_LIBRARY_PATH} PYTHONPATH=/home/orangepi/code/town_ws/install/village_interfaces/lib/python3.8/site-packages:${PYTHONPATH} /usr/bin/cmake --build /home/orangepi/code/town_ws/build/village_wang -- -j8 -l8
[3.610s] DEBUG:colcon.colcon_core.event_handler.log_command:Invoked command in '/home/orangepi/code/town_ws/build/village_wang' returned '2': AMENT_PREFIX_PATH=/home/orangepi/code/town_ws/install/village_interfaces:${AMENT_PREFIX_PATH} CMAKE_PREFIX_PATH=/home/orangepi/code/town_ws/install/village_interfaces:/opt/ros/foxy LD_LIBRARY_PATH=/home/orangepi/code/town_ws/install/village_interfaces/lib:${LD_LIBRARY_PATH} PYTHONPATH=/home/orangepi/code/town_ws/install/village_interfaces/lib/python3.8/site-packages:${PYTHONPATH} /usr/bin/cmake --build /home/orangepi/code/town_ws/build/village_wang -- -j8 -l8
[3.675s] Level 1:colcon.colcon_core.environment:create_environment_scripts_only(village_wang)
[3.710s] Level 1:colcon.colcon_core.environment:checking '/home/orangepi/code/town_ws/install/village_wang' for CMake module files
[3.717s] Level 1:colcon.colcon_core.environment:checking '/home/orangepi/code/town_ws/install/village_wang' for CMake config files
[3.719s] Level 1:colcon.colcon_core.shell:create_environment_hook('village_wang', 'cmake_prefix_path')
[3.727s] INFO:colcon.colcon_core.shell:Creating environment hook '/home/orangepi/code/town_ws/install/village_wang/share/village_wang/hook/cmake_prefix_path.ps1'
[3.731s] INFO:colcon.colcon_core.shell:Creating environment descriptor '/home/orangepi/code/town_ws/install/village_wang/share/village_wang/hook/cmake_prefix_path.dsv'
[3.734s] INFO:colcon.colcon_core.shell:Creating environment hook '/home/orangepi/code/town_ws/install/village_wang/share/village_wang/hook/cmake_prefix_path.sh'
[3.738s] Level 1:colcon.colcon_core.environment:checking '/home/orangepi/code/town_ws/install/village_wang/lib'
[3.739s] Level 1:colcon.colcon_core.environment:checking '/home/orangepi/code/town_ws/install/village_wang/bin'
[3.740s] Level 1:colcon.colcon_core.environment:checking '/home/orangepi/code/town_ws/install/village_wang/lib/pkgconfig/village_wang.pc'
[3.749s] Level 1:colcon.colcon_core.environment:checking '/home/orangepi/code/town_ws/install/village_wang/lib/python3.8/site-packages'
[3.751s] Level 1:colcon.colcon_core.environment:checking '/home/orangepi/code/town_ws/install/village_wang/bin'
[3.760s] INFO:colcon.colcon_core.shell:Creating package script '/home/orangepi/code/town_ws/install/village_wang/share/village_wang/package.ps1'
[3.765s] INFO:colcon.colcon_core.shell:Creating package descriptor '/home/orangepi/code/town_ws/install/village_wang/share/village_wang/package.dsv'
[3.768s] INFO:colcon.colcon_core.shell:Creating package script '/home/orangepi/code/town_ws/install/village_wang/share/village_wang/package.sh'
[3.771s] INFO:colcon.colcon_core.shell:Creating package script '/home/orangepi/code/town_ws/install/village_wang/share/village_wang/package.bash'
[3.773s] INFO:colcon.colcon_core.shell:Creating package script '/home/orangepi/code/town_ws/install/village_wang/share/village_wang/package.zsh'
[3.775s] Level 1:colcon.colcon_core.environment:create_file_with_runtime_dependencies(/home/orangepi/code/town_ws/install/village_wang/share/colcon-core/packages/village_wang)
[3.787s] DEBUG:colcon.colcon_parallel_executor.executor.parallel:closing loop
[3.788s] DEBUG:colcon.colcon_parallel_executor.executor.parallel:loop closed
[3.788s] DEBUG:colcon.colcon_parallel_executor.executor.parallel:run_until_complete finished with '2'
[3.789s] DEBUG:colcon.colcon_core.event_reactor:joining thread
[3.815s] INFO:colcon.colcon_core.plugin_system:Skipping extension 'colcon_notification.desktop_notification.terminal_notifier': Not used on non-Darwin systems
[3.817s] INFO:colcon.colcon_core.plugin_system:Skipping extension 'colcon_notification.desktop_notification.win32': Not used on non-Windows systems
[3.818s] INFO:colcon.colcon_notification.desktop_notification:Sending desktop notification using 'notify2'
[3.860s] DEBUG:colcon.colcon_core.event_reactor:joined thread
[3.862s] INFO:colcon.colcon_core.shell:Creating prefix script '/home/orangepi/code/town_ws/install/local_setup.ps1'
[3.865s] INFO:colcon.colcon_core.shell:Creating prefix util module '/home/orangepi/code/town_ws/install/_local_setup_util_ps1.py'
[3.869s] INFO:colcon.colcon_core.shell:Creating prefix chain script '/home/orangepi/code/town_ws/install/setup.ps1'
[3.875s] INFO:colcon.colcon_core.shell:Creating prefix script '/home/orangepi/code/town_ws/install/local_setup.sh'
[3.879s] INFO:colcon.colcon_core.shell:Creating prefix util module '/home/orangepi/code/town_ws/install/_local_setup_util_sh.py'
[3.881s] INFO:colcon.colcon_core.shell:Creating prefix chain script '/home/orangepi/code/town_ws/install/setup.sh'
[3.891s] INFO:colcon.colcon_core.shell:Creating prefix script '/home/orangepi/code/town_ws/install/local_setup.bash'
[3.894s] INFO:colcon.colcon_core.shell:Creating prefix chain script '/home/orangepi/code/town_ws/install/setup.bash'
[3.901s] INFO:colcon.colcon_core.shell:Creating prefix script '/home/orangepi/code/town_ws/install/local_setup.zsh'
[3.906s] INFO:colcon.colcon_core.shell:Creating prefix chain script '/home/orangepi/code/town_ws/install/setup.zsh'
