[0.854s] Invoking command in '/home/orangepi/code/My_Robot/src/perception': CONDA_PROMPT_MODIFIER=(base) PYTHONPATH=/home/orangepi/code/My_Robot/build/perception/prefix_override:/home/orangepi/code/My_Robot/install/perception/lib/python3.8/site-packages:${PYTHONPATH} /usr/bin/python3 setup.py egg_info --egg-base ../../build/perception build --build-base /home/orangepi/code/My_Robot/build/perception/build install --record /home/orangepi/code/My_Robot/build/perception/install.log --install-scripts $base/lib/perception --single-version-externally-managed
[1.106s] running egg_info
[1.108s] writing ../../build/perception/perception.egg-info/PKG-INFO
[1.108s] writing dependency_links to ../../build/perception/perception.egg-info/dependency_links.txt
[1.109s] writing entry points to ../../build/perception/perception.egg-info/entry_points.txt
[1.109s] writing requirements to ../../build/perception/perception.egg-info/requires.txt
[1.110s] writing top-level names to ../../build/perception/perception.egg-info/top_level.txt
[1.152s] reading manifest file '../../build/perception/perception.egg-info/SOURCES.txt'
[1.153s] writing manifest file '../../build/perception/perception.egg-info/SOURCES.txt'
[1.154s] running build
[1.155s] running build_py
[1.155s] running install
[1.155s] running install_lib
[1.156s] running install_data
[1.157s] running install_egg_info
[1.159s] removing '/home/orangepi/code/My_Robot/install/perception/lib/python3.8/site-packages/perception-0.0.0-py3.8.egg-info' (and everything under it)
[1.159s] Copying ../../build/perception/perception.egg-info to /home/orangepi/code/My_Robot/install/perception/lib/python3.8/site-packages/perception-0.0.0-py3.8.egg-info
[1.160s] running install_scripts
[1.182s] writing list of installed files to '/home/orangepi/code/My_Robot/build/perception/install.log'
[1.226s] Invoked command in '/home/orangepi/code/My_Robot/src/perception' returned '0': CONDA_PROMPT_MODIFIER=(base) PYTHONPATH=/home/orangepi/code/My_Robot/build/perception/prefix_override:/home/orangepi/code/My_Robot/install/perception/lib/python3.8/site-packages:${PYTHONPATH} /usr/bin/python3 setup.py egg_info --egg-base ../../build/perception build --build-base /home/orangepi/code/My_Robot/build/perception/build install --record /home/orangepi/code/My_Robot/build/perception/install.log --install-scripts $base/lib/perception --single-version-externally-managed
