/home/orangepi/code/town_ws/install/village_li/lib/python3.8/site-packages/village_li/__init__.py
/home/orangepi/code/town_ws/install/village_li/lib/python3.8/site-packages/village_li/li4_pop.py
/home/orangepi/code/town_ws/install/village_li/lib/python3.8/site-packages/village_li/li4.py
/home/orangepi/code/town_ws/install/village_li/lib/python3.8/site-packages/village_li/li3.py
/home/orangepi/code/town_ws/install/village_li/lib/python3.8/site-packages/village_li/__pycache__/__init__.cpython-38.pyc
/home/orangepi/code/town_ws/install/village_li/lib/python3.8/site-packages/village_li/__pycache__/li4_pop.cpython-38.pyc
/home/orangepi/code/town_ws/install/village_li/lib/python3.8/site-packages/village_li/__pycache__/li4.cpython-38.pyc
/home/orangepi/code/town_ws/install/village_li/lib/python3.8/site-packages/village_li/__pycache__/li3.cpython-38.pyc
/home/orangepi/code/town_ws/install/village_li/share/ament_index/resource_index/packages/village_li
/home/orangepi/code/town_ws/install/village_li/share/village_li/package.xml
/home/orangepi/code/town_ws/install/village_li/share/village_li/launch/village.launch.py
/home/orangepi/code/town_ws/install/village_li/lib/python3.8/site-packages/village_li-0.0.0-py3.8.egg-info/zip-safe
/home/orangepi/code/town_ws/install/village_li/lib/python3.8/site-packages/village_li-0.0.0-py3.8.egg-info/top_level.txt
/home/orangepi/code/town_ws/install/village_li/lib/python3.8/site-packages/village_li-0.0.0-py3.8.egg-info/PKG-INFO
/home/orangepi/code/town_ws/install/village_li/lib/python3.8/site-packages/village_li-0.0.0-py3.8.egg-info/dependency_links.txt
/home/orangepi/code/town_ws/install/village_li/lib/python3.8/site-packages/village_li-0.0.0-py3.8.egg-info/SOURCES.txt
/home/orangepi/code/town_ws/install/village_li/lib/python3.8/site-packages/village_li-0.0.0-py3.8.egg-info/requires.txt
/home/orangepi/code/town_ws/install/village_li/lib/python3.8/site-packages/village_li-0.0.0-py3.8.egg-info/entry_points.txt
/home/orangepi/code/town_ws/install/village_li/lib/village_li/li3_node
/home/orangepi/code/town_ws/install/village_li/lib/village_li/li4_node
