-- Found ament_cmake: 0.9.12 (/opt/ros/foxy/share/ament_cmake/cmake)
-- Using PYTHON_EXECUTABLE: /home/orangepi/miniconda3/bin/python3
-- Found rclcpp: 2.4.3 (/opt/ros/foxy/share/rclcpp/cmake)
-- Using all available rosidl_typesupport_c: rosidl_typesupport_fastrtps_c;rosidl_typesupport_introspection_c
-- Found rosidl_adapter: 1.3.1 (/opt/ros/foxy/share/rosidl_adapter/cmake)
-- Using all available rosidl_typesupport_cpp: rosidl_typesupport_fastrtps_cpp;rosidl_typesupport_introspection_cpp
-- Found rmw_implementation_cmake: 1.0.4 (/opt/ros/foxy/share/rmw_implementation_cmake/cmake)
-- Using RMW implementation 'rmw_fastrtps_cpp' as default
-- Found ament_lint_auto: 0.9.8 (/opt/ros/foxy/share/ament_lint_auto/cmake)
-- Added test 'copyright' to check source files copyright and LICENSE
-- Added test 'cppcheck' to perform static code analysis on C / C++ code
-- Configured cppcheck include dirs: 
-- Configured cppcheck exclude dirs and/or files: 
-- Added test 'cpplint' to check C / C++ code against the Google style
-- Configured cpplint exclude dirs and/or files: 
-- Added test 'lint_cmake' to check CMake code style
-- Added test 'uncrustify' to check C / C++ code style
-- Configured uncrustify additional arguments: 
-- Added test 'xmllint' to check XML markup files
-- Configuring done
-- Generating done
-- Build files have been written to: /home/orangepi/code/My_Robot/build/perception_pkg
[35m[1mScanning dependencies of target perception_node[0m
[ 50%] [32mBuilding CXX object CMakeFiles/perception_node.dir/src/perception_node.cpp.o[0m
[100%] [32m[1mLinking CXX executable perception_node[0m
[100%] Built target perception_node
-- Install configuration: ""
-- Installing: /home/orangepi/code/My_Robot/install/perception_pkg/share/ament_index/resource_index/package_run_dependencies/perception_pkg
-- Installing: /home/orangepi/code/My_Robot/install/perception_pkg/share/ament_index/resource_index/parent_prefix_path/perception_pkg
-- Installing: /home/orangepi/code/My_Robot/install/perception_pkg/share/perception_pkg/environment/ament_prefix_path.sh
-- Installing: /home/orangepi/code/My_Robot/install/perception_pkg/share/perception_pkg/environment/ament_prefix_path.dsv
-- Installing: /home/orangepi/code/My_Robot/install/perception_pkg/share/perception_pkg/environment/path.sh
-- Installing: /home/orangepi/code/My_Robot/install/perception_pkg/share/perception_pkg/environment/path.dsv
-- Installing: /home/orangepi/code/My_Robot/install/perception_pkg/share/perception_pkg/local_setup.bash
-- Installing: /home/orangepi/code/My_Robot/install/perception_pkg/share/perception_pkg/local_setup.sh
-- Installing: /home/orangepi/code/My_Robot/install/perception_pkg/share/perception_pkg/local_setup.zsh
-- Installing: /home/orangepi/code/My_Robot/install/perception_pkg/share/perception_pkg/local_setup.dsv
-- Installing: /home/orangepi/code/My_Robot/install/perception_pkg/share/perception_pkg/package.dsv
-- Installing: /home/orangepi/code/My_Robot/install/perception_pkg/share/ament_index/resource_index/packages/perception_pkg
-- Installing: /home/orangepi/code/My_Robot/install/perception_pkg/share/perception_pkg/cmake/perception_pkgConfig.cmake
-- Installing: /home/orangepi/code/My_Robot/install/perception_pkg/share/perception_pkg/cmake/perception_pkgConfig-version.cmake
-- Installing: /home/orangepi/code/My_Robot/install/perception_pkg/share/perception_pkg/package.xml
-- Installing: /home/orangepi/code/My_Robot/install/perception_pkg/lib/perception_pkg/perception_node
-- Set runtime path of "/home/orangepi/code/My_Robot/install/perception_pkg/lib/perception_pkg/perception_node" to ""
