[0.068s] Invoking command in '/home/orangepi/code/My_Robot/build/perception_pkg': CMAKE_PREFIX_PATH=/opt/ros/foxy CONDA_PROMPT_MODIFIER=(base) /usr/bin/cmake /home/orangepi/code/My_Robot/src/perception_pkg -DCMAKE_INSTALL_PREFIX=/home/orangepi/code/My_Robot/install/perception_pkg
[0.731s] -- Found ament_cmake: 0.9.12 (/opt/ros/foxy/share/ament_cmake/cmake)
[0.884s] -- Using PYTHON_EXECUTABLE: /home/orangepi/miniconda3/bin/python3
[1.988s] -- Found rclcpp: 2.4.3 (/opt/ros/foxy/share/rclcpp/cmake)
[2.266s] -- Using all available rosidl_typesupport_c: rosidl_typesupport_fastrtps_c;rosidl_typesupport_introspection_c
[2.299s] -- Found rosidl_adapter: 1.3.1 (/opt/ros/foxy/share/rosidl_adapter/cmake)
[2.809s] -- Using all available rosidl_typesupport_cpp: rosidl_typesupport_fastrtps_cpp;rosidl_typesupport_introspection_cpp
[3.037s] -- Found rmw_implementation_cmake: 1.0.4 (/opt/ros/foxy/share/rmw_implementation_cmake/cmake)
[3.051s] -- Using RMW implementation 'rmw_fastrtps_cpp' as default
[3.558s] -- Found ament_lint_auto: 0.9.8 (/opt/ros/foxy/share/ament_lint_auto/cmake)
[3.914s] -- Added test 'copyright' to check source files copyright and LICENSE
[3.922s] -- Added test 'cppcheck' to perform static code analysis on C / C++ code
[3.923s] -- Configured cppcheck include dirs: 
[3.924s] -- Configured cppcheck exclude dirs and/or files: 
[3.927s] -- Added test 'cpplint' to check C / C++ code against the Google style
[3.928s] -- Configured cpplint exclude dirs and/or files: 
[3.935s] -- Added test 'lint_cmake' to check CMake code style
[3.964s] -- Added test 'uncrustify' to check C / C++ code style
[3.964s] -- Configured uncrustify additional arguments: 
[3.975s] -- Added test 'xmllint' to check XML markup files
[4.005s] -- Configuring done
[4.068s] -- Generating done
[4.074s] -- Build files have been written to: /home/orangepi/code/My_Robot/build/perception_pkg
[4.199s] Invoked command in '/home/orangepi/code/My_Robot/build/perception_pkg' returned '0': CMAKE_PREFIX_PATH=/opt/ros/foxy CONDA_PROMPT_MODIFIER=(base) /usr/bin/cmake /home/orangepi/code/My_Robot/src/perception_pkg -DCMAKE_INSTALL_PREFIX=/home/orangepi/code/My_Robot/install/perception_pkg
[4.211s] Invoking command in '/home/orangepi/code/My_Robot/build/perception_pkg': CMAKE_PREFIX_PATH=/opt/ros/foxy CONDA_PROMPT_MODIFIER=(base) /usr/bin/cmake --build /home/orangepi/code/My_Robot/build/perception_pkg -- -j8 -l8
[4.339s] [35m[1mScanning dependencies of target perception_node[0m
[5.113s] [ 50%] [32mBuilding CXX object CMakeFiles/perception_node.dir/src/perception_node.cpp.o[0m
[11.015s] [100%] [32m[1mLinking CXX executable perception_node[0m
[11.657s] [100%] Built target perception_node
[11.709s] Invoked command in '/home/orangepi/code/My_Robot/build/perception_pkg' returned '0': CMAKE_PREFIX_PATH=/opt/ros/foxy CONDA_PROMPT_MODIFIER=(base) /usr/bin/cmake --build /home/orangepi/code/My_Robot/build/perception_pkg -- -j8 -l8
[11.841s] Invoking command in '/home/orangepi/code/My_Robot/build/perception_pkg': CMAKE_PREFIX_PATH=/opt/ros/foxy CONDA_PROMPT_MODIFIER=(base) /usr/bin/cmake --install /home/orangepi/code/My_Robot/build/perception_pkg
[11.936s] -- Install configuration: ""
[11.947s] -- Installing: /home/orangepi/code/My_Robot/install/perception_pkg/share/ament_index/resource_index/package_run_dependencies/perception_pkg
[11.951s] -- Installing: /home/orangepi/code/My_Robot/install/perception_pkg/share/ament_index/resource_index/parent_prefix_path/perception_pkg
[11.960s] -- Installing: /home/orangepi/code/My_Robot/install/perception_pkg/share/perception_pkg/environment/ament_prefix_path.sh
[11.962s] -- Installing: /home/orangepi/code/My_Robot/install/perception_pkg/share/perception_pkg/environment/ament_prefix_path.dsv
[11.965s] -- Installing: /home/orangepi/code/My_Robot/install/perception_pkg/share/perception_pkg/environment/path.sh
[11.967s] -- Installing: /home/orangepi/code/My_Robot/install/perception_pkg/share/perception_pkg/environment/path.dsv
[11.969s] -- Installing: /home/orangepi/code/My_Robot/install/perception_pkg/share/perception_pkg/local_setup.bash
[11.971s] -- Installing: /home/orangepi/code/My_Robot/install/perception_pkg/share/perception_pkg/local_setup.sh
[11.973s] -- Installing: /home/orangepi/code/My_Robot/install/perception_pkg/share/perception_pkg/local_setup.zsh
[11.975s] -- Installing: /home/orangepi/code/My_Robot/install/perception_pkg/share/perception_pkg/local_setup.dsv
[11.976s] -- Installing: /home/orangepi/code/My_Robot/install/perception_pkg/share/perception_pkg/package.dsv
[11.981s] -- Installing: /home/orangepi/code/My_Robot/install/perception_pkg/share/ament_index/resource_index/packages/perception_pkg
[11.982s] -- Installing: /home/orangepi/code/My_Robot/install/perception_pkg/share/perception_pkg/cmake/perception_pkgConfig.cmake
[11.982s] -- Installing: /home/orangepi/code/My_Robot/install/perception_pkg/share/perception_pkg/cmake/perception_pkgConfig-version.cmake
[11.984s] -- Installing: /home/orangepi/code/My_Robot/install/perception_pkg/share/perception_pkg/package.xml
[11.987s] -- Installing: /home/orangepi/code/My_Robot/install/perception_pkg/lib/perception_pkg/perception_node
[11.999s] -- Set runtime path of "/home/orangepi/code/My_Robot/install/perception_pkg/lib/perception_pkg/perception_node" to ""
[12.008s] Invoked command in '/home/orangepi/code/My_Robot/build/perception_pkg' returned '0': CMAKE_PREFIX_PATH=/opt/ros/foxy CONDA_PROMPT_MODIFIER=(base) /usr/bin/cmake --install /home/orangepi/code/My_Robot/build/perception_pkg
