In file included from [01m[K/opt/ros/foxy/include/rclcpp/node.hpp:1224[m[K,
                 from [01m[K/opt/ros/foxy/include/rclcpp/executors/single_threaded_executor.hpp:28[m[K,
                 from [01m[K/opt/ros/foxy/include/rclcpp/executors.hpp:22[m[K,
                 from [01m[K/opt/ros/foxy/include/rclcpp/rclcpp.hpp:146[m[K,
                 from [01m[K/home/orangepi/code/town_ws/src/village_wang/src/wang2.cpp:19[m[K:
/opt/ros/foxy/include/rclcpp/node_impl.hpp: In instantiation of ‘[01m[Kauto rclcpp::Node::declare_parameter(const string&, const ParameterT&, const ParameterDescriptor&, bool) [with ParameterT = unsigned int; std::string = std::__cxx11::basic_string<char>; rcl_interfaces::msg::ParameterDescriptor = rcl_interfaces::msg::ParameterDescriptor_<std::allocator<void> >][m[K’:
[01m[K/home/orangepi/code/town_ws/src/village_wang/src/wang2.cpp:152:74:[m[K   required from here
[01m[K/opt/ros/foxy/include/rclcpp/node_impl.hpp:166:15:[m[K [01;31m[Kerror: [m[Kcall of overloaded ‘[01m[KParameterValue(const unsigned int&)[m[K’ is ambiguous
  166 |       rclcpp::[01;31m[KParameterValue(default_value)[m[K,
      |               [01;31m[K^~~~~~~~~~~~~~~~~~~~~~~~~~~~~[m[K
In file included from [01m[K/opt/ros/foxy/include/rclcpp/parameter.hpp:26[m[K,
                 from [01m[K/opt/ros/foxy/include/rclcpp/node_interfaces/node_parameters_interface.hpp:28[m[K,
                 from [01m[K/opt/ros/foxy/include/rclcpp/node.hpp:51[m[K,
                 from [01m[K/opt/ros/foxy/include/rclcpp/executors/single_threaded_executor.hpp:28[m[K,
                 from [01m[K/opt/ros/foxy/include/rclcpp/executors.hpp:22[m[K,
                 from [01m[K/opt/ros/foxy/include/rclcpp/rclcpp.hpp:146[m[K,
                 from [01m[K/home/orangepi/code/town_ws/src/village_wang/src/wang2.cpp:19[m[K:
[01m[K/opt/ros/foxy/include/rclcpp/parameter_value.hpp:94:12:[m[K [01;36m[Knote: [m[Kcandidate: ‘[01m[Krclcpp::ParameterValue::ParameterValue(double)[m[K’
   94 |   explicit [01;36m[KParameterValue[m[K(const double double_value);
      |            [01;36m[K^~~~~~~~~~~~~~[m[K
[01m[K/opt/ros/foxy/include/rclcpp/parameter_value.hpp:91:12:[m[K [01;36m[Knote: [m[Kcandidate: ‘[01m[Krclcpp::ParameterValue::ParameterValue(float)[m[K’
   91 |   explicit [01;36m[KParameterValue[m[K(const float double_value);
      |            [01;36m[K^~~~~~~~~~~~~~[m[K
[01m[K/opt/ros/foxy/include/rclcpp/parameter_value.hpp:88:12:[m[K [01;36m[Knote: [m[Kcandidate: ‘[01m[Krclcpp::ParameterValue::ParameterValue(int64_t)[m[K’
   88 |   explicit [01;36m[KParameterValue[m[K(const int64_t int_value);
      |            [01;36m[K^~~~~~~~~~~~~~[m[K
[01m[K/opt/ros/foxy/include/rclcpp/parameter_value.hpp:85:12:[m[K [01;36m[Knote: [m[Kcandidate: ‘[01m[Krclcpp::ParameterValue::ParameterValue(int)[m[K’
   85 |   explicit [01;36m[KParameterValue[m[K(const int int_value);
      |            [01;36m[K^~~~~~~~~~~~~~[m[K
[01m[K/opt/ros/foxy/include/rclcpp/parameter_value.hpp:82:12:[m[K [01;36m[Knote: [m[Kcandidate: ‘[01m[Krclcpp::ParameterValue::ParameterValue(bool)[m[K’
   82 |   explicit [01;36m[KParameterValue[m[K(const bool bool_value);
      |            [01;36m[K^~~~~~~~~~~~~~[m[K
[01m[K/opt/ros/foxy/include/rclcpp/parameter_value.hpp:71:7:[m[K [01;36m[Knote: [m[Kcandidate: ‘[01m[Krclcpp::ParameterValue::ParameterValue(const rclcpp::ParameterValue&)[m[K’
   71 | class [01;36m[KParameterValue[m[K
      |       [01;36m[K^~~~~~~~~~~~~~[m[K
[01m[K/opt/ros/foxy/include/rclcpp/parameter_value.hpp:71:7:[m[K [01;36m[Knote: [m[Kcandidate: ‘[01m[Krclcpp::ParameterValue::ParameterValue(rclcpp::ParameterValue&&)[m[K’
make[2]: *** [CMakeFiles/wang2_node.dir/build.make:63：CMakeFiles/wang2_node.dir/src/wang2.cpp.o] 错误 1
make[1]: *** [CMakeFiles/Makefile2:78：CMakeFiles/wang2_node.dir/all] 错误 2
make: *** [Makefile:141：all] 错误 2
