[1.293s] Invoking command in '/home/orangepi/code/town_ws/src/village_li': AMENT_PREFIX_PATH=/home/orangepi/code/town_ws/install/village_interfaces:${AMENT_PREFIX_PATH} CMAKE_PREFIX_PATH=/home/orangepi/code/town_ws/install/village_interfaces LD_LIBRARY_PATH=/home/orangepi/code/town_ws/install/village_interfaces/lib:${LD_LIBRARY_PATH} PYTHONPATH=/home/orangepi/code/town_ws/build/village_li/prefix_override:/home/orangepi/code/town_ws/install/village_li/lib/python3.8/site-packages:/home/orangepi/code/town_ws/install/village_interfaces/lib/python3.8/site-packages:${PYTHONPATH} /usr/bin/python3 setup.py egg_info --egg-base ../../build/village_li build --build-base /home/orangepi/code/town_ws/build/village_li/build install --record /home/orangepi/code/town_ws/build/village_li/install.log --install-scripts $base/lib/village_li --single-version-externally-managed
[1.606s] running egg_info
[1.608s] writing ../../build/village_li/village_li.egg-info/PKG-INFO
[1.608s] writing dependency_links to ../../build/village_li/village_li.egg-info/dependency_links.txt
[1.609s] writing entry points to ../../build/village_li/village_li.egg-info/entry_points.txt
[1.609s] writing requirements to ../../build/village_li/village_li.egg-info/requires.txt
[1.610s] writing top-level names to ../../build/village_li/village_li.egg-info/top_level.txt
[1.668s] reading manifest file '../../build/village_li/village_li.egg-info/SOURCES.txt'
[1.670s] writing manifest file '../../build/village_li/village_li.egg-info/SOURCES.txt'
[1.670s] running build
[1.670s] running build_py
[1.670s] running install
[1.672s] running install_lib
[1.674s] running install_data
[1.675s] creating /home/orangepi/code/town_ws/install/village_li/share/village_li/launch
[1.675s] copying launch/village.launch.py -> /home/orangepi/code/town_ws/install/village_li/share/village_li/launch
[1.676s] running install_egg_info
[1.678s] removing '/home/orangepi/code/town_ws/install/village_li/lib/python3.8/site-packages/village_li-0.0.0-py3.8.egg-info' (and everything under it)
[1.679s] Copying ../../build/village_li/village_li.egg-info to /home/orangepi/code/town_ws/install/village_li/lib/python3.8/site-packages/village_li-0.0.0-py3.8.egg-info
[1.680s] running install_scripts
[1.710s] Installing li3_node script to /home/orangepi/code/town_ws/install/village_li/lib/village_li
[1.710s] Installing li4_node script to /home/orangepi/code/town_ws/install/village_li/lib/village_li
[1.711s] writing list of installed files to '/home/orangepi/code/town_ws/build/village_li/install.log'
[1.771s] Invoked command in '/home/orangepi/code/town_ws/src/village_li' returned '0': AMENT_PREFIX_PATH=/home/orangepi/code/town_ws/install/village_interfaces:${AMENT_PREFIX_PATH} CMAKE_PREFIX_PATH=/home/orangepi/code/town_ws/install/village_interfaces LD_LIBRARY_PATH=/home/orangepi/code/town_ws/install/village_interfaces/lib:${LD_LIBRARY_PATH} PYTHONPATH=/home/orangepi/code/town_ws/build/village_li/prefix_override:/home/orangepi/code/town_ws/install/village_li/lib/python3.8/site-packages:/home/orangepi/code/town_ws/install/village_interfaces/lib/python3.8/site-packages:${PYTHONPATH} /usr/bin/python3 setup.py egg_info --egg-base ../../build/village_li build --build-base /home/orangepi/code/town_ws/build/village_li/build install --record /home/orangepi/code/town_ws/build/village_li/install.log --install-scripts $base/lib/village_li --single-version-externally-managed
