running egg_info
creating ../../build/localization_pkg/localization_pkg.egg-info
writing ../../build/localization_pkg/localization_pkg.egg-info/PKG-INFO
writing dependency_links to ../../build/localization_pkg/localization_pkg.egg-info/dependency_links.txt
writing entry points to ../../build/localization_pkg/localization_pkg.egg-info/entry_points.txt
writing requirements to ../../build/localization_pkg/localization_pkg.egg-info/requires.txt
writing top-level names to ../../build/localization_pkg/localization_pkg.egg-info/top_level.txt
writing manifest file '../../build/localization_pkg/localization_pkg.egg-info/SOURCES.txt'
reading manifest file '../../build/localization_pkg/localization_pkg.egg-info/SOURCES.txt'
writing manifest file '../../build/localization_pkg/localization_pkg.egg-info/SOURCES.txt'
running build
running build_py
creating /home/orangepi/code/My_Robot/build/localization_pkg/build
creating /home/orangepi/code/My_Robot/build/localization_pkg/build/lib
creating /home/orangepi/code/My_Robot/build/localization_pkg/build/lib/localization_pkg
copying localization_pkg/__init__.py -> /home/orangepi/code/My_Robot/build/localization_pkg/build/lib/localization_pkg
copying localization_pkg/localization_node.py -> /home/orangepi/code/My_Robot/build/localization_pkg/build/lib/localization_pkg
running install
running install_lib
creating /home/orangepi/code/My_Robot/install/localization_pkg/lib/python3.8/site-packages/localization_pkg
copying /home/orangepi/code/My_Robot/build/localization_pkg/build/lib/localization_pkg/__init__.py -> /home/orangepi/code/My_Robot/install/localization_pkg/lib/python3.8/site-packages/localization_pkg
copying /home/orangepi/code/My_Robot/build/localization_pkg/build/lib/localization_pkg/localization_node.py -> /home/orangepi/code/My_Robot/install/localization_pkg/lib/python3.8/site-packages/localization_pkg
byte-compiling /home/orangepi/code/My_Robot/install/localization_pkg/lib/python3.8/site-packages/localization_pkg/__init__.py to __init__.cpython-38.pyc
byte-compiling /home/orangepi/code/My_Robot/install/localization_pkg/lib/python3.8/site-packages/localization_pkg/localization_node.py to localization_node.cpython-38.pyc
running install_data
creating /home/orangepi/code/My_Robot/install/localization_pkg/share/ament_index
creating /home/orangepi/code/My_Robot/install/localization_pkg/share/ament_index/resource_index
creating /home/orangepi/code/My_Robot/install/localization_pkg/share/ament_index/resource_index/packages
copying resource/localization_pkg -> /home/orangepi/code/My_Robot/install/localization_pkg/share/ament_index/resource_index/packages
copying package.xml -> /home/orangepi/code/My_Robot/install/localization_pkg/share/localization_pkg
running install_egg_info
Copying ../../build/localization_pkg/localization_pkg.egg-info to /home/orangepi/code/My_Robot/install/localization_pkg/lib/python3.8/site-packages/localization_pkg-0.0.0-py3.8.egg-info
running install_scripts
writing list of installed files to '/home/orangepi/code/My_Robot/build/localization_pkg/install.log'
