[1.163s] Invoking command in '/home/orangepi/code/My_Robot/src/localization_pkg': CONDA_PROMPT_MODIFIER=(base) PYTHONPATH=/home/orangepi/code/My_Robot/build/localization_pkg/prefix_override:/home/orangepi/code/My_Robot/install/localization_pkg/lib/python3.8/site-packages:${PYTHONPATH} /usr/bin/python3 setup.py egg_info --egg-base ../../build/localization_pkg build --build-base /home/orangepi/code/My_Robot/build/localization_pkg/build install --record /home/orangepi/code/My_Robot/build/localization_pkg/install.log --install-scripts $base/lib/localization_pkg --single-version-externally-managed
[1.439s] running egg_info
[1.440s] creating ../../build/localization_pkg/localization_pkg.egg-info
[1.441s] writing ../../build/localization_pkg/localization_pkg.egg-info/PKG-INFO
[1.441s] writing dependency_links to ../../build/localization_pkg/localization_pkg.egg-info/dependency_links.txt
[1.442s] writing entry points to ../../build/localization_pkg/localization_pkg.egg-info/entry_points.txt
[1.442s] writing requirements to ../../build/localization_pkg/localization_pkg.egg-info/requires.txt
[1.442s] writing top-level names to ../../build/localization_pkg/localization_pkg.egg-info/top_level.txt
[1.449s] writing manifest file '../../build/localization_pkg/localization_pkg.egg-info/SOURCES.txt'
[1.495s] reading manifest file '../../build/localization_pkg/localization_pkg.egg-info/SOURCES.txt'
[1.496s] writing manifest file '../../build/localization_pkg/localization_pkg.egg-info/SOURCES.txt'
[1.497s] running build
[1.497s] running build_py
[1.498s] creating /home/orangepi/code/My_Robot/build/localization_pkg/build
[1.498s] creating /home/orangepi/code/My_Robot/build/localization_pkg/build/lib
[1.498s] creating /home/orangepi/code/My_Robot/build/localization_pkg/build/lib/localization_pkg
[1.499s] copying localization_pkg/__init__.py -> /home/orangepi/code/My_Robot/build/localization_pkg/build/lib/localization_pkg
[1.500s] copying localization_pkg/localization_node.py -> /home/orangepi/code/My_Robot/build/localization_pkg/build/lib/localization_pkg
[1.500s] running install
[1.500s] running install_lib
[1.501s] creating /home/orangepi/code/My_Robot/install/localization_pkg/lib/python3.8/site-packages/localization_pkg
[1.501s] copying /home/orangepi/code/My_Robot/build/localization_pkg/build/lib/localization_pkg/__init__.py -> /home/orangepi/code/My_Robot/install/localization_pkg/lib/python3.8/site-packages/localization_pkg
[1.502s] copying /home/orangepi/code/My_Robot/build/localization_pkg/build/lib/localization_pkg/localization_node.py -> /home/orangepi/code/My_Robot/install/localization_pkg/lib/python3.8/site-packages/localization_pkg
[1.502s] byte-compiling /home/orangepi/code/My_Robot/install/localization_pkg/lib/python3.8/site-packages/localization_pkg/__init__.py to __init__.cpython-38.pyc
[1.503s] byte-compiling /home/orangepi/code/My_Robot/install/localization_pkg/lib/python3.8/site-packages/localization_pkg/localization_node.py to localization_node.cpython-38.pyc
[1.503s] running install_data
[1.503s] creating /home/orangepi/code/My_Robot/install/localization_pkg/share/ament_index
[1.504s] creating /home/orangepi/code/My_Robot/install/localization_pkg/share/ament_index/resource_index
[1.504s] creating /home/orangepi/code/My_Robot/install/localization_pkg/share/ament_index/resource_index/packages
[1.505s] copying resource/localization_pkg -> /home/orangepi/code/My_Robot/install/localization_pkg/share/ament_index/resource_index/packages
[1.505s] copying package.xml -> /home/orangepi/code/My_Robot/install/localization_pkg/share/localization_pkg
[1.506s] running install_egg_info
[1.506s] Copying ../../build/localization_pkg/localization_pkg.egg-info to /home/orangepi/code/My_Robot/install/localization_pkg/lib/python3.8/site-packages/localization_pkg-0.0.0-py3.8.egg-info
[1.507s] running install_scripts
[1.528s] writing list of installed files to '/home/orangepi/code/My_Robot/build/localization_pkg/install.log'
[1.573s] Invoked command in '/home/orangepi/code/My_Robot/src/localization_pkg' returned '0': CONDA_PROMPT_MODIFIER=(base) PYTHONPATH=/home/orangepi/code/My_Robot/build/localization_pkg/prefix_override:/home/orangepi/code/My_Robot/install/localization_pkg/lib/python3.8/site-packages:${PYTHONPATH} /usr/bin/python3 setup.py egg_info --egg-base ../../build/localization_pkg build --build-base /home/orangepi/code/My_Robot/build/localization_pkg/build install --record /home/orangepi/code/My_Robot/build/localization_pkg/install.log --install-scripts $base/lib/localization_pkg --single-version-externally-managed
