[0.075s] Invoking command in '/home/orangepi/code/town_ws/build/village_wang': CMAKE_PREFIX_PATH=/home/orangepi/code/town_ws/install/village_interfaces:/home/orangepi/code/town_ws/install/village_zhang:/home/orangepi/code/town_ws/install/village_wang:/home/orangepi/code/town_ws/install/village_li:/opt/ros/foxy PYTHONPATH=/home/orangepi/code/town_ws/install/village_interfaces/lib/python3.8/site-packages:/home/orangepi/code/town_ws/install/village_li/lib/python3.8/site-packages:/opt/ros/foxy/lib/python3.8/site-packages /usr/bin/cmake --build /home/orangepi/code/town_ws/build/village_wang -- -j8 -l8
[0.549s] [100%] Built target wang2_node
[0.581s] Invoked command in '/home/orangepi/code/town_ws/build/village_wang' returned '0': CMAKE_PREFIX_PATH=/home/orangepi/code/town_ws/install/village_interfaces:/home/orangepi/code/town_ws/install/village_zhang:/home/orangepi/code/town_ws/install/village_wang:/home/orangepi/code/town_ws/install/village_li:/opt/ros/foxy PYTHONPATH=/home/orangepi/code/town_ws/install/village_interfaces/lib/python3.8/site-packages:/home/orangepi/code/town_ws/install/village_li/lib/python3.8/site-packages:/opt/ros/foxy/lib/python3.8/site-packages /usr/bin/cmake --build /home/orangepi/code/town_ws/build/village_wang -- -j8 -l8
[0.703s] Invoking command in '/home/orangepi/code/town_ws/build/village_wang': CMAKE_PREFIX_PATH=/home/orangepi/code/town_ws/install/village_interfaces:/home/orangepi/code/town_ws/install/village_zhang:/home/orangepi/code/town_ws/install/village_wang:/home/orangepi/code/town_ws/install/village_li:/opt/ros/foxy PYTHONPATH=/home/orangepi/code/town_ws/install/village_interfaces/lib/python3.8/site-packages:/home/orangepi/code/town_ws/install/village_li/lib/python3.8/site-packages:/opt/ros/foxy/lib/python3.8/site-packages /usr/bin/cmake --install /home/orangepi/code/town_ws/build/village_wang
[0.747s] -- Install configuration: ""
[0.749s] -- Up-to-date: /home/orangepi/code/town_ws/install/village_wang/share/ament_index/resource_index/package_run_dependencies/village_wang
[0.749s] -- Up-to-date: /home/orangepi/code/town_ws/install/village_wang/share/ament_index/resource_index/parent_prefix_path/village_wang
[0.753s] -- Up-to-date: /home/orangepi/code/town_ws/install/village_wang/share/village_wang/environment/ament_prefix_path.sh
[0.753s] -- Up-to-date: /home/orangepi/code/town_ws/install/village_wang/share/village_wang/environment/ament_prefix_path.dsv
[0.754s] -- Up-to-date: /home/orangepi/code/town_ws/install/village_wang/share/village_wang/environment/path.sh
[0.754s] -- Up-to-date: /home/orangepi/code/town_ws/install/village_wang/share/village_wang/environment/path.dsv
[0.754s] -- Up-to-date: /home/orangepi/code/town_ws/install/village_wang/share/village_wang/local_setup.bash
[0.756s] -- Up-to-date: /home/orangepi/code/town_ws/install/village_wang/share/village_wang/local_setup.sh
[0.756s] -- Up-to-date: /home/orangepi/code/town_ws/install/village_wang/share/village_wang/local_setup.zsh
[0.756s] -- Up-to-date: /home/orangepi/code/town_ws/install/village_wang/share/village_wang/local_setup.dsv
[0.757s] -- Installing: /home/orangepi/code/town_ws/install/village_wang/share/village_wang/package.dsv
[0.759s] -- Up-to-date: /home/orangepi/code/town_ws/install/village_wang/share/ament_index/resource_index/packages/village_wang
[0.760s] -- Up-to-date: /home/orangepi/code/town_ws/install/village_wang/share/village_wang/cmake/village_wangConfig.cmake
[0.760s] -- Up-to-date: /home/orangepi/code/town_ws/install/village_wang/share/village_wang/cmake/village_wangConfig-version.cmake
[0.761s] -- Up-to-date: /home/orangepi/code/town_ws/install/village_wang/share/village_wang/package.xml
[0.762s] -- Up-to-date: /home/orangepi/code/town_ws/install/village_wang/lib/village_wang/wang2_node
[0.762s] -- Up-to-date: /home/orangepi/code/town_ws/install/village_wang/share/village_wang/launch
[0.763s] -- Installing: /home/orangepi/code/town_ws/install/village_wang/share/village_wang/launch/village.launch.py
[0.768s] Invoked command in '/home/orangepi/code/town_ws/build/village_wang' returned '0': CMAKE_PREFIX_PATH=/home/orangepi/code/town_ws/install/village_interfaces:/home/orangepi/code/town_ws/install/village_zhang:/home/orangepi/code/town_ws/install/village_wang:/home/orangepi/code/town_ws/install/village_li:/opt/ros/foxy PYTHONPATH=/home/orangepi/code/town_ws/install/village_interfaces/lib/python3.8/site-packages:/home/orangepi/code/town_ws/install/village_li/lib/python3.8/site-packages:/opt/ros/foxy/lib/python3.8/site-packages /usr/bin/cmake --install /home/orangepi/code/town_ws/build/village_wang
