[0.075s] Invoking command in '/home/orangepi/code/town_ws/build/village_wang': AMENT_PREFIX_PATH=/home/orangepi/code/town_ws/install/village_interfaces:${AMENT_PREFIX_PATH} CMAKE_PREFIX_PATH=/home/orangepi/code/town_ws/install/village_interfaces:/opt/ros/foxy LD_LIBRARY_PATH=/home/orangepi/code/town_ws/install/village_interfaces/lib:${LD_LIBRARY_PATH} PYTHONPATH=/home/orangepi/code/town_ws/install/village_interfaces/lib/python3.8/site-packages:${PYTHONPATH} /usr/bin/cmake --build /home/orangepi/code/town_ws/build/village_wang -- -j8 -l8
[0.393s] -- Found ament_cmake: 0.9.12 (/opt/ros/foxy/share/ament_cmake/cmake)
[0.467s] -- Using PYTHON_EXECUTABLE: /usr/bin/python3
[0.931s] -- Found rclcpp: 2.4.3 (/opt/ros/foxy/share/rclcpp/cmake)
[1.165s] -- Using all available rosidl_typesupport_c: rosidl_typesupport_fastrtps_c;rosidl_typesupport_introspection_c
[1.182s] -- Found rosidl_adapter: 1.3.1 (/opt/ros/foxy/share/rosidl_adapter/cmake)
[1.460s] -- Using all available rosidl_typesupport_cpp: rosidl_typesupport_fastrtps_cpp;rosidl_typesupport_introspection_cpp
[1.588s] -- Found rmw_implementation_cmake: 1.0.4 (/opt/ros/foxy/share/rmw_implementation_cmake/cmake)
[1.594s] -- Using RMW implementation 'rmw_fastrtps_cpp' as default
[1.928s] -- Found village_interfaces: 0.0.0 (/home/orangepi/code/town_ws/install/village_interfaces/share/village_interfaces/cmake)
[2.378s] -- Found ament_lint_auto: 0.9.8 (/opt/ros/foxy/share/ament_lint_auto/cmake)
[2.565s] -- Added test 'copyright' to check source files copyright and LICENSE
[2.566s] -- Added test 'cppcheck' to perform static code analysis on C / C++ code
[2.567s] -- Configured cppcheck include dirs: 
[2.568s] -- Configured cppcheck exclude dirs and/or files: 
[2.570s] -- Added test 'cpplint' to check C / C++ code against the Google style
[2.571s] -- Configured cpplint exclude dirs and/or files: 
[2.576s] -- Added test 'lint_cmake' to check CMake code style
[2.586s] -- Added test 'uncrustify' to check C / C++ code style
[2.587s] -- Configured uncrustify additional arguments: 
[2.589s] -- Added test 'xmllint' to check XML markup files
[2.622s] -- Configuring done
[2.693s] -- Generating done
[2.710s] -- Build files have been written to: /home/orangepi/code/town_ws/build/village_wang
[2.971s] [35m[1mScanning dependencies of target wang2_node[0m
[3.090s] [ 50%] [32mBuilding CXX object CMakeFiles/wang2_node.dir/src/wang2.cpp.o[0m
[6.459s] In file included from [01m[K/opt/ros/foxy/include/rclcpp/context.hpp:19[m[K,
[6.477s]                  from [01m[K/opt/ros/foxy/include/rclcpp/contexts/default_context.hpp:18[m[K,
[6.494s]                  from [01m[K/opt/ros/foxy/include/rclcpp/executor.hpp:32[m[K,
[6.524s]                  from [01m[K/opt/ros/foxy/include/rclcpp/executors/multi_threaded_executor.hpp:26[m[K,
[6.526s]                  from [01m[K/opt/ros/foxy/include/rclcpp/executors.hpp:21[m[K,
[6.558s]                  from [01m[K/opt/ros/foxy/include/rclcpp/rclcpp.hpp:146[m[K,
[6.560s]                  from [01m[K/home/orangepi/code/town_ws/src/village_wang/src/wang2.cpp:19[m[K:
[6.587s] /usr/include/c++/9/functional: In instantiation of ‘[01m[Kstruct std::_Bind_check_arity<void (SingleDogNode::*)(std::shared_ptr<village_interfaces::srv::SellNovel_Request_<std::allocator<void> > >, std::shared_ptr<village_interfaces::srv::SellNovel_Response_<std::allocator<void> > >), SingleDogNode*, const std::_Placeholder<2>&>[m[K’:
[6.589s] [01m[K/usr/include/c++/9/functional:787:12:[m[K   required from ‘[01m[Kstruct std::_Bind_helper<false, void (SingleDogNode::*)(std::shared_ptr<village_interfaces::srv::SellNovel_Request_<std::allocator<void> > >, std::shared_ptr<village_interfaces::srv::SellNovel_Response_<std::allocator<void> > >), SingleDogNode*, const std::_Placeholder<2>&>[m[K’
[6.591s] [01m[K/usr/include/c++/9/functional:808:5:[m[K   required by substitution of ‘[01m[Ktemplate<class _Func, class ... _BoundArgs> typename std::_Bind_helper<std::__is_socketlike<_Func>::value, _Func, _BoundArgs ...>::type std::bind(_Func&&, _BoundArgs&& ...) [with _Func = void (SingleDogNode::*)(std::shared_ptr<village_interfaces::srv::SellNovel_Request_<std::allocator<void> > >, std::shared_ptr<village_interfaces::srv::SellNovel_Response_<std::allocator<void> > >); _BoundArgs = {SingleDogNode*, const std::_Placeholder<2>&}][m[K’
[6.605s] [01m[K/home/orangepi/code/town_ws/src/village_wang/src/wang2.cpp:141:149:[m[K   required from here
[6.607s] [01m[K/usr/include/c++/9/functional:775:7:[m[K [01;31m[Kerror: [m[Kstatic assertion failed: Wrong number of arguments for pointer-to-member
[6.609s]   774 |       static_assert(_Varargs::[01;31m[Kvalue[m[K
[6.619s]       |                               [01;31m[K~~~~~[m[K
[6.625s]   775 | [01;31m[K      ? sizeof...(_BoundArgs) >= _Arity::value + 1[m[K
[6.630s]       |       [01;31m[K^~~~~~~~~~~~~~~~~~~~~~~~~~~~~~~~~~~~~~~~~~~~[m[K
[6.643s]   776 | [01;31m[K      : sizeof...(_BoundArgs) == _Arity::value + 1[m[K,
[6.646s]       |       [01;31m[K~~~~~~~~~~~~~~~~~~~~~~~~~~~~~~~~~~~~~~~~~~~~[m[K
[7.292s] In file included from [01m[K/opt/ros/foxy/include/rclcpp/service.hpp:28[m[K,
[7.292s]                  from [01m[K/opt/ros/foxy/include/rclcpp/callback_group.hpp:25[m[K,
[7.293s]                  from [01m[K/opt/ros/foxy/include/rclcpp/any_executable.hpp:20[m[K,
[7.293s]                  from [01m[K/opt/ros/foxy/include/rclcpp/memory_strategy.hpp:24[m[K,
[7.293s]                  from [01m[K/opt/ros/foxy/include/rclcpp/memory_strategies.hpp:18[m[K,
[7.293s]                  from [01m[K/opt/ros/foxy/include/rclcpp/executor_options.hpp:20[m[K,
[7.293s]                  from [01m[K/opt/ros/foxy/include/rclcpp/executor.hpp:33[m[K,
[7.293s]                  from [01m[K/opt/ros/foxy/include/rclcpp/executors/multi_threaded_executor.hpp:26[m[K,
[7.293s]                  from [01m[K/opt/ros/foxy/include/rclcpp/executors.hpp:21[m[K,
[7.293s]                  from [01m[K/opt/ros/foxy/include/rclcpp/rclcpp.hpp:146[m[K,
[7.294s]                  from [01m[K/home/orangepi/code/town_ws/src/village_wang/src/wang2.cpp:19[m[K:
[7.294s] /opt/ros/foxy/include/rclcpp/any_service_callback.hpp: In instantiation of ‘[01m[Kvoid rclcpp::AnyServiceCallback<ServiceT>::set(CallbackT) [with CallbackT = std::_Bind<void (SingleDogNode::*(SingleDogNode*, std::_Placeholder<2>))(std::shared_ptr<village_interfaces::srv::SellNovel_Request_<std::allocator<void> > >, std::shared_ptr<village_interfaces::srv::SellNovel_Response_<std::allocator<void> > >)>; typename std::enable_if<rclcpp::function_traits::same_arguments<CallbackT, std::function<void(std::shared_ptr<typename ServiceT::Request>, std::shared_ptr<typename ServiceT::Response>)> >::value>::type* <anonymous> = 0; ServiceT = village_interfaces::srv::SellNovel][m[K’:
[7.294s] [01m[K/opt/ros/foxy/include/rclcpp/create_service.hpp:43:3:[m[K   required from ‘[01m[Ktypename rclcpp::Service<ServiceT>::SharedPtr rclcpp::create_service(std::shared_ptr<rclcpp::node_interfaces::NodeBaseInterface>, std::shared_ptr<rclcpp::node_interfaces::NodeServicesInterface>, const string&, CallbackT&&, const rmw_qos_profile_t&, rclcpp::CallbackGroup::SharedPtr) [with ServiceT = village_interfaces::srv::SellNovel; CallbackT = std::_Bind<void (SingleDogNode::*(SingleDogNode*, std::_Placeholder<2>))(std::shared_ptr<village_interfaces::srv::SellNovel_Request_<std::allocator<void> > >, std::shared_ptr<village_interfaces::srv::SellNovel_Response_<std::allocator<void> > >)>; typename rclcpp::Service<ServiceT>::SharedPtr = std::shared_ptr<rclcpp::Service<village_interfaces::srv::SellNovel> >; std::string = std::__cxx11::basic_string<char>; rmw_qos_profile_t = rmw_qos_profile_t; rclcpp::CallbackGroup::SharedPtr = std::shared_ptr<rclcpp::CallbackGroup>][m[K’
[7.294s] [01m[K/opt/ros/foxy/include/rclcpp/node_impl.hpp:146:53:[m[K   required from ‘[01m[Ktypename rclcpp::Service<ServiceT>::SharedPtr rclcpp::Node::create_service(const string&, CallbackT&&, const rmw_qos_profile_t&, rclcpp::CallbackGroup::SharedPtr) [with ServiceT = village_interfaces::srv::SellNovel; CallbackT = std::_Bind<void (SingleDogNode::*(SingleDogNode*, std::_Placeholder<2>))(std::shared_ptr<village_interfaces::srv::SellNovel_Request_<std::allocator<void> > >, std::shared_ptr<village_interfaces::srv::SellNovel_Response_<std::allocator<void> > >)>; typename rclcpp::Service<ServiceT>::SharedPtr = std::shared_ptr<rclcpp::Service<village_interfaces::srv::SellNovel> >; std::string = std::__cxx11::basic_string<char>; rmw_qos_profile_t = rmw_qos_profile_t; rclcpp::CallbackGroup::SharedPtr = std::shared_ptr<rclcpp::CallbackGroup>][m[K’
[7.294s] [01m[K/home/orangepi/code/town_ws/src/village_wang/src/wang2.cpp:143:107:[m[K   required from here
[7.294s] [01m[K/opt/ros/foxy/include/rclcpp/any_service_callback.hpp:69:26:[m[K [01;31m[Kerror: [m[Kno match for ‘[01m[Koperator=[m[K’ (operand types are ‘[01m[Krclcpp::AnyServiceCallback<village_interfaces::srv::SellNovel>::SharedPtrCallback[m[K’ {aka ‘[01m[Kstd::function<void(std::shared_ptr<village_interfaces::srv::SellNovel_Request_<std::allocator<void> > >, std::shared_ptr<village_interfaces::srv::SellNovel_Response_<std::allocator<void> > >)>[m[K’} and ‘[01m[Kstd::_Bind<void (SingleDogNode::*(SingleDogNode*, std::_Placeholder<2>))(std::shared_ptr<village_interfaces::srv::SellNovel_Request_<std::allocator<void> > >, std::shared_ptr<village_interfaces::srv::SellNovel_Response_<std::allocator<void> > >)>[m[K’)
[7.294s]    69 |     [01;31m[Kshared_ptr_callback_ = callback[m[K;
[7.294s]       |     [01;31m[K~~~~~~~~~~~~~~~~~~~~~^~~~~~~~~~[m[K
[7.295s] In file included from [01m[K/usr/include/c++/9/future:48[m[K,
[7.295s]                  from [01m[K/opt/ros/foxy/include/rclcpp/executors.hpp:18[m[K,
[7.295s]                  from [01m[K/opt/ros/foxy/include/rclcpp/rclcpp.hpp:146[m[K,
[7.295s]                  from [01m[K/home/orangepi/code/town_ws/src/village_wang/src/wang2.cpp:19[m[K:
[7.295s] [01m[K/usr/include/c++/9/bits/std_function.h:462:7:[m[K [01;36m[Knote: [m[Kcandidate: ‘[01m[Kstd::function<_Res(_ArgTypes ...)>& std::function<_Res(_ArgTypes ...)>::operator=(const std::function<_Res(_ArgTypes ...)>&) [with _Res = void; _ArgTypes = {std::shared_ptr<village_interfaces::srv::SellNovel_Request_<std::allocator<void> > >, std::shared_ptr<village_interfaces::srv::SellNovel_Response_<std::allocator<void> > >}][m[K’
[7.295s]   462 |       [01;36m[Koperator[m[K=(const function& __x)
[7.295s]       |       [01;36m[K^~~~~~~~[m[K
[7.295s] [01m[K/usr/include/c++/9/bits/std_function.h:462:33:[m[K [01;36m[Knote: [m[K  no known conversion for argument 1 from ‘[01m[Kstd::_Bind<void (SingleDogNode::*(SingleDogNode*, std::_Placeholder<2>))(std::shared_ptr<village_interfaces::srv::SellNovel_Request_<std::allocator<void> > >, std::shared_ptr<village_interfaces::srv::SellNovel_Response_<std::allocator<void> > >)>[m[K’ to ‘[01m[Kconst std::function<void(std::shared_ptr<village_interfaces::srv::SellNovel_Request_<std::allocator<void> > >, std::shared_ptr<village_interfaces::srv::SellNovel_Response_<std::allocator<void> > >)>&[m[K’
[7.295s]   462 |       operator=([01;36m[Kconst function& __x[m[K)
[7.296s]       |                 [01;36m[K~~~~~~~~~~~~~~~~^~~[m[K
[7.296s] [01m[K/usr/include/c++/9/bits/std_function.h:480:7:[m[K [01;36m[Knote: [m[Kcandidate: ‘[01m[Kstd::function<_Res(_ArgTypes ...)>& std::function<_Res(_ArgTypes ...)>::operator=(std::function<_Res(_ArgTypes ...)>&&) [with _Res = void; _ArgTypes = {std::shared_ptr<village_interfaces::srv::SellNovel_Request_<std::allocator<void> > >, std::shared_ptr<village_interfaces::srv::SellNovel_Response_<std::allocator<void> > >}][m[K’
[7.296s]   480 |       [01;36m[Koperator[m[K=(function&& __x) noexcept
[7.296s]       |       [01;36m[K^~~~~~~~[m[K
[7.296s] [01m[K/usr/include/c++/9/bits/std_function.h:480:28:[m[K [01;36m[Knote: [m[K  no known conversion for argument 1 from ‘[01m[Kstd::_Bind<void (SingleDogNode::*(SingleDogNode*, std::_Placeholder<2>))(std::shared_ptr<village_interfaces::srv::SellNovel_Request_<std::allocator<void> > >, std::shared_ptr<village_interfaces::srv::SellNovel_Response_<std::allocator<void> > >)>[m[K’ to ‘[01m[Kstd::function<void(std::shared_ptr<village_interfaces::srv::SellNovel_Request_<std::allocator<void> > >, std::shared_ptr<village_interfaces::srv::SellNovel_Response_<std::allocator<void> > >)>&&[m[K’
[7.296s]   480 |       operator=([01;36m[Kfunction&& __x[m[K) noexcept
[7.296s]       |                 [01;36m[K~~~~~~~~~~~^~~[m[K
[7.296s] [01m[K/usr/include/c++/9/bits/std_function.h:494:7:[m[K [01;36m[Knote: [m[Kcandidate: ‘[01m[Kstd::function<_Res(_ArgTypes ...)>& std::function<_Res(_ArgTypes ...)>::operator=(std::nullptr_t) [with _Res = void; _ArgTypes = {std::shared_ptr<village_interfaces::srv::SellNovel_Request_<std::allocator<void> > >, std::shared_ptr<village_interfaces::srv::SellNovel_Response_<std::allocator<void> > >}; std::nullptr_t = std::nullptr_t][m[K’
[7.296s]   494 |       [01;36m[Koperator[m[K=(nullptr_t) noexcept
[7.297s]       |       [01;36m[K^~~~~~~~[m[K
[7.297s] [01m[K/usr/include/c++/9/bits/std_function.h:494:17:[m[K [01;36m[Knote: [m[K  no known conversion for argument 1 from ‘[01m[Kstd::_Bind<void (SingleDogNode::*(SingleDogNode*, std::_Placeholder<2>))(std::shared_ptr<village_interfaces::srv::SellNovel_Request_<std::allocator<void> > >, std::shared_ptr<village_interfaces::srv::SellNovel_Response_<std::allocator<void> > >)>[m[K’ to ‘[01m[Kstd::nullptr_t[m[K’
[7.297s]   494 |       operator=([01;36m[Knullptr_t[m[K) noexcept
[7.297s]       |                 [01;36m[K^~~~~~~~~[m[K
[7.297s] [01m[K/usr/include/c++/9/bits/std_function.h:523:2:[m[K [01;36m[Knote: [m[Kcandidate: ‘[01m[Ktemplate<class _Functor> std::function<_Res(_ArgTypes ...)>::_Requires<std::function<_Res(_ArgTypes ...)>::_Callable<typename std::decay<_Functor>::type>, std::function<_Res(_ArgTypes ...)>&> std::function<_Res(_ArgTypes ...)>::operator=(_Functor&&) [with _Functor = _Functor; _Res = void; _ArgTypes = {std::shared_ptr<village_interfaces::srv::SellNovel_Request_<std::allocator<void> > >, std::shared_ptr<village_interfaces::srv::SellNovel_Response_<std::allocator<void> > >}][m[K’
[7.297s]   523 |  [01;36m[Koperator[m[K=(_Functor&& __f)
[7.297s]       |  [01;36m[K^~~~~~~~[m[K
[7.297s] [01m[K/usr/include/c++/9/bits/std_function.h:523:2:[m[K [01;36m[Knote: [m[K  template argument deduction/substitution failed:
[7.298s] /usr/include/c++/9/bits/std_function.h: In substitution of ‘[01m[Ktemplate<class _Res, class ... _ArgTypes> template<class _Cond, class _Tp> using _Requires = typename std::enable_if<_Cond::value, _Tp>::type [with _Cond = std::function<void(std::shared_ptr<village_interfaces::srv::SellNovel_Request_<std::allocator<void> > >, std::shared_ptr<village_interfaces::srv::SellNovel_Response_<std::allocator<void> > >)>::_Callable<std::_Bind<void (SingleDogNode::*(SingleDogNode*, std::_Placeholder<2>))(std::shared_ptr<village_interfaces::srv::SellNovel_Request_<std::allocator<void> > >, std::shared_ptr<village_interfaces::srv::SellNovel_Response_<std::allocator<void> > >)>, std::__invoke_result<std::_Bind<void (SingleDogNode::*(SingleDogNode*, std::_Placeholder<2>))(std::shared_ptr<village_interfaces::srv::SellNovel_Request_<std::allocator<void> > >, std::shared_ptr<village_interfaces::srv::SellNovel_Response_<std::allocator<void> > >)>&, std::shared_ptr<village_interfaces::srv::SellNovel_Request_<std::allocator<void> > >, std::shared_ptr<village_interfaces::srv::SellNovel_Response_<std::allocator<void> > > > >; _Tp = std::function<void(std::shared_ptr<village_interfaces::srv::SellNovel_Request_<std::allocator<void> > >, std::shared_ptr<village_interfaces::srv::SellNovel_Response_<std::allocator<void> > >)>&; _Res = void; _ArgTypes = {std::shared_ptr<village_interfaces::srv::SellNovel_Request_<std::allocator<void> > >, std::shared_ptr<village_interfaces::srv::SellNovel_Response_<std::allocator<void> > >}][m[K’:
[7.298s] [01m[K/usr/include/c++/9/bits/std_function.h:523:2:[m[K   required by substitution of ‘[01m[Ktemplate<class _Functor> std::function<void(std::shared_ptr<village_interfaces::srv::SellNovel_Request_<std::allocator<void> > >, std::shared_ptr<village_interfaces::srv::SellNovel_Response_<std::allocator<void> > >)>::_Requires<std::function<void(std::shared_ptr<village_interfaces::srv::SellNovel_Request_<std::allocator<void> > >, std::shared_ptr<village_interfaces::srv::SellNovel_Response_<std::allocator<void> > >)>::_Callable<typename std::decay<_Tp>::type, std::__invoke_result<typename std::decay<_Tp>::type&, std::shared_ptr<village_interfaces::srv::SellNovel_Request_<std::allocator<void> > >, std::shared_ptr<village_interfaces::srv::SellNovel_Response_<std::allocator<void> > > > >, std::function<void(std::shared_ptr<village_interfaces::srv::SellNovel_Request_<std::allocator<void> > >, std::shared_ptr<village_interfaces::srv::SellNovel_Response_<std::allocator<void> > >)>&> std::function<void(std::shared_ptr<village_interfaces::srv::SellNovel_Request_<std::allocator<void> > >, std::shared_ptr<village_interfaces::srv::SellNovel_Response_<std::allocator<void> > >)>::operator=<_Functor>(_Functor&&) [with _Functor = std::_Bind<void (SingleDogNode::*(SingleDogNode*, std::_Placeholder<2>))(std::shared_ptr<village_interfaces::srv::SellNovel_Request_<std::allocator<void> > >, std::shared_ptr<village_interfaces::srv::SellNovel_Response_<std::allocator<void> > >)>&][m[K’
[7.298s] [01m[K/opt/ros/foxy/include/rclcpp/any_service_callback.hpp:69:26:[m[K   required from ‘[01m[Kvoid rclcpp::AnyServiceCallback<ServiceT>::set(CallbackT) [with CallbackT = std::_Bind<void (SingleDogNode::*(SingleDogNode*, std::_Placeholder<2>))(std::shared_ptr<village_interfaces::srv::SellNovel_Request_<std::allocator<void> > >, std::shared_ptr<village_interfaces::srv::SellNovel_Response_<std::allocator<void> > >)>; typename std::enable_if<rclcpp::function_traits::same_arguments<CallbackT, std::function<void(std::shared_ptr<typename ServiceT::Request>, std::shared_ptr<typename ServiceT::Response>)> >::value>::type* <anonymous> = 0; ServiceT = village_interfaces::srv::SellNovel][m[K’
[7.298s] [01m[K/opt/ros/foxy/include/rclcpp/create_service.hpp:43:3:[m[K   required from ‘[01m[Ktypename rclcpp::Service<ServiceT>::SharedPtr rclcpp::create_service(std::shared_ptr<rclcpp::node_interfaces::NodeBaseInterface>, std::shared_ptr<rclcpp::node_interfaces::NodeServicesInterface>, const string&, CallbackT&&, const rmw_qos_profile_t&, rclcpp::CallbackGroup::SharedPtr) [with ServiceT = village_interfaces::srv::SellNovel; CallbackT = std::_Bind<void (SingleDogNode::*(SingleDogNode*, std::_Placeholder<2>))(std::shared_ptr<village_interfaces::srv::SellNovel_Request_<std::allocator<void> > >, std::shared_ptr<village_interfaces::srv::SellNovel_Response_<std::allocator<void> > >)>; typename rclcpp::Service<ServiceT>::SharedPtr = std::shared_ptr<rclcpp::Service<village_interfaces::srv::SellNovel> >; std::string = std::__cxx11::basic_string<char>; rmw_qos_profile_t = rmw_qos_profile_t; rclcpp::CallbackGroup::SharedPtr = std::shared_ptr<rclcpp::CallbackGroup>][m[K’
[7.298s] [01m[K/opt/ros/foxy/include/rclcpp/node_impl.hpp:146:53:[m[K   required from ‘[01m[Ktypename rclcpp::Service<ServiceT>::SharedPtr rclcpp::Node::create_service(const string&, CallbackT&&, const rmw_qos_profile_t&, rclcpp::CallbackGroup::SharedPtr) [with ServiceT = village_interfaces::srv::SellNovel; CallbackT = std::_Bind<void (SingleDogNode::*(SingleDogNode*, std::_Placeholder<2>))(std::shared_ptr<village_interfaces::srv::SellNovel_Request_<std::allocator<void> > >, std::shared_ptr<village_interfaces::srv::SellNovel_Response_<std::allocator<void> > >)>; typename rclcpp::Service<ServiceT>::SharedPtr = std::shared_ptr<rclcpp::Service<village_interfaces::srv::SellNovel> >; std::string = std::__cxx11::basic_string<char>; rmw_qos_profile_t = rmw_qos_profile_t; rclcpp::CallbackGroup::SharedPtr = std::shared_ptr<rclcpp::CallbackGroup>][m[K’
[7.298s] [01m[K/home/orangepi/code/town_ws/src/village_wang/src/wang2.cpp:143:107:[m[K   required from here
[7.298s] [01m[K/usr/include/c++/9/bits/std_function.h:385:8:[m[K [01;31m[Kerror: [m[Kno type named ‘[01m[Ktype[m[K’ in ‘[01m[Kstruct std::enable_if<false, std::function<void(std::shared_ptr<village_interfaces::srv::SellNovel_Request_<std::allocator<void> > >, std::shared_ptr<village_interfaces::srv::SellNovel_Response_<std::allocator<void> > >)>&>[m[K’
[7.298s]   385 |  using [01;31m[K_Requires[m[K = typename enable_if<_Cond::value, _Tp>::type;
[7.299s]       |        [01;31m[K^~~~~~~~~[m[K
[7.299s] /opt/ros/foxy/include/rclcpp/any_service_callback.hpp: In instantiation of ‘[01m[Kvoid rclcpp::AnyServiceCallback<ServiceT>::set(CallbackT) [with CallbackT = std::_Bind<void (SingleDogNode::*(SingleDogNode*, std::_Placeholder<2>))(std::shared_ptr<village_interfaces::srv::SellNovel_Request_<std::allocator<void> > >, std::shared_ptr<village_interfaces::srv::SellNovel_Response_<std::allocator<void> > >)>; typename std::enable_if<rclcpp::function_traits::same_arguments<CallbackT, std::function<void(std::shared_ptr<typename ServiceT::Request>, std::shared_ptr<typename ServiceT::Response>)> >::value>::type* <anonymous> = 0; ServiceT = village_interfaces::srv::SellNovel][m[K’:
[7.299s] [01m[K/opt/ros/foxy/include/rclcpp/create_service.hpp:43:3:[m[K   required from ‘[01m[Ktypename rclcpp::Service<ServiceT>::SharedPtr rclcpp::create_service(std::shared_ptr<rclcpp::node_interfaces::NodeBaseInterface>, std::shared_ptr<rclcpp::node_interfaces::NodeServicesInterface>, const string&, CallbackT&&, const rmw_qos_profile_t&, rclcpp::CallbackGroup::SharedPtr) [with ServiceT = village_interfaces::srv::SellNovel; CallbackT = std::_Bind<void (SingleDogNode::*(SingleDogNode*, std::_Placeholder<2>))(std::shared_ptr<village_interfaces::srv::SellNovel_Request_<std::allocator<void> > >, std::shared_ptr<village_interfaces::srv::SellNovel_Response_<std::allocator<void> > >)>; typename rclcpp::Service<ServiceT>::SharedPtr = std::shared_ptr<rclcpp::Service<village_interfaces::srv::SellNovel> >; std::string = std::__cxx11::basic_string<char>; rmw_qos_profile_t = rmw_qos_profile_t; rclcpp::CallbackGroup::SharedPtr = std::shared_ptr<rclcpp::CallbackGroup>][m[K’
[7.299s] [01m[K/opt/ros/foxy/include/rclcpp/node_impl.hpp:146:53:[m[K   required from ‘[01m[Ktypename rclcpp::Service<ServiceT>::SharedPtr rclcpp::Node::create_service(const string&, CallbackT&&, const rmw_qos_profile_t&, rclcpp::CallbackGroup::SharedPtr) [with ServiceT = village_interfaces::srv::SellNovel; CallbackT = std::_Bind<void (SingleDogNode::*(SingleDogNode*, std::_Placeholder<2>))(std::shared_ptr<village_interfaces::srv::SellNovel_Request_<std::allocator<void> > >, std::shared_ptr<village_interfaces::srv::SellNovel_Response_<std::allocator<void> > >)>; typename rclcpp::Service<ServiceT>::SharedPtr = std::shared_ptr<rclcpp::Service<village_interfaces::srv::SellNovel> >; std::string = std::__cxx11::basic_string<char>; rmw_qos_profile_t = rmw_qos_profile_t; rclcpp::CallbackGroup::SharedPtr = std::shared_ptr<rclcpp::CallbackGroup>][m[K’
[7.299s] [01m[K/home/orangepi/code/town_ws/src/village_wang/src/wang2.cpp:143:107:[m[K   required from here
[7.299s] [01m[K/usr/include/c++/9/bits/std_function.h:532:2:[m[K [01;36m[Knote: [m[Kcandidate: ‘[01m[Ktemplate<class _Functor> std::function<_Res(_ArgTypes ...)>& std::function<_Res(_ArgTypes ...)>::operator=(std::reference_wrapper<_Functor>) [with _Functor = _Functor; _Res = void; _ArgTypes = {std::shared_ptr<village_interfaces::srv::SellNovel_Request_<std::allocator<void> > >, std::shared_ptr<village_interfaces::srv::SellNovel_Response_<std::allocator<void> > >}][m[K’
[7.299s]   532 |  [01;36m[Koperator[m[K=(reference_wrapper<_Functor> __f) noexcept
[7.299s]       |  [01;36m[K^~~~~~~~[m[K
[7.299s] [01m[K/usr/include/c++/9/bits/std_function.h:532:2:[m[K [01;36m[Knote: [m[K  template argument deduction/substitution failed:
[7.300s] In file included from [01m[K/opt/ros/foxy/include/rclcpp/service.hpp:28[m[K,
[7.300s]                  from [01m[K/opt/ros/foxy/include/rclcpp/callback_group.hpp:25[m[K,
[7.300s]                  from [01m[K/opt/ros/foxy/include/rclcpp/any_executable.hpp:20[m[K,
[7.300s]                  from [01m[K/opt/ros/foxy/include/rclcpp/memory_strategy.hpp:24[m[K,
[7.300s]                  from [01m[K/opt/ros/foxy/include/rclcpp/memory_strategies.hpp:18[m[K,
[7.300s]                  from [01m[K/opt/ros/foxy/include/rclcpp/executor_options.hpp:20[m[K,
[7.300s]                  from [01m[K/opt/ros/foxy/include/rclcpp/executor.hpp:33[m[K,
[7.300s]                  from [01m[K/opt/ros/foxy/include/rclcpp/executors/multi_threaded_executor.hpp:26[m[K,
[7.300s]                  from [01m[K/opt/ros/foxy/include/rclcpp/executors.hpp:21[m[K,
[7.301s]                  from [01m[K/opt/ros/foxy/include/rclcpp/rclcpp.hpp:146[m[K,
[7.301s]                  from [01m[K/home/orangepi/code/town_ws/src/village_wang/src/wang2.cpp:19[m[K:
[7.301s] [01m[K/opt/ros/foxy/include/rclcpp/any_service_callback.hpp:69:26:[m[K [01;36m[Knote: [m[K  ‘[01m[Kstd::_Bind<void (SingleDogNode::*(SingleDogNode*, std::_Placeholder<2>))(std::shared_ptr<village_interfaces::srv::SellNovel_Request_<std::allocator<void> > >, std::shared_ptr<village_interfaces::srv::SellNovel_Response_<std::allocator<void> > >)>[m[K’ is not derived from ‘[01m[Kstd::reference_wrapper<_Tp>[m[K’
[7.301s]    69 |     [01;36m[Kshared_ptr_callback_ = callback[m[K;
[7.301s]       |     [01;36m[K~~~~~~~~~~~~~~~~~~~~~^~~~~~~~~~[m[K
[10.520s] make[2]: *** [CMakeFiles/wang2_node.dir/build.make:63：CMakeFiles/wang2_node.dir/src/wang2.cpp.o] 错误 1
[10.534s] make[1]: *** [CMakeFiles/Makefile2:78：CMakeFiles/wang2_node.dir/all] 错误 2
[10.542s] make: *** [Makefile:141：all] 错误 2
[10.543s] Invoked command in '/home/orangepi/code/town_ws/build/village_wang' returned '2': AMENT_PREFIX_PATH=/home/orangepi/code/town_ws/install/village_interfaces:${AMENT_PREFIX_PATH} CMAKE_PREFIX_PATH=/home/orangepi/code/town_ws/install/village_interfaces:/opt/ros/foxy LD_LIBRARY_PATH=/home/orangepi/code/town_ws/install/village_interfaces/lib:${LD_LIBRARY_PATH} PYTHONPATH=/home/orangepi/code/town_ws/install/village_interfaces/lib/python3.8/site-packages:${PYTHONPATH} /usr/bin/cmake --build /home/orangepi/code/town_ws/build/village_wang -- -j8 -l8
