[0.399s] Invoking command in '/home/orangepi/code/town_ws/build/village_zhang': AMENT_PREFIX_PATH=/home/orangepi/code/town_ws/install/village_interfaces:${AMENT_PREFIX_PATH} CMAKE_PREFIX_PATH=/home/orangepi/code/town_ws/install/village_interfaces:/opt/ros/foxy CONDA_PROMPT_MODIFIER=(base) LD_LIBRARY_PATH=/home/orangepi/code/town_ws/install/village_interfaces/lib:${LD_LIBRARY_PATH} PYTHONPATH=/home/orangepi/code/town_ws/install/village_interfaces/lib/python3.8/site-packages:${PYTHONPATH} /usr/bin/cmake --build /home/orangepi/code/town_ws/build/village_zhang -- -j8 -l8
[0.588s] [35m[1mScanning dependencies of target zhang3_node[0m
[0.702s] [ 50%] [32mBuilding CXX object CMakeFiles/zhang3_node.dir/src/zhang3.cpp.o[0m
[4.622s] [100%] [32m[1mLinking CXX executable zhang3_node[0m
[5.056s] [100%] Built target zhang3_node
[5.096s] Invoked command in '/home/orangepi/code/town_ws/build/village_zhang' returned '0': AMENT_PREFIX_PATH=/home/orangepi/code/town_ws/install/village_interfaces:${AMENT_PREFIX_PATH} CMAKE_PREFIX_PATH=/home/orangepi/code/town_ws/install/village_interfaces:/opt/ros/foxy CONDA_PROMPT_MODIFIER=(base) LD_LIBRARY_PATH=/home/orangepi/code/town_ws/install/village_interfaces/lib:${LD_LIBRARY_PATH} PYTHONPATH=/home/orangepi/code/town_ws/install/village_interfaces/lib/python3.8/site-packages:${PYTHONPATH} /usr/bin/cmake --build /home/orangepi/code/town_ws/build/village_zhang -- -j8 -l8
[5.173s] Invoking command in '/home/orangepi/code/town_ws/build/village_zhang': AMENT_PREFIX_PATH=/home/orangepi/code/town_ws/install/village_interfaces:${AMENT_PREFIX_PATH} CMAKE_PREFIX_PATH=/home/orangepi/code/town_ws/install/village_interfaces:/opt/ros/foxy CONDA_PROMPT_MODIFIER=(base) LD_LIBRARY_PATH=/home/orangepi/code/town_ws/install/village_interfaces/lib:${LD_LIBRARY_PATH} PYTHONPATH=/home/orangepi/code/town_ws/install/village_interfaces/lib/python3.8/site-packages:${PYTHONPATH} /usr/bin/cmake --install /home/orangepi/code/town_ws/build/village_zhang
[5.209s] -- Install configuration: ""
[5.210s] -- Up-to-date: /home/orangepi/code/town_ws/install/village_zhang/share/ament_index/resource_index/package_run_dependencies/village_zhang
[5.211s] -- Up-to-date: /home/orangepi/code/town_ws/install/village_zhang/share/ament_index/resource_index/parent_prefix_path/village_zhang
[5.211s] -- Up-to-date: /home/orangepi/code/town_ws/install/village_zhang/share/village_zhang/environment/ament_prefix_path.sh
[5.212s] -- Up-to-date: /home/orangepi/code/town_ws/install/village_zhang/share/village_zhang/environment/ament_prefix_path.dsv
[5.212s] -- Up-to-date: /home/orangepi/code/town_ws/install/village_zhang/share/village_zhang/environment/path.sh
[5.212s] -- Up-to-date: /home/orangepi/code/town_ws/install/village_zhang/share/village_zhang/environment/path.dsv
[5.213s] -- Up-to-date: /home/orangepi/code/town_ws/install/village_zhang/share/village_zhang/local_setup.bash
[5.213s] -- Up-to-date: /home/orangepi/code/town_ws/install/village_zhang/share/village_zhang/local_setup.sh
[5.214s] -- Up-to-date: /home/orangepi/code/town_ws/install/village_zhang/share/village_zhang/local_setup.zsh
[5.214s] -- Up-to-date: /home/orangepi/code/town_ws/install/village_zhang/share/village_zhang/local_setup.dsv
[5.214s] -- Installing: /home/orangepi/code/town_ws/install/village_zhang/share/village_zhang/package.dsv
[5.215s] -- Up-to-date: /home/orangepi/code/town_ws/install/village_zhang/share/ament_index/resource_index/packages/village_zhang
[5.215s] -- Up-to-date: /home/orangepi/code/town_ws/install/village_zhang/share/village_zhang/cmake/village_zhangConfig.cmake
[5.216s] -- Up-to-date: /home/orangepi/code/town_ws/install/village_zhang/share/village_zhang/cmake/village_zhangConfig-version.cmake
[5.216s] -- Up-to-date: /home/orangepi/code/town_ws/install/village_zhang/share/village_zhang/package.xml
[5.217s] -- Installing: /home/orangepi/code/town_ws/install/village_zhang/lib/village_zhang/zhang3_node
[5.220s] -- Set runtime path of "/home/orangepi/code/town_ws/install/village_zhang/lib/village_zhang/zhang3_node" to ""
[5.233s] Invoked command in '/home/orangepi/code/town_ws/build/village_zhang' returned '0': AMENT_PREFIX_PATH=/home/orangepi/code/town_ws/install/village_interfaces:${AMENT_PREFIX_PATH} CMAKE_PREFIX_PATH=/home/orangepi/code/town_ws/install/village_interfaces:/opt/ros/foxy CONDA_PROMPT_MODIFIER=(base) LD_LIBRARY_PATH=/home/orangepi/code/town_ws/install/village_interfaces/lib:${LD_LIBRARY_PATH} PYTHONPATH=/home/orangepi/code/town_ws/install/village_interfaces/lib/python3.8/site-packages:${PYTHONPATH} /usr/bin/cmake --install /home/orangepi/code/town_ws/build/village_zhang
