-- Found ament_cmake: 0.9.12 (/opt/ros/foxy/share/ament_cmake/cmake)
-- Found PythonInterp: /usr/bin/python3 (found suitable version "3.8.10", minimum required is "3") 
-- Using PYTHON_EXECUTABLE: /usr/bin/python3
-- Found sensor_msgs: 2.0.5 (/opt/ros/foxy/share/sensor_msgs/cmake)
-- Using all available rosidl_typesupport_c: rosidl_typesupport_fastrtps_c;rosidl_typesupport_introspection_c
-- Found rosidl_adapter: 1.3.1 (/opt/ros/foxy/share/rosidl_adapter/cmake)
-- Using all available rosidl_typesupport_cpp: rosidl_typesupport_fastrtps_cpp;rosidl_typesupport_introspection_cpp
-- Found rosidl_default_generators: 1.0.1 (/opt/ros/foxy/share/rosidl_default_generators/cmake)
-- Found PythonInterp: /usr/bin/python3 (found version "3.8.10") 
-- Found ament_cmake_ros: 0.9.2 (/opt/ros/foxy/share/ament_cmake_ros/cmake)
-- Using all available rosidl_typesupport_c: rosidl_typesupport_fastrtps_c;rosidl_typesupport_introspection_c
-- Using all available rosidl_typesupport_cpp: rosidl_typesupport_fastrtps_cpp;rosidl_typesupport_introspection_cpp
-- Found PythonInterp: /usr/bin/python3 (found suitable version "3.8.10", minimum required is "3.5") 
-- Found python_cmake_module: 0.8.1 (/opt/ros/foxy/share/python_cmake_module/cmake)
-- Found PythonLibs: /usr/lib/aarch64-linux-gnu/libpython3.8.so (found suitable version "3.8.10", minimum required is "3.5") 
-- Using PYTHON_EXECUTABLE: /usr/bin/python3
-- Using PYTHON_INCLUDE_DIRS: /usr/include/python3.8
-- Using PYTHON_LIBRARIES: /usr/lib/aarch64-linux-gnu/libpython3.8.so
-- Found PythonExtra: .so  
-- Found ament_lint_auto: 0.9.8 (/opt/ros/foxy/share/ament_lint_auto/cmake)
-- Added test 'copyright' to check source files copyright and LICENSE
-- Added test 'lint_cmake' to check CMake code style
-- Added test 'xmllint' to check XML markup files
-- Configuring done
-- Generating done
-- Build files have been written to: /home/orangepi/code/town_ws/build/village_interfaces
[  3%] [34m[1mGenerating C code for ROS interfaces[0m
[35m[1mScanning dependencies of target village_interfaces__cpp[0m
[  6%] [34m[1mGenerating C++ code for ROS interfaces[0m
[35m[1mScanning dependencies of target village_interfaces__rosidl_generator_c[0m
[  9%] [32mBuilding C object CMakeFiles/village_interfaces__rosidl_generator_c.dir/rosidl_generator_c/village_interfaces/msg/detail/novel__functions.c.o[0m
[  9%] Built target village_interfaces__cpp
[ 12%] [34m[1mGenerating C++ introspection for ROS interfaces[0m
[ 19%] [34m[1mGenerating C++ type support dispatch for ROS interfaces[0m
[ 19%] [34m[1mGenerating C++ type support for eProsima Fast-RTPS[0m
[ 22%] [32m[1mLinking C shared library libvillage_interfaces__rosidl_generator_c.so[0m
[ 22%] Built target village_interfaces__rosidl_generator_c
[ 29%] [34m[1mGenerating C introspection for ROS interfaces[0m
[ 29%] [34m[1mGenerating C type support dispatch for ROS interfaces[0m
[35m[1mScanning dependencies of target village_interfaces__rosidl_typesupport_cpp[0m
[35m[1mScanning dependencies of target village_interfaces__rosidl_typesupport_introspection_cpp[0m
[ 32%] [32mBuilding CXX object CMakeFiles/village_interfaces__rosidl_typesupport_introspection_cpp.dir/rosidl_typesupport_introspection_cpp/village_interfaces/msg/detail/novel__type_support.cpp.o[0m
[ 35%] [32mBuilding CXX object CMakeFiles/village_interfaces__rosidl_typesupport_cpp.dir/rosidl_typesupport_cpp/village_interfaces/msg/novel__type_support.cpp.o[0m
[35m[1mScanning dependencies of target village_interfaces__rosidl_typesupport_fastrtps_cpp[0m
[ 38%] [32mBuilding CXX object CMakeFiles/village_interfaces__rosidl_typesupport_fastrtps_cpp.dir/rosidl_typesupport_fastrtps_cpp/village_interfaces/msg/detail/dds_fastrtps/novel__type_support.cpp.o[0m
[35m[1mScanning dependencies of target village_interfaces__rosidl_typesupport_c[0m
[ 41%] [32mBuilding CXX object CMakeFiles/village_interfaces__rosidl_typesupport_c.dir/rosidl_typesupport_c/village_interfaces/msg/novel__type_support.cpp.o[0m
[35m[1mScanning dependencies of target village_interfaces__rosidl_typesupport_introspection_c[0m
[ 45%] [32mBuilding C object CMakeFiles/village_interfaces__rosidl_typesupport_introspection_c.dir/rosidl_typesupport_introspection_c/village_interfaces/msg/detail/novel__type_support.c.o[0m
[ 48%] [32m[1mLinking CXX shared library libvillage_interfaces__rosidl_typesupport_c.so[0m
[ 51%] [32m[1mLinking C shared library libvillage_interfaces__rosidl_typesupport_introspection_c.so[0m
[ 51%] Built target village_interfaces__rosidl_typesupport_c
[ 54%] [32m[1mLinking CXX shared library libvillage_interfaces__rosidl_typesupport_cpp.so[0m
[ 58%] [32m[1mLinking CXX shared library libvillage_interfaces__rosidl_typesupport_introspection_cpp.so[0m
[ 58%] Built target village_interfaces__rosidl_typesupport_introspection_c
[ 58%] Built target village_interfaces__rosidl_typesupport_cpp
[ 58%] Built target village_interfaces__rosidl_typesupport_introspection_cpp
[ 61%] [32m[1mLinking CXX shared library libvillage_interfaces__rosidl_typesupport_fastrtps_cpp.so[0m
[ 61%] Built target village_interfaces__rosidl_typesupport_fastrtps_cpp
[ 64%] [34m[1mGenerating C type support for eProsima Fast-RTPS[0m
[35m[1mScanning dependencies of target village_interfaces__rosidl_typesupport_fastrtps_c[0m
[ 67%] [32mBuilding CXX object CMakeFiles/village_interfaces__rosidl_typesupport_fastrtps_c.dir/rosidl_typesupport_fastrtps_c/village_interfaces/msg/detail/novel__type_support_c.cpp.o[0m
[ 70%] [32m[1mLinking CXX shared library libvillage_interfaces__rosidl_typesupport_fastrtps_c.so[0m
[ 70%] Built target village_interfaces__rosidl_typesupport_fastrtps_c
[35m[1mScanning dependencies of target village_interfaces[0m
[ 70%] Built target village_interfaces
[35m[1mScanning dependencies of target village_interfaces__py[0m
[ 74%] [34m[1mGenerating Python code for ROS interfaces[0m
[ 74%] Built target village_interfaces__py
[35m[1mScanning dependencies of target village_interfaces__python[0m
[ 77%] [32mBuilding C object CMakeFiles/village_interfaces__python.dir/rosidl_generator_py/village_interfaces/msg/_novel_s.c.o[0m
[ 80%] [32m[1mLinking C shared library rosidl_generator_py/village_interfaces/libvillage_interfaces__python.so[0m
[ 80%] Built target village_interfaces__python
[35m[1mScanning dependencies of target village_interfaces__rosidl_typesupport_c__pyext[0m
[35m[1mScanning dependencies of target village_interfaces__rosidl_typesupport_introspection_c__pyext[0m
[35m[1mScanning dependencies of target village_interfaces__rosidl_typesupport_fastrtps_c__pyext[0m
[ 83%] [32mBuilding C object CMakeFiles/village_interfaces__rosidl_typesupport_c__pyext.dir/rosidl_generator_py/village_interfaces/_village_interfaces_s.ep.rosidl_typesupport_c.c.o[0m
[ 87%] [32mBuilding C object CMakeFiles/village_interfaces__rosidl_typesupport_introspection_c__pyext.dir/rosidl_generator_py/village_interfaces/_village_interfaces_s.ep.rosidl_typesupport_introspection_c.c.o[0m
[ 90%] [32mBuilding C object CMakeFiles/village_interfaces__rosidl_typesupport_fastrtps_c__pyext.dir/rosidl_generator_py/village_interfaces/_village_interfaces_s.ep.rosidl_typesupport_fastrtps_c.c.o[0m
[ 93%] [32m[1mLinking C shared library rosidl_generator_py/village_interfaces/village_interfaces_s__rosidl_typesupport_introspection_c.cpython-38-aarch64-linux-gnu.so[0m
[ 96%] [32m[1mLinking C shared library rosidl_generator_py/village_interfaces/village_interfaces_s__rosidl_typesupport_c.cpython-38-aarch64-linux-gnu.so[0m
[100%] [32m[1mLinking CXX shared library rosidl_generator_py/village_interfaces/village_interfaces_s__rosidl_typesupport_fastrtps_c.cpython-38-aarch64-linux-gnu.so[0m
[100%] Built target village_interfaces__rosidl_typesupport_introspection_c__pyext
[100%] Built target village_interfaces__rosidl_typesupport_fastrtps_c__pyext
[100%] Built target village_interfaces__rosidl_typesupport_c__pyext
-- Install configuration: ""
-- Installing: /home/orangepi/code/town_ws/install/village_interfaces/share/ament_index/resource_index/rosidl_interfaces/village_interfaces
-- Installing: /home/orangepi/code/town_ws/install/village_interfaces/include/village_interfaces
-- Installing: /home/orangepi/code/town_ws/install/village_interfaces/include/village_interfaces/msg
-- Installing: /home/orangepi/code/town_ws/install/village_interfaces/include/village_interfaces/msg/detail
-- Installing: /home/orangepi/code/town_ws/install/village_interfaces/include/village_interfaces/msg/detail/novel__functions.h
-- Installing: /home/orangepi/code/town_ws/install/village_interfaces/include/village_interfaces/msg/detail/novel__functions.c
-- Installing: /home/orangepi/code/town_ws/install/village_interfaces/include/village_interfaces/msg/detail/novel__struct.h
-- Installing: /home/orangepi/code/town_ws/install/village_interfaces/include/village_interfaces/msg/detail/novel__type_support.h
-- Installing: /home/orangepi/code/town_ws/install/village_interfaces/include/village_interfaces/msg/novel.h
-- Installing: /home/orangepi/code/town_ws/install/village_interfaces/include/village_interfaces/msg/rosidl_generator_c__visibility_control.h
-- Installing: /home/orangepi/code/town_ws/install/village_interfaces/share/village_interfaces/environment/library_path.sh
-- Installing: /home/orangepi/code/town_ws/install/village_interfaces/share/village_interfaces/environment/library_path.dsv
-- Installing: /home/orangepi/code/town_ws/install/village_interfaces/lib/libvillage_interfaces__rosidl_generator_c.so
-- Set runtime path of "/home/orangepi/code/town_ws/install/village_interfaces/lib/libvillage_interfaces__rosidl_generator_c.so" to ""
-- Up-to-date: /home/orangepi/code/town_ws/install/village_interfaces/include/village_interfaces
-- Up-to-date: /home/orangepi/code/town_ws/install/village_interfaces/include/village_interfaces/msg
-- Up-to-date: /home/orangepi/code/town_ws/install/village_interfaces/include/village_interfaces/msg/detail
-- Installing: /home/orangepi/code/town_ws/install/village_interfaces/include/village_interfaces/msg/detail/novel__rosidl_typesupport_fastrtps_c.h
-- Installing: /home/orangepi/code/town_ws/install/village_interfaces/include/village_interfaces/msg/rosidl_typesupport_fastrtps_c__visibility_control.h
-- Installing: /home/orangepi/code/town_ws/install/village_interfaces/lib/libvillage_interfaces__rosidl_typesupport_fastrtps_c.so
-- Set runtime path of "/home/orangepi/code/town_ws/install/village_interfaces/lib/libvillage_interfaces__rosidl_typesupport_fastrtps_c.so" to ""
-- Up-to-date: /home/orangepi/code/town_ws/install/village_interfaces/include/village_interfaces
-- Up-to-date: /home/orangepi/code/town_ws/install/village_interfaces/include/village_interfaces/msg
-- Up-to-date: /home/orangepi/code/town_ws/install/village_interfaces/include/village_interfaces/msg/detail
-- Installing: /home/orangepi/code/town_ws/install/village_interfaces/include/village_interfaces/msg/detail/novel__rosidl_typesupport_fastrtps_cpp.hpp
-- Installing: /home/orangepi/code/town_ws/install/village_interfaces/include/village_interfaces/msg/detail/dds_fastrtps
-- Installing: /home/orangepi/code/town_ws/install/village_interfaces/include/village_interfaces/msg/rosidl_typesupport_fastrtps_cpp__visibility_control.h
-- Installing: /home/orangepi/code/town_ws/install/village_interfaces/lib/libvillage_interfaces__rosidl_typesupport_fastrtps_cpp.so
-- Set runtime path of "/home/orangepi/code/town_ws/install/village_interfaces/lib/libvillage_interfaces__rosidl_typesupport_fastrtps_cpp.so" to ""
-- Up-to-date: /home/orangepi/code/town_ws/install/village_interfaces/include/village_interfaces
-- Up-to-date: /home/orangepi/code/town_ws/install/village_interfaces/include/village_interfaces/msg
-- Up-to-date: /home/orangepi/code/town_ws/install/village_interfaces/include/village_interfaces/msg/detail
-- Installing: /home/orangepi/code/town_ws/install/village_interfaces/include/village_interfaces/msg/detail/novel__rosidl_typesupport_introspection_c.h
-- Installing: /home/orangepi/code/town_ws/install/village_interfaces/include/village_interfaces/msg/detail/novel__type_support.c
-- Installing: /home/orangepi/code/town_ws/install/village_interfaces/include/village_interfaces/msg/rosidl_typesupport_introspection_c__visibility_control.h
-- Installing: /home/orangepi/code/town_ws/install/village_interfaces/lib/libvillage_interfaces__rosidl_typesupport_introspection_c.so
-- Set runtime path of "/home/orangepi/code/town_ws/install/village_interfaces/lib/libvillage_interfaces__rosidl_typesupport_introspection_c.so" to ""
-- Installing: /home/orangepi/code/town_ws/install/village_interfaces/lib/libvillage_interfaces__rosidl_typesupport_c.so
-- Set runtime path of "/home/orangepi/code/town_ws/install/village_interfaces/lib/libvillage_interfaces__rosidl_typesupport_c.so" to ""
-- Up-to-date: /home/orangepi/code/town_ws/install/village_interfaces/include/village_interfaces
-- Up-to-date: /home/orangepi/code/town_ws/install/village_interfaces/include/village_interfaces/msg
-- Installing: /home/orangepi/code/town_ws/install/village_interfaces/include/village_interfaces/msg/novel.hpp
-- Up-to-date: /home/orangepi/code/town_ws/install/village_interfaces/include/village_interfaces/msg/detail
-- Installing: /home/orangepi/code/town_ws/install/village_interfaces/include/village_interfaces/msg/detail/novel__type_support.hpp
-- Installing: /home/orangepi/code/town_ws/install/village_interfaces/include/village_interfaces/msg/detail/novel__struct.hpp
-- Installing: /home/orangepi/code/town_ws/install/village_interfaces/include/village_interfaces/msg/detail/novel__builder.hpp
-- Installing: /home/orangepi/code/town_ws/install/village_interfaces/include/village_interfaces/msg/detail/novel__traits.hpp
-- Installing: /home/orangepi/code/town_ws/install/village_interfaces/include/village_interfaces/msg/rosidl_generator_cpp__visibility_control.hpp
-- Up-to-date: /home/orangepi/code/town_ws/install/village_interfaces/include/village_interfaces
-- Up-to-date: /home/orangepi/code/town_ws/install/village_interfaces/include/village_interfaces/msg
-- Up-to-date: /home/orangepi/code/town_ws/install/village_interfaces/include/village_interfaces/msg/detail
-- Installing: /home/orangepi/code/town_ws/install/village_interfaces/include/village_interfaces/msg/detail/novel__rosidl_typesupport_introspection_cpp.hpp
-- Installing: /home/orangepi/code/town_ws/install/village_interfaces/include/village_interfaces/msg/detail/novel__type_support.cpp
-- Installing: /home/orangepi/code/town_ws/install/village_interfaces/lib/libvillage_interfaces__rosidl_typesupport_introspection_cpp.so
-- Set runtime path of "/home/orangepi/code/town_ws/install/village_interfaces/lib/libvillage_interfaces__rosidl_typesupport_introspection_cpp.so" to ""
-- Installing: /home/orangepi/code/town_ws/install/village_interfaces/lib/libvillage_interfaces__rosidl_typesupport_cpp.so
-- Set runtime path of "/home/orangepi/code/town_ws/install/village_interfaces/lib/libvillage_interfaces__rosidl_typesupport_cpp.so" to ""
-- Installing: /home/orangepi/code/town_ws/install/village_interfaces/share/village_interfaces/environment/pythonpath.sh
-- Installing: /home/orangepi/code/town_ws/install/village_interfaces/share/village_interfaces/environment/pythonpath.dsv
-- Installing: /home/orangepi/code/town_ws/install/village_interfaces/lib/python3.8/site-packages/village_interfaces/__init__.py
Compiling '/home/orangepi/code/town_ws/install/village_interfaces/lib/python3.8/site-packages/village_interfaces/__init__.py'...
-- Installing: /home/orangepi/code/town_ws/install/village_interfaces/lib/python3.8/site-packages/village_interfaces/msg
-- Installing: /home/orangepi/code/town_ws/install/village_interfaces/lib/python3.8/site-packages/village_interfaces/msg/__init__.py
-- Installing: /home/orangepi/code/town_ws/install/village_interfaces/lib/python3.8/site-packages/village_interfaces/msg/_novel_s.c
-- Installing: /home/orangepi/code/town_ws/install/village_interfaces/lib/python3.8/site-packages/village_interfaces/msg/_novel.py
-- Installing: /home/orangepi/code/town_ws/install/village_interfaces/lib/python3.8/site-packages/village_interfaces/village_interfaces_s__rosidl_typesupport_fastrtps_c.cpython-38-aarch64-linux-gnu.so
-- Set runtime path of "/home/orangepi/code/town_ws/install/village_interfaces/lib/python3.8/site-packages/village_interfaces/village_interfaces_s__rosidl_typesupport_fastrtps_c.cpython-38-aarch64-linux-gnu.so" to ""
-- Installing: /home/orangepi/code/town_ws/install/village_interfaces/lib/python3.8/site-packages/village_interfaces/village_interfaces_s__rosidl_typesupport_introspection_c.cpython-38-aarch64-linux-gnu.so
-- Set runtime path of "/home/orangepi/code/town_ws/install/village_interfaces/lib/python3.8/site-packages/village_interfaces/village_interfaces_s__rosidl_typesupport_introspection_c.cpython-38-aarch64-linux-gnu.so" to ""
-- Installing: /home/orangepi/code/town_ws/install/village_interfaces/lib/python3.8/site-packages/village_interfaces/village_interfaces_s__rosidl_typesupport_c.cpython-38-aarch64-linux-gnu.so
-- Set runtime path of "/home/orangepi/code/town_ws/install/village_interfaces/lib/python3.8/site-packages/village_interfaces/village_interfaces_s__rosidl_typesupport_c.cpython-38-aarch64-linux-gnu.so" to ""
-- Installing: /home/orangepi/code/town_ws/install/village_interfaces/lib/libvillage_interfaces__python.so
-- Set runtime path of "/home/orangepi/code/town_ws/install/village_interfaces/lib/libvillage_interfaces__python.so" to ""
-- Installing: /home/orangepi/code/town_ws/install/village_interfaces/share/village_interfaces/msg/Novel.idl
-- Installing: /home/orangepi/code/town_ws/install/village_interfaces/share/village_interfaces/msg/Novel.msg
-- Installing: /home/orangepi/code/town_ws/install/village_interfaces/share/ament_index/resource_index/package_run_dependencies/village_interfaces
-- Installing: /home/orangepi/code/town_ws/install/village_interfaces/share/ament_index/resource_index/parent_prefix_path/village_interfaces
-- Installing: /home/orangepi/code/town_ws/install/village_interfaces/share/village_interfaces/environment/ament_prefix_path.sh
-- Installing: /home/orangepi/code/town_ws/install/village_interfaces/share/village_interfaces/environment/ament_prefix_path.dsv
-- Installing: /home/orangepi/code/town_ws/install/village_interfaces/share/village_interfaces/environment/path.sh
-- Installing: /home/orangepi/code/town_ws/install/village_interfaces/share/village_interfaces/environment/path.dsv
-- Installing: /home/orangepi/code/town_ws/install/village_interfaces/share/village_interfaces/local_setup.bash
-- Installing: /home/orangepi/code/town_ws/install/village_interfaces/share/village_interfaces/local_setup.sh
-- Installing: /home/orangepi/code/town_ws/install/village_interfaces/share/village_interfaces/local_setup.zsh
-- Installing: /home/orangepi/code/town_ws/install/village_interfaces/share/village_interfaces/local_setup.dsv
-- Installing: /home/orangepi/code/town_ws/install/village_interfaces/share/village_interfaces/package.dsv
-- Installing: /home/orangepi/code/town_ws/install/village_interfaces/share/ament_index/resource_index/packages/village_interfaces
-- Installing: /home/orangepi/code/town_ws/install/village_interfaces/share/village_interfaces/cmake/village_interfaces__rosidl_generator_cExport.cmake
-- Installing: /home/orangepi/code/town_ws/install/village_interfaces/share/village_interfaces/cmake/village_interfaces__rosidl_generator_cExport-noconfig.cmake
-- Installing: /home/orangepi/code/town_ws/install/village_interfaces/share/village_interfaces/cmake/village_interfaces__rosidl_typesupport_introspection_cExport.cmake
-- Installing: /home/orangepi/code/town_ws/install/village_interfaces/share/village_interfaces/cmake/village_interfaces__rosidl_typesupport_introspection_cExport-noconfig.cmake
-- Installing: /home/orangepi/code/town_ws/install/village_interfaces/share/village_interfaces/cmake/village_interfaces__rosidl_typesupport_cExport.cmake
-- Installing: /home/orangepi/code/town_ws/install/village_interfaces/share/village_interfaces/cmake/village_interfaces__rosidl_typesupport_cExport-noconfig.cmake
-- Installing: /home/orangepi/code/town_ws/install/village_interfaces/share/village_interfaces/cmake/village_interfaces__rosidl_generator_cppExport.cmake
-- Installing: /home/orangepi/code/town_ws/install/village_interfaces/share/village_interfaces/cmake/village_interfaces__rosidl_typesupport_introspection_cppExport.cmake
-- Installing: /home/orangepi/code/town_ws/install/village_interfaces/share/village_interfaces/cmake/village_interfaces__rosidl_typesupport_introspection_cppExport-noconfig.cmake
-- Installing: /home/orangepi/code/town_ws/install/village_interfaces/share/village_interfaces/cmake/village_interfaces__rosidl_typesupport_cppExport.cmake
-- Installing: /home/orangepi/code/town_ws/install/village_interfaces/share/village_interfaces/cmake/village_interfaces__rosidl_typesupport_cppExport-noconfig.cmake
-- Installing: /home/orangepi/code/town_ws/install/village_interfaces/share/village_interfaces/cmake/rosidl_cmake-extras.cmake
-- Installing: /home/orangepi/code/town_ws/install/village_interfaces/share/village_interfaces/cmake/ament_cmake_export_dependencies-extras.cmake
-- Installing: /home/orangepi/code/town_ws/install/village_interfaces/share/village_interfaces/cmake/ament_cmake_export_libraries-extras.cmake
-- Installing: /home/orangepi/code/town_ws/install/village_interfaces/share/village_interfaces/cmake/ament_cmake_export_targets-extras.cmake
-- Installing: /home/orangepi/code/town_ws/install/village_interfaces/share/village_interfaces/cmake/ament_cmake_export_include_directories-extras.cmake
-- Installing: /home/orangepi/code/town_ws/install/village_interfaces/share/village_interfaces/cmake/rosidl_cmake_export_typesupport_libraries-extras.cmake
-- Installing: /home/orangepi/code/town_ws/install/village_interfaces/share/village_interfaces/cmake/rosidl_cmake_export_typesupport_targets-extras.cmake
-- Installing: /home/orangepi/code/town_ws/install/village_interfaces/share/village_interfaces/cmake/village_interfacesConfig.cmake
-- Installing: /home/orangepi/code/town_ws/install/village_interfaces/share/village_interfaces/cmake/village_interfacesConfig-version.cmake
-- Installing: /home/orangepi/code/town_ws/install/village_interfaces/share/village_interfaces/package.xml
