[0.037s] Invoking command in '/home/orangepi/code/town_ws/build/village_interfaces': CMAKE_PREFIX_PATH=${CMAKE_PREFIX_PATH}:/home/orangepi/code/town_ws/install/village_li:/opt/ros/foxy /usr/bin/cmake /home/orangepi/code/town_ws/src/village_interfaces -DCMAKE_INSTALL_PREFIX=/home/orangepi/code/town_ws/install/village_interfaces
[0.077s] -- Found ament_cmake: 0.9.12 (/opt/ros/foxy/share/ament_cmake/cmake)
[0.133s] -- Found PythonInterp: /usr/bin/python3 (found suitable version "3.8.10", minimum required is "3") 
[0.133s] -- Using PYTHON_EXECUTABLE: /usr/bin/python3
[0.389s] -- Found sensor_msgs: 2.0.5 (/opt/ros/foxy/share/sensor_msgs/cmake)
[0.417s] -- Using all available rosidl_typesupport_c: rosidl_typesupport_fastrtps_c;rosidl_typesupport_introspection_c
[0.422s] -- Found rosidl_adapter: 1.3.1 (/opt/ros/foxy/share/rosidl_adapter/cmake)
[0.609s] -- Using all available rosidl_typesupport_cpp: rosidl_typesupport_fastrtps_cpp;rosidl_typesupport_introspection_cpp
[0.827s] -- Found rosidl_default_generators: 1.0.1 (/opt/ros/foxy/share/rosidl_default_generators/cmake)
[0.883s] -- Found PythonInterp: /usr/bin/python3 (found version "3.8.10") 
[1.187s] -- Found ament_cmake_ros: 0.9.2 (/opt/ros/foxy/share/ament_cmake_ros/cmake)
[1.637s] -- Using all available rosidl_typesupport_c: rosidl_typesupport_fastrtps_c;rosidl_typesupport_introspection_c
[1.847s] -- Using all available rosidl_typesupport_cpp: rosidl_typesupport_fastrtps_cpp;rosidl_typesupport_introspection_cpp
[1.905s] -- Found PythonInterp: /usr/bin/python3 (found suitable version "3.8.10", minimum required is "3.5") 
[1.909s] -- Found python_cmake_module: 0.8.1 (/opt/ros/foxy/share/python_cmake_module/cmake)
[1.986s] -- Found PythonLibs: /usr/lib/aarch64-linux-gnu/libpython3.8.so (found suitable version "3.8.10", minimum required is "3.5") 
[1.987s] -- Using PYTHON_EXECUTABLE: /usr/bin/python3
[1.987s] -- Using PYTHON_INCLUDE_DIRS: /usr/include/python3.8
[1.988s] -- Using PYTHON_LIBRARIES: /usr/lib/aarch64-linux-gnu/libpython3.8.so
[2.022s] -- Found PythonExtra: .so  
[2.180s] -- Found ament_lint_auto: 0.9.8 (/opt/ros/foxy/share/ament_lint_auto/cmake)
[2.212s] -- Added test 'copyright' to check source files copyright and LICENSE
[2.215s] -- Added test 'lint_cmake' to check CMake code style
[2.216s] -- Added test 'xmllint' to check XML markup files
[2.224s] -- Configuring done
[2.344s] -- Generating done
[2.347s] -- Build files have been written to: /home/orangepi/code/town_ws/build/village_interfaces
[2.364s] Invoked command in '/home/orangepi/code/town_ws/build/village_interfaces' returned '0': CMAKE_PREFIX_PATH=${CMAKE_PREFIX_PATH}:/home/orangepi/code/town_ws/install/village_li:/opt/ros/foxy /usr/bin/cmake /home/orangepi/code/town_ws/src/village_interfaces -DCMAKE_INSTALL_PREFIX=/home/orangepi/code/town_ws/install/village_interfaces
[2.374s] Invoking command in '/home/orangepi/code/town_ws/build/village_interfaces': CMAKE_PREFIX_PATH=${CMAKE_PREFIX_PATH}:/home/orangepi/code/town_ws/install/village_li:/opt/ros/foxy /usr/bin/cmake --build /home/orangepi/code/town_ws/build/village_interfaces -- -j8 -l8
[2.511s] [  3%] [34m[1mGenerating C code for ROS interfaces[0m
[2.518s] [35m[1mScanning dependencies of target village_interfaces__cpp[0m
[2.568s] [  6%] [34m[1mGenerating C++ code for ROS interfaces[0m
[2.977s] [35m[1mScanning dependencies of target village_interfaces__rosidl_generator_c[0m
[3.008s] [  9%] [32mBuilding C object CMakeFiles/village_interfaces__rosidl_generator_c.dir/rosidl_generator_c/village_interfaces/msg/detail/novel__functions.c.o[0m
[3.043s] [  9%] Built target village_interfaces__cpp
[3.062s] [ 12%] [34m[1mGenerating C++ introspection for ROS interfaces[0m
[3.085s] [ 19%] [34m[1mGenerating C++ type support dispatch for ROS interfaces[0m
[3.086s] [ 19%] [34m[1mGenerating C++ type support for eProsima Fast-RTPS[0m
[3.146s] [ 22%] [32m[1mLinking C shared library libvillage_interfaces__rosidl_generator_c.so[0m
[3.320s] [ 22%] Built target village_interfaces__rosidl_generator_c
[3.359s] [ 29%] [34m[1mGenerating C introspection for ROS interfaces[0m
[3.360s] [ 29%] [34m[1mGenerating C type support dispatch for ROS interfaces[0m
[3.464s] [35m[1mScanning dependencies of target village_interfaces__rosidl_typesupport_cpp[0m
[3.471s] [35m[1mScanning dependencies of target village_interfaces__rosidl_typesupport_introspection_cpp[0m
[3.494s] [ 32%] [32mBuilding CXX object CMakeFiles/village_interfaces__rosidl_typesupport_introspection_cpp.dir/rosidl_typesupport_introspection_cpp/village_interfaces/msg/detail/novel__type_support.cpp.o[0m
[3.498s] [ 35%] [32mBuilding CXX object CMakeFiles/village_interfaces__rosidl_typesupport_cpp.dir/rosidl_typesupport_cpp/village_interfaces/msg/novel__type_support.cpp.o[0m
[3.522s] [35m[1mScanning dependencies of target village_interfaces__rosidl_typesupport_fastrtps_cpp[0m
[3.576s] [ 38%] [32mBuilding CXX object CMakeFiles/village_interfaces__rosidl_typesupport_fastrtps_cpp.dir/rosidl_typesupport_fastrtps_cpp/village_interfaces/msg/detail/dds_fastrtps/novel__type_support.cpp.o[0m
[3.747s] [35m[1mScanning dependencies of target village_interfaces__rosidl_typesupport_c[0m
[3.794s] [ 41%] [32mBuilding CXX object CMakeFiles/village_interfaces__rosidl_typesupport_c.dir/rosidl_typesupport_c/village_interfaces/msg/novel__type_support.cpp.o[0m
[3.815s] [35m[1mScanning dependencies of target village_interfaces__rosidl_typesupport_introspection_c[0m
[3.867s] [ 45%] [32mBuilding C object CMakeFiles/village_interfaces__rosidl_typesupport_introspection_c.dir/rosidl_typesupport_introspection_c/village_interfaces/msg/detail/novel__type_support.c.o[0m
[3.891s] [ 48%] [32m[1mLinking CXX shared library libvillage_interfaces__rosidl_typesupport_c.so[0m
[3.982s] [ 51%] [32m[1mLinking C shared library libvillage_interfaces__rosidl_typesupport_introspection_c.so[0m
[4.011s] [ 51%] Built target village_interfaces__rosidl_typesupport_c
[4.030s] [ 54%] [32m[1mLinking CXX shared library libvillage_interfaces__rosidl_typesupport_cpp.so[0m
[4.034s] [ 58%] [32m[1mLinking CXX shared library libvillage_interfaces__rosidl_typesupport_introspection_cpp.so[0m
[4.055s] [ 58%] Built target village_interfaces__rosidl_typesupport_introspection_c
[4.175s] [ 58%] Built target village_interfaces__rosidl_typesupport_cpp
[4.221s] [ 58%] Built target village_interfaces__rosidl_typesupport_introspection_cpp
[4.278s] [ 61%] [32m[1mLinking CXX shared library libvillage_interfaces__rosidl_typesupport_fastrtps_cpp.so[0m
[4.506s] [ 61%] Built target village_interfaces__rosidl_typesupport_fastrtps_cpp
[4.544s] [ 64%] [34m[1mGenerating C type support for eProsima Fast-RTPS[0m
[4.932s] [35m[1mScanning dependencies of target village_interfaces__rosidl_typesupport_fastrtps_c[0m
[4.987s] [ 67%] [32mBuilding CXX object CMakeFiles/village_interfaces__rosidl_typesupport_fastrtps_c.dir/rosidl_typesupport_fastrtps_c/village_interfaces/msg/detail/novel__type_support_c.cpp.o[0m
[5.512s] [ 70%] [32m[1mLinking CXX shared library libvillage_interfaces__rosidl_typesupport_fastrtps_c.so[0m
[5.707s] [ 70%] Built target village_interfaces__rosidl_typesupport_fastrtps_c
[5.739s] [35m[1mScanning dependencies of target village_interfaces[0m
[5.775s] [ 70%] Built target village_interfaces
[5.812s] [35m[1mScanning dependencies of target village_interfaces__py[0m
[5.851s] [ 74%] [34m[1mGenerating Python code for ROS interfaces[0m
[6.774s] [ 74%] Built target village_interfaces__py
[6.810s] [35m[1mScanning dependencies of target village_interfaces__python[0m
[6.908s] [ 77%] [32mBuilding C object CMakeFiles/village_interfaces__python.dir/rosidl_generator_py/village_interfaces/msg/_novel_s.c.o[0m
[7.142s] [ 80%] [32m[1mLinking C shared library rosidl_generator_py/village_interfaces/libvillage_interfaces__python.so[0m
[7.269s] [ 80%] Built target village_interfaces__python
[7.285s] [35m[1mScanning dependencies of target village_interfaces__rosidl_typesupport_c__pyext[0m
[7.300s] [35m[1mScanning dependencies of target village_interfaces__rosidl_typesupport_introspection_c__pyext[0m
[7.305s] [35m[1mScanning dependencies of target village_interfaces__rosidl_typesupport_fastrtps_c__pyext[0m
[7.331s] [ 83%] [32mBuilding C object CMakeFiles/village_interfaces__rosidl_typesupport_c__pyext.dir/rosidl_generator_py/village_interfaces/_village_interfaces_s.ep.rosidl_typesupport_c.c.o[0m
[7.334s] [ 87%] [32mBuilding C object CMakeFiles/village_interfaces__rosidl_typesupport_introspection_c__pyext.dir/rosidl_generator_py/village_interfaces/_village_interfaces_s.ep.rosidl_typesupport_introspection_c.c.o[0m
[7.364s] [ 90%] [32mBuilding C object CMakeFiles/village_interfaces__rosidl_typesupport_fastrtps_c__pyext.dir/rosidl_generator_py/village_interfaces/_village_interfaces_s.ep.rosidl_typesupport_fastrtps_c.c.o[0m
[7.483s] [ 93%] [32m[1mLinking C shared library rosidl_generator_py/village_interfaces/village_interfaces_s__rosidl_typesupport_introspection_c.cpython-38-aarch64-linux-gnu.so[0m
[7.510s] [ 96%] [32m[1mLinking C shared library rosidl_generator_py/village_interfaces/village_interfaces_s__rosidl_typesupport_c.cpython-38-aarch64-linux-gnu.so[0m
[7.513s] [100%] [32m[1mLinking CXX shared library rosidl_generator_py/village_interfaces/village_interfaces_s__rosidl_typesupport_fastrtps_c.cpython-38-aarch64-linux-gnu.so[0m
[7.608s] [100%] Built target village_interfaces__rosidl_typesupport_introspection_c__pyext
[7.658s] [100%] Built target village_interfaces__rosidl_typesupport_fastrtps_c__pyext
[7.659s] [100%] Built target village_interfaces__rosidl_typesupport_c__pyext
[7.707s] Invoked command in '/home/orangepi/code/town_ws/build/village_interfaces' returned '0': CMAKE_PREFIX_PATH=${CMAKE_PREFIX_PATH}:/home/orangepi/code/town_ws/install/village_li:/opt/ros/foxy /usr/bin/cmake --build /home/orangepi/code/town_ws/build/village_interfaces -- -j8 -l8
[7.871s] Invoking command in '/home/orangepi/code/town_ws/build/village_interfaces': CMAKE_PREFIX_PATH=${CMAKE_PREFIX_PATH}:/home/orangepi/code/town_ws/install/village_li:/opt/ros/foxy /usr/bin/cmake --install /home/orangepi/code/town_ws/build/village_interfaces
[7.894s] -- Install configuration: ""
[7.895s] -- Installing: /home/orangepi/code/town_ws/install/village_interfaces/share/ament_index/resource_index/rosidl_interfaces/village_interfaces
[7.895s] -- Installing: /home/orangepi/code/town_ws/install/village_interfaces/include/village_interfaces
[7.895s] -- Installing: /home/orangepi/code/town_ws/install/village_interfaces/include/village_interfaces/msg
[7.896s] -- Installing: /home/orangepi/code/town_ws/install/village_interfaces/include/village_interfaces/msg/detail
[7.896s] -- Installing: /home/orangepi/code/town_ws/install/village_interfaces/include/village_interfaces/msg/detail/novel__functions.h
[7.897s] -- Installing: /home/orangepi/code/town_ws/install/village_interfaces/include/village_interfaces/msg/detail/novel__functions.c
[7.897s] -- Installing: /home/orangepi/code/town_ws/install/village_interfaces/include/village_interfaces/msg/detail/novel__struct.h
[7.898s] -- Installing: /home/orangepi/code/town_ws/install/village_interfaces/include/village_interfaces/msg/detail/novel__type_support.h
[7.899s] -- Installing: /home/orangepi/code/town_ws/install/village_interfaces/include/village_interfaces/msg/novel.h
[7.899s] -- Installing: /home/orangepi/code/town_ws/install/village_interfaces/include/village_interfaces/msg/rosidl_generator_c__visibility_control.h
[7.899s] -- Installing: /home/orangepi/code/town_ws/install/village_interfaces/share/village_interfaces/environment/library_path.sh
[7.900s] -- Installing: /home/orangepi/code/town_ws/install/village_interfaces/share/village_interfaces/environment/library_path.dsv
[7.900s] -- Installing: /home/orangepi/code/town_ws/install/village_interfaces/lib/libvillage_interfaces__rosidl_generator_c.so
[7.901s] -- Set runtime path of "/home/orangepi/code/town_ws/install/village_interfaces/lib/libvillage_interfaces__rosidl_generator_c.so" to ""
[7.901s] -- Up-to-date: /home/orangepi/code/town_ws/install/village_interfaces/include/village_interfaces
[7.902s] -- Up-to-date: /home/orangepi/code/town_ws/install/village_interfaces/include/village_interfaces/msg
[7.902s] -- Up-to-date: /home/orangepi/code/town_ws/install/village_interfaces/include/village_interfaces/msg/detail
[7.903s] -- Installing: /home/orangepi/code/town_ws/install/village_interfaces/include/village_interfaces/msg/detail/novel__rosidl_typesupport_fastrtps_c.h
[7.903s] -- Installing: /home/orangepi/code/town_ws/install/village_interfaces/include/village_interfaces/msg/rosidl_typesupport_fastrtps_c__visibility_control.h
[7.904s] -- Installing: /home/orangepi/code/town_ws/install/village_interfaces/lib/libvillage_interfaces__rosidl_typesupport_fastrtps_c.so
[7.905s] -- Set runtime path of "/home/orangepi/code/town_ws/install/village_interfaces/lib/libvillage_interfaces__rosidl_typesupport_fastrtps_c.so" to ""
[7.905s] -- Up-to-date: /home/orangepi/code/town_ws/install/village_interfaces/include/village_interfaces
[7.906s] -- Up-to-date: /home/orangepi/code/town_ws/install/village_interfaces/include/village_interfaces/msg
[7.906s] -- Up-to-date: /home/orangepi/code/town_ws/install/village_interfaces/include/village_interfaces/msg/detail
[7.906s] -- Installing: /home/orangepi/code/town_ws/install/village_interfaces/include/village_interfaces/msg/detail/novel__rosidl_typesupport_fastrtps_cpp.hpp
[7.907s] -- Installing: /home/orangepi/code/town_ws/install/village_interfaces/include/village_interfaces/msg/detail/dds_fastrtps
[7.907s] -- Installing: /home/orangepi/code/town_ws/install/village_interfaces/include/village_interfaces/msg/rosidl_typesupport_fastrtps_cpp__visibility_control.h
[7.908s] -- Installing: /home/orangepi/code/town_ws/install/village_interfaces/lib/libvillage_interfaces__rosidl_typesupport_fastrtps_cpp.so
[7.908s] -- Set runtime path of "/home/orangepi/code/town_ws/install/village_interfaces/lib/libvillage_interfaces__rosidl_typesupport_fastrtps_cpp.so" to ""
[7.908s] -- Up-to-date: /home/orangepi/code/town_ws/install/village_interfaces/include/village_interfaces
[7.909s] -- Up-to-date: /home/orangepi/code/town_ws/install/village_interfaces/include/village_interfaces/msg
[7.909s] -- Up-to-date: /home/orangepi/code/town_ws/install/village_interfaces/include/village_interfaces/msg/detail
[7.909s] -- Installing: /home/orangepi/code/town_ws/install/village_interfaces/include/village_interfaces/msg/detail/novel__rosidl_typesupport_introspection_c.h
[7.910s] -- Installing: /home/orangepi/code/town_ws/install/village_interfaces/include/village_interfaces/msg/detail/novel__type_support.c
[7.910s] -- Installing: /home/orangepi/code/town_ws/install/village_interfaces/include/village_interfaces/msg/rosidl_typesupport_introspection_c__visibility_control.h
[7.911s] -- Installing: /home/orangepi/code/town_ws/install/village_interfaces/lib/libvillage_interfaces__rosidl_typesupport_introspection_c.so
[7.911s] -- Set runtime path of "/home/orangepi/code/town_ws/install/village_interfaces/lib/libvillage_interfaces__rosidl_typesupport_introspection_c.so" to ""
[7.912s] -- Installing: /home/orangepi/code/town_ws/install/village_interfaces/lib/libvillage_interfaces__rosidl_typesupport_c.so
[7.912s] -- Set runtime path of "/home/orangepi/code/town_ws/install/village_interfaces/lib/libvillage_interfaces__rosidl_typesupport_c.so" to ""
[7.912s] -- Up-to-date: /home/orangepi/code/town_ws/install/village_interfaces/include/village_interfaces
[7.913s] -- Up-to-date: /home/orangepi/code/town_ws/install/village_interfaces/include/village_interfaces/msg
[7.913s] -- Installing: /home/orangepi/code/town_ws/install/village_interfaces/include/village_interfaces/msg/novel.hpp
[7.913s] -- Up-to-date: /home/orangepi/code/town_ws/install/village_interfaces/include/village_interfaces/msg/detail
[7.914s] -- Installing: /home/orangepi/code/town_ws/install/village_interfaces/include/village_interfaces/msg/detail/novel__type_support.hpp
[7.914s] -- Installing: /home/orangepi/code/town_ws/install/village_interfaces/include/village_interfaces/msg/detail/novel__struct.hpp
[7.915s] -- Installing: /home/orangepi/code/town_ws/install/village_interfaces/include/village_interfaces/msg/detail/novel__builder.hpp
[7.915s] -- Installing: /home/orangepi/code/town_ws/install/village_interfaces/include/village_interfaces/msg/detail/novel__traits.hpp
[7.915s] -- Installing: /home/orangepi/code/town_ws/install/village_interfaces/include/village_interfaces/msg/rosidl_generator_cpp__visibility_control.hpp
[7.916s] -- Up-to-date: /home/orangepi/code/town_ws/install/village_interfaces/include/village_interfaces
[7.916s] -- Up-to-date: /home/orangepi/code/town_ws/install/village_interfaces/include/village_interfaces/msg
[7.917s] -- Up-to-date: /home/orangepi/code/town_ws/install/village_interfaces/include/village_interfaces/msg/detail
[7.917s] -- Installing: /home/orangepi/code/town_ws/install/village_interfaces/include/village_interfaces/msg/detail/novel__rosidl_typesupport_introspection_cpp.hpp
[7.917s] -- Installing: /home/orangepi/code/town_ws/install/village_interfaces/include/village_interfaces/msg/detail/novel__type_support.cpp
[7.918s] -- Installing: /home/orangepi/code/town_ws/install/village_interfaces/lib/libvillage_interfaces__rosidl_typesupport_introspection_cpp.so
[7.918s] -- Set runtime path of "/home/orangepi/code/town_ws/install/village_interfaces/lib/libvillage_interfaces__rosidl_typesupport_introspection_cpp.so" to ""
[7.919s] -- Installing: /home/orangepi/code/town_ws/install/village_interfaces/lib/libvillage_interfaces__rosidl_typesupport_cpp.so
[7.919s] -- Set runtime path of "/home/orangepi/code/town_ws/install/village_interfaces/lib/libvillage_interfaces__rosidl_typesupport_cpp.so" to ""
[7.919s] -- Installing: /home/orangepi/code/town_ws/install/village_interfaces/share/village_interfaces/environment/pythonpath.sh
[7.920s] -- Installing: /home/orangepi/code/town_ws/install/village_interfaces/share/village_interfaces/environment/pythonpath.dsv
[7.920s] -- Installing: /home/orangepi/code/town_ws/install/village_interfaces/lib/python3.8/site-packages/village_interfaces/__init__.py
[7.944s] Compiling '/home/orangepi/code/town_ws/install/village_interfaces/lib/python3.8/site-packages/village_interfaces/__init__.py'...
[7.951s] -- Installing: /home/orangepi/code/town_ws/install/village_interfaces/lib/python3.8/site-packages/village_interfaces/msg
[7.952s] -- Installing: /home/orangepi/code/town_ws/install/village_interfaces/lib/python3.8/site-packages/village_interfaces/msg/__init__.py
[7.952s] -- Installing: /home/orangepi/code/town_ws/install/village_interfaces/lib/python3.8/site-packages/village_interfaces/msg/_novel_s.c
[7.953s] -- Installing: /home/orangepi/code/town_ws/install/village_interfaces/lib/python3.8/site-packages/village_interfaces/msg/_novel.py
[7.953s] -- Installing: /home/orangepi/code/town_ws/install/village_interfaces/lib/python3.8/site-packages/village_interfaces/village_interfaces_s__rosidl_typesupport_fastrtps_c.cpython-38-aarch64-linux-gnu.so
[7.954s] -- Set runtime path of "/home/orangepi/code/town_ws/install/village_interfaces/lib/python3.8/site-packages/village_interfaces/village_interfaces_s__rosidl_typesupport_fastrtps_c.cpython-38-aarch64-linux-gnu.so" to ""
[7.954s] -- Installing: /home/orangepi/code/town_ws/install/village_interfaces/lib/python3.8/site-packages/village_interfaces/village_interfaces_s__rosidl_typesupport_introspection_c.cpython-38-aarch64-linux-gnu.so
[7.955s] -- Set runtime path of "/home/orangepi/code/town_ws/install/village_interfaces/lib/python3.8/site-packages/village_interfaces/village_interfaces_s__rosidl_typesupport_introspection_c.cpython-38-aarch64-linux-gnu.so" to ""
[7.955s] -- Installing: /home/orangepi/code/town_ws/install/village_interfaces/lib/python3.8/site-packages/village_interfaces/village_interfaces_s__rosidl_typesupport_c.cpython-38-aarch64-linux-gnu.so
[7.956s] -- Set runtime path of "/home/orangepi/code/town_ws/install/village_interfaces/lib/python3.8/site-packages/village_interfaces/village_interfaces_s__rosidl_typesupport_c.cpython-38-aarch64-linux-gnu.so" to ""
[7.956s] -- Installing: /home/orangepi/code/town_ws/install/village_interfaces/lib/libvillage_interfaces__python.so
[7.957s] -- Set runtime path of "/home/orangepi/code/town_ws/install/village_interfaces/lib/libvillage_interfaces__python.so" to ""
[7.958s] -- Installing: /home/orangepi/code/town_ws/install/village_interfaces/share/village_interfaces/msg/Novel.idl
[7.958s] -- Installing: /home/orangepi/code/town_ws/install/village_interfaces/share/village_interfaces/msg/Novel.msg
[7.959s] -- Installing: /home/orangepi/code/town_ws/install/village_interfaces/share/ament_index/resource_index/package_run_dependencies/village_interfaces
[7.959s] -- Installing: /home/orangepi/code/town_ws/install/village_interfaces/share/ament_index/resource_index/parent_prefix_path/village_interfaces
[7.960s] -- Installing: /home/orangepi/code/town_ws/install/village_interfaces/share/village_interfaces/environment/ament_prefix_path.sh
[7.960s] -- Installing: /home/orangepi/code/town_ws/install/village_interfaces/share/village_interfaces/environment/ament_prefix_path.dsv
[7.961s] -- Installing: /home/orangepi/code/town_ws/install/village_interfaces/share/village_interfaces/environment/path.sh
[7.961s] -- Installing: /home/orangepi/code/town_ws/install/village_interfaces/share/village_interfaces/environment/path.dsv
[7.962s] -- Installing: /home/orangepi/code/town_ws/install/village_interfaces/share/village_interfaces/local_setup.bash
[7.962s] -- Installing: /home/orangepi/code/town_ws/install/village_interfaces/share/village_interfaces/local_setup.sh
[7.963s] -- Installing: /home/orangepi/code/town_ws/install/village_interfaces/share/village_interfaces/local_setup.zsh
[7.963s] -- Installing: /home/orangepi/code/town_ws/install/village_interfaces/share/village_interfaces/local_setup.dsv
[7.964s] -- Installing: /home/orangepi/code/town_ws/install/village_interfaces/share/village_interfaces/package.dsv
[7.965s] -- Installing: /home/orangepi/code/town_ws/install/village_interfaces/share/ament_index/resource_index/packages/village_interfaces
[7.968s] -- Installing: /home/orangepi/code/town_ws/install/village_interfaces/share/village_interfaces/cmake/village_interfaces__rosidl_generator_cExport.cmake
[7.972s] -- Installing: /home/orangepi/code/town_ws/install/village_interfaces/share/village_interfaces/cmake/village_interfaces__rosidl_generator_cExport-noconfig.cmake
[7.973s] -- Installing: /home/orangepi/code/town_ws/install/village_interfaces/share/village_interfaces/cmake/village_interfaces__rosidl_typesupport_introspection_cExport.cmake
[7.974s] -- Installing: /home/orangepi/code/town_ws/install/village_interfaces/share/village_interfaces/cmake/village_interfaces__rosidl_typesupport_introspection_cExport-noconfig.cmake
[7.975s] -- Installing: /home/orangepi/code/town_ws/install/village_interfaces/share/village_interfaces/cmake/village_interfaces__rosidl_typesupport_cExport.cmake
[7.975s] -- Installing: /home/orangepi/code/town_ws/install/village_interfaces/share/village_interfaces/cmake/village_interfaces__rosidl_typesupport_cExport-noconfig.cmake
[7.976s] -- Installing: /home/orangepi/code/town_ws/install/village_interfaces/share/village_interfaces/cmake/village_interfaces__rosidl_generator_cppExport.cmake
[7.977s] -- Installing: /home/orangepi/code/town_ws/install/village_interfaces/share/village_interfaces/cmake/village_interfaces__rosidl_typesupport_introspection_cppExport.cmake
[7.977s] -- Installing: /home/orangepi/code/town_ws/install/village_interfaces/share/village_interfaces/cmake/village_interfaces__rosidl_typesupport_introspection_cppExport-noconfig.cmake
[7.978s] -- Installing: /home/orangepi/code/town_ws/install/village_interfaces/share/village_interfaces/cmake/village_interfaces__rosidl_typesupport_cppExport.cmake
[7.980s] -- Installing: /home/orangepi/code/town_ws/install/village_interfaces/share/village_interfaces/cmake/village_interfaces__rosidl_typesupport_cppExport-noconfig.cmake
[7.981s] -- Installing: /home/orangepi/code/town_ws/install/village_interfaces/share/village_interfaces/cmake/rosidl_cmake-extras.cmake
[7.982s] -- Installing: /home/orangepi/code/town_ws/install/village_interfaces/share/village_interfaces/cmake/ament_cmake_export_dependencies-extras.cmake
[7.982s] -- Installing: /home/orangepi/code/town_ws/install/village_interfaces/share/village_interfaces/cmake/ament_cmake_export_libraries-extras.cmake
[7.983s] -- Installing: /home/orangepi/code/town_ws/install/village_interfaces/share/village_interfaces/cmake/ament_cmake_export_targets-extras.cmake
[7.984s] -- Installing: /home/orangepi/code/town_ws/install/village_interfaces/share/village_interfaces/cmake/ament_cmake_export_include_directories-extras.cmake
[7.986s] -- Installing: /home/orangepi/code/town_ws/install/village_interfaces/share/village_interfaces/cmake/rosidl_cmake_export_typesupport_libraries-extras.cmake
[7.986s] -- Installing: /home/orangepi/code/town_ws/install/village_interfaces/share/village_interfaces/cmake/rosidl_cmake_export_typesupport_targets-extras.cmake
[7.987s] -- Installing: /home/orangepi/code/town_ws/install/village_interfaces/share/village_interfaces/cmake/village_interfacesConfig.cmake
[7.989s] -- Installing: /home/orangepi/code/town_ws/install/village_interfaces/share/village_interfaces/cmake/village_interfacesConfig-version.cmake
[7.990s] -- Installing: /home/orangepi/code/town_ws/install/village_interfaces/share/village_interfaces/package.xml
[7.995s] Invoked command in '/home/orangepi/code/town_ws/build/village_interfaces' returned '0': CMAKE_PREFIX_PATH=${CMAKE_PREFIX_PATH}:/home/orangepi/code/town_ws/install/village_li:/opt/ros/foxy /usr/bin/cmake --install /home/orangepi/code/town_ws/build/village_interfaces
