[0.870s] Invoking command in '/home/orangepi/code/town_ws/src/village_li': PYTHONPATH=/home/orangepi/code/town_ws/build/village_li/prefix_override:/home/orangepi/code/town_ws/install/village_li/lib/python3.8/site-packages:${PYTHONPATH} /usr/bin/python3 setup.py egg_info --egg-base ../../build/village_li build --build-base /home/orangepi/code/town_ws/build/village_li/build install --record /home/orangepi/code/town_ws/build/village_li/install.log --install-scripts $base/lib/village_li --single-version-externally-managed
[1.130s] running egg_info
[1.131s] writing ../../build/village_li/village_li.egg-info/PKG-INFO
[1.131s] writing dependency_links to ../../build/village_li/village_li.egg-info/dependency_links.txt
[1.132s] writing entry points to ../../build/village_li/village_li.egg-info/entry_points.txt
[1.132s] writing requirements to ../../build/village_li/village_li.egg-info/requires.txt
[1.133s] writing top-level names to ../../build/village_li/village_li.egg-info/top_level.txt
[1.188s] reading manifest file '../../build/village_li/village_li.egg-info/SOURCES.txt'
[1.189s] writing manifest file '../../build/village_li/village_li.egg-info/SOURCES.txt'
[1.190s] running build
[1.190s] running build_py
[1.191s] copying village_li/li4.py -> /home/orangepi/code/town_ws/build/village_li/build/lib/village_li
[1.191s] running install
[1.192s] running install_lib
[1.192s] copying /home/orangepi/code/town_ws/build/village_li/build/lib/village_li/li4.py -> /home/orangepi/code/town_ws/install/village_li/lib/python3.8/site-packages/village_li
[1.192s] byte-compiling /home/orangepi/code/town_ws/install/village_li/lib/python3.8/site-packages/village_li/li4.py to li4.cpython-38.pyc
[1.194s] running install_data
[1.195s] running install_egg_info
[1.197s] removing '/home/orangepi/code/town_ws/install/village_li/lib/python3.8/site-packages/village_li-0.0.0-py3.8.egg-info' (and everything under it)
[1.197s] Copying ../../build/village_li/village_li.egg-info to /home/orangepi/code/town_ws/install/village_li/lib/python3.8/site-packages/village_li-0.0.0-py3.8.egg-info
[1.198s] running install_scripts
[1.220s] Installing li4_node script to /home/orangepi/code/town_ws/install/village_li/lib/village_li
[1.221s] writing list of installed files to '/home/orangepi/code/town_ws/build/village_li/install.log'
[1.272s] Invoked command in '/home/orangepi/code/town_ws/src/village_li' returned '0': PYTHONPATH=/home/orangepi/code/town_ws/build/village_li/prefix_override:/home/orangepi/code/town_ws/install/village_li/lib/python3.8/site-packages:${PYTHONPATH} /usr/bin/python3 setup.py egg_info --egg-base ../../build/village_li build --build-base /home/orangepi/code/town_ws/build/village_li/build install --record /home/orangepi/code/town_ws/build/village_li/install.log --install-scripts $base/lib/village_li --single-version-externally-managed
