[0.962s] Invoking command in '/home/orangepi/code/My_Robot/src/perception': CONDA_PROMPT_MODIFIER=(base) PYTHONPATH=/home/orangepi/code/My_Robot/build/perception/prefix_override:/home/orangepi/code/My_Robot/install/perception/lib/python3.8/site-packages:${PYTHONPATH} /usr/bin/python3 setup.py egg_info --egg-base ../../build/perception build --build-base /home/orangepi/code/My_Robot/build/perception/build install --record /home/orangepi/code/My_Robot/build/perception/install.log --install-scripts $base/lib/perception --single-version-externally-managed
[1.203s] running egg_info
[1.204s] creating ../../build/perception/perception.egg-info
[1.205s] writing ../../build/perception/perception.egg-info/PKG-INFO
[1.205s] writing dependency_links to ../../build/perception/perception.egg-info/dependency_links.txt
[1.206s] writing entry points to ../../build/perception/perception.egg-info/entry_points.txt
[1.206s] writing requirements to ../../build/perception/perception.egg-info/requires.txt
[1.206s] writing top-level names to ../../build/perception/perception.egg-info/top_level.txt
[1.208s] writing manifest file '../../build/perception/perception.egg-info/SOURCES.txt'
[1.248s] reading manifest file '../../build/perception/perception.egg-info/SOURCES.txt'
[1.249s] writing manifest file '../../build/perception/perception.egg-info/SOURCES.txt'
[1.249s] running build
[1.250s] running build_py
[1.250s] creating /home/orangepi/code/My_Robot/build/perception/build
[1.250s] creating /home/orangepi/code/My_Robot/build/perception/build/lib
[1.251s] creating /home/orangepi/code/My_Robot/build/perception/build/lib/perception
[1.251s] copying perception/__init__.py -> /home/orangepi/code/My_Robot/build/perception/build/lib/perception
[1.252s] running install
[1.252s] running install_lib
[1.252s] creating /home/orangepi/code/My_Robot/install/perception/lib/python3.8/site-packages/perception
[1.253s] copying /home/orangepi/code/My_Robot/build/perception/build/lib/perception/__init__.py -> /home/orangepi/code/My_Robot/install/perception/lib/python3.8/site-packages/perception
[1.253s] byte-compiling /home/orangepi/code/My_Robot/install/perception/lib/python3.8/site-packages/perception/__init__.py to __init__.cpython-38.pyc
[1.254s] running install_data
[1.254s] creating /home/orangepi/code/My_Robot/install/perception/share/ament_index
[1.255s] creating /home/orangepi/code/My_Robot/install/perception/share/ament_index/resource_index
[1.255s] creating /home/orangepi/code/My_Robot/install/perception/share/ament_index/resource_index/packages
[1.255s] copying resource/perception -> /home/orangepi/code/My_Robot/install/perception/share/ament_index/resource_index/packages
[1.256s] copying package.xml -> /home/orangepi/code/My_Robot/install/perception/share/perception
[1.256s] running install_egg_info
[1.257s] Copying ../../build/perception/perception.egg-info to /home/orangepi/code/My_Robot/install/perception/lib/python3.8/site-packages/perception-0.0.0-py3.8.egg-info
[1.257s] running install_scripts
[1.279s] writing list of installed files to '/home/orangepi/code/My_Robot/build/perception/install.log'
[1.327s] Invoked command in '/home/orangepi/code/My_Robot/src/perception' returned '0': CONDA_PROMPT_MODIFIER=(base) PYTHONPATH=/home/orangepi/code/My_Robot/build/perception/prefix_override:/home/orangepi/code/My_Robot/install/perception/lib/python3.8/site-packages:${PYTHONPATH} /usr/bin/python3 setup.py egg_info --egg-base ../../build/perception build --build-base /home/orangepi/code/My_Robot/build/perception/build install --record /home/orangepi/code/My_Robot/build/perception/install.log --install-scripts $base/lib/perception --single-version-externally-managed
