[0.044s] Invoking command in '/home/orangepi/code/My_Robot/build/localization': CMAKE_PREFIX_PATH=/opt/ros/foxy CONDA_PROMPT_MODIFIER=(base) /usr/bin/cmake /home/orangepi/code/My_Robot/src/localization -DCMAKE_INSTALL_PREFIX=/home/orangepi/code/My_Robot/install/localization
[0.211s] -- The C compiler identification is GNU 9.4.0
[0.335s] -- The CXX compiler identification is GNU 9.4.0
[0.341s] -- Check for working C compiler: /usr/bin/cc
[0.555s] -- Check for working C compiler: /usr/bin/cc -- works
[0.556s] -- Detecting C compiler ABI info
[0.778s] -- Detecting C compiler ABI info - done
[0.802s] -- Detecting C compile features
[0.803s] -- Detecting C compile features - done
[0.805s] -- Check for working CXX compiler: /usr/bin/c++
[1.053s] -- Check for working CXX compiler: /usr/bin/c++ -- works
[1.057s] -- Detecting CXX compiler ABI info
[1.314s] -- Detecting CXX compiler ABI info - done
[1.326s] -- Detecting CXX compile features
[1.326s] -- Detecting CXX compile features - done
[1.331s] -- Found ament_cmake: 0.9.12 (/opt/ros/foxy/share/ament_cmake/cmake)
[1.403s] -- Found PythonInterp: /home/orangepi/miniconda3/bin/python3 (found suitable version "3.8.17", minimum required is "3") 
[1.403s] -- Using PYTHON_EXECUTABLE: /home/orangepi/miniconda3/bin/python3
[1.680s] -- Found rclcpp: 2.4.3 (/opt/ros/foxy/share/rclcpp/cmake)
[1.743s] -- Using all available rosidl_typesupport_c: rosidl_typesupport_fastrtps_c;rosidl_typesupport_introspection_c
[1.751s] -- Found rosidl_adapter: 1.3.1 (/opt/ros/foxy/share/rosidl_adapter/cmake)
[1.981s] -- Found OpenSSL: /usr/lib/aarch64-linux-gnu/libcrypto.so (found version "1.1.1f")  
[2.057s] -- Found FastRTPS: /opt/ros/foxy/include  
[2.175s] -- Using all available rosidl_typesupport_cpp: rosidl_typesupport_fastrtps_cpp;rosidl_typesupport_introspection_cpp
[2.247s] -- Found rmw_implementation_cmake: 1.0.4 (/opt/ros/foxy/share/rmw_implementation_cmake/cmake)
[2.249s] -- Using RMW implementation 'rmw_fastrtps_cpp' as default
[2.250s] -- Looking for pthread.h
[2.481s] -- Looking for pthread.h - found
[2.482s] -- Performing Test CMAKE_HAVE_LIBC_PTHREAD
[2.743s] -- Performing Test CMAKE_HAVE_LIBC_PTHREAD - Failed
[2.743s] -- Looking for pthread_create in pthreads
[2.945s] -- Looking for pthread_create in pthreads - not found
[2.945s] -- Looking for pthread_create in pthread
[3.162s] -- Looking for pthread_create in pthread - found
[3.164s] -- Found Threads: TRUE  
[3.378s] -- Found ament_lint_auto: 0.9.8 (/opt/ros/foxy/share/ament_lint_auto/cmake)
[3.450s] Traceback (most recent call last):
[3.450s]   File "/opt/ros/foxy/share/ament_cmake_core/cmake/core/package_xml_2_cmake.py", line 21, in <module>
[3.450s]     from catkin_pkg.package import parse_package_string
[3.450s] ModuleNotFoundError: No module named 'catkin_pkg'
[3.456s] CMake Error at /opt/ros/foxy/share/ament_cmake_core/cmake/core/ament_package_xml.cmake:94 (message):
[3.457s]   execute_process(/home/orangepi/miniconda3/bin/python3
[3.457s]   /opt/ros/foxy/share/ament_cmake_core/cmake/core/package_xml_2_cmake.py
[3.457s]   /home/orangepi/code/My_Robot/src/localization/package.xml
[3.457s]   /home/orangepi/code/My_Robot/build/localization/ament_cmake_core/package.cmake)
[3.457s]   returned error code 1
[3.457s] Call Stack (most recent call first):
[3.457s]   /opt/ros/foxy/share/ament_cmake_core/cmake/core/ament_package_xml.cmake:49 (_ament_package_xml)
[3.457s]   /opt/ros/foxy/share/ament_lint_auto/cmake/ament_lint_auto_find_test_dependencies.cmake:31 (ament_package_xml)
[3.457s]   CMakeLists.txt:30 (ament_lint_auto_find_test_dependencies)
[3.457s] 
[3.457s] 
[3.459s] -- Configuring incomplete, errors occurred!
[3.459s] See also "/home/orangepi/code/My_Robot/build/localization/CMakeFiles/CMakeOutput.log".
[3.459s] See also "/home/orangepi/code/My_Robot/build/localization/CMakeFiles/CMakeError.log".
[3.473s] Invoked command in '/home/orangepi/code/My_Robot/build/localization' returned '1': CMAKE_PREFIX_PATH=/opt/ros/foxy CONDA_PROMPT_MODIFIER=(base) /usr/bin/cmake /home/orangepi/code/My_Robot/src/localization -DCMAKE_INSTALL_PREFIX=/home/orangepi/code/My_Robot/install/localization
