[1.104s] Invoking command in '/home/orangepi/code/town_ws/src/village_li': PYTHONPATH=/home/orangepi/code/town_ws/build/village_li/prefix_override:/home/orangepi/code/town_ws/install/village_li/lib/python3.8/site-packages:${PYTHONPATH} /usr/bin/python3 setup.py egg_info --egg-base ../../build/village_li build --build-base /home/orangepi/code/town_ws/build/village_li/build install --record /home/orangepi/code/town_ws/build/village_li/install.log --install-scripts $base/lib/village_li --single-version-externally-managed
[1.367s] running egg_info
[1.368s] creating ../../build/village_li/village_li.egg-info
[1.368s] writing ../../build/village_li/village_li.egg-info/PKG-INFO
[1.368s] writing dependency_links to ../../build/village_li/village_li.egg-info/dependency_links.txt
[1.369s] writing entry points to ../../build/village_li/village_li.egg-info/entry_points.txt
[1.369s] writing requirements to ../../build/village_li/village_li.egg-info/requires.txt
[1.370s] writing top-level names to ../../build/village_li/village_li.egg-info/top_level.txt
[1.372s] writing manifest file '../../build/village_li/village_li.egg-info/SOURCES.txt'
[1.416s] reading manifest file '../../build/village_li/village_li.egg-info/SOURCES.txt'
[1.417s] writing manifest file '../../build/village_li/village_li.egg-info/SOURCES.txt'
[1.417s] running build
[1.418s] running build_py
[1.418s] creating /home/orangepi/code/town_ws/build/village_li/build
[1.419s] creating /home/orangepi/code/town_ws/build/village_li/build/lib
[1.419s] creating /home/orangepi/code/town_ws/build/village_li/build/lib/village_li
[1.419s] copying village_li/__init__.py -> /home/orangepi/code/town_ws/build/village_li/build/lib/village_li
[1.420s] copying village_li/li4.py -> /home/orangepi/code/town_ws/build/village_li/build/lib/village_li
[1.420s] running install
[1.421s] running install_lib
[1.421s] creating /home/orangepi/code/town_ws/install/village_li/lib/python3.8/site-packages/village_li
[1.421s] copying /home/orangepi/code/town_ws/build/village_li/build/lib/village_li/__init__.py -> /home/orangepi/code/town_ws/install/village_li/lib/python3.8/site-packages/village_li
[1.422s] copying /home/orangepi/code/town_ws/build/village_li/build/lib/village_li/li4.py -> /home/orangepi/code/town_ws/install/village_li/lib/python3.8/site-packages/village_li
[1.422s] byte-compiling /home/orangepi/code/town_ws/install/village_li/lib/python3.8/site-packages/village_li/__init__.py to __init__.cpython-38.pyc
[1.423s] byte-compiling /home/orangepi/code/town_ws/install/village_li/lib/python3.8/site-packages/village_li/li4.py to li4.cpython-38.pyc
[1.423s] running install_data
[1.424s] creating /home/orangepi/code/town_ws/install/village_li/share/ament_index
[1.424s] creating /home/orangepi/code/town_ws/install/village_li/share/ament_index/resource_index
[1.424s] creating /home/orangepi/code/town_ws/install/village_li/share/ament_index/resource_index/packages
[1.425s] copying resource/village_li -> /home/orangepi/code/town_ws/install/village_li/share/ament_index/resource_index/packages
[1.425s] copying package.xml -> /home/orangepi/code/town_ws/install/village_li/share/village_li
[1.426s] running install_egg_info
[1.426s] Copying ../../build/village_li/village_li.egg-info to /home/orangepi/code/town_ws/install/village_li/lib/python3.8/site-packages/village_li-0.0.0-py3.8.egg-info
[1.427s] running install_scripts
[1.450s] Installing li4_node script to /home/orangepi/code/town_ws/install/village_li/lib/village_li
[1.450s] writing list of installed files to '/home/orangepi/code/town_ws/build/village_li/install.log'
[1.497s] Invoked command in '/home/orangepi/code/town_ws/src/village_li' returned '0': PYTHONPATH=/home/orangepi/code/town_ws/build/village_li/prefix_override:/home/orangepi/code/town_ws/install/village_li/lib/python3.8/site-packages:${PYTHONPATH} /usr/bin/python3 setup.py egg_info --egg-base ../../build/village_li build --build-base /home/orangepi/code/town_ws/build/village_li/build install --record /home/orangepi/code/town_ws/build/village_li/install.log --install-scripts $base/lib/village_li --single-version-externally-managed
