[0.833s] Invoking command in '/home/orangepi/code/town_ws/src/village_li': PYTHONPATH=/home/orangepi/code/town_ws/build/village_li/prefix_override:/home/orangepi/code/town_ws/install/village_li/lib/python3.8/site-packages:${PYTHONPATH} /usr/bin/python3 setup.py egg_info --egg-base ../../build/village_li build --build-base /home/orangepi/code/town_ws/build/village_li/build install --record /home/orangepi/code/town_ws/build/village_li/install.log --install-scripts $base/lib/village_li --single-version-externally-managed
[1.096s] running egg_info
[1.097s] writing ../../build/village_li/village_li.egg-info/PKG-INFO
[1.097s] writing dependency_links to ../../build/village_li/village_li.egg-info/dependency_links.txt
[1.098s] writing entry points to ../../build/village_li/village_li.egg-info/entry_points.txt
[1.099s] writing requirements to ../../build/village_li/village_li.egg-info/requires.txt
[1.100s] writing top-level names to ../../build/village_li/village_li.egg-info/top_level.txt
[1.144s] reading manifest file '../../build/village_li/village_li.egg-info/SOURCES.txt'
[1.145s] writing manifest file '../../build/village_li/village_li.egg-info/SOURCES.txt'
[1.145s] running build
[1.145s] running build_py
[1.146s] copying village_li/li4.py -> /home/orangepi/code/town_ws/build/village_li/build/lib/village_li
[1.146s] running install
[1.147s] running install_lib
[1.148s] copying /home/orangepi/code/town_ws/build/village_li/build/lib/village_li/li4.py -> /home/orangepi/code/town_ws/install/village_li/lib/python3.8/site-packages/village_li
[1.149s] byte-compiling /home/orangepi/code/town_ws/install/village_li/lib/python3.8/site-packages/village_li/li4.py to li4.cpython-38.pyc
[1.151s] running install_data
[1.152s] running install_egg_info
[1.153s] removing '/home/orangepi/code/town_ws/install/village_li/lib/python3.8/site-packages/village_li-0.0.0-py3.8.egg-info' (and everything under it)
[1.154s] Copying ../../build/village_li/village_li.egg-info to /home/orangepi/code/town_ws/install/village_li/lib/python3.8/site-packages/village_li-0.0.0-py3.8.egg-info
[1.155s] running install_scripts
[1.176s] Installing li4_node script to /home/orangepi/code/town_ws/install/village_li/lib/village_li
[1.177s] writing list of installed files to '/home/orangepi/code/town_ws/build/village_li/install.log'
[1.223s] Invoked command in '/home/orangepi/code/town_ws/src/village_li' returned '0': PYTHONPATH=/home/orangepi/code/town_ws/build/village_li/prefix_override:/home/orangepi/code/town_ws/install/village_li/lib/python3.8/site-packages:${PYTHONPATH} /usr/bin/python3 setup.py egg_info --egg-base ../../build/village_li build --build-base /home/orangepi/code/town_ws/build/village_li/build install --record /home/orangepi/code/town_ws/build/village_li/install.log --install-scripts $base/lib/village_li --single-version-externally-managed
