[0.082s] Invoking command in '/home/orangepi/code/town_ws/build/village_wang': AMENT_PREFIX_PATH=/home/orangepi/code/town_ws/install/village_interfaces:${AMENT_PREFIX_PATH} CMAKE_PREFIX_PATH=/home/orangepi/code/town_ws/install/village_interfaces:/opt/ros/foxy LD_LIBRARY_PATH=/home/orangepi/code/town_ws/install/village_interfaces/lib:${LD_LIBRARY_PATH} PYTHONPATH=/home/orangepi/code/town_ws/install/village_interfaces/lib/python3.8/site-packages:${PYTHONPATH} /usr/bin/cmake --build /home/orangepi/code/town_ws/build/village_wang -- -j8 -l8
[0.479s] -- Found ament_cmake: 0.9.12 (/opt/ros/foxy/share/ament_cmake/cmake)
[0.606s] -- Using PYTHON_EXECUTABLE: /usr/bin/python3
[1.135s] -- Found rclcpp: 2.4.3 (/opt/ros/foxy/share/rclcpp/cmake)
[1.520s] -- Using all available rosidl_typesupport_c: rosidl_typesupport_fastrtps_c;rosidl_typesupport_introspection_c
[1.554s] -- Found rosidl_adapter: 1.3.1 (/opt/ros/foxy/share/rosidl_adapter/cmake)
[2.003s] -- Using all available rosidl_typesupport_cpp: rosidl_typesupport_fastrtps_cpp;rosidl_typesupport_introspection_cpp
[2.315s] -- Found rmw_implementation_cmake: 1.0.4 (/opt/ros/foxy/share/rmw_implementation_cmake/cmake)
[2.326s] -- Using RMW implementation 'rmw_fastrtps_cpp' as default
[2.808s] -- Found village_interfaces: 0.0.0 (/home/orangepi/code/town_ws/install/village_interfaces/share/village_interfaces/cmake)
[3.376s] -- Found ament_lint_auto: 0.9.8 (/opt/ros/foxy/share/ament_lint_auto/cmake)
[3.660s] -- Added test 'copyright' to check source files copyright and LICENSE
[3.665s] -- Added test 'cppcheck' to perform static code analysis on C / C++ code
[3.665s] -- Configured cppcheck include dirs: 
[3.665s] -- Configured cppcheck exclude dirs and/or files: 
[3.673s] -- Added test 'cpplint' to check C / C++ code against the Google style
[3.673s] -- Configured cpplint exclude dirs and/or files: 
[3.679s] -- Added test 'lint_cmake' to check CMake code style
[3.687s] -- Added test 'uncrustify' to check C / C++ code style
[3.688s] -- Configured uncrustify additional arguments: 
[3.692s] -- Added test 'xmllint' to check XML markup files
[3.724s] -- Configuring done
[3.819s] -- Generating done
[3.825s] -- Build files have been written to: /home/orangepi/code/town_ws/build/village_wang
[3.952s] [ 50%] [32mBuilding CXX object CMakeFiles/wang2_node.dir/src/wang2.cpp.o[0m
[8.110s] In file included from [01m[K/opt/ros/foxy/include/rclcpp/context.hpp:19[m[K,
[8.110s]                  from [01m[K/opt/ros/foxy/include/rclcpp/contexts/default_context.hpp:18[m[K,
[8.111s]                  from [01m[K/opt/ros/foxy/include/rclcpp/executor.hpp:32[m[K,
[8.111s]                  from [01m[K/opt/ros/foxy/include/rclcpp/executors/multi_threaded_executor.hpp:26[m[K,
[8.111s]                  from [01m[K/opt/ros/foxy/include/rclcpp/executors.hpp:21[m[K,
[8.111s]                  from [01m[K/opt/ros/foxy/include/rclcpp/rclcpp.hpp:146[m[K,
[8.111s]                  from [01m[K/home/orangepi/code/town_ws/src/village_wang/src/wang2.cpp:19[m[K:
[8.111s] /usr/include/c++/9/functional: In instantiation of ‘[01m[Kstruct std::_Bind_check_arity<void (SingleDogNode::*)(std::shared_ptr<village_interfaces::srv::SellNovel_Request_<std::allocator<void> > >, std::shared_ptr<village_interfaces::srv::SellNovel_Response_<std::allocator<void> > >), SingleDogNode*, const std::_Placeholder<2>&>[m[K’:
[8.111s] [01m[K/usr/include/c++/9/functional:787:12:[m[K   required from ‘[01m[Kstruct std::_Bind_helper<false, void (SingleDogNode::*)(std::shared_ptr<village_interfaces::srv::SellNovel_Request_<std::allocator<void> > >, std::shared_ptr<village_interfaces::srv::SellNovel_Response_<std::allocator<void> > >), SingleDogNode*, const std::_Placeholder<2>&>[m[K’
[8.111s] [01m[K/usr/include/c++/9/functional:808:5:[m[K   required by substitution of ‘[01m[Ktemplate<class _Func, class ... _BoundArgs> typename std::_Bind_helper<std::__is_socketlike<_Func>::value, _Func, _BoundArgs ...>::type std::bind(_Func&&, _BoundArgs&& ...) [with _Func = void (SingleDogNode::*)(std::shared_ptr<village_interfaces::srv::SellNovel_Request_<std::allocator<void> > >, std::shared_ptr<village_interfaces::srv::SellNovel_Response_<std::allocator<void> > >); _BoundArgs = {SingleDogNode*, const std::_Placeholder<2>&}][m[K’
[8.111s] [01m[K/home/orangepi/code/town_ws/src/village_wang/src/wang2.cpp:141:149:[m[K   required from here
[8.111s] [01m[K/usr/include/c++/9/functional:775:7:[m[K [01;31m[Kerror: [m[Kstatic assertion failed: Wrong number of arguments for pointer-to-member
[8.112s]   774 |       static_assert(_Varargs::[01;31m[Kvalue[m[K
[8.112s]       |                               [01;31m[K~~~~~[m[K
[8.112s]   775 | [01;31m[K      ? sizeof...(_BoundArgs) >= _Arity::value + 1[m[K
[8.112s]       |       [01;31m[K^~~~~~~~~~~~~~~~~~~~~~~~~~~~~~~~~~~~~~~~~~~~[m[K
[8.112s]   776 | [01;31m[K      : sizeof...(_BoundArgs) == _Arity::value + 1[m[K,
[8.112s]       |       [01;31m[K~~~~~~~~~~~~~~~~~~~~~~~~~~~~~~~~~~~~~~~~~~~~[m[K
[8.757s] In file included from [01m[K/opt/ros/foxy/include/rclcpp/service.hpp:28[m[K,
[8.758s]                  from [01m[K/opt/ros/foxy/include/rclcpp/callback_group.hpp:25[m[K,
[8.759s]                  from [01m[K/opt/ros/foxy/include/rclcpp/any_executable.hpp:20[m[K,
[8.759s]                  from [01m[K/opt/ros/foxy/include/rclcpp/memory_strategy.hpp:24[m[K,
[8.760s]                  from [01m[K/opt/ros/foxy/include/rclcpp/memory_strategies.hpp:18[m[K,
[8.760s]                  from [01m[K/opt/ros/foxy/include/rclcpp/executor_options.hpp:20[m[K,
[8.761s]                  from [01m[K/opt/ros/foxy/include/rclcpp/executor.hpp:33[m[K,
[8.761s]                  from [01m[K/opt/ros/foxy/include/rclcpp/executors/multi_threaded_executor.hpp:26[m[K,
[8.762s]                  from [01m[K/opt/ros/foxy/include/rclcpp/executors.hpp:21[m[K,
[8.762s]                  from [01m[K/opt/ros/foxy/include/rclcpp/rclcpp.hpp:146[m[K,
[8.763s]                  from [01m[K/home/orangepi/code/town_ws/src/village_wang/src/wang2.cpp:19[m[K:
[8.763s] /opt/ros/foxy/include/rclcpp/any_service_callback.hpp: In instantiation of ‘[01m[Kvoid rclcpp::AnyServiceCallback<ServiceT>::set(CallbackT) [with CallbackT = std::_Bind<void (SingleDogNode::*(SingleDogNode*, std::_Placeholder<2>))(std::shared_ptr<village_interfaces::srv::SellNovel_Request_<std::allocator<void> > >, std::shared_ptr<village_interfaces::srv::SellNovel_Response_<std::allocator<void> > >)>; typename std::enable_if<rclcpp::function_traits::same_arguments<CallbackT, std::function<void(std::shared_ptr<typename ServiceT::Request>, std::shared_ptr<typename ServiceT::Response>)> >::value>::type* <anonymous> = 0; ServiceT = village_interfaces::srv::SellNovel][m[K’:
[8.764s] [01m[K/opt/ros/foxy/include/rclcpp/create_service.hpp:43:3:[m[K   required from ‘[01m[Ktypename rclcpp::Service<ServiceT>::SharedPtr rclcpp::create_service(std::shared_ptr<rclcpp::node_interfaces::NodeBaseInterface>, std::shared_ptr<rclcpp::node_interfaces::NodeServicesInterface>, const string&, CallbackT&&, const rmw_qos_profile_t&, rclcpp::CallbackGroup::SharedPtr) [with ServiceT = village_interfaces::srv::SellNovel; CallbackT = std::_Bind<void (SingleDogNode::*(SingleDogNode*, std::_Placeholder<2>))(std::shared_ptr<village_interfaces::srv::SellNovel_Request_<std::allocator<void> > >, std::shared_ptr<village_interfaces::srv::SellNovel_Response_<std::allocator<void> > >)>; typename rclcpp::Service<ServiceT>::SharedPtr = std::shared_ptr<rclcpp::Service<village_interfaces::srv::SellNovel> >; std::string = std::__cxx11::basic_string<char>; rmw_qos_profile_t = rmw_qos_profile_t; rclcpp::CallbackGroup::SharedPtr = std::shared_ptr<rclcpp::CallbackGroup>][m[K’
[8.764s] [01m[K/opt/ros/foxy/include/rclcpp/node_impl.hpp:146:53:[m[K   required from ‘[01m[Ktypename rclcpp::Service<ServiceT>::SharedPtr rclcpp::Node::create_service(const string&, CallbackT&&, const rmw_qos_profile_t&, rclcpp::CallbackGroup::SharedPtr) [with ServiceT = village_interfaces::srv::SellNovel; CallbackT = std::_Bind<void (SingleDogNode::*(SingleDogNode*, std::_Placeholder<2>))(std::shared_ptr<village_interfaces::srv::SellNovel_Request_<std::allocator<void> > >, std::shared_ptr<village_interfaces::srv::SellNovel_Response_<std::allocator<void> > >)>; typename rclcpp::Service<ServiceT>::SharedPtr = std::shared_ptr<rclcpp::Service<village_interfaces::srv::SellNovel> >; std::string = std::__cxx11::basic_string<char>; rmw_qos_profile_t = rmw_qos_profile_t; rclcpp::CallbackGroup::SharedPtr = std::shared_ptr<rclcpp::CallbackGroup>][m[K’
[8.765s] [01m[K/home/orangepi/code/town_ws/src/village_wang/src/wang2.cpp:143:107:[m[K   required from here
[8.765s] [01m[K/opt/ros/foxy/include/rclcpp/any_service_callback.hpp:69:26:[m[K [01;31m[Kerror: [m[Kno match for ‘[01m[Koperator=[m[K’ (operand types are ‘[01m[Krclcpp::AnyServiceCallback<village_interfaces::srv::SellNovel>::SharedPtrCallback[m[K’ {aka ‘[01m[Kstd::function<void(std::shared_ptr<village_interfaces::srv::SellNovel_Request_<std::allocator<void> > >, std::shared_ptr<village_interfaces::srv::SellNovel_Response_<std::allocator<void> > >)>[m[K’} and ‘[01m[Kstd::_Bind<void (SingleDogNode::*(SingleDogNode*, std::_Placeholder<2>))(std::shared_ptr<village_interfaces::srv::SellNovel_Request_<std::allocator<void> > >, std::shared_ptr<village_interfaces::srv::SellNovel_Response_<std::allocator<void> > >)>[m[K’)
[8.766s]    69 |     [01;31m[Kshared_ptr_callback_ = callback[m[K;
[8.766s]       |     [01;31m[K~~~~~~~~~~~~~~~~~~~~~^~~~~~~~~~[m[K
[8.767s] In file included from [01m[K/usr/include/c++/9/future:48[m[K,
[8.767s]                  from [01m[K/opt/ros/foxy/include/rclcpp/executors.hpp:18[m[K,
[8.768s]                  from [01m[K/opt/ros/foxy/include/rclcpp/rclcpp.hpp:146[m[K,
[8.768s]                  from [01m[K/home/orangepi/code/town_ws/src/village_wang/src/wang2.cpp:19[m[K:
[8.771s] [01m[K/usr/include/c++/9/bits/std_function.h:462:7:[m[K [01;36m[Knote: [m[Kcandidate: ‘[01m[Kstd::function<_Res(_ArgTypes ...)>& std::function<_Res(_ArgTypes ...)>::operator=(const std::function<_Res(_ArgTypes ...)>&) [with _Res = void; _ArgTypes = {std::shared_ptr<village_interfaces::srv::SellNovel_Request_<std::allocator<void> > >, std::shared_ptr<village_interfaces::srv::SellNovel_Response_<std::allocator<void> > >}][m[K’
[8.772s]   462 |       [01;36m[Koperator[m[K=(const function& __x)
[8.772s]       |       [01;36m[K^~~~~~~~[m[K
[8.773s] [01m[K/usr/include/c++/9/bits/std_function.h:462:33:[m[K [01;36m[Knote: [m[K  no known conversion for argument 1 from ‘[01m[Kstd::_Bind<void (SingleDogNode::*(SingleDogNode*, std::_Placeholder<2>))(std::shared_ptr<village_interfaces::srv::SellNovel_Request_<std::allocator<void> > >, std::shared_ptr<village_interfaces::srv::SellNovel_Response_<std::allocator<void> > >)>[m[K’ to ‘[01m[Kconst std::function<void(std::shared_ptr<village_interfaces::srv::SellNovel_Request_<std::allocator<void> > >, std::shared_ptr<village_interfaces::srv::SellNovel_Response_<std::allocator<void> > >)>&[m[K’
[8.774s]   462 |       operator=([01;36m[Kconst function& __x[m[K)
[8.774s]       |                 [01;36m[K~~~~~~~~~~~~~~~~^~~[m[K
[8.774s] [01m[K/usr/include/c++/9/bits/std_function.h:480:7:[m[K [01;36m[Knote: [m[Kcandidate: ‘[01m[Kstd::function<_Res(_ArgTypes ...)>& std::function<_Res(_ArgTypes ...)>::operator=(std::function<_Res(_ArgTypes ...)>&&) [with _Res = void; _ArgTypes = {std::shared_ptr<village_interfaces::srv::SellNovel_Request_<std::allocator<void> > >, std::shared_ptr<village_interfaces::srv::SellNovel_Response_<std::allocator<void> > >}][m[K’
[8.775s]   480 |       [01;36m[Koperator[m[K=(function&& __x) noexcept
[8.777s]       |       [01;36m[K^~~~~~~~[m[K
[8.779s] [01m[K/usr/include/c++/9/bits/std_function.h:480:28:[m[K [01;36m[Knote: [m[K  no known conversion for argument 1 from ‘[01m[Kstd::_Bind<void (SingleDogNode::*(SingleDogNode*, std::_Placeholder<2>))(std::shared_ptr<village_interfaces::srv::SellNovel_Request_<std::allocator<void> > >, std::shared_ptr<village_interfaces::srv::SellNovel_Response_<std::allocator<void> > >)>[m[K’ to ‘[01m[Kstd::function<void(std::shared_ptr<village_interfaces::srv::SellNovel_Request_<std::allocator<void> > >, std::shared_ptr<village_interfaces::srv::SellNovel_Response_<std::allocator<void> > >)>&&[m[K’
[8.779s]   480 |       operator=([01;36m[Kfunction&& __x[m[K) noexcept
[8.780s]       |                 [01;36m[K~~~~~~~~~~~^~~[m[K
[8.781s] [01m[K/usr/include/c++/9/bits/std_function.h:494:7:[m[K [01;36m[Knote: [m[Kcandidate: ‘[01m[Kstd::function<_Res(_ArgTypes ...)>& std::function<_Res(_ArgTypes ...)>::operator=(std::nullptr_t) [with _Res = void; _ArgTypes = {std::shared_ptr<village_interfaces::srv::SellNovel_Request_<std::allocator<void> > >, std::shared_ptr<village_interfaces::srv::SellNovel_Response_<std::allocator<void> > >}; std::nullptr_t = std::nullptr_t][m[K’
[8.781s]   494 |       [01;36m[Koperator[m[K=(nullptr_t) noexcept
[8.781s]       |       [01;36m[K^~~~~~~~[m[K
[8.782s] [01m[K/usr/include/c++/9/bits/std_function.h:494:17:[m[K [01;36m[Knote: [m[K  no known conversion for argument 1 from ‘[01m[Kstd::_Bind<void (SingleDogNode::*(SingleDogNode*, std::_Placeholder<2>))(std::shared_ptr<village_interfaces::srv::SellNovel_Request_<std::allocator<void> > >, std::shared_ptr<village_interfaces::srv::SellNovel_Response_<std::allocator<void> > >)>[m[K’ to ‘[01m[Kstd::nullptr_t[m[K’
[8.783s]   494 |       operator=([01;36m[Knullptr_t[m[K) noexcept
[8.783s]       |                 [01;36m[K^~~~~~~~~[m[K
[8.784s] [01m[K/usr/include/c++/9/bits/std_function.h:523:2:[m[K [01;36m[Knote: [m[Kcandidate: ‘[01m[Ktemplate<class _Functor> std::function<_Res(_ArgTypes ...)>::_Requires<std::function<_Res(_ArgTypes ...)>::_Callable<typename std::decay<_Functor>::type>, std::function<_Res(_ArgTypes ...)>&> std::function<_Res(_ArgTypes ...)>::operator=(_Functor&&) [with _Functor = _Functor; _Res = void; _ArgTypes = {std::shared_ptr<village_interfaces::srv::SellNovel_Request_<std::allocator<void> > >, std::shared_ptr<village_interfaces::srv::SellNovel_Response_<std::allocator<void> > >}][m[K’
[8.785s]   523 |  [01;36m[Koperator[m[K=(_Functor&& __f)
[8.785s]       |  [01;36m[K^~~~~~~~[m[K
[8.786s] [01m[K/usr/include/c++/9/bits/std_function.h:523:2:[m[K [01;36m[Knote: [m[K  template argument deduction/substitution failed:
[8.787s] /usr/include/c++/9/bits/std_function.h: In substitution of ‘[01m[Ktemplate<class _Res, class ... _ArgTypes> template<class _Cond, class _Tp> using _Requires = typename std::enable_if<_Cond::value, _Tp>::type [with _Cond = std::function<void(std::shared_ptr<village_interfaces::srv::SellNovel_Request_<std::allocator<void> > >, std::shared_ptr<village_interfaces::srv::SellNovel_Response_<std::allocator<void> > >)>::_Callable<std::_Bind<void (SingleDogNode::*(SingleDogNode*, std::_Placeholder<2>))(std::shared_ptr<village_interfaces::srv::SellNovel_Request_<std::allocator<void> > >, std::shared_ptr<village_interfaces::srv::SellNovel_Response_<std::allocator<void> > >)>, std::__invoke_result<std::_Bind<void (SingleDogNode::*(SingleDogNode*, std::_Placeholder<2>))(std::shared_ptr<village_interfaces::srv::SellNovel_Request_<std::allocator<void> > >, std::shared_ptr<village_interfaces::srv::SellNovel_Response_<std::allocator<void> > >)>&, std::shared_ptr<village_interfaces::srv::SellNovel_Request_<std::allocator<void> > >, std::shared_ptr<village_interfaces::srv::SellNovel_Response_<std::allocator<void> > > > >; _Tp = std::function<void(std::shared_ptr<village_interfaces::srv::SellNovel_Request_<std::allocator<void> > >, std::shared_ptr<village_interfaces::srv::SellNovel_Response_<std::allocator<void> > >)>&; _Res = void; _ArgTypes = {std::shared_ptr<village_interfaces::srv::SellNovel_Request_<std::allocator<void> > >, std::shared_ptr<village_interfaces::srv::SellNovel_Response_<std::allocator<void> > >}][m[K’:
[8.787s] [01m[K/usr/include/c++/9/bits/std_function.h:523:2:[m[K   required by substitution of ‘[01m[Ktemplate<class _Functor> std::function<void(std::shared_ptr<village_interfaces::srv::SellNovel_Request_<std::allocator<void> > >, std::shared_ptr<village_interfaces::srv::SellNovel_Response_<std::allocator<void> > >)>::_Requires<std::function<void(std::shared_ptr<village_interfaces::srv::SellNovel_Request_<std::allocator<void> > >, std::shared_ptr<village_interfaces::srv::SellNovel_Response_<std::allocator<void> > >)>::_Callable<typename std::decay<_Tp>::type, std::__invoke_result<typename std::decay<_Tp>::type&, std::shared_ptr<village_interfaces::srv::SellNovel_Request_<std::allocator<void> > >, std::shared_ptr<village_interfaces::srv::SellNovel_Response_<std::allocator<void> > > > >, std::function<void(std::shared_ptr<village_interfaces::srv::SellNovel_Request_<std::allocator<void> > >, std::shared_ptr<village_interfaces::srv::SellNovel_Response_<std::allocator<void> > >)>&> std::function<void(std::shared_ptr<village_interfaces::srv::SellNovel_Request_<std::allocator<void> > >, std::shared_ptr<village_interfaces::srv::SellNovel_Response_<std::allocator<void> > >)>::operator=<_Functor>(_Functor&&) [with _Functor = std::_Bind<void (SingleDogNode::*(SingleDogNode*, std::_Placeholder<2>))(std::shared_ptr<village_interfaces::srv::SellNovel_Request_<std::allocator<void> > >, std::shared_ptr<village_interfaces::srv::SellNovel_Response_<std::allocator<void> > >)>&][m[K’
[8.788s] [01m[K/opt/ros/foxy/include/rclcpp/any_service_callback.hpp:69:26:[m[K   required from ‘[01m[Kvoid rclcpp::AnyServiceCallback<ServiceT>::set(CallbackT) [with CallbackT = std::_Bind<void (SingleDogNode::*(SingleDogNode*, std::_Placeholder<2>))(std::shared_ptr<village_interfaces::srv::SellNovel_Request_<std::allocator<void> > >, std::shared_ptr<village_interfaces::srv::SellNovel_Response_<std::allocator<void> > >)>; typename std::enable_if<rclcpp::function_traits::same_arguments<CallbackT, std::function<void(std::shared_ptr<typename ServiceT::Request>, std::shared_ptr<typename ServiceT::Response>)> >::value>::type* <anonymous> = 0; ServiceT = village_interfaces::srv::SellNovel][m[K’
[8.789s] [01m[K/opt/ros/foxy/include/rclcpp/create_service.hpp:43:3:[m[K   required from ‘[01m[Ktypename rclcpp::Service<ServiceT>::SharedPtr rclcpp::create_service(std::shared_ptr<rclcpp::node_interfaces::NodeBaseInterface>, std::shared_ptr<rclcpp::node_interfaces::NodeServicesInterface>, const string&, CallbackT&&, const rmw_qos_profile_t&, rclcpp::CallbackGroup::SharedPtr) [with ServiceT = village_interfaces::srv::SellNovel; CallbackT = std::_Bind<void (SingleDogNode::*(SingleDogNode*, std::_Placeholder<2>))(std::shared_ptr<village_interfaces::srv::SellNovel_Request_<std::allocator<void> > >, std::shared_ptr<village_interfaces::srv::SellNovel_Response_<std::allocator<void> > >)>; typename rclcpp::Service<ServiceT>::SharedPtr = std::shared_ptr<rclcpp::Service<village_interfaces::srv::SellNovel> >; std::string = std::__cxx11::basic_string<char>; rmw_qos_profile_t = rmw_qos_profile_t; rclcpp::CallbackGroup::SharedPtr = std::shared_ptr<rclcpp::CallbackGroup>][m[K’
[8.790s] [01m[K/opt/ros/foxy/include/rclcpp/node_impl.hpp:146:53:[m[K   required from ‘[01m[Ktypename rclcpp::Service<ServiceT>::SharedPtr rclcpp::Node::create_service(const string&, CallbackT&&, const rmw_qos_profile_t&, rclcpp::CallbackGroup::SharedPtr) [with ServiceT = village_interfaces::srv::SellNovel; CallbackT = std::_Bind<void (SingleDogNode::*(SingleDogNode*, std::_Placeholder<2>))(std::shared_ptr<village_interfaces::srv::SellNovel_Request_<std::allocator<void> > >, std::shared_ptr<village_interfaces::srv::SellNovel_Response_<std::allocator<void> > >)>; typename rclcpp::Service<ServiceT>::SharedPtr = std::shared_ptr<rclcpp::Service<village_interfaces::srv::SellNovel> >; std::string = std::__cxx11::basic_string<char>; rmw_qos_profile_t = rmw_qos_profile_t; rclcpp::CallbackGroup::SharedPtr = std::shared_ptr<rclcpp::CallbackGroup>][m[K’
[8.790s] [01m[K/home/orangepi/code/town_ws/src/village_wang/src/wang2.cpp:143:107:[m[K   required from here
[8.791s] [01m[K/usr/include/c++/9/bits/std_function.h:385:8:[m[K [01;31m[Kerror: [m[Kno type named ‘[01m[Ktype[m[K’ in ‘[01m[Kstruct std::enable_if<false, std::function<void(std::shared_ptr<village_interfaces::srv::SellNovel_Request_<std::allocator<void> > >, std::shared_ptr<village_interfaces::srv::SellNovel_Response_<std::allocator<void> > >)>&>[m[K’
[8.792s]   385 |  using [01;31m[K_Requires[m[K = typename enable_if<_Cond::value, _Tp>::type;
[8.792s]       |        [01;31m[K^~~~~~~~~[m[K
[8.793s] /opt/ros/foxy/include/rclcpp/any_service_callback.hpp: In instantiation of ‘[01m[Kvoid rclcpp::AnyServiceCallback<ServiceT>::set(CallbackT) [with CallbackT = std::_Bind<void (SingleDogNode::*(SingleDogNode*, std::_Placeholder<2>))(std::shared_ptr<village_interfaces::srv::SellNovel_Request_<std::allocator<void> > >, std::shared_ptr<village_interfaces::srv::SellNovel_Response_<std::allocator<void> > >)>; typename std::enable_if<rclcpp::function_traits::same_arguments<CallbackT, std::function<void(std::shared_ptr<typename ServiceT::Request>, std::shared_ptr<typename ServiceT::Response>)> >::value>::type* <anonymous> = 0; ServiceT = village_interfaces::srv::SellNovel][m[K’:
[8.794s] [01m[K/opt/ros/foxy/include/rclcpp/create_service.hpp:43:3:[m[K   required from ‘[01m[Ktypename rclcpp::Service<ServiceT>::SharedPtr rclcpp::create_service(std::shared_ptr<rclcpp::node_interfaces::NodeBaseInterface>, std::shared_ptr<rclcpp::node_interfaces::NodeServicesInterface>, const string&, CallbackT&&, const rmw_qos_profile_t&, rclcpp::CallbackGroup::SharedPtr) [with ServiceT = village_interfaces::srv::SellNovel; CallbackT = std::_Bind<void (SingleDogNode::*(SingleDogNode*, std::_Placeholder<2>))(std::shared_ptr<village_interfaces::srv::SellNovel_Request_<std::allocator<void> > >, std::shared_ptr<village_interfaces::srv::SellNovel_Response_<std::allocator<void> > >)>; typename rclcpp::Service<ServiceT>::SharedPtr = std::shared_ptr<rclcpp::Service<village_interfaces::srv::SellNovel> >; std::string = std::__cxx11::basic_string<char>; rmw_qos_profile_t = rmw_qos_profile_t; rclcpp::CallbackGroup::SharedPtr = std::shared_ptr<rclcpp::CallbackGroup>][m[K’
[8.794s] [01m[K/opt/ros/foxy/include/rclcpp/node_impl.hpp:146:53:[m[K   required from ‘[01m[Ktypename rclcpp::Service<ServiceT>::SharedPtr rclcpp::Node::create_service(const string&, CallbackT&&, const rmw_qos_profile_t&, rclcpp::CallbackGroup::SharedPtr) [with ServiceT = village_interfaces::srv::SellNovel; CallbackT = std::_Bind<void (SingleDogNode::*(SingleDogNode*, std::_Placeholder<2>))(std::shared_ptr<village_interfaces::srv::SellNovel_Request_<std::allocator<void> > >, std::shared_ptr<village_interfaces::srv::SellNovel_Response_<std::allocator<void> > >)>; typename rclcpp::Service<ServiceT>::SharedPtr = std::shared_ptr<rclcpp::Service<village_interfaces::srv::SellNovel> >; std::string = std::__cxx11::basic_string<char>; rmw_qos_profile_t = rmw_qos_profile_t; rclcpp::CallbackGroup::SharedPtr = std::shared_ptr<rclcpp::CallbackGroup>][m[K’
[8.795s] [01m[K/home/orangepi/code/town_ws/src/village_wang/src/wang2.cpp:143:107:[m[K   required from here
[8.796s] [01m[K/usr/include/c++/9/bits/std_function.h:532:2:[m[K [01;36m[Knote: [m[Kcandidate: ‘[01m[Ktemplate<class _Functor> std::function<_Res(_ArgTypes ...)>& std::function<_Res(_ArgTypes ...)>::operator=(std::reference_wrapper<_Functor>) [with _Functor = _Functor; _Res = void; _ArgTypes = {std::shared_ptr<village_interfaces::srv::SellNovel_Request_<std::allocator<void> > >, std::shared_ptr<village_interfaces::srv::SellNovel_Response_<std::allocator<void> > >}][m[K’
[8.796s]   532 |  [01;36m[Koperator[m[K=(reference_wrapper<_Functor> __f) noexcept
[8.797s]       |  [01;36m[K^~~~~~~~[m[K
[8.797s] [01m[K/usr/include/c++/9/bits/std_function.h:532:2:[m[K [01;36m[Knote: [m[K  template argument deduction/substitution failed:
[8.798s] In file included from [01m[K/opt/ros/foxy/include/rclcpp/service.hpp:28[m[K,
[8.798s]                  from [01m[K/opt/ros/foxy/include/rclcpp/callback_group.hpp:25[m[K,
[8.801s]                  from [01m[K/opt/ros/foxy/include/rclcpp/any_executable.hpp:20[m[K,
[8.801s]                  from [01m[K/opt/ros/foxy/include/rclcpp/memory_strategy.hpp:24[m[K,
[8.802s]                  from [01m[K/opt/ros/foxy/include/rclcpp/memory_strategies.hpp:18[m[K,
[8.802s]                  from [01m[K/opt/ros/foxy/include/rclcpp/executor_options.hpp:20[m[K,
[8.803s]                  from [01m[K/opt/ros/foxy/include/rclcpp/executor.hpp:33[m[K,
[8.803s]                  from [01m[K/opt/ros/foxy/include/rclcpp/executors/multi_threaded_executor.hpp:26[m[K,
[8.804s]                  from [01m[K/opt/ros/foxy/include/rclcpp/executors.hpp:21[m[K,
[8.804s]                  from [01m[K/opt/ros/foxy/include/rclcpp/rclcpp.hpp:146[m[K,
[8.805s]                  from [01m[K/home/orangepi/code/town_ws/src/village_wang/src/wang2.cpp:19[m[K:
[8.805s] [01m[K/opt/ros/foxy/include/rclcpp/any_service_callback.hpp:69:26:[m[K [01;36m[Knote: [m[K  ‘[01m[Kstd::_Bind<void (SingleDogNode::*(SingleDogNode*, std::_Placeholder<2>))(std::shared_ptr<village_interfaces::srv::SellNovel_Request_<std::allocator<void> > >, std::shared_ptr<village_interfaces::srv::SellNovel_Response_<std::allocator<void> > >)>[m[K’ is not derived from ‘[01m[Kstd::reference_wrapper<_Tp>[m[K’
[8.806s]    69 |     [01;36m[Kshared_ptr_callback_ = callback[m[K;
[8.808s]       |     [01;36m[K~~~~~~~~~~~~~~~~~~~~~^~~~~~~~~~[m[K
[12.137s] make[2]: *** [CMakeFiles/wang2_node.dir/build.make:63：CMakeFiles/wang2_node.dir/src/wang2.cpp.o] 错误 1
[12.139s] make[1]: *** [CMakeFiles/Makefile2:78：CMakeFiles/wang2_node.dir/all] 错误 2
[12.139s] make: *** [Makefile:141：all] 错误 2
[12.150s] Invoked command in '/home/orangepi/code/town_ws/build/village_wang' returned '2': AMENT_PREFIX_PATH=/home/orangepi/code/town_ws/install/village_interfaces:${AMENT_PREFIX_PATH} CMAKE_PREFIX_PATH=/home/orangepi/code/town_ws/install/village_interfaces:/opt/ros/foxy LD_LIBRARY_PATH=/home/orangepi/code/town_ws/install/village_interfaces/lib:${LD_LIBRARY_PATH} PYTHONPATH=/home/orangepi/code/town_ws/install/village_interfaces/lib/python3.8/site-packages:${PYTHONPATH} /usr/bin/cmake --build /home/orangepi/code/town_ws/build/village_wang -- -j8 -l8
