[0.869s] Invoking command in '/home/orangepi/code/town_ws/src/village_li': PYTHONPATH=/home/orangepi/code/town_ws/build/village_li/prefix_override:/home/orangepi/code/town_ws/install/village_li/lib/python3.8/site-packages:${PYTHONPATH} /usr/bin/python3 setup.py egg_info --egg-base ../../build/village_li build --build-base /home/orangepi/code/town_ws/build/village_li/build install --record /home/orangepi/code/town_ws/build/village_li/install.log --install-scripts $base/lib/village_li --single-version-externally-managed
[1.148s] running egg_info
[1.149s] writing ../../build/village_li/village_li.egg-info/PKG-INFO
[1.149s] writing dependency_links to ../../build/village_li/village_li.egg-info/dependency_links.txt
[1.150s] writing entry points to ../../build/village_li/village_li.egg-info/entry_points.txt
[1.151s] writing requirements to ../../build/village_li/village_li.egg-info/requires.txt
[1.152s] writing top-level names to ../../build/village_li/village_li.egg-info/top_level.txt
[1.195s] reading manifest file '../../build/village_li/village_li.egg-info/SOURCES.txt'
[1.196s] writing manifest file '../../build/village_li/village_li.egg-info/SOURCES.txt'
[1.196s] running build
[1.197s] running build_py
[1.197s] copying village_li/li4.py -> /home/orangepi/code/town_ws/build/village_li/build/lib/village_li
[1.198s] running install
[1.198s] running install_lib
[1.199s] copying /home/orangepi/code/town_ws/build/village_li/build/lib/village_li/li4.py -> /home/orangepi/code/town_ws/install/village_li/lib/python3.8/site-packages/village_li
[1.199s] byte-compiling /home/orangepi/code/town_ws/install/village_li/lib/python3.8/site-packages/village_li/li4.py to li4.cpython-38.pyc
[1.201s] running install_data
[1.201s] running install_egg_info
[1.204s] removing '/home/orangepi/code/town_ws/install/village_li/lib/python3.8/site-packages/village_li-0.0.0-py3.8.egg-info' (and everything under it)
[1.204s] Copying ../../build/village_li/village_li.egg-info to /home/orangepi/code/town_ws/install/village_li/lib/python3.8/site-packages/village_li-0.0.0-py3.8.egg-info
[1.205s] running install_scripts
[1.227s] Installing li4_node script to /home/orangepi/code/town_ws/install/village_li/lib/village_li
[1.228s] writing list of installed files to '/home/orangepi/code/town_ws/build/village_li/install.log'
[1.280s] Invoked command in '/home/orangepi/code/town_ws/src/village_li' returned '0': PYTHONPATH=/home/orangepi/code/town_ws/build/village_li/prefix_override:/home/orangepi/code/town_ws/install/village_li/lib/python3.8/site-packages:${PYTHONPATH} /usr/bin/python3 setup.py egg_info --egg-base ../../build/village_li build --build-base /home/orangepi/code/town_ws/build/village_li/build install --record /home/orangepi/code/town_ws/build/village_li/install.log --install-scripts $base/lib/village_li --single-version-externally-managed
