[0.035s] Invoking command in '/home/orangepi/code/My_Robot/build/perception_pkg': CMAKE_PREFIX_PATH=/opt/ros/foxy CONDA_PROMPT_MODIFIER=(base) /usr/bin/cmake /home/orangepi/code/My_Robot/src/perception_pkg -DCMAKE_INSTALL_PREFIX=/home/orangepi/code/My_Robot/install/perception_pkg
[0.108s] -- Found ament_cmake: 0.9.12 (/opt/ros/foxy/share/ament_cmake/cmake)
[0.171s] -- Using PYTHON_EXECUTABLE: /home/orangepi/miniconda3/bin/python3
[0.497s] -- Found rclcpp: 2.4.3 (/opt/ros/foxy/share/rclcpp/cmake)
[0.580s] -- Using all available rosidl_typesupport_c: rosidl_typesupport_fastrtps_c;rosidl_typesupport_introspection_c
[0.584s] -- Found rosidl_adapter: 1.3.1 (/opt/ros/foxy/share/rosidl_adapter/cmake)
[0.794s] -- Using all available rosidl_typesupport_cpp: rosidl_typesupport_fastrtps_cpp;rosidl_typesupport_introspection_cpp
[0.859s] -- Found rmw_implementation_cmake: 1.0.4 (/opt/ros/foxy/share/rmw_implementation_cmake/cmake)
[0.861s] -- Using RMW implementation 'rmw_fastrtps_cpp' as default
[1.054s] -- Found ament_lint_auto: 0.9.8 (/opt/ros/foxy/share/ament_lint_auto/cmake)
[1.118s] Traceback (most recent call last):
[1.118s]   File "/opt/ros/foxy/share/ament_cmake_core/cmake/core/package_xml_2_cmake.py", line 21, in <module>
[1.119s]     from catkin_pkg.package import parse_package_string
[1.119s] ModuleNotFoundError: No module named 'catkin_pkg'
[1.125s] CMake Error at /opt/ros/foxy/share/ament_cmake_core/cmake/core/ament_package_xml.cmake:94 (message):
[1.125s]   execute_process(/home/orangepi/miniconda3/bin/python3
[1.125s]   /opt/ros/foxy/share/ament_cmake_core/cmake/core/package_xml_2_cmake.py
[1.125s]   /home/orangepi/code/My_Robot/src/perception_pkg/package.xml
[1.126s]   /home/orangepi/code/My_Robot/build/perception_pkg/ament_cmake_core/package.cmake)
[1.126s]   returned error code 1
[1.126s] Call Stack (most recent call first):
[1.126s]   /opt/ros/foxy/share/ament_cmake_core/cmake/core/ament_package_xml.cmake:49 (_ament_package_xml)
[1.126s]   /opt/ros/foxy/share/ament_lint_auto/cmake/ament_lint_auto_find_test_dependencies.cmake:31 (ament_package_xml)
[1.126s]   CMakeLists.txt:34 (ament_lint_auto_find_test_dependencies)
[1.126s] 
[1.126s] 
[1.131s] -- Configuring incomplete, errors occurred!
[1.131s] See also "/home/orangepi/code/My_Robot/build/perception_pkg/CMakeFiles/CMakeOutput.log".
[1.131s] See also "/home/orangepi/code/My_Robot/build/perception_pkg/CMakeFiles/CMakeError.log".
[1.144s] Invoked command in '/home/orangepi/code/My_Robot/build/perception_pkg' returned '1': CMAKE_PREFIX_PATH=/opt/ros/foxy CONDA_PROMPT_MODIFIER=(base) /usr/bin/cmake /home/orangepi/code/My_Robot/src/perception_pkg -DCMAKE_INSTALL_PREFIX=/home/orangepi/code/My_Robot/install/perception_pkg
