[0.342s] DEBUG:colcon:Command line arguments: ['/usr/bin/colcon', 'build']
[0.342s] DEBUG:colcon:Parsed command line arguments: Namespace(ament_cmake_args=None, base_paths=['.'], build_base='build', catkin_cmake_args=None, catkin_skip_building_tests=False, cmake_args=None, cmake_clean_cache=False, cmake_clean_first=False, cmake_force_configure=False, cmake_target=None, cmake_target_skip_unavailable=False, continue_on_error=False, event_handlers=None, executor='parallel', ignore_user_meta=False, install_base='install', log_base=None, log_level=None, main=<bound method BuildVerb.main of <colcon_core.verb.build.BuildVerb object at 0x7f8de1fb50>>, merge_install=False, metas=['./colcon.meta'], packages_above=None, packages_above_and_dependencies=None, packages_above_depth=None, packages_end=None, packages_ignore=None, packages_ignore_regex=None, packages_select=None, packages_select_build_failed=False, packages_select_by_dep=None, packages_select_regex=None, packages_select_test_failures=False, packages_skip=None, packages_skip_build_finished=False, packages_skip_by_dep=None, packages_skip_regex=None, packages_skip_test_passed=False, packages_skip_up_to=None, packages_start=None, packages_up_to=None, packages_up_to_regex=None, parallel_workers=8, paths=None, symlink_install=False, test_result_base=None, verb_extension=<colcon_core.verb.build.BuildVerb object at 0x7f8de1fb50>, verb_name='build', verb_parser=<colcon_defaults.argument_parser.defaults.DefaultArgumentsDecorator object at 0x7f8de2b100>)
[0.375s] Level 1:colcon.colcon_core.package_discovery:discover_packages(colcon_meta) check parameters
[0.375s] Level 1:colcon.colcon_core.package_discovery:discover_packages(recursive) check parameters
[0.375s] Level 1:colcon.colcon_core.package_discovery:discover_packages(ignore) check parameters
[0.375s] Level 1:colcon.colcon_core.package_discovery:discover_packages(path) check parameters
[0.375s] Level 1:colcon.colcon_core.package_discovery:discover_packages(colcon_meta) discover
[0.375s] Level 1:colcon.colcon_core.package_discovery:discover_packages(recursive) discover
[0.375s] INFO:colcon.colcon_core.package_discovery:Crawling recursively for packages in '/home/orangepi/code/My_Robot'
[0.375s] Level 1:colcon.colcon_core.package_identification:_identify(.) by extensions ['ignore', 'ignore_ament_install']
[0.376s] Level 1:colcon.colcon_core.package_identification:_identify(.) by extension 'ignore'
[0.376s] Level 1:colcon.colcon_core.package_identification:_identify(.) by extension 'ignore_ament_install'
[0.376s] Level 1:colcon.colcon_core.package_identification:_identify(.) by extensions ['colcon_pkg']
[0.376s] Level 1:colcon.colcon_core.package_identification:_identify(.) by extension 'colcon_pkg'
[0.376s] Level 1:colcon.colcon_core.package_identification:_identify(.) by extensions ['colcon_meta']
[0.376s] Level 1:colcon.colcon_core.package_identification:_identify(.) by extension 'colcon_meta'
[0.376s] Level 1:colcon.colcon_core.package_identification:_identify(.) by extensions ['ros']
[0.376s] Level 1:colcon.colcon_core.package_identification:_identify(.) by extension 'ros'
[0.390s] Level 1:colcon.colcon_core.package_identification:_identify(.) by extensions ['cmake', 'python']
[0.390s] Level 1:colcon.colcon_core.package_identification:_identify(.) by extension 'cmake'
[0.390s] Level 1:colcon.colcon_core.package_identification:_identify(.) by extension 'python'
[0.390s] Level 1:colcon.colcon_core.package_identification:_identify(.) by extensions ['python_setup_py']
[0.390s] Level 1:colcon.colcon_core.package_identification:_identify(.) by extension 'python_setup_py'
[0.390s] Level 1:colcon.colcon_core.package_identification:_identify(ROSSettingMarkDown) by extensions ['ignore', 'ignore_ament_install']
[0.390s] Level 1:colcon.colcon_core.package_identification:_identify(ROSSettingMarkDown) by extension 'ignore'
[0.390s] Level 1:colcon.colcon_core.package_identification:_identify(ROSSettingMarkDown) by extension 'ignore_ament_install'
[0.390s] Level 1:colcon.colcon_core.package_identification:_identify(ROSSettingMarkDown) by extensions ['colcon_pkg']
[0.390s] Level 1:colcon.colcon_core.package_identification:_identify(ROSSettingMarkDown) by extension 'colcon_pkg'
[0.391s] Level 1:colcon.colcon_core.package_identification:_identify(ROSSettingMarkDown) by extensions ['colcon_meta']
[0.391s] Level 1:colcon.colcon_core.package_identification:_identify(ROSSettingMarkDown) by extension 'colcon_meta'
[0.391s] Level 1:colcon.colcon_core.package_identification:_identify(ROSSettingMarkDown) by extensions ['ros']
[0.391s] Level 1:colcon.colcon_core.package_identification:_identify(ROSSettingMarkDown) by extension 'ros'
[0.391s] Level 1:colcon.colcon_core.package_identification:_identify(ROSSettingMarkDown) by extensions ['cmake', 'python']
[0.391s] Level 1:colcon.colcon_core.package_identification:_identify(ROSSettingMarkDown) by extension 'cmake'
[0.391s] Level 1:colcon.colcon_core.package_identification:_identify(ROSSettingMarkDown) by extension 'python'
[0.391s] Level 1:colcon.colcon_core.package_identification:_identify(ROSSettingMarkDown) by extensions ['python_setup_py']
[0.391s] Level 1:colcon.colcon_core.package_identification:_identify(ROSSettingMarkDown) by extension 'python_setup_py'
[0.391s] Level 1:colcon.colcon_core.package_identification:_identify(RobotLearningMarkDown) by extensions ['ignore', 'ignore_ament_install']
[0.391s] Level 1:colcon.colcon_core.package_identification:_identify(RobotLearningMarkDown) by extension 'ignore'
[0.391s] Level 1:colcon.colcon_core.package_identification:_identify(RobotLearningMarkDown) by extension 'ignore_ament_install'
[0.391s] Level 1:colcon.colcon_core.package_identification:_identify(RobotLearningMarkDown) by extensions ['colcon_pkg']
[0.391s] Level 1:colcon.colcon_core.package_identification:_identify(RobotLearningMarkDown) by extension 'colcon_pkg'
[0.391s] Level 1:colcon.colcon_core.package_identification:_identify(RobotLearningMarkDown) by extensions ['colcon_meta']
[0.391s] Level 1:colcon.colcon_core.package_identification:_identify(RobotLearningMarkDown) by extension 'colcon_meta'
[0.391s] Level 1:colcon.colcon_core.package_identification:_identify(RobotLearningMarkDown) by extensions ['ros']
[0.392s] Level 1:colcon.colcon_core.package_identification:_identify(RobotLearningMarkDown) by extension 'ros'
[0.392s] Level 1:colcon.colcon_core.package_identification:_identify(RobotLearningMarkDown) by extensions ['cmake', 'python']
[0.392s] Level 1:colcon.colcon_core.package_identification:_identify(RobotLearningMarkDown) by extension 'cmake'
[0.392s] Level 1:colcon.colcon_core.package_identification:_identify(RobotLearningMarkDown) by extension 'python'
[0.392s] Level 1:colcon.colcon_core.package_identification:_identify(RobotLearningMarkDown) by extensions ['python_setup_py']
[0.392s] Level 1:colcon.colcon_core.package_identification:_identify(RobotLearningMarkDown) by extension 'python_setup_py'
[0.392s] Level 1:colcon.colcon_core.package_identification:_identify(build) by extensions ['ignore', 'ignore_ament_install']
[0.392s] Level 1:colcon.colcon_core.package_identification:_identify(build) by extension 'ignore'
[0.392s] Level 1:colcon.colcon_core.package_identification:_identify(build) ignored
[0.392s] Level 1:colcon.colcon_core.package_identification:_identify(install) by extensions ['ignore', 'ignore_ament_install']
[0.392s] Level 1:colcon.colcon_core.package_identification:_identify(install) by extension 'ignore'
[0.392s] Level 1:colcon.colcon_core.package_identification:_identify(install) ignored
[0.392s] Level 1:colcon.colcon_core.package_identification:_identify(log) by extensions ['ignore', 'ignore_ament_install']
[0.393s] Level 1:colcon.colcon_core.package_identification:_identify(log) by extension 'ignore'
[0.393s] Level 1:colcon.colcon_core.package_identification:_identify(log) ignored
[0.393s] Level 1:colcon.colcon_core.package_identification:_identify(src) by extensions ['ignore', 'ignore_ament_install']
[0.393s] Level 1:colcon.colcon_core.package_identification:_identify(src) by extension 'ignore'
[0.393s] Level 1:colcon.colcon_core.package_identification:_identify(src) by extension 'ignore_ament_install'
[0.393s] Level 1:colcon.colcon_core.package_identification:_identify(src) by extensions ['colcon_pkg']
[0.393s] Level 1:colcon.colcon_core.package_identification:_identify(src) by extension 'colcon_pkg'
[0.393s] Level 1:colcon.colcon_core.package_identification:_identify(src) by extensions ['colcon_meta']
[0.393s] Level 1:colcon.colcon_core.package_identification:_identify(src) by extension 'colcon_meta'
[0.393s] Level 1:colcon.colcon_core.package_identification:_identify(src) by extensions ['ros']
[0.393s] Level 1:colcon.colcon_core.package_identification:_identify(src) by extension 'ros'
[0.393s] Level 1:colcon.colcon_core.package_identification:_identify(src) by extensions ['cmake', 'python']
[0.393s] Level 1:colcon.colcon_core.package_identification:_identify(src) by extension 'cmake'
[0.393s] Level 1:colcon.colcon_core.package_identification:_identify(src) by extension 'python'
[0.393s] Level 1:colcon.colcon_core.package_identification:_identify(src) by extensions ['python_setup_py']
[0.393s] Level 1:colcon.colcon_core.package_identification:_identify(src) by extension 'python_setup_py'
[0.394s] Level 1:colcon.colcon_core.package_identification:_identify(src/localization) by extensions ['ignore', 'ignore_ament_install']
[0.394s] Level 1:colcon.colcon_core.package_identification:_identify(src/localization) by extension 'ignore'
[0.394s] Level 1:colcon.colcon_core.package_identification:_identify(src/localization) by extension 'ignore_ament_install'
[0.394s] Level 1:colcon.colcon_core.package_identification:_identify(src/localization) by extensions ['colcon_pkg']
[0.394s] Level 1:colcon.colcon_core.package_identification:_identify(src/localization) by extension 'colcon_pkg'
[0.394s] Level 1:colcon.colcon_core.package_identification:_identify(src/localization) by extensions ['colcon_meta']
[0.394s] Level 1:colcon.colcon_core.package_identification:_identify(src/localization) by extension 'colcon_meta'
[0.394s] Level 1:colcon.colcon_core.package_identification:_identify(src/localization) by extensions ['ros']
[0.394s] Level 1:colcon.colcon_core.package_identification:_identify(src/localization) by extension 'ros'
[0.397s] DEBUG:colcon.colcon_core.package_identification:Package 'src/localization' with type 'ros.ament_cmake' and name 'localization'
[0.397s] Level 1:colcon.colcon_core.package_identification:_identify(src/perception) by extensions ['ignore', 'ignore_ament_install']
[0.398s] Level 1:colcon.colcon_core.package_identification:_identify(src/perception) by extension 'ignore'
[0.398s] Level 1:colcon.colcon_core.package_identification:_identify(src/perception) by extension 'ignore_ament_install'
[0.398s] Level 1:colcon.colcon_core.package_identification:_identify(src/perception) by extensions ['colcon_pkg']
[0.398s] Level 1:colcon.colcon_core.package_identification:_identify(src/perception) by extension 'colcon_pkg'
[0.398s] Level 1:colcon.colcon_core.package_identification:_identify(src/perception) by extensions ['colcon_meta']
[0.398s] Level 1:colcon.colcon_core.package_identification:_identify(src/perception) by extension 'colcon_meta'
[0.398s] Level 1:colcon.colcon_core.package_identification:_identify(src/perception) by extensions ['ros']
[0.398s] Level 1:colcon.colcon_core.package_identification:_identify(src/perception) by extension 'ros'
[0.399s] DEBUG:colcon.colcon_core.package_identification:Package 'src/perception' with type 'ros.ament_python' and name 'perception'
[0.399s] Level 1:colcon.colcon_core.package_discovery:discover_packages(recursive) using defaults
[0.399s] Level 1:colcon.colcon_core.package_discovery:discover_packages(ignore) discover
[0.399s] Level 1:colcon.colcon_core.package_discovery:discover_packages(ignore) using defaults
[0.399s] Level 1:colcon.colcon_core.package_discovery:discover_packages(path) discover
[0.399s] Level 1:colcon.colcon_core.package_discovery:discover_packages(path) using defaults
[0.445s] Level 5:colcon.colcon_core.verb:set package 'localization' build argument 'cmake_args' from command line to 'None'
[0.445s] Level 5:colcon.colcon_core.verb:set package 'localization' build argument 'cmake_target' from command line to 'None'
[0.445s] Level 5:colcon.colcon_core.verb:set package 'localization' build argument 'cmake_target_skip_unavailable' from command line to 'False'
[0.445s] Level 5:colcon.colcon_core.verb:set package 'localization' build argument 'cmake_clean_cache' from command line to 'False'
[0.445s] Level 5:colcon.colcon_core.verb:set package 'localization' build argument 'cmake_clean_first' from command line to 'False'
[0.445s] Level 5:colcon.colcon_core.verb:set package 'localization' build argument 'cmake_force_configure' from command line to 'False'
[0.445s] Level 5:colcon.colcon_core.verb:set package 'localization' build argument 'ament_cmake_args' from command line to 'None'
[0.445s] Level 5:colcon.colcon_core.verb:set package 'localization' build argument 'catkin_cmake_args' from command line to 'None'
[0.445s] Level 5:colcon.colcon_core.verb:set package 'localization' build argument 'catkin_skip_building_tests' from command line to 'False'
[0.445s] DEBUG:colcon.colcon_core.verb:Building package 'localization' with the following arguments: {'ament_cmake_args': None, 'build_base': '/home/orangepi/code/My_Robot/build/localization', 'catkin_cmake_args': None, 'catkin_skip_building_tests': False, 'cmake_args': None, 'cmake_clean_cache': False, 'cmake_clean_first': False, 'cmake_force_configure': False, 'cmake_target': None, 'cmake_target_skip_unavailable': False, 'install_base': '/home/orangepi/code/My_Robot/install/localization', 'merge_install': False, 'path': '/home/orangepi/code/My_Robot/src/localization', 'symlink_install': False, 'test_result_base': None}
[0.446s] Level 5:colcon.colcon_core.verb:set package 'perception' build argument 'cmake_args' from command line to 'None'
[0.446s] Level 5:colcon.colcon_core.verb:set package 'perception' build argument 'cmake_target' from command line to 'None'
[0.446s] Level 5:colcon.colcon_core.verb:set package 'perception' build argument 'cmake_target_skip_unavailable' from command line to 'False'
[0.446s] Level 5:colcon.colcon_core.verb:set package 'perception' build argument 'cmake_clean_cache' from command line to 'False'
[0.446s] Level 5:colcon.colcon_core.verb:set package 'perception' build argument 'cmake_clean_first' from command line to 'False'
[0.446s] Level 5:colcon.colcon_core.verb:set package 'perception' build argument 'cmake_force_configure' from command line to 'False'
[0.446s] Level 5:colcon.colcon_core.verb:set package 'perception' build argument 'ament_cmake_args' from command line to 'None'
[0.446s] Level 5:colcon.colcon_core.verb:set package 'perception' build argument 'catkin_cmake_args' from command line to 'None'
[0.446s] Level 5:colcon.colcon_core.verb:set package 'perception' build argument 'catkin_skip_building_tests' from command line to 'False'
[0.447s] DEBUG:colcon.colcon_core.verb:Building package 'perception' with the following arguments: {'ament_cmake_args': None, 'build_base': '/home/orangepi/code/My_Robot/build/perception', 'catkin_cmake_args': None, 'catkin_skip_building_tests': False, 'cmake_args': None, 'cmake_clean_cache': False, 'cmake_clean_first': False, 'cmake_force_configure': False, 'cmake_target': None, 'cmake_target_skip_unavailable': False, 'install_base': '/home/orangepi/code/My_Robot/install/perception', 'merge_install': False, 'path': '/home/orangepi/code/My_Robot/src/perception', 'symlink_install': False, 'test_result_base': None}
[0.447s] INFO:colcon.colcon_core.executor:Executing jobs using 'parallel' executor
[0.451s] DEBUG:colcon.colcon_parallel_executor.executor.parallel:run_until_complete
[0.452s] INFO:colcon.colcon_ros.task.ament_cmake.build:Building ROS package in '/home/orangepi/code/My_Robot/src/localization' with build type 'ament_cmake'
[0.452s] INFO:colcon.colcon_cmake.task.cmake.build:Building CMake package in '/home/orangepi/code/My_Robot/src/localization'
[0.458s] INFO:colcon.colcon_core.plugin_system:Skipping extension 'colcon_core.shell.bat': Not used on non-Windows systems
[0.458s] INFO:colcon.colcon_core.shell:Skip shell extension 'powershell' for command environment: Not usable outside of PowerShell
[0.458s] DEBUG:colcon.colcon_core.shell:Skip shell extension 'dsv' for command environment
[0.471s] INFO:colcon.colcon_ros.task.ament_python.build:Building ROS package in '/home/orangepi/code/My_Robot/src/perception' with build type 'ament_python'
[0.471s] Level 1:colcon.colcon_core.shell:create_environment_hook('perception', 'ament_prefix_path')
[0.473s] INFO:colcon.colcon_core.shell:Creating environment hook '/home/orangepi/code/My_Robot/install/perception/share/perception/hook/ament_prefix_path.ps1'
[0.475s] INFO:colcon.colcon_core.shell:Creating environment descriptor '/home/orangepi/code/My_Robot/install/perception/share/perception/hook/ament_prefix_path.dsv'
[0.476s] INFO:colcon.colcon_core.shell:Creating environment hook '/home/orangepi/code/My_Robot/install/perception/share/perception/hook/ament_prefix_path.sh'
[0.478s] INFO:colcon.colcon_core.shell:Skip shell extension 'powershell' for command environment: Not usable outside of PowerShell
[0.478s] DEBUG:colcon.colcon_core.shell:Skip shell extension 'dsv' for command environment
[0.500s] DEBUG:colcon.colcon_core.event_handler.log_command:Invoking command in '/home/orangepi/code/My_Robot/build/localization': CMAKE_PREFIX_PATH=/opt/ros/foxy CONDA_PROMPT_MODIFIER=(base) /usr/bin/cmake /home/orangepi/code/My_Robot/src/localization -DCMAKE_INSTALL_PREFIX=/home/orangepi/code/My_Robot/install/localization
[0.811s] INFO:colcon.colcon_core.task.python.build:Building Python package in '/home/orangepi/code/My_Robot/src/perception'
[0.814s] INFO:colcon.colcon_core.shell:Skip shell extension 'powershell' for command environment: Not usable outside of PowerShell
[0.814s] DEBUG:colcon.colcon_core.shell:Skip shell extension 'dsv' for command environment
[1.336s] DEBUG:colcon.colcon_core.event_handler.log_command:Invoking command in '/home/orangepi/code/My_Robot/src/perception': CONDA_PROMPT_MODIFIER=(base) PYTHONPATH=/home/orangepi/code/My_Robot/build/perception/prefix_override:/home/orangepi/code/My_Robot/install/perception/lib/python3.8/site-packages:${PYTHONPATH} /usr/bin/python3 setup.py egg_info --egg-base ../../build/perception build --build-base /home/orangepi/code/My_Robot/build/perception/build install --record /home/orangepi/code/My_Robot/build/perception/install.log --install-scripts $base/lib/perception --single-version-externally-managed
[1.733s] DEBUG:colcon.colcon_core.event_handler.log_command:Invoked command in '/home/orangepi/code/My_Robot/src/perception' returned '0': CONDA_PROMPT_MODIFIER=(base) PYTHONPATH=/home/orangepi/code/My_Robot/build/perception/prefix_override:/home/orangepi/code/My_Robot/install/perception/lib/python3.8/site-packages:${PYTHONPATH} /usr/bin/python3 setup.py egg_info --egg-base ../../build/perception build --build-base /home/orangepi/code/My_Robot/build/perception/build install --record /home/orangepi/code/My_Robot/build/perception/install.log --install-scripts $base/lib/perception --single-version-externally-managed
[1.755s] Level 1:colcon.colcon_core.environment:checking '/home/orangepi/code/My_Robot/install/perception' for CMake module files
[1.757s] Level 1:colcon.colcon_core.environment:checking '/home/orangepi/code/My_Robot/install/perception' for CMake config files
[1.761s] Level 1:colcon.colcon_core.environment:checking '/home/orangepi/code/My_Robot/install/perception/lib'
[1.761s] Level 1:colcon.colcon_core.environment:checking '/home/orangepi/code/My_Robot/install/perception/bin'
[1.762s] Level 1:colcon.colcon_core.environment:checking '/home/orangepi/code/My_Robot/install/perception/lib/pkgconfig/perception.pc'
[1.763s] Level 1:colcon.colcon_core.environment:checking '/home/orangepi/code/My_Robot/install/perception/lib/python3.8/site-packages'
[1.763s] Level 1:colcon.colcon_core.shell:create_environment_hook('perception', 'pythonpath')
[1.769s] INFO:colcon.colcon_core.shell:Creating environment hook '/home/orangepi/code/My_Robot/install/perception/share/perception/hook/pythonpath.ps1'
[1.770s] INFO:colcon.colcon_core.shell:Creating environment descriptor '/home/orangepi/code/My_Robot/install/perception/share/perception/hook/pythonpath.dsv'
[1.771s] INFO:colcon.colcon_core.shell:Creating environment hook '/home/orangepi/code/My_Robot/install/perception/share/perception/hook/pythonpath.sh'
[1.772s] Level 1:colcon.colcon_core.environment:checking '/home/orangepi/code/My_Robot/install/perception/bin'
[1.772s] Level 1:colcon.colcon_core.environment:create_environment_scripts_only(perception)
[1.774s] INFO:colcon.colcon_core.shell:Creating package script '/home/orangepi/code/My_Robot/install/perception/share/perception/package.ps1'
[1.775s] INFO:colcon.colcon_core.shell:Creating package descriptor '/home/orangepi/code/My_Robot/install/perception/share/perception/package.dsv'
[1.776s] INFO:colcon.colcon_core.shell:Creating package script '/home/orangepi/code/My_Robot/install/perception/share/perception/package.sh'
[1.777s] INFO:colcon.colcon_core.shell:Creating package script '/home/orangepi/code/My_Robot/install/perception/share/perception/package.bash'
[1.779s] INFO:colcon.colcon_core.shell:Creating package script '/home/orangepi/code/My_Robot/install/perception/share/perception/package.zsh'
[1.780s] Level 1:colcon.colcon_core.environment:create_file_with_runtime_dependencies(/home/orangepi/code/My_Robot/install/perception/share/colcon-core/packages/perception)
[3.927s] DEBUG:colcon.colcon_core.event_handler.log_command:Invoked command in '/home/orangepi/code/My_Robot/build/localization' returned '1': CMAKE_PREFIX_PATH=/opt/ros/foxy CONDA_PROMPT_MODIFIER=(base) /usr/bin/cmake /home/orangepi/code/My_Robot/src/localization -DCMAKE_INSTALL_PREFIX=/home/orangepi/code/My_Robot/install/localization
[3.966s] Level 1:colcon.colcon_core.environment:create_environment_scripts_only(localization)
[3.976s] Level 1:colcon.colcon_core.environment:checking '/home/orangepi/code/My_Robot/install/localization' for CMake module files
[3.978s] Level 1:colcon.colcon_core.environment:checking '/home/orangepi/code/My_Robot/install/localization' for CMake config files
[3.979s] Level 1:colcon.colcon_core.environment:checking '/home/orangepi/code/My_Robot/install/localization/bin'
[3.979s] Level 1:colcon.colcon_core.environment:checking '/home/orangepi/code/My_Robot/install/localization/lib/pkgconfig/localization.pc'
[3.980s] Level 1:colcon.colcon_core.environment:checking '/home/orangepi/code/My_Robot/install/localization/lib/python3.8/site-packages'
[3.980s] Level 1:colcon.colcon_core.environment:checking '/home/orangepi/code/My_Robot/install/localization/bin'
[3.982s] INFO:colcon.colcon_core.shell:Creating package script '/home/orangepi/code/My_Robot/install/localization/share/localization/package.ps1'
[3.983s] INFO:colcon.colcon_core.shell:Creating package descriptor '/home/orangepi/code/My_Robot/install/localization/share/localization/package.dsv'
[3.983s] INFO:colcon.colcon_core.shell:Creating package script '/home/orangepi/code/My_Robot/install/localization/share/localization/package.sh'
[3.984s] INFO:colcon.colcon_core.shell:Creating package script '/home/orangepi/code/My_Robot/install/localization/share/localization/package.bash'
[3.984s] INFO:colcon.colcon_core.shell:Creating package script '/home/orangepi/code/My_Robot/install/localization/share/localization/package.zsh'
[3.984s] Level 1:colcon.colcon_core.environment:create_file_with_runtime_dependencies(/home/orangepi/code/My_Robot/install/localization/share/colcon-core/packages/localization)
[3.995s] DEBUG:colcon.colcon_parallel_executor.executor.parallel:closing loop
[3.996s] DEBUG:colcon.colcon_parallel_executor.executor.parallel:loop closed
[3.996s] DEBUG:colcon.colcon_parallel_executor.executor.parallel:run_until_complete finished with '1'
[3.996s] DEBUG:colcon.colcon_core.event_reactor:joining thread
[4.018s] INFO:colcon.colcon_core.plugin_system:Skipping extension 'colcon_notification.desktop_notification.terminal_notifier': Not used on non-Darwin systems
[4.018s] INFO:colcon.colcon_core.plugin_system:Skipping extension 'colcon_notification.desktop_notification.win32': Not used on non-Windows systems
[4.018s] INFO:colcon.colcon_notification.desktop_notification:Sending desktop notification using 'notify2'
[4.038s] DEBUG:colcon.colcon_core.event_reactor:joined thread
[4.046s] INFO:colcon.colcon_core.shell:Creating prefix script '/home/orangepi/code/My_Robot/install/local_setup.ps1'
[4.051s] INFO:colcon.colcon_core.shell:Creating prefix util module '/home/orangepi/code/My_Robot/install/_local_setup_util_ps1.py'
[4.058s] INFO:colcon.colcon_core.shell:Creating prefix chain script '/home/orangepi/code/My_Robot/install/setup.ps1'
[4.064s] INFO:colcon.colcon_core.shell:Creating prefix script '/home/orangepi/code/My_Robot/install/local_setup.sh'
[4.067s] INFO:colcon.colcon_core.shell:Creating prefix util module '/home/orangepi/code/My_Robot/install/_local_setup_util_sh.py'
[4.069s] INFO:colcon.colcon_core.shell:Creating prefix chain script '/home/orangepi/code/My_Robot/install/setup.sh'
[4.075s] INFO:colcon.colcon_core.shell:Creating prefix script '/home/orangepi/code/My_Robot/install/local_setup.bash'
[4.077s] INFO:colcon.colcon_core.shell:Creating prefix chain script '/home/orangepi/code/My_Robot/install/setup.bash'
[4.082s] INFO:colcon.colcon_core.shell:Creating prefix script '/home/orangepi/code/My_Robot/install/local_setup.zsh'
[4.085s] INFO:colcon.colcon_core.shell:Creating prefix chain script '/home/orangepi/code/My_Robot/install/setup.zsh'
