[1.746s] DEBUG:colcon:Command line arguments: ['/usr/bin/colcon', 'build', '--packages-select', 'perception_pkg']
[1.746s] DEBUG:colcon:Parsed command line arguments: Namespace(ament_cmake_args=None, base_paths=['.'], build_base='build', catkin_cmake_args=None, catkin_skip_building_tests=False, cmake_args=None, cmake_clean_cache=False, cmake_clean_first=False, cmake_force_configure=False, cmake_target=None, cmake_target_skip_unavailable=False, continue_on_error=False, event_handlers=None, executor='parallel', ignore_user_meta=False, install_base='install', log_base=None, log_level=None, main=<bound method BuildVerb.main of <colcon_core.verb.build.BuildVerb object at 0x7fb2424c40>>, merge_install=False, metas=['./colcon.meta'], packages_above=None, packages_above_and_dependencies=None, packages_above_depth=None, packages_end=None, packages_ignore=None, packages_ignore_regex=None, packages_select=['perception_pkg'], packages_select_build_failed=False, packages_select_by_dep=None, packages_select_regex=None, packages_select_test_failures=False, packages_skip=None, packages_skip_build_finished=False, packages_skip_by_dep=None, packages_skip_regex=None, packages_skip_test_passed=False, packages_skip_up_to=None, packages_start=None, packages_up_to=None, packages_up_to_regex=None, parallel_workers=8, paths=None, symlink_install=False, test_result_base=None, verb_extension=<colcon_core.verb.build.BuildVerb object at 0x7fb2424c40>, verb_name='build', verb_parser=<colcon_defaults.argument_parser.defaults.DefaultArgumentsDecorator object at 0x7fb242f1f0>)
[1.895s] Level 1:colcon.colcon_core.package_discovery:discover_packages(colcon_meta) check parameters
[1.896s] Level 1:colcon.colcon_core.package_discovery:discover_packages(recursive) check parameters
[1.896s] Level 1:colcon.colcon_core.package_discovery:discover_packages(ignore) check parameters
[1.896s] Level 1:colcon.colcon_core.package_discovery:discover_packages(path) check parameters
[1.896s] Level 1:colcon.colcon_core.package_discovery:discover_packages(colcon_meta) discover
[1.896s] Level 1:colcon.colcon_core.package_discovery:discover_packages(recursive) discover
[1.897s] INFO:colcon.colcon_core.package_discovery:Crawling recursively for packages in '/home/orangepi/code/My_Robot'
[1.897s] Level 1:colcon.colcon_core.package_identification:_identify(.) by extensions ['ignore', 'ignore_ament_install']
[1.897s] Level 1:colcon.colcon_core.package_identification:_identify(.) by extension 'ignore'
[1.898s] Level 1:colcon.colcon_core.package_identification:_identify(.) by extension 'ignore_ament_install'
[1.898s] Level 1:colcon.colcon_core.package_identification:_identify(.) by extensions ['colcon_pkg']
[1.898s] Level 1:colcon.colcon_core.package_identification:_identify(.) by extension 'colcon_pkg'
[1.898s] Level 1:colcon.colcon_core.package_identification:_identify(.) by extensions ['colcon_meta']
[1.899s] Level 1:colcon.colcon_core.package_identification:_identify(.) by extension 'colcon_meta'
[1.899s] Level 1:colcon.colcon_core.package_identification:_identify(.) by extensions ['ros']
[1.899s] Level 1:colcon.colcon_core.package_identification:_identify(.) by extension 'ros'
[1.980s] Level 1:colcon.colcon_core.package_identification:_identify(.) by extensions ['cmake', 'python']
[1.981s] Level 1:colcon.colcon_core.package_identification:_identify(.) by extension 'cmake'
[1.981s] Level 1:colcon.colcon_core.package_identification:_identify(.) by extension 'python'
[1.982s] Level 1:colcon.colcon_core.package_identification:_identify(.) by extensions ['python_setup_py']
[1.982s] Level 1:colcon.colcon_core.package_identification:_identify(.) by extension 'python_setup_py'
[1.984s] Level 1:colcon.colcon_core.package_identification:_identify(ROSSettingMarkDown) by extensions ['ignore', 'ignore_ament_install']
[1.985s] Level 1:colcon.colcon_core.package_identification:_identify(ROSSettingMarkDown) by extension 'ignore'
[1.985s] Level 1:colcon.colcon_core.package_identification:_identify(ROSSettingMarkDown) by extension 'ignore_ament_install'
[1.985s] Level 1:colcon.colcon_core.package_identification:_identify(ROSSettingMarkDown) by extensions ['colcon_pkg']
[1.986s] Level 1:colcon.colcon_core.package_identification:_identify(ROSSettingMarkDown) by extension 'colcon_pkg'
[1.986s] Level 1:colcon.colcon_core.package_identification:_identify(ROSSettingMarkDown) by extensions ['colcon_meta']
[1.986s] Level 1:colcon.colcon_core.package_identification:_identify(ROSSettingMarkDown) by extension 'colcon_meta'
[1.986s] Level 1:colcon.colcon_core.package_identification:_identify(ROSSettingMarkDown) by extensions ['ros']
[1.987s] Level 1:colcon.colcon_core.package_identification:_identify(ROSSettingMarkDown) by extension 'ros'
[1.987s] Level 1:colcon.colcon_core.package_identification:_identify(ROSSettingMarkDown) by extensions ['cmake', 'python']
[1.987s] Level 1:colcon.colcon_core.package_identification:_identify(ROSSettingMarkDown) by extension 'cmake'
[1.987s] Level 1:colcon.colcon_core.package_identification:_identify(ROSSettingMarkDown) by extension 'python'
[1.987s] Level 1:colcon.colcon_core.package_identification:_identify(ROSSettingMarkDown) by extensions ['python_setup_py']
[1.987s] Level 1:colcon.colcon_core.package_identification:_identify(ROSSettingMarkDown) by extension 'python_setup_py'
[1.990s] Level 1:colcon.colcon_core.package_identification:_identify(RobotLearningMarkDown) by extensions ['ignore', 'ignore_ament_install']
[1.990s] Level 1:colcon.colcon_core.package_identification:_identify(RobotLearningMarkDown) by extension 'ignore'
[1.990s] Level 1:colcon.colcon_core.package_identification:_identify(RobotLearningMarkDown) by extension 'ignore_ament_install'
[1.990s] Level 1:colcon.colcon_core.package_identification:_identify(RobotLearningMarkDown) by extensions ['colcon_pkg']
[1.990s] Level 1:colcon.colcon_core.package_identification:_identify(RobotLearningMarkDown) by extension 'colcon_pkg'
[1.990s] Level 1:colcon.colcon_core.package_identification:_identify(RobotLearningMarkDown) by extensions ['colcon_meta']
[1.990s] Level 1:colcon.colcon_core.package_identification:_identify(RobotLearningMarkDown) by extension 'colcon_meta'
[1.990s] Level 1:colcon.colcon_core.package_identification:_identify(RobotLearningMarkDown) by extensions ['ros']
[1.990s] Level 1:colcon.colcon_core.package_identification:_identify(RobotLearningMarkDown) by extension 'ros'
[1.990s] Level 1:colcon.colcon_core.package_identification:_identify(RobotLearningMarkDown) by extensions ['cmake', 'python']
[1.990s] Level 1:colcon.colcon_core.package_identification:_identify(RobotLearningMarkDown) by extension 'cmake'
[1.990s] Level 1:colcon.colcon_core.package_identification:_identify(RobotLearningMarkDown) by extension 'python'
[1.990s] Level 1:colcon.colcon_core.package_identification:_identify(RobotLearningMarkDown) by extensions ['python_setup_py']
[1.990s] Level 1:colcon.colcon_core.package_identification:_identify(RobotLearningMarkDown) by extension 'python_setup_py'
[1.990s] Level 1:colcon.colcon_core.package_identification:_identify(build) by extensions ['ignore', 'ignore_ament_install']
[1.991s] Level 1:colcon.colcon_core.package_identification:_identify(build) by extension 'ignore'
[1.991s] Level 1:colcon.colcon_core.package_identification:_identify(build) ignored
[1.991s] Level 1:colcon.colcon_core.package_identification:_identify(install) by extensions ['ignore', 'ignore_ament_install']
[1.991s] Level 1:colcon.colcon_core.package_identification:_identify(install) by extension 'ignore'
[1.991s] Level 1:colcon.colcon_core.package_identification:_identify(install) ignored
[1.991s] Level 1:colcon.colcon_core.package_identification:_identify(log) by extensions ['ignore', 'ignore_ament_install']
[1.991s] Level 1:colcon.colcon_core.package_identification:_identify(log) by extension 'ignore'
[1.991s] Level 1:colcon.colcon_core.package_identification:_identify(log) ignored
[1.992s] Level 1:colcon.colcon_core.package_identification:_identify(src) by extensions ['ignore', 'ignore_ament_install']
[1.992s] Level 1:colcon.colcon_core.package_identification:_identify(src) by extension 'ignore'
[1.993s] Level 1:colcon.colcon_core.package_identification:_identify(src) by extension 'ignore_ament_install'
[1.993s] Level 1:colcon.colcon_core.package_identification:_identify(src) by extensions ['colcon_pkg']
[1.993s] Level 1:colcon.colcon_core.package_identification:_identify(src) by extension 'colcon_pkg'
[1.993s] Level 1:colcon.colcon_core.package_identification:_identify(src) by extensions ['colcon_meta']
[1.993s] Level 1:colcon.colcon_core.package_identification:_identify(src) by extension 'colcon_meta'
[1.993s] Level 1:colcon.colcon_core.package_identification:_identify(src) by extensions ['ros']
[1.993s] Level 1:colcon.colcon_core.package_identification:_identify(src) by extension 'ros'
[1.993s] Level 1:colcon.colcon_core.package_identification:_identify(src) by extensions ['cmake', 'python']
[1.993s] Level 1:colcon.colcon_core.package_identification:_identify(src) by extension 'cmake'
[1.993s] Level 1:colcon.colcon_core.package_identification:_identify(src) by extension 'python'
[1.993s] Level 1:colcon.colcon_core.package_identification:_identify(src) by extensions ['python_setup_py']
[1.993s] Level 1:colcon.colcon_core.package_identification:_identify(src) by extension 'python_setup_py'
[1.995s] Level 1:colcon.colcon_core.package_identification:_identify(src/localization_pkg) by extensions ['ignore', 'ignore_ament_install']
[1.995s] Level 1:colcon.colcon_core.package_identification:_identify(src/localization_pkg) by extension 'ignore'
[1.995s] Level 1:colcon.colcon_core.package_identification:_identify(src/localization_pkg) by extension 'ignore_ament_install'
[1.996s] Level 1:colcon.colcon_core.package_identification:_identify(src/localization_pkg) by extensions ['colcon_pkg']
[1.996s] Level 1:colcon.colcon_core.package_identification:_identify(src/localization_pkg) by extension 'colcon_pkg'
[1.996s] Level 1:colcon.colcon_core.package_identification:_identify(src/localization_pkg) by extensions ['colcon_meta']
[1.996s] Level 1:colcon.colcon_core.package_identification:_identify(src/localization_pkg) by extension 'colcon_meta'
[1.996s] Level 1:colcon.colcon_core.package_identification:_identify(src/localization_pkg) by extensions ['ros']
[1.996s] Level 1:colcon.colcon_core.package_identification:_identify(src/localization_pkg) by extension 'ros'
[2.006s] DEBUG:colcon.colcon_core.package_identification:Package 'src/localization_pkg' with type 'ros.ament_python' and name 'localization_pkg'
[2.007s] Level 1:colcon.colcon_core.package_identification:_identify(src/perception_pkg) by extensions ['ignore', 'ignore_ament_install']
[2.007s] Level 1:colcon.colcon_core.package_identification:_identify(src/perception_pkg) by extension 'ignore'
[2.007s] Level 1:colcon.colcon_core.package_identification:_identify(src/perception_pkg) by extension 'ignore_ament_install'
[2.008s] Level 1:colcon.colcon_core.package_identification:_identify(src/perception_pkg) by extensions ['colcon_pkg']
[2.008s] Level 1:colcon.colcon_core.package_identification:_identify(src/perception_pkg) by extension 'colcon_pkg'
[2.008s] Level 1:colcon.colcon_core.package_identification:_identify(src/perception_pkg) by extensions ['colcon_meta']
[2.008s] Level 1:colcon.colcon_core.package_identification:_identify(src/perception_pkg) by extension 'colcon_meta'
[2.008s] Level 1:colcon.colcon_core.package_identification:_identify(src/perception_pkg) by extensions ['ros']
[2.008s] Level 1:colcon.colcon_core.package_identification:_identify(src/perception_pkg) by extension 'ros'
[2.021s] DEBUG:colcon.colcon_core.package_identification:Package 'src/perception_pkg' with type 'ros.ament_cmake' and name 'perception_pkg'
[2.021s] Level 1:colcon.colcon_core.package_discovery:discover_packages(recursive) using defaults
[2.021s] Level 1:colcon.colcon_core.package_discovery:discover_packages(ignore) discover
[2.021s] Level 1:colcon.colcon_core.package_discovery:discover_packages(ignore) using defaults
[2.021s] Level 1:colcon.colcon_core.package_discovery:discover_packages(path) discover
[2.022s] Level 1:colcon.colcon_core.package_discovery:discover_packages(path) using defaults
[2.185s] INFO:colcon.colcon_core.package_selection:Skipping not selected package 'localization_pkg' in 'src/localization_pkg'
[2.187s] Level 5:colcon.colcon_core.verb:set package 'perception_pkg' build argument 'cmake_args' from command line to 'None'
[2.187s] Level 5:colcon.colcon_core.verb:set package 'perception_pkg' build argument 'cmake_target' from command line to 'None'
[2.187s] Level 5:colcon.colcon_core.verb:set package 'perception_pkg' build argument 'cmake_target_skip_unavailable' from command line to 'False'
[2.187s] Level 5:colcon.colcon_core.verb:set package 'perception_pkg' build argument 'cmake_clean_cache' from command line to 'False'
[2.187s] Level 5:colcon.colcon_core.verb:set package 'perception_pkg' build argument 'cmake_clean_first' from command line to 'False'
[2.187s] Level 5:colcon.colcon_core.verb:set package 'perception_pkg' build argument 'cmake_force_configure' from command line to 'False'
[2.187s] Level 5:colcon.colcon_core.verb:set package 'perception_pkg' build argument 'ament_cmake_args' from command line to 'None'
[2.187s] Level 5:colcon.colcon_core.verb:set package 'perception_pkg' build argument 'catkin_cmake_args' from command line to 'None'
[2.187s] Level 5:colcon.colcon_core.verb:set package 'perception_pkg' build argument 'catkin_skip_building_tests' from command line to 'False'
[2.187s] DEBUG:colcon.colcon_core.verb:Building package 'perception_pkg' with the following arguments: {'ament_cmake_args': None, 'build_base': '/home/orangepi/code/My_Robot/build/perception_pkg', 'catkin_cmake_args': None, 'catkin_skip_building_tests': False, 'cmake_args': None, 'cmake_clean_cache': False, 'cmake_clean_first': False, 'cmake_force_configure': False, 'cmake_target': None, 'cmake_target_skip_unavailable': False, 'install_base': '/home/orangepi/code/My_Robot/install/perception_pkg', 'merge_install': False, 'path': '/home/orangepi/code/My_Robot/src/perception_pkg', 'symlink_install': False, 'test_result_base': None}
[2.188s] INFO:colcon.colcon_core.executor:Executing jobs using 'parallel' executor
[2.192s] DEBUG:colcon.colcon_parallel_executor.executor.parallel:run_until_complete
[2.193s] INFO:colcon.colcon_ros.task.ament_cmake.build:Building ROS package in '/home/orangepi/code/My_Robot/src/perception_pkg' with build type 'ament_cmake'
[2.193s] INFO:colcon.colcon_cmake.task.cmake.build:Building CMake package in '/home/orangepi/code/My_Robot/src/perception_pkg'
[2.210s] INFO:colcon.colcon_core.plugin_system:Skipping extension 'colcon_core.shell.bat': Not used on non-Windows systems
[2.210s] INFO:colcon.colcon_core.shell:Skip shell extension 'powershell' for command environment: Not usable outside of PowerShell
[2.210s] DEBUG:colcon.colcon_core.shell:Skip shell extension 'dsv' for command environment
[2.266s] DEBUG:colcon.colcon_core.event_handler.log_command:Invoking command in '/home/orangepi/code/My_Robot/build/perception_pkg': CMAKE_PREFIX_PATH=/opt/ros/foxy CONDA_PROMPT_MODIFIER=(base) /usr/bin/cmake /home/orangepi/code/My_Robot/src/perception_pkg -DCMAKE_INSTALL_PREFIX=/home/orangepi/code/My_Robot/install/perception_pkg
[6.397s] DEBUG:colcon.colcon_core.event_handler.log_command:Invoked command in '/home/orangepi/code/My_Robot/build/perception_pkg' returned '0': CMAKE_PREFIX_PATH=/opt/ros/foxy CONDA_PROMPT_MODIFIER=(base) /usr/bin/cmake /home/orangepi/code/My_Robot/src/perception_pkg -DCMAKE_INSTALL_PREFIX=/home/orangepi/code/My_Robot/install/perception_pkg
[6.408s] DEBUG:colcon.colcon_core.event_handler.log_command:Invoking command in '/home/orangepi/code/My_Robot/build/perception_pkg': CMAKE_PREFIX_PATH=/opt/ros/foxy CONDA_PROMPT_MODIFIER=(base) /usr/bin/cmake --build /home/orangepi/code/My_Robot/build/perception_pkg -- -j8 -l8
[13.906s] DEBUG:colcon.colcon_core.event_handler.log_command:Invoked command in '/home/orangepi/code/My_Robot/build/perception_pkg' returned '0': CMAKE_PREFIX_PATH=/opt/ros/foxy CONDA_PROMPT_MODIFIER=(base) /usr/bin/cmake --build /home/orangepi/code/My_Robot/build/perception_pkg -- -j8 -l8
[14.039s] DEBUG:colcon.colcon_core.event_handler.log_command:Invoking command in '/home/orangepi/code/My_Robot/build/perception_pkg': CMAKE_PREFIX_PATH=/opt/ros/foxy CONDA_PROMPT_MODIFIER=(base) /usr/bin/cmake --install /home/orangepi/code/My_Robot/build/perception_pkg
[14.201s] Level 1:colcon.colcon_core.environment:create_environment_scripts_only(perception_pkg)
[14.205s] DEBUG:colcon.colcon_core.event_handler.log_command:Invoked command in '/home/orangepi/code/My_Robot/build/perception_pkg' returned '0': CMAKE_PREFIX_PATH=/opt/ros/foxy CONDA_PROMPT_MODIFIER=(base) /usr/bin/cmake --install /home/orangepi/code/My_Robot/build/perception_pkg
[14.269s] Level 1:colcon.colcon_core.environment:checking '/home/orangepi/code/My_Robot/install/perception_pkg' for CMake module files
[14.275s] Level 1:colcon.colcon_core.environment:checking '/home/orangepi/code/My_Robot/install/perception_pkg' for CMake config files
[14.276s] Level 1:colcon.colcon_core.shell:create_environment_hook('perception_pkg', 'cmake_prefix_path')
[14.284s] INFO:colcon.colcon_core.shell:Creating environment hook '/home/orangepi/code/My_Robot/install/perception_pkg/share/perception_pkg/hook/cmake_prefix_path.ps1'
[14.299s] INFO:colcon.colcon_core.shell:Creating environment descriptor '/home/orangepi/code/My_Robot/install/perception_pkg/share/perception_pkg/hook/cmake_prefix_path.dsv'
[14.305s] INFO:colcon.colcon_core.shell:Creating environment hook '/home/orangepi/code/My_Robot/install/perception_pkg/share/perception_pkg/hook/cmake_prefix_path.sh'
[14.311s] Level 1:colcon.colcon_core.environment:checking '/home/orangepi/code/My_Robot/install/perception_pkg/lib'
[14.312s] Level 1:colcon.colcon_core.environment:checking '/home/orangepi/code/My_Robot/install/perception_pkg/bin'
[14.312s] Level 1:colcon.colcon_core.environment:checking '/home/orangepi/code/My_Robot/install/perception_pkg/lib/pkgconfig/perception_pkg.pc'
[14.340s] Level 1:colcon.colcon_core.environment:checking '/home/orangepi/code/My_Robot/install/perception_pkg/lib/python3.8/site-packages'
[14.341s] Level 1:colcon.colcon_core.environment:checking '/home/orangepi/code/My_Robot/install/perception_pkg/bin'
[14.348s] INFO:colcon.colcon_core.shell:Creating package script '/home/orangepi/code/My_Robot/install/perception_pkg/share/perception_pkg/package.ps1'
[14.353s] INFO:colcon.colcon_core.shell:Creating package descriptor '/home/orangepi/code/My_Robot/install/perception_pkg/share/perception_pkg/package.dsv'
[14.356s] INFO:colcon.colcon_core.shell:Creating package script '/home/orangepi/code/My_Robot/install/perception_pkg/share/perception_pkg/package.sh'
[14.360s] INFO:colcon.colcon_core.shell:Creating package script '/home/orangepi/code/My_Robot/install/perception_pkg/share/perception_pkg/package.bash'
[14.372s] INFO:colcon.colcon_core.shell:Creating package script '/home/orangepi/code/My_Robot/install/perception_pkg/share/perception_pkg/package.zsh'
[14.377s] Level 1:colcon.colcon_core.environment:create_file_with_runtime_dependencies(/home/orangepi/code/My_Robot/install/perception_pkg/share/colcon-core/packages/perception_pkg)
[14.462s] Level 1:colcon.colcon_core.environment:create_environment_scripts_only(perception_pkg)
[14.473s] Level 1:colcon.colcon_core.environment:checking '/home/orangepi/code/My_Robot/install/perception_pkg' for CMake module files
[14.476s] Level 1:colcon.colcon_core.environment:checking '/home/orangepi/code/My_Robot/install/perception_pkg' for CMake config files
[14.477s] Level 1:colcon.colcon_core.shell:create_environment_hook('perception_pkg', 'cmake_prefix_path')
[14.483s] INFO:colcon.colcon_core.shell:Creating environment hook '/home/orangepi/code/My_Robot/install/perception_pkg/share/perception_pkg/hook/cmake_prefix_path.ps1'
[14.485s] INFO:colcon.colcon_core.shell:Creating environment descriptor '/home/orangepi/code/My_Robot/install/perception_pkg/share/perception_pkg/hook/cmake_prefix_path.dsv'
[14.486s] INFO:colcon.colcon_core.shell:Creating environment hook '/home/orangepi/code/My_Robot/install/perception_pkg/share/perception_pkg/hook/cmake_prefix_path.sh'
[14.490s] Level 1:colcon.colcon_core.environment:checking '/home/orangepi/code/My_Robot/install/perception_pkg/lib'
[14.490s] Level 1:colcon.colcon_core.environment:checking '/home/orangepi/code/My_Robot/install/perception_pkg/bin'
[14.491s] Level 1:colcon.colcon_core.environment:checking '/home/orangepi/code/My_Robot/install/perception_pkg/lib/pkgconfig/perception_pkg.pc'
[14.492s] Level 1:colcon.colcon_core.environment:checking '/home/orangepi/code/My_Robot/install/perception_pkg/lib/python3.8/site-packages'
[14.493s] Level 1:colcon.colcon_core.environment:checking '/home/orangepi/code/My_Robot/install/perception_pkg/bin'
[14.501s] INFO:colcon.colcon_core.shell:Creating package script '/home/orangepi/code/My_Robot/install/perception_pkg/share/perception_pkg/package.ps1'
[14.502s] INFO:colcon.colcon_core.shell:Creating package descriptor '/home/orangepi/code/My_Robot/install/perception_pkg/share/perception_pkg/package.dsv'
[14.503s] INFO:colcon.colcon_core.shell:Creating package script '/home/orangepi/code/My_Robot/install/perception_pkg/share/perception_pkg/package.sh'
[14.504s] INFO:colcon.colcon_core.shell:Creating package script '/home/orangepi/code/My_Robot/install/perception_pkg/share/perception_pkg/package.bash'
[14.505s] INFO:colcon.colcon_core.shell:Creating package script '/home/orangepi/code/My_Robot/install/perception_pkg/share/perception_pkg/package.zsh'
[14.506s] Level 1:colcon.colcon_core.environment:create_file_with_runtime_dependencies(/home/orangepi/code/My_Robot/install/perception_pkg/share/colcon-core/packages/perception_pkg)
[14.507s] DEBUG:colcon.colcon_parallel_executor.executor.parallel:closing loop
[14.507s] DEBUG:colcon.colcon_parallel_executor.executor.parallel:loop closed
[14.508s] DEBUG:colcon.colcon_parallel_executor.executor.parallel:run_until_complete finished with '0'
[14.508s] DEBUG:colcon.colcon_core.event_reactor:joining thread
[14.627s] INFO:colcon.colcon_core.plugin_system:Skipping extension 'colcon_notification.desktop_notification.terminal_notifier': Not used on non-Darwin systems
[14.627s] INFO:colcon.colcon_core.plugin_system:Skipping extension 'colcon_notification.desktop_notification.win32': Not used on non-Windows systems
[14.628s] INFO:colcon.colcon_notification.desktop_notification:Sending desktop notification using 'notify2'
[14.685s] DEBUG:colcon.colcon_core.event_reactor:joined thread
[14.694s] INFO:colcon.colcon_core.shell:Creating prefix script '/home/orangepi/code/My_Robot/install/local_setup.ps1'
[14.700s] INFO:colcon.colcon_core.shell:Creating prefix util module '/home/orangepi/code/My_Robot/install/_local_setup_util_ps1.py'
[14.704s] INFO:colcon.colcon_core.shell:Creating prefix chain script '/home/orangepi/code/My_Robot/install/setup.ps1'
[14.712s] INFO:colcon.colcon_core.shell:Creating prefix script '/home/orangepi/code/My_Robot/install/local_setup.sh'
[14.715s] INFO:colcon.colcon_core.shell:Creating prefix util module '/home/orangepi/code/My_Robot/install/_local_setup_util_sh.py'
[14.717s] INFO:colcon.colcon_core.shell:Creating prefix chain script '/home/orangepi/code/My_Robot/install/setup.sh'
[14.723s] INFO:colcon.colcon_core.shell:Creating prefix script '/home/orangepi/code/My_Robot/install/local_setup.bash'
[14.726s] INFO:colcon.colcon_core.shell:Creating prefix chain script '/home/orangepi/code/My_Robot/install/setup.bash'
[14.732s] INFO:colcon.colcon_core.shell:Creating prefix script '/home/orangepi/code/My_Robot/install/local_setup.zsh'
[14.736s] INFO:colcon.colcon_core.shell:Creating prefix chain script '/home/orangepi/code/My_Robot/install/setup.zsh'
