[1.359s] Invoking command in '/home/orangepi/code/town_ws/src/village_li': PYTHONPATH=/home/orangepi/code/town_ws/build/village_li/prefix_override:/home/orangepi/code/town_ws/install/village_li/lib/python3.8/site-packages:${PYTHONPATH} /usr/bin/python3 setup.py egg_info --egg-base ../../build/village_li build --build-base /home/orangepi/code/town_ws/build/village_li/build install --record /home/orangepi/code/town_ws/build/village_li/install.log --install-scripts $base/lib/village_li --single-version-externally-managed
[1.617s] running egg_info
[1.618s] writing ../../build/village_li/village_li.egg-info/PKG-INFO
[1.619s] writing dependency_links to ../../build/village_li/village_li.egg-info/dependency_links.txt
[1.619s] writing entry points to ../../build/village_li/village_li.egg-info/entry_points.txt
[1.620s] writing requirements to ../../build/village_li/village_li.egg-info/requires.txt
[1.621s] writing top-level names to ../../build/village_li/village_li.egg-info/top_level.txt
[1.669s] reading manifest file '../../build/village_li/village_li.egg-info/SOURCES.txt'
[1.670s] writing manifest file '../../build/village_li/village_li.egg-info/SOURCES.txt'
[1.671s] running build
[1.671s] running build_py
[1.672s] running install
[1.672s] running install_lib
[1.674s] running install_data
[1.674s] running install_egg_info
[1.677s] removing '/home/orangepi/code/town_ws/install/village_li/lib/python3.8/site-packages/village_li-0.0.0-py3.8.egg-info' (and everything under it)
[1.677s] Copying ../../build/village_li/village_li.egg-info to /home/orangepi/code/town_ws/install/village_li/lib/python3.8/site-packages/village_li-0.0.0-py3.8.egg-info
[1.679s] running install_scripts
[1.704s] Installing li4_node script to /home/orangepi/code/town_ws/install/village_li/lib/village_li
[1.705s] writing list of installed files to '/home/orangepi/code/town_ws/build/village_li/install.log'
[1.757s] Invoked command in '/home/orangepi/code/town_ws/src/village_li' returned '0': PYTHONPATH=/home/orangepi/code/town_ws/build/village_li/prefix_override:/home/orangepi/code/town_ws/install/village_li/lib/python3.8/site-packages:${PYTHONPATH} /usr/bin/python3 setup.py egg_info --egg-base ../../build/village_li build --build-base /home/orangepi/code/town_ws/build/village_li/build install --record /home/orangepi/code/town_ws/build/village_li/install.log --install-scripts $base/lib/village_li --single-version-externally-managed
