[0.064s] Invoking command in '/home/orangepi/code/town_ws/build/village_interfaces': CMAKE_PREFIX_PATH=${CMAKE_PREFIX_PATH}:/home/orangepi/code/town_ws/install/village_li:/opt/ros/foxy /usr/bin/cmake --build /home/orangepi/code/town_ws/build/village_interfaces -- -j8 -l8
[0.188s] -- Found ament_cmake: 0.9.12 (/opt/ros/foxy/share/ament_cmake/cmake)
[0.271s] -- Found PythonInterp: /usr/bin/python3 (found suitable version "3.8.10", minimum required is "3") 
[0.271s] -- Using PYTHON_EXECUTABLE: /usr/bin/python3
[0.595s] -- Found sensor_msgs: 2.0.5 (/opt/ros/foxy/share/sensor_msgs/cmake)
[0.691s] -- Using all available rosidl_typesupport_c: rosidl_typesupport_fastrtps_c;rosidl_typesupport_introspection_c
[0.705s] -- Found rosidl_adapter: 1.3.1 (/opt/ros/foxy/share/rosidl_adapter/cmake)
[1.013s] -- Using all available rosidl_typesupport_cpp: rosidl_typesupport_fastrtps_cpp;rosidl_typesupport_introspection_cpp
[1.363s] -- Found rosidl_default_generators: 1.0.1 (/opt/ros/foxy/share/rosidl_default_generators/cmake)
[1.450s] -- Found PythonInterp: /usr/bin/python3 (found version "3.8.10") 
[1.859s] -- Found ament_cmake_ros: 0.9.2 (/opt/ros/foxy/share/ament_cmake_ros/cmake)
[2.332s] -- Using all available rosidl_typesupport_c: rosidl_typesupport_fastrtps_c;rosidl_typesupport_introspection_c
[2.553s] -- Using all available rosidl_typesupport_cpp: rosidl_typesupport_fastrtps_cpp;rosidl_typesupport_introspection_cpp
[2.616s] -- Found PythonInterp: /usr/bin/python3 (found suitable version "3.8.10", minimum required is "3.5") 
[2.617s] -- Found python_cmake_module: 0.8.1 (/opt/ros/foxy/share/python_cmake_module/cmake)
[2.699s] -- Using PYTHON_EXECUTABLE: /usr/bin/python3
[2.699s] -- Using PYTHON_INCLUDE_DIRS: /usr/include/python3.8
[2.700s] -- Using PYTHON_LIBRARIES: /usr/lib/aarch64-linux-gnu/libpython3.8.so
[2.840s] -- Found ament_lint_auto: 0.9.8 (/opt/ros/foxy/share/ament_lint_auto/cmake)
[2.917s] -- Added test 'copyright' to check source files copyright and LICENSE
[2.925s] -- Added test 'lint_cmake' to check CMake code style
[2.931s] -- Added test 'xmllint' to check XML markup files
[2.946s] -- Configuring done
[3.214s] -- Generating done
[3.237s] -- Build files have been written to: /home/orangepi/code/town_ws/build/village_interfaces
[3.332s] [35m[1mScanning dependencies of target village_interfaces__cpp[0m
[3.334s] [  2%] [34m[1mGenerating C code for ROS interfaces[0m
[3.379s] [  5%] [34m[1mGenerating C++ code for ROS interfaces[0m
[3.942s] [35m[1mScanning dependencies of target village_interfaces__rosidl_generator_c[0m
[3.972s] [  5%] Built target village_interfaces__cpp
[3.975s] [  7%] [32mBuilding C object CMakeFiles/village_interfaces__rosidl_generator_c.dir/rosidl_generator_c/village_interfaces/msg/detail/novel__functions.c.o[0m
[3.994s] [ 12%] [34m[1mGenerating C++ introspection for ROS interfaces[0m
[3.995s] [ 12%] [32mBuilding C object CMakeFiles/village_interfaces__rosidl_generator_c.dir/rosidl_generator_c/village_interfaces/srv/detail/borrow_money__functions.c.o[0m
[4.014s] [ 17%] [34m[1mGenerating C++ type support for eProsima Fast-RTPS[0m
[4.014s] [ 17%] [34m[1mGenerating C++ type support dispatch for ROS interfaces[0m
[4.280s] [ 20%] [32m[1mLinking C shared library libvillage_interfaces__rosidl_generator_c.so[0m
[4.473s] [35m[1mScanning dependencies of target village_interfaces__rosidl_typesupport_cpp[0m
[4.487s] [35m[1mScanning dependencies of target village_interfaces__rosidl_typesupport_introspection_cpp[0m
[4.507s] [ 23%] [32mBuilding CXX object CMakeFiles/village_interfaces__rosidl_typesupport_cpp.dir/rosidl_typesupport_cpp/village_interfaces/msg/novel__type_support.cpp.o[0m
[4.523s] [ 25%] [32mBuilding CXX object CMakeFiles/village_interfaces__rosidl_typesupport_cpp.dir/rosidl_typesupport_cpp/village_interfaces/srv/borrow_money__type_support.cpp.o[0m
[4.529s] [ 25%] Built target village_interfaces__rosidl_generator_c
[4.532s] [ 28%] [32mBuilding CXX object CMakeFiles/village_interfaces__rosidl_typesupport_introspection_cpp.dir/rosidl_typesupport_introspection_cpp/village_interfaces/msg/detail/novel__type_support.cpp.o[0m
[4.532s] [ 30%] [32mBuilding CXX object CMakeFiles/village_interfaces__rosidl_typesupport_introspection_cpp.dir/rosidl_typesupport_introspection_cpp/village_interfaces/srv/detail/borrow_money__type_support.cpp.o[0m
[4.553s] [ 33%] [34m[1mGenerating C type support dispatch for ROS interfaces[0m
[4.566s] [ 35%] [34m[1mGenerating C introspection for ROS interfaces[0m
[4.568s] [35m[1mScanning dependencies of target village_interfaces__rosidl_typesupport_fastrtps_cpp[0m
[4.691s] [ 38%] [32mBuilding CXX object CMakeFiles/village_interfaces__rosidl_typesupport_fastrtps_cpp.dir/rosidl_typesupport_fastrtps_cpp/village_interfaces/msg/detail/dds_fastrtps/novel__type_support.cpp.o[0m
[4.713s] [ 41%] [32mBuilding CXX object CMakeFiles/village_interfaces__rosidl_typesupport_fastrtps_cpp.dir/rosidl_typesupport_fastrtps_cpp/village_interfaces/srv/detail/dds_fastrtps/borrow_money__type_support.cpp.o[0m
[5.030s] [35m[1mScanning dependencies of target village_interfaces__rosidl_typesupport_c[0m
[5.104s] [ 43%] [32mBuilding CXX object CMakeFiles/village_interfaces__rosidl_typesupport_c.dir/rosidl_typesupport_c/village_interfaces/msg/novel__type_support.cpp.o[0m
[5.380s] [ 46%] [32mBuilding CXX object CMakeFiles/village_interfaces__rosidl_typesupport_c.dir/rosidl_typesupport_c/village_interfaces/srv/borrow_money__type_support.cpp.o[0m
[5.394s] [35m[1mScanning dependencies of target village_interfaces__rosidl_typesupport_introspection_c[0m
[5.459s] [ 48%] [32mBuilding C object CMakeFiles/village_interfaces__rosidl_typesupport_introspection_c.dir/rosidl_typesupport_introspection_c/village_interfaces/srv/detail/borrow_money__type_support.c.o[0m
[5.476s] [ 51%] [32mBuilding C object CMakeFiles/village_interfaces__rosidl_typesupport_introspection_c.dir/rosidl_typesupport_introspection_c/village_interfaces/msg/detail/novel__type_support.c.o[0m
[5.552s] [ 53%] [32m[1mLinking CXX shared library libvillage_interfaces__rosidl_typesupport_fastrtps_cpp.so[0m
[5.561s] [ 56%] [32m[1mLinking CXX shared library libvillage_interfaces__rosidl_typesupport_c.so[0m
[5.618s] [ 58%] [32m[1mLinking C shared library libvillage_interfaces__rosidl_typesupport_introspection_c.so[0m
[5.696s] [ 58%] Built target village_interfaces__rosidl_typesupport_c
[5.726s] [ 61%] [32m[1mLinking CXX shared library libvillage_interfaces__rosidl_typesupport_cpp.so[0m
[5.732s] [ 61%] Built target village_interfaces__rosidl_typesupport_introspection_c
[5.772s] [ 64%] [32m[1mLinking CXX shared library libvillage_interfaces__rosidl_typesupport_introspection_cpp.so[0m
[5.826s] [ 64%] Built target village_interfaces__rosidl_typesupport_fastrtps_cpp
[5.842s] [ 64%] Built target village_interfaces__rosidl_typesupport_cpp
[5.870s] [ 66%] [34m[1mGenerating C type support for eProsima Fast-RTPS[0m
[5.939s] [ 66%] Built target village_interfaces__rosidl_typesupport_introspection_cpp
[6.364s] [35m[1mScanning dependencies of target village_interfaces__rosidl_typesupport_fastrtps_c[0m
[6.420s] [ 69%] [32mBuilding CXX object CMakeFiles/village_interfaces__rosidl_typesupport_fastrtps_c.dir/rosidl_typesupport_fastrtps_c/village_interfaces/msg/detail/novel__type_support_c.cpp.o[0m
[6.425s] [ 71%] [32mBuilding CXX object CMakeFiles/village_interfaces__rosidl_typesupport_fastrtps_c.dir/rosidl_typesupport_fastrtps_c/village_interfaces/srv/detail/borrow_money__type_support_c.cpp.o[0m
[6.999s] [ 74%] [32m[1mLinking CXX shared library libvillage_interfaces__rosidl_typesupport_fastrtps_c.so[0m
[7.211s] [ 74%] Built target village_interfaces__rosidl_typesupport_fastrtps_c
[7.285s] [ 74%] Built target village_interfaces
[7.326s] [35m[1mScanning dependencies of target village_interfaces__py[0m
[7.372s] [ 76%] [34m[1mGenerating Python code for ROS interfaces[0m
[8.582s] [ 76%] Built target village_interfaces__py
[8.624s] [35m[1mScanning dependencies of target village_interfaces__python[0m
[8.681s] [ 79%] [32mBuilding C object CMakeFiles/village_interfaces__python.dir/rosidl_generator_py/village_interfaces/srv/_borrow_money_s.c.o[0m
[8.685s] [ 82%] [32mBuilding C object CMakeFiles/village_interfaces__python.dir/rosidl_generator_py/village_interfaces/msg/_novel_s.c.o[0m
[8.980s] [ 84%] [32m[1mLinking C shared library rosidl_generator_py/village_interfaces/libvillage_interfaces__python.so[0m
[9.133s] [ 84%] Built target village_interfaces__python
[9.160s] [35m[1mScanning dependencies of target village_interfaces__rosidl_typesupport_introspection_c__pyext[0m
[9.173s] [35m[1mScanning dependencies of target village_interfaces__rosidl_typesupport_fastrtps_c__pyext[0m
[9.176s] [35m[1mScanning dependencies of target village_interfaces__rosidl_typesupport_c__pyext[0m
[9.205s] [ 87%] [32mBuilding C object CMakeFiles/village_interfaces__rosidl_typesupport_introspection_c__pyext.dir/rosidl_generator_py/village_interfaces/_village_interfaces_s.ep.rosidl_typesupport_introspection_c.c.o[0m
[9.230s] [ 89%] [32mBuilding C object CMakeFiles/village_interfaces__rosidl_typesupport_fastrtps_c__pyext.dir/rosidl_generator_py/village_interfaces/_village_interfaces_s.ep.rosidl_typesupport_fastrtps_c.c.o[0m
[9.231s] [ 92%] [32mBuilding C object CMakeFiles/village_interfaces__rosidl_typesupport_c__pyext.dir/rosidl_generator_py/village_interfaces/_village_interfaces_s.ep.rosidl_typesupport_c.c.o[0m
[9.389s] [ 94%] [32m[1mLinking CXX shared library rosidl_generator_py/village_interfaces/village_interfaces_s__rosidl_typesupport_fastrtps_c.cpython-38-aarch64-linux-gnu.so[0m
[9.408s] [ 97%] [32m[1mLinking C shared library rosidl_generator_py/village_interfaces/village_interfaces_s__rosidl_typesupport_c.cpython-38-aarch64-linux-gnu.so[0m
[9.458s] [100%] [32m[1mLinking C shared library rosidl_generator_py/village_interfaces/village_interfaces_s__rosidl_typesupport_introspection_c.cpython-38-aarch64-linux-gnu.so[0m
[9.541s] [100%] Built target village_interfaces__rosidl_typesupport_c__pyext
[9.570s] [100%] Built target village_interfaces__rosidl_typesupport_fastrtps_c__pyext
[9.575s] [100%] Built target village_interfaces__rosidl_typesupport_introspection_c__pyext
[9.611s] Invoked command in '/home/orangepi/code/town_ws/build/village_interfaces' returned '0': CMAKE_PREFIX_PATH=${CMAKE_PREFIX_PATH}:/home/orangepi/code/town_ws/install/village_li:/opt/ros/foxy /usr/bin/cmake --build /home/orangepi/code/town_ws/build/village_interfaces -- -j8 -l8
[9.855s] Invoking command in '/home/orangepi/code/town_ws/build/village_interfaces': CMAKE_PREFIX_PATH=${CMAKE_PREFIX_PATH}:/home/orangepi/code/town_ws/install/village_li:/opt/ros/foxy /usr/bin/cmake --install /home/orangepi/code/town_ws/build/village_interfaces
[9.888s] -- Install configuration: ""
[9.889s] -- Installing: /home/orangepi/code/town_ws/install/village_interfaces/share/ament_index/resource_index/rosidl_interfaces/village_interfaces
[9.890s] -- Up-to-date: /home/orangepi/code/town_ws/install/village_interfaces/include/village_interfaces
[9.890s] -- Up-to-date: /home/orangepi/code/town_ws/install/village_interfaces/include/village_interfaces/msg
[9.890s] -- Up-to-date: /home/orangepi/code/town_ws/install/village_interfaces/include/village_interfaces/msg/detail
[9.891s] -- Installing: /home/orangepi/code/town_ws/install/village_interfaces/include/village_interfaces/msg/detail/novel__functions.h
[9.892s] -- Installing: /home/orangepi/code/town_ws/install/village_interfaces/include/village_interfaces/msg/detail/novel__functions.c
[9.892s] -- Installing: /home/orangepi/code/town_ws/install/village_interfaces/include/village_interfaces/msg/detail/novel__struct.h
[9.893s] -- Installing: /home/orangepi/code/town_ws/install/village_interfaces/include/village_interfaces/msg/detail/novel__type_support.h
[9.893s] -- Installing: /home/orangepi/code/town_ws/install/village_interfaces/include/village_interfaces/msg/novel.h
[9.894s] -- Up-to-date: /home/orangepi/code/town_ws/install/village_interfaces/include/village_interfaces/msg/rosidl_generator_c__visibility_control.h
[9.894s] -- Installing: /home/orangepi/code/town_ws/install/village_interfaces/include/village_interfaces/srv
[9.895s] -- Installing: /home/orangepi/code/town_ws/install/village_interfaces/include/village_interfaces/srv/detail
[9.895s] -- Installing: /home/orangepi/code/town_ws/install/village_interfaces/include/village_interfaces/srv/detail/borrow_money__functions.c
[9.896s] -- Installing: /home/orangepi/code/town_ws/install/village_interfaces/include/village_interfaces/srv/detail/borrow_money__type_support.h
[9.896s] -- Installing: /home/orangepi/code/town_ws/install/village_interfaces/include/village_interfaces/srv/detail/borrow_money__struct.h
[9.897s] -- Installing: /home/orangepi/code/town_ws/install/village_interfaces/include/village_interfaces/srv/detail/borrow_money__functions.h
[9.897s] -- Installing: /home/orangepi/code/town_ws/install/village_interfaces/include/village_interfaces/srv/borrow_money.h
[9.898s] -- Up-to-date: /home/orangepi/code/town_ws/install/village_interfaces/share/village_interfaces/environment/library_path.sh
[9.898s] -- Installing: /home/orangepi/code/town_ws/install/village_interfaces/share/village_interfaces/environment/library_path.dsv
[9.899s] -- Installing: /home/orangepi/code/town_ws/install/village_interfaces/lib/libvillage_interfaces__rosidl_generator_c.so
[9.899s] -- Set runtime path of "/home/orangepi/code/town_ws/install/village_interfaces/lib/libvillage_interfaces__rosidl_generator_c.so" to ""
[9.900s] -- Up-to-date: /home/orangepi/code/town_ws/install/village_interfaces/include/village_interfaces
[9.900s] -- Up-to-date: /home/orangepi/code/town_ws/install/village_interfaces/include/village_interfaces/msg
[9.901s] -- Up-to-date: /home/orangepi/code/town_ws/install/village_interfaces/include/village_interfaces/msg/detail
[9.901s] -- Installing: /home/orangepi/code/town_ws/install/village_interfaces/include/village_interfaces/msg/detail/novel__rosidl_typesupport_fastrtps_c.h
[9.902s] -- Up-to-date: /home/orangepi/code/town_ws/install/village_interfaces/include/village_interfaces/msg/rosidl_typesupport_fastrtps_c__visibility_control.h
[9.902s] -- Up-to-date: /home/orangepi/code/town_ws/install/village_interfaces/include/village_interfaces/srv
[9.903s] -- Up-to-date: /home/orangepi/code/town_ws/install/village_interfaces/include/village_interfaces/srv/detail
[9.904s] -- Installing: /home/orangepi/code/town_ws/install/village_interfaces/include/village_interfaces/srv/detail/borrow_money__rosidl_typesupport_fastrtps_c.h
[9.904s] -- Installing: /home/orangepi/code/town_ws/install/village_interfaces/lib/libvillage_interfaces__rosidl_typesupport_fastrtps_c.so
[9.905s] -- Set runtime path of "/home/orangepi/code/town_ws/install/village_interfaces/lib/libvillage_interfaces__rosidl_typesupport_fastrtps_c.so" to ""
[9.905s] -- Up-to-date: /home/orangepi/code/town_ws/install/village_interfaces/include/village_interfaces
[9.906s] -- Up-to-date: /home/orangepi/code/town_ws/install/village_interfaces/include/village_interfaces/msg
[9.906s] -- Up-to-date: /home/orangepi/code/town_ws/install/village_interfaces/include/village_interfaces/msg/detail
[9.906s] -- Installing: /home/orangepi/code/town_ws/install/village_interfaces/include/village_interfaces/msg/detail/novel__rosidl_typesupport_fastrtps_cpp.hpp
[9.907s] -- Up-to-date: /home/orangepi/code/town_ws/install/village_interfaces/include/village_interfaces/msg/detail/dds_fastrtps
[9.907s] -- Up-to-date: /home/orangepi/code/town_ws/install/village_interfaces/include/village_interfaces/msg/rosidl_typesupport_fastrtps_cpp__visibility_control.h
[9.908s] -- Up-to-date: /home/orangepi/code/town_ws/install/village_interfaces/include/village_interfaces/srv
[9.908s] -- Up-to-date: /home/orangepi/code/town_ws/install/village_interfaces/include/village_interfaces/srv/detail
[9.909s] -- Installing: /home/orangepi/code/town_ws/install/village_interfaces/include/village_interfaces/srv/detail/dds_fastrtps
[9.909s] -- Installing: /home/orangepi/code/town_ws/install/village_interfaces/include/village_interfaces/srv/detail/borrow_money__rosidl_typesupport_fastrtps_cpp.hpp
[9.910s] -- Installing: /home/orangepi/code/town_ws/install/village_interfaces/lib/libvillage_interfaces__rosidl_typesupport_fastrtps_cpp.so
[9.910s] -- Set runtime path of "/home/orangepi/code/town_ws/install/village_interfaces/lib/libvillage_interfaces__rosidl_typesupport_fastrtps_cpp.so" to ""
[9.910s] -- Up-to-date: /home/orangepi/code/town_ws/install/village_interfaces/include/village_interfaces
[9.911s] -- Up-to-date: /home/orangepi/code/town_ws/install/village_interfaces/include/village_interfaces/msg
[9.911s] -- Up-to-date: /home/orangepi/code/town_ws/install/village_interfaces/include/village_interfaces/msg/detail
[9.912s] -- Installing: /home/orangepi/code/town_ws/install/village_interfaces/include/village_interfaces/msg/detail/novel__rosidl_typesupport_introspection_c.h
[9.912s] -- Installing: /home/orangepi/code/town_ws/install/village_interfaces/include/village_interfaces/msg/detail/novel__type_support.c
[9.912s] -- Up-to-date: /home/orangepi/code/town_ws/install/village_interfaces/include/village_interfaces/msg/rosidl_typesupport_introspection_c__visibility_control.h
[9.913s] -- Up-to-date: /home/orangepi/code/town_ws/install/village_interfaces/include/village_interfaces/srv
[9.913s] -- Up-to-date: /home/orangepi/code/town_ws/install/village_interfaces/include/village_interfaces/srv/detail
[9.914s] -- Installing: /home/orangepi/code/town_ws/install/village_interfaces/include/village_interfaces/srv/detail/borrow_money__rosidl_typesupport_introspection_c.h
[9.914s] -- Installing: /home/orangepi/code/town_ws/install/village_interfaces/include/village_interfaces/srv/detail/borrow_money__type_support.c
[9.914s] -- Installing: /home/orangepi/code/town_ws/install/village_interfaces/lib/libvillage_interfaces__rosidl_typesupport_introspection_c.so
[9.915s] -- Set runtime path of "/home/orangepi/code/town_ws/install/village_interfaces/lib/libvillage_interfaces__rosidl_typesupport_introspection_c.so" to ""
[9.915s] -- Installing: /home/orangepi/code/town_ws/install/village_interfaces/lib/libvillage_interfaces__rosidl_typesupport_c.so
[9.915s] -- Set runtime path of "/home/orangepi/code/town_ws/install/village_interfaces/lib/libvillage_interfaces__rosidl_typesupport_c.so" to ""
[9.916s] -- Up-to-date: /home/orangepi/code/town_ws/install/village_interfaces/include/village_interfaces
[9.916s] -- Up-to-date: /home/orangepi/code/town_ws/install/village_interfaces/include/village_interfaces/msg
[9.917s] -- Installing: /home/orangepi/code/town_ws/install/village_interfaces/include/village_interfaces/msg/novel.hpp
[9.917s] -- Up-to-date: /home/orangepi/code/town_ws/install/village_interfaces/include/village_interfaces/msg/detail
[9.917s] -- Installing: /home/orangepi/code/town_ws/install/village_interfaces/include/village_interfaces/msg/detail/novel__type_support.hpp
[9.918s] -- Installing: /home/orangepi/code/town_ws/install/village_interfaces/include/village_interfaces/msg/detail/novel__struct.hpp
[9.918s] -- Installing: /home/orangepi/code/town_ws/install/village_interfaces/include/village_interfaces/msg/detail/novel__builder.hpp
[9.919s] -- Installing: /home/orangepi/code/town_ws/install/village_interfaces/include/village_interfaces/msg/detail/novel__traits.hpp
[9.919s] -- Up-to-date: /home/orangepi/code/town_ws/install/village_interfaces/include/village_interfaces/msg/rosidl_generator_cpp__visibility_control.hpp
[9.919s] -- Up-to-date: /home/orangepi/code/town_ws/install/village_interfaces/include/village_interfaces/srv
[9.920s] -- Up-to-date: /home/orangepi/code/town_ws/install/village_interfaces/include/village_interfaces/srv/detail
[9.920s] -- Installing: /home/orangepi/code/town_ws/install/village_interfaces/include/village_interfaces/srv/detail/borrow_money__struct.hpp
[9.921s] -- Installing: /home/orangepi/code/town_ws/install/village_interfaces/include/village_interfaces/srv/detail/borrow_money__builder.hpp
[9.921s] -- Installing: /home/orangepi/code/town_ws/install/village_interfaces/include/village_interfaces/srv/detail/borrow_money__type_support.hpp
[9.921s] -- Installing: /home/orangepi/code/town_ws/install/village_interfaces/include/village_interfaces/srv/detail/borrow_money__traits.hpp
[9.922s] -- Installing: /home/orangepi/code/town_ws/install/village_interfaces/include/village_interfaces/srv/borrow_money.hpp
[9.922s] -- Up-to-date: /home/orangepi/code/town_ws/install/village_interfaces/include/village_interfaces
[9.922s] -- Up-to-date: /home/orangepi/code/town_ws/install/village_interfaces/include/village_interfaces/msg
[9.923s] -- Up-to-date: /home/orangepi/code/town_ws/install/village_interfaces/include/village_interfaces/msg/detail
[9.923s] -- Installing: /home/orangepi/code/town_ws/install/village_interfaces/include/village_interfaces/msg/detail/novel__rosidl_typesupport_introspection_cpp.hpp
[9.924s] -- Installing: /home/orangepi/code/town_ws/install/village_interfaces/include/village_interfaces/msg/detail/novel__type_support.cpp
[9.924s] -- Up-to-date: /home/orangepi/code/town_ws/install/village_interfaces/include/village_interfaces/srv
[9.924s] -- Up-to-date: /home/orangepi/code/town_ws/install/village_interfaces/include/village_interfaces/srv/detail
[9.925s] -- Installing: /home/orangepi/code/town_ws/install/village_interfaces/include/village_interfaces/srv/detail/borrow_money__rosidl_typesupport_introspection_cpp.hpp
[9.925s] -- Installing: /home/orangepi/code/town_ws/install/village_interfaces/include/village_interfaces/srv/detail/borrow_money__type_support.cpp
[9.926s] -- Installing: /home/orangepi/code/town_ws/install/village_interfaces/lib/libvillage_interfaces__rosidl_typesupport_introspection_cpp.so
[9.926s] -- Set runtime path of "/home/orangepi/code/town_ws/install/village_interfaces/lib/libvillage_interfaces__rosidl_typesupport_introspection_cpp.so" to ""
[9.926s] -- Installing: /home/orangepi/code/town_ws/install/village_interfaces/lib/libvillage_interfaces__rosidl_typesupport_cpp.so
[9.927s] -- Set runtime path of "/home/orangepi/code/town_ws/install/village_interfaces/lib/libvillage_interfaces__rosidl_typesupport_cpp.so" to ""
[9.927s] -- Up-to-date: /home/orangepi/code/town_ws/install/village_interfaces/share/village_interfaces/environment/pythonpath.sh
[9.928s] -- Installing: /home/orangepi/code/town_ws/install/village_interfaces/share/village_interfaces/environment/pythonpath.dsv
[9.928s] -- Installing: /home/orangepi/code/town_ws/install/village_interfaces/lib/python3.8/site-packages/village_interfaces/__init__.py
[9.980s] Compiling '/home/orangepi/code/town_ws/install/village_interfaces/lib/python3.8/site-packages/village_interfaces/__init__.py'...
[9.989s] -- Up-to-date: /home/orangepi/code/town_ws/install/village_interfaces/lib/python3.8/site-packages/village_interfaces/msg
[9.990s] -- Installing: /home/orangepi/code/town_ws/install/village_interfaces/lib/python3.8/site-packages/village_interfaces/msg/__init__.py
[9.990s] -- Installing: /home/orangepi/code/town_ws/install/village_interfaces/lib/python3.8/site-packages/village_interfaces/msg/_novel_s.c
[9.991s] -- Installing: /home/orangepi/code/town_ws/install/village_interfaces/lib/python3.8/site-packages/village_interfaces/msg/_novel.py
[9.991s] -- Installing: /home/orangepi/code/town_ws/install/village_interfaces/lib/python3.8/site-packages/village_interfaces/srv
[9.992s] -- Installing: /home/orangepi/code/town_ws/install/village_interfaces/lib/python3.8/site-packages/village_interfaces/srv/__init__.py
[9.992s] -- Installing: /home/orangepi/code/town_ws/install/village_interfaces/lib/python3.8/site-packages/village_interfaces/srv/_borrow_money.py
[9.992s] -- Installing: /home/orangepi/code/town_ws/install/village_interfaces/lib/python3.8/site-packages/village_interfaces/srv/_borrow_money_s.c
[9.993s] -- Installing: /home/orangepi/code/town_ws/install/village_interfaces/lib/python3.8/site-packages/village_interfaces/village_interfaces_s__rosidl_typesupport_fastrtps_c.cpython-38-aarch64-linux-gnu.so
[9.993s] -- Set runtime path of "/home/orangepi/code/town_ws/install/village_interfaces/lib/python3.8/site-packages/village_interfaces/village_interfaces_s__rosidl_typesupport_fastrtps_c.cpython-38-aarch64-linux-gnu.so" to ""
[9.994s] -- Installing: /home/orangepi/code/town_ws/install/village_interfaces/lib/python3.8/site-packages/village_interfaces/village_interfaces_s__rosidl_typesupport_introspection_c.cpython-38-aarch64-linux-gnu.so
[9.994s] -- Set runtime path of "/home/orangepi/code/town_ws/install/village_interfaces/lib/python3.8/site-packages/village_interfaces/village_interfaces_s__rosidl_typesupport_introspection_c.cpython-38-aarch64-linux-gnu.so" to ""
[9.994s] -- Installing: /home/orangepi/code/town_ws/install/village_interfaces/lib/python3.8/site-packages/village_interfaces/village_interfaces_s__rosidl_typesupport_c.cpython-38-aarch64-linux-gnu.so
[9.995s] -- Set runtime path of "/home/orangepi/code/town_ws/install/village_interfaces/lib/python3.8/site-packages/village_interfaces/village_interfaces_s__rosidl_typesupport_c.cpython-38-aarch64-linux-gnu.so" to ""
[9.996s] -- Installing: /home/orangepi/code/town_ws/install/village_interfaces/lib/libvillage_interfaces__python.so
[9.997s] -- Set runtime path of "/home/orangepi/code/town_ws/install/village_interfaces/lib/libvillage_interfaces__python.so" to ""
[9.997s] -- Up-to-date: /home/orangepi/code/town_ws/install/village_interfaces/share/village_interfaces/msg/Novel.idl
[9.998s] -- Installing: /home/orangepi/code/town_ws/install/village_interfaces/share/village_interfaces/srv/BorrowMoney.idl
[9.999s] -- Installing: /home/orangepi/code/town_ws/install/village_interfaces/share/village_interfaces/msg/Novel.msg
[9.999s] -- Installing: /home/orangepi/code/town_ws/install/village_interfaces/share/village_interfaces/srv/BorrowMoney.srv
[10.000s] -- Installing: /home/orangepi/code/town_ws/install/village_interfaces/share/village_interfaces/srv/BorrowMoney_Request.msg
[10.000s] -- Installing: /home/orangepi/code/town_ws/install/village_interfaces/share/village_interfaces/srv/BorrowMoney_Response.msg
[10.001s] -- Up-to-date: /home/orangepi/code/town_ws/install/village_interfaces/share/ament_index/resource_index/package_run_dependencies/village_interfaces
[10.001s] -- Up-to-date: /home/orangepi/code/town_ws/install/village_interfaces/share/ament_index/resource_index/parent_prefix_path/village_interfaces
[10.001s] -- Up-to-date: /home/orangepi/code/town_ws/install/village_interfaces/share/village_interfaces/environment/ament_prefix_path.sh
[10.002s] -- Installing: /home/orangepi/code/town_ws/install/village_interfaces/share/village_interfaces/environment/ament_prefix_path.dsv
[10.002s] -- Up-to-date: /home/orangepi/code/town_ws/install/village_interfaces/share/village_interfaces/environment/path.sh
[10.003s] -- Installing: /home/orangepi/code/town_ws/install/village_interfaces/share/village_interfaces/environment/path.dsv
[10.003s] -- Up-to-date: /home/orangepi/code/town_ws/install/village_interfaces/share/village_interfaces/local_setup.bash
[10.004s] -- Up-to-date: /home/orangepi/code/town_ws/install/village_interfaces/share/village_interfaces/local_setup.sh
[10.004s] -- Up-to-date: /home/orangepi/code/town_ws/install/village_interfaces/share/village_interfaces/local_setup.zsh
[10.005s] -- Installing: /home/orangepi/code/town_ws/install/village_interfaces/share/village_interfaces/local_setup.dsv
[10.005s] -- Installing: /home/orangepi/code/town_ws/install/village_interfaces/share/village_interfaces/package.dsv
[10.006s] -- Up-to-date: /home/orangepi/code/town_ws/install/village_interfaces/share/ament_index/resource_index/packages/village_interfaces
[10.006s] -- Up-to-date: /home/orangepi/code/town_ws/install/village_interfaces/share/village_interfaces/cmake/village_interfaces__rosidl_generator_cExport.cmake
[10.007s] -- Installing: /home/orangepi/code/town_ws/install/village_interfaces/share/village_interfaces/cmake/village_interfaces__rosidl_generator_cExport-noconfig.cmake
[10.007s] -- Up-to-date: /home/orangepi/code/town_ws/install/village_interfaces/share/village_interfaces/cmake/village_interfaces__rosidl_typesupport_introspection_cExport.cmake
[10.008s] -- Installing: /home/orangepi/code/town_ws/install/village_interfaces/share/village_interfaces/cmake/village_interfaces__rosidl_typesupport_introspection_cExport-noconfig.cmake
[10.008s] -- Up-to-date: /home/orangepi/code/town_ws/install/village_interfaces/share/village_interfaces/cmake/village_interfaces__rosidl_typesupport_cExport.cmake
[10.008s] -- Installing: /home/orangepi/code/town_ws/install/village_interfaces/share/village_interfaces/cmake/village_interfaces__rosidl_typesupport_cExport-noconfig.cmake
[10.009s] -- Up-to-date: /home/orangepi/code/town_ws/install/village_interfaces/share/village_interfaces/cmake/village_interfaces__rosidl_generator_cppExport.cmake
[10.010s] -- Up-to-date: /home/orangepi/code/town_ws/install/village_interfaces/share/village_interfaces/cmake/village_interfaces__rosidl_typesupport_introspection_cppExport.cmake
[10.013s] -- Installing: /home/orangepi/code/town_ws/install/village_interfaces/share/village_interfaces/cmake/village_interfaces__rosidl_typesupport_introspection_cppExport-noconfig.cmake
[10.014s] -- Up-to-date: /home/orangepi/code/town_ws/install/village_interfaces/share/village_interfaces/cmake/village_interfaces__rosidl_typesupport_cppExport.cmake
[10.014s] -- Installing: /home/orangepi/code/town_ws/install/village_interfaces/share/village_interfaces/cmake/village_interfaces__rosidl_typesupport_cppExport-noconfig.cmake
[10.018s] -- Installing: /home/orangepi/code/town_ws/install/village_interfaces/share/village_interfaces/cmake/rosidl_cmake-extras.cmake
[10.019s] -- Up-to-date: /home/orangepi/code/town_ws/install/village_interfaces/share/village_interfaces/cmake/ament_cmake_export_dependencies-extras.cmake
[10.019s] -- Up-to-date: /home/orangepi/code/town_ws/install/village_interfaces/share/village_interfaces/cmake/ament_cmake_export_libraries-extras.cmake
[10.020s] -- Up-to-date: /home/orangepi/code/town_ws/install/village_interfaces/share/village_interfaces/cmake/ament_cmake_export_targets-extras.cmake
[10.021s] -- Up-to-date: /home/orangepi/code/town_ws/install/village_interfaces/share/village_interfaces/cmake/ament_cmake_export_include_directories-extras.cmake
[10.021s] -- Up-to-date: /home/orangepi/code/town_ws/install/village_interfaces/share/village_interfaces/cmake/rosidl_cmake_export_typesupport_libraries-extras.cmake
[10.021s] -- Up-to-date: /home/orangepi/code/town_ws/install/village_interfaces/share/village_interfaces/cmake/rosidl_cmake_export_typesupport_targets-extras.cmake
[10.022s] -- Up-to-date: /home/orangepi/code/town_ws/install/village_interfaces/share/village_interfaces/cmake/village_interfacesConfig.cmake
[10.023s] -- Up-to-date: /home/orangepi/code/town_ws/install/village_interfaces/share/village_interfaces/cmake/village_interfacesConfig-version.cmake
[10.023s] -- Installing: /home/orangepi/code/town_ws/install/village_interfaces/share/village_interfaces/package.xml
[10.024s] Invoked command in '/home/orangepi/code/town_ws/build/village_interfaces' returned '0': CMAKE_PREFIX_PATH=${CMAKE_PREFIX_PATH}:/home/orangepi/code/town_ws/install/village_li:/opt/ros/foxy /usr/bin/cmake --install /home/orangepi/code/town_ws/build/village_interfaces
