[0.905s] Invoking command in '/home/orangepi/code/town_ws/src/village_li': CMAKE_PREFIX_PATH=/home/orangepi/code/town_ws/install/village_interfaces:/home/orangepi/code/town_ws/install/village_wang PYTHONPATH=/home/orangepi/code/town_ws/build/village_li/prefix_override:/home/orangepi/code/town_ws/install/village_li/lib/python3.8/site-packages:/home/orangepi/code/town_ws/install/village_interfaces/lib/python3.8/site-packages:/home/orangepi/code/town_ws/install/village_li/lib/python3.8/site-packages:/opt/ros/foxy/lib/python3.8/site-packages /usr/bin/python3 setup.py egg_info --egg-base ../../build/village_li build --build-base /home/orangepi/code/town_ws/build/village_li/build install --record /home/orangepi/code/town_ws/build/village_li/install.log --install-scripts $base/lib/village_li --single-version-externally-managed
[1.233s] running egg_info
[1.234s] writing ../../build/village_li/village_li.egg-info/PKG-INFO
[1.235s] writing dependency_links to ../../build/village_li/village_li.egg-info/dependency_links.txt
[1.235s] writing entry points to ../../build/village_li/village_li.egg-info/entry_points.txt
[1.236s] writing requirements to ../../build/village_li/village_li.egg-info/requires.txt
[1.236s] writing top-level names to ../../build/village_li/village_li.egg-info/top_level.txt
[1.288s] reading manifest file '../../build/village_li/village_li.egg-info/SOURCES.txt'
[1.289s] writing manifest file '../../build/village_li/village_li.egg-info/SOURCES.txt'
[1.290s] running build
[1.290s] running build_py
[1.291s] copying village_li/li4.py -> /home/orangepi/code/town_ws/build/village_li/build/lib/village_li
[1.291s] running install
[1.292s] running install_lib
[1.292s] copying /home/orangepi/code/town_ws/build/village_li/build/lib/village_li/li4.py -> /home/orangepi/code/town_ws/install/village_li/lib/python3.8/site-packages/village_li
[1.293s] byte-compiling /home/orangepi/code/town_ws/install/village_li/lib/python3.8/site-packages/village_li/li4.py to li4.cpython-38.pyc
[1.295s] running install_data
[1.296s] running install_egg_info
[1.298s] removing '/home/orangepi/code/town_ws/install/village_li/lib/python3.8/site-packages/village_li-0.0.0-py3.8.egg-info' (and everything under it)
[1.299s] Copying ../../build/village_li/village_li.egg-info to /home/orangepi/code/town_ws/install/village_li/lib/python3.8/site-packages/village_li-0.0.0-py3.8.egg-info
[1.299s] running install_scripts
[1.322s] Installing li3_node script to /home/orangepi/code/town_ws/install/village_li/lib/village_li
[1.322s] Installing li4_node script to /home/orangepi/code/town_ws/install/village_li/lib/village_li
[1.323s] writing list of installed files to '/home/orangepi/code/town_ws/build/village_li/install.log'
[1.376s] Invoked command in '/home/orangepi/code/town_ws/src/village_li' returned '0': CMAKE_PREFIX_PATH=/home/orangepi/code/town_ws/install/village_interfaces:/home/orangepi/code/town_ws/install/village_wang PYTHONPATH=/home/orangepi/code/town_ws/build/village_li/prefix_override:/home/orangepi/code/town_ws/install/village_li/lib/python3.8/site-packages:/home/orangepi/code/town_ws/install/village_interfaces/lib/python3.8/site-packages:/home/orangepi/code/town_ws/install/village_li/lib/python3.8/site-packages:/opt/ros/foxy/lib/python3.8/site-packages /usr/bin/python3 setup.py egg_info --egg-base ../../build/village_li build --build-base /home/orangepi/code/town_ws/build/village_li/build install --record /home/orangepi/code/town_ws/build/village_li/install.log --install-scripts $base/lib/village_li --single-version-externally-managed
