[0.034s] Invoking command in '/home/orangepi/code/town_ws/build/village_wang': CMAKE_PREFIX_PATH=/opt/ros/foxy /usr/bin/cmake /home/orangepi/code/town_ws/src/village_wang -DCMAKE_INSTALL_PREFIX=/home/orangepi/code/town_ws/install/village_wang
[0.146s] -- Found ament_cmake: 0.9.12 (/opt/ros/foxy/share/ament_cmake/cmake)
[0.227s] -- Using PYTHON_EXECUTABLE: /usr/bin/python3
[0.486s] -- Found rclcpp: 2.4.3 (/opt/ros/foxy/share/rclcpp/cmake)
[0.554s] -- Using all available rosidl_typesupport_c: rosidl_typesupport_fastrtps_c;rosidl_typesupport_introspection_c
[0.559s] -- Found rosidl_adapter: 1.3.1 (/opt/ros/foxy/share/rosidl_adapter/cmake)
[0.764s] -- Using all available rosidl_typesupport_cpp: rosidl_typesupport_fastrtps_cpp;rosidl_typesupport_introspection_cpp
[0.833s] -- Found rmw_implementation_cmake: 1.0.4 (/opt/ros/foxy/share/rmw_implementation_cmake/cmake)
[0.834s] -- Using RMW implementation 'rmw_fastrtps_cpp' as default
[1.027s] -- Found ament_lint_auto: 0.9.8 (/opt/ros/foxy/share/ament_lint_auto/cmake)
[1.165s] -- Added test 'copyright' to check source files copyright and LICENSE
[1.166s] -- Added test 'cppcheck' to perform static code analysis on C / C++ code
[1.167s] -- Configured cppcheck include dirs: 
[1.167s] -- Configured cppcheck exclude dirs and/or files: 
[1.168s] -- Added test 'cpplint' to check C / C++ code against the Google style
[1.168s] -- Configured cpplint exclude dirs and/or files: 
[1.168s] -- Added test 'lint_cmake' to check CMake code style
[1.169s] -- Added test 'uncrustify' to check C / C++ code style
[1.169s] -- Configured uncrustify additional arguments: 
[1.170s] -- Added test 'xmllint' to check XML markup files
[1.176s] -- Configuring done
[1.199s] -- Generating done
[1.202s] -- Build files have been written to: /home/orangepi/code/town_ws/build/village_wang
[1.222s] Invoked command in '/home/orangepi/code/town_ws/build/village_wang' returned '0': CMAKE_PREFIX_PATH=/opt/ros/foxy /usr/bin/cmake /home/orangepi/code/town_ws/src/village_wang -DCMAKE_INSTALL_PREFIX=/home/orangepi/code/town_ws/install/village_wang
[1.224s] Invoking command in '/home/orangepi/code/town_ws/build/village_wang': CMAKE_PREFIX_PATH=/opt/ros/foxy /usr/bin/cmake --build /home/orangepi/code/town_ws/build/village_wang -- -j8 -l8
[1.367s] [35m[1mScanning dependencies of target wang2_node[0m
[1.640s] [ 50%] [32mBuilding CXX object CMakeFiles/wang2_node.dir/src/wang2.cpp.o[0m
[4.422s] [100%] [32m[1mLinking CXX executable wang2_node[0m
[4.868s] [100%] Built target wang2_node
[4.913s] Invoked command in '/home/orangepi/code/town_ws/build/village_wang' returned '0': CMAKE_PREFIX_PATH=/opt/ros/foxy /usr/bin/cmake --build /home/orangepi/code/town_ws/build/village_wang -- -j8 -l8
[5.038s] Invoking command in '/home/orangepi/code/town_ws/build/village_wang': CMAKE_PREFIX_PATH=/opt/ros/foxy /usr/bin/cmake --install /home/orangepi/code/town_ws/build/village_wang
[5.075s] -- Install configuration: ""
[5.076s] -- Installing: /home/orangepi/code/town_ws/install/village_wang/share/ament_index/resource_index/package_run_dependencies/village_wang
[5.077s] -- Installing: /home/orangepi/code/town_ws/install/village_wang/share/ament_index/resource_index/parent_prefix_path/village_wang
[5.077s] -- Installing: /home/orangepi/code/town_ws/install/village_wang/share/village_wang/environment/ament_prefix_path.sh
[5.078s] -- Installing: /home/orangepi/code/town_ws/install/village_wang/share/village_wang/environment/ament_prefix_path.dsv
[5.078s] -- Installing: /home/orangepi/code/town_ws/install/village_wang/share/village_wang/environment/path.sh
[5.079s] -- Installing: /home/orangepi/code/town_ws/install/village_wang/share/village_wang/environment/path.dsv
[5.079s] -- Installing: /home/orangepi/code/town_ws/install/village_wang/share/village_wang/local_setup.bash
[5.080s] -- Installing: /home/orangepi/code/town_ws/install/village_wang/share/village_wang/local_setup.sh
[5.080s] -- Installing: /home/orangepi/code/town_ws/install/village_wang/share/village_wang/local_setup.zsh
[5.080s] -- Installing: /home/orangepi/code/town_ws/install/village_wang/share/village_wang/local_setup.dsv
[5.081s] -- Installing: /home/orangepi/code/town_ws/install/village_wang/share/village_wang/package.dsv
[5.081s] -- Installing: /home/orangepi/code/town_ws/install/village_wang/share/ament_index/resource_index/packages/village_wang
[5.082s] -- Installing: /home/orangepi/code/town_ws/install/village_wang/share/village_wang/cmake/village_wangConfig.cmake
[5.082s] -- Installing: /home/orangepi/code/town_ws/install/village_wang/share/village_wang/cmake/village_wangConfig-version.cmake
[5.082s] -- Installing: /home/orangepi/code/town_ws/install/village_wang/share/village_wang/package.xml
[5.083s] -- Installing: /home/orangepi/code/town_ws/install/village_wang/lib/village_wang/wang2_node
[5.083s] -- Set runtime path of "/home/orangepi/code/town_ws/install/village_wang/lib/village_wang/wang2_node" to ""
[5.092s] Invoked command in '/home/orangepi/code/town_ws/build/village_wang' returned '0': CMAKE_PREFIX_PATH=/opt/ros/foxy /usr/bin/cmake --install /home/orangepi/code/town_ws/build/village_wang
