[0.052s] Invoking command in '/home/orangepi/code/town_ws/build/village_wang': CMAKE_PREFIX_PATH=/opt/ros/foxy /usr/bin/cmake /home/orangepi/code/town_ws/src/village_wang -DCMAKE_INSTALL_PREFIX=/home/orangepi/code/town_ws/install/village_wang
[0.935s] -- The C compiler identification is GNU 9.4.0
[1.541s] -- The CXX compiler identification is GNU 9.4.0
[1.568s] -- Check for working C compiler: /usr/bin/cc
[1.853s] -- Check for working C compiler: /usr/bin/cc -- works
[1.859s] -- Detecting C compiler ABI info
[2.130s] -- Detecting C compiler ABI info - done
[2.198s] -- Detecting C compile features
[2.201s] -- Detecting C compile features - done
[2.210s] -- Check for working CXX compiler: /usr/bin/c++
[2.469s] -- Check for working CXX compiler: /usr/bin/c++ -- works
[2.472s] -- Detecting CXX compiler ABI info
[2.730s] -- Detecting CXX compiler ABI info - done
[2.757s] -- Detecting CXX compile features
[2.758s] -- Detecting CXX compile features - done
[2.779s] -- Found ament_cmake: 0.9.12 (/opt/ros/foxy/share/ament_cmake/cmake)
[2.868s] -- Found PythonInterp: /usr/bin/python3 (found suitable version "3.8.10", minimum required is "3") 
[2.869s] -- Using PYTHON_EXECUTABLE: /usr/bin/python3
[3.260s] -- Found rclcpp: 2.4.3 (/opt/ros/foxy/share/rclcpp/cmake)
[3.491s] -- Using all available rosidl_typesupport_c: rosidl_typesupport_fastrtps_c;rosidl_typesupport_introspection_c
[3.526s] -- Found rosidl_adapter: 1.3.1 (/opt/ros/foxy/share/rosidl_adapter/cmake)
[3.889s] -- Found OpenSSL: /usr/lib/aarch64-linux-gnu/libcrypto.so (found version "1.1.1f")  
[3.980s] -- Found FastRTPS: /opt/ros/foxy/include  
[4.196s] -- Using all available rosidl_typesupport_cpp: rosidl_typesupport_fastrtps_cpp;rosidl_typesupport_introspection_cpp
[4.361s] -- Found rmw_implementation_cmake: 1.0.4 (/opt/ros/foxy/share/rmw_implementation_cmake/cmake)
[4.366s] -- Using RMW implementation 'rmw_fastrtps_cpp' as default
[4.371s] -- Looking for pthread.h
[4.717s] -- Looking for pthread.h - found
[4.718s] -- Performing Test CMAKE_HAVE_LIBC_PTHREAD
[5.124s] -- Performing Test CMAKE_HAVE_LIBC_PTHREAD - Failed
[5.125s] -- Looking for pthread_create in pthreads
[5.354s] -- Looking for pthread_create in pthreads - not found
[5.361s] -- Looking for pthread_create in pthread
[5.599s] -- Looking for pthread_create in pthread - found
[5.603s] -- Found Threads: TRUE  
[5.994s] -- Found ament_lint_auto: 0.9.8 (/opt/ros/foxy/share/ament_lint_auto/cmake)
[6.192s] -- Added test 'copyright' to check source files copyright and LICENSE
[6.202s] -- Added test 'cppcheck' to perform static code analysis on C / C++ code
[6.203s] -- Configured cppcheck include dirs: 
[6.203s] -- Configured cppcheck exclude dirs and/or files: 
[6.209s] -- Added test 'cpplint' to check C / C++ code against the Google style
[6.209s] -- Configured cpplint exclude dirs and/or files: 
[6.215s] -- Added test 'lint_cmake' to check CMake code style
[6.222s] -- Added test 'uncrustify' to check C / C++ code style
[6.222s] -- Configured uncrustify additional arguments: 
[6.223s] -- Added test 'xmllint' to check XML markup files
[6.227s] CMake Error at /opt/ros/foxy/share/ament_cmake_target_dependencies/cmake/ament_target_dependencies.cmake:42 (message):
[6.227s]   ament_target_dependencies() the first argument must be a valid target name
[6.228s] Call Stack (most recent call first):
[6.228s]   CMakeLists.txt:40 (ament_target_dependencies)
[6.228s] 
[6.229s] 
[6.230s] -- Configuring incomplete, errors occurred!
[6.230s] See also "/home/orangepi/code/town_ws/build/village_wang/CMakeFiles/CMakeOutput.log".
[6.230s] See also "/home/orangepi/code/town_ws/build/village_wang/CMakeFiles/CMakeError.log".
[6.246s] Invoked command in '/home/orangepi/code/town_ws/build/village_wang' returned '1': CMAKE_PREFIX_PATH=/opt/ros/foxy /usr/bin/cmake /home/orangepi/code/town_ws/src/village_wang -DCMAKE_INSTALL_PREFIX=/home/orangepi/code/town_ws/install/village_wang
