[0.037s] Invoking command in '/home/orangepi/code/town_ws/build/village_interfaces': CMAKE_PREFIX_PATH=/opt/ros/foxy CONDA_PROMPT_MODIFIER=(base) /usr/bin/cmake --build /home/orangepi/code/town_ws/build/village_interfaces -- -j8 -l8
[0.284s] [  2%] Built target village_interfaces__cpp
[0.307s] [ 12%] Built target village_interfaces__rosidl_generator_c
[0.355s] [ 23%] Built target village_interfaces__rosidl_typesupport_fastrtps_cpp
[0.364s] [ 34%] Built target village_interfaces__rosidl_typesupport_c
[0.385s] [ 44%] Built target village_interfaces__rosidl_typesupport_cpp
[0.399s] [ 55%] Built target village_interfaces__rosidl_typesupport_introspection_cpp
[0.403s] [ 65%] Built target village_interfaces__rosidl_typesupport_introspection_c
[0.447s] [ 76%] Built target village_interfaces__rosidl_typesupport_fastrtps_c
[0.520s] [ 76%] Built target village_interfaces
[0.614s] [ 78%] Built target village_interfaces__py
[0.729s] [ 87%] Built target village_interfaces__python
[0.790s] [ 91%] Built target village_interfaces__rosidl_typesupport_c__pyext
[0.818s] [ 95%] Built target village_interfaces__rosidl_typesupport_introspection_c__pyext
[0.835s] [100%] Built target village_interfaces__rosidl_typesupport_fastrtps_c__pyext
[0.873s] Invoked command in '/home/orangepi/code/town_ws/build/village_interfaces' returned '0': CMAKE_PREFIX_PATH=/opt/ros/foxy CONDA_PROMPT_MODIFIER=(base) /usr/bin/cmake --build /home/orangepi/code/town_ws/build/village_interfaces -- -j8 -l8
[1.144s] Invoking command in '/home/orangepi/code/town_ws/build/village_interfaces': CMAKE_PREFIX_PATH=/opt/ros/foxy CONDA_PROMPT_MODIFIER=(base) /usr/bin/cmake --install /home/orangepi/code/town_ws/build/village_interfaces
[1.185s] -- Install configuration: ""
[1.187s] -- Up-to-date: /home/orangepi/code/town_ws/install/village_interfaces/share/ament_index/resource_index/rosidl_interfaces/village_interfaces
[1.187s] -- Up-to-date: /home/orangepi/code/town_ws/install/village_interfaces/include/village_interfaces
[1.187s] -- Up-to-date: /home/orangepi/code/town_ws/install/village_interfaces/include/village_interfaces/msg
[1.188s] -- Up-to-date: /home/orangepi/code/town_ws/install/village_interfaces/include/village_interfaces/msg/detail
[1.188s] -- Up-to-date: /home/orangepi/code/town_ws/install/village_interfaces/include/village_interfaces/msg/detail/novel__functions.h
[1.188s] -- Up-to-date: /home/orangepi/code/town_ws/install/village_interfaces/include/village_interfaces/msg/detail/novel__functions.c
[1.189s] -- Up-to-date: /home/orangepi/code/town_ws/install/village_interfaces/include/village_interfaces/msg/detail/novel__struct.h
[1.189s] -- Up-to-date: /home/orangepi/code/town_ws/install/village_interfaces/include/village_interfaces/msg/detail/novel__type_support.h
[1.189s] -- Up-to-date: /home/orangepi/code/town_ws/install/village_interfaces/include/village_interfaces/msg/novel.h
[1.189s] -- Up-to-date: /home/orangepi/code/town_ws/install/village_interfaces/include/village_interfaces/msg/rosidl_generator_c__visibility_control.h
[1.189s] -- Up-to-date: /home/orangepi/code/town_ws/install/village_interfaces/include/village_interfaces/srv
[1.189s] -- Up-to-date: /home/orangepi/code/town_ws/install/village_interfaces/include/village_interfaces/srv/detail
[1.190s] -- Up-to-date: /home/orangepi/code/town_ws/install/village_interfaces/include/village_interfaces/srv/detail/borrow_money__functions.c
[1.190s] -- Up-to-date: /home/orangepi/code/town_ws/install/village_interfaces/include/village_interfaces/srv/detail/borrow_money__type_support.h
[1.190s] -- Up-to-date: /home/orangepi/code/town_ws/install/village_interfaces/include/village_interfaces/srv/detail/sell_novel__struct.h
[1.190s] -- Up-to-date: /home/orangepi/code/town_ws/install/village_interfaces/include/village_interfaces/srv/detail/sell_novel__type_support.h
[1.191s] -- Up-to-date: /home/orangepi/code/town_ws/install/village_interfaces/include/village_interfaces/srv/detail/borrow_money__struct.h
[1.191s] -- Up-to-date: /home/orangepi/code/town_ws/install/village_interfaces/include/village_interfaces/srv/detail/sell_novel__functions.c
[1.191s] -- Up-to-date: /home/orangepi/code/town_ws/install/village_interfaces/include/village_interfaces/srv/detail/borrow_money__functions.h
[1.191s] -- Up-to-date: /home/orangepi/code/town_ws/install/village_interfaces/include/village_interfaces/srv/detail/sell_novel__functions.h
[1.191s] -- Up-to-date: /home/orangepi/code/town_ws/install/village_interfaces/include/village_interfaces/srv/sell_novel.h
[1.192s] -- Up-to-date: /home/orangepi/code/town_ws/install/village_interfaces/include/village_interfaces/srv/borrow_money.h
[1.193s] -- Up-to-date: /home/orangepi/code/town_ws/install/village_interfaces/share/village_interfaces/environment/library_path.sh
[1.193s] -- Up-to-date: /home/orangepi/code/town_ws/install/village_interfaces/share/village_interfaces/environment/library_path.dsv
[1.198s] -- Up-to-date: /home/orangepi/code/town_ws/install/village_interfaces/lib/libvillage_interfaces__rosidl_generator_c.so
[1.198s] -- Up-to-date: /home/orangepi/code/town_ws/install/village_interfaces/include/village_interfaces
[1.199s] -- Up-to-date: /home/orangepi/code/town_ws/install/village_interfaces/include/village_interfaces/msg
[1.199s] -- Up-to-date: /home/orangepi/code/town_ws/install/village_interfaces/include/village_interfaces/msg/detail
[1.199s] -- Up-to-date: /home/orangepi/code/town_ws/install/village_interfaces/include/village_interfaces/msg/detail/novel__rosidl_typesupport_fastrtps_c.h
[1.199s] -- Up-to-date: /home/orangepi/code/town_ws/install/village_interfaces/include/village_interfaces/msg/rosidl_typesupport_fastrtps_c__visibility_control.h
[1.199s] -- Up-to-date: /home/orangepi/code/town_ws/install/village_interfaces/include/village_interfaces/srv
[1.199s] -- Up-to-date: /home/orangepi/code/town_ws/install/village_interfaces/include/village_interfaces/srv/detail
[1.199s] -- Up-to-date: /home/orangepi/code/town_ws/install/village_interfaces/include/village_interfaces/srv/detail/sell_novel__rosidl_typesupport_fastrtps_c.h
[1.200s] -- Up-to-date: /home/orangepi/code/town_ws/install/village_interfaces/include/village_interfaces/srv/detail/borrow_money__rosidl_typesupport_fastrtps_c.h
[1.202s] -- Up-to-date: /home/orangepi/code/town_ws/install/village_interfaces/lib/libvillage_interfaces__rosidl_typesupport_fastrtps_c.so
[1.203s] -- Up-to-date: /home/orangepi/code/town_ws/install/village_interfaces/include/village_interfaces
[1.203s] -- Up-to-date: /home/orangepi/code/town_ws/install/village_interfaces/include/village_interfaces/msg
[1.204s] -- Up-to-date: /home/orangepi/code/town_ws/install/village_interfaces/include/village_interfaces/msg/detail
[1.205s] -- Up-to-date: /home/orangepi/code/town_ws/install/village_interfaces/include/village_interfaces/msg/detail/novel__rosidl_typesupport_fastrtps_cpp.hpp
[1.205s] -- Up-to-date: /home/orangepi/code/town_ws/install/village_interfaces/include/village_interfaces/msg/detail/dds_fastrtps
[1.206s] -- Up-to-date: /home/orangepi/code/town_ws/install/village_interfaces/include/village_interfaces/msg/rosidl_typesupport_fastrtps_cpp__visibility_control.h
[1.206s] -- Up-to-date: /home/orangepi/code/town_ws/install/village_interfaces/include/village_interfaces/srv
[1.207s] -- Up-to-date: /home/orangepi/code/town_ws/install/village_interfaces/include/village_interfaces/srv/detail
[1.207s] -- Up-to-date: /home/orangepi/code/town_ws/install/village_interfaces/include/village_interfaces/srv/detail/sell_novel__rosidl_typesupport_fastrtps_cpp.hpp
[1.207s] -- Up-to-date: /home/orangepi/code/town_ws/install/village_interfaces/include/village_interfaces/srv/detail/dds_fastrtps
[1.208s] -- Up-to-date: /home/orangepi/code/town_ws/install/village_interfaces/include/village_interfaces/srv/detail/borrow_money__rosidl_typesupport_fastrtps_cpp.hpp
[1.208s] -- Up-to-date: /home/orangepi/code/town_ws/install/village_interfaces/lib/libvillage_interfaces__rosidl_typesupport_fastrtps_cpp.so
[1.209s] -- Up-to-date: /home/orangepi/code/town_ws/install/village_interfaces/include/village_interfaces
[1.209s] -- Up-to-date: /home/orangepi/code/town_ws/install/village_interfaces/include/village_interfaces/msg
[1.211s] -- Up-to-date: /home/orangepi/code/town_ws/install/village_interfaces/include/village_interfaces/msg/detail
[1.211s] -- Up-to-date: /home/orangepi/code/town_ws/install/village_interfaces/include/village_interfaces/msg/detail/novel__rosidl_typesupport_introspection_c.h
[1.212s] -- Up-to-date: /home/orangepi/code/town_ws/install/village_interfaces/include/village_interfaces/msg/detail/novel__type_support.c
[1.212s] -- Up-to-date: /home/orangepi/code/town_ws/install/village_interfaces/include/village_interfaces/msg/rosidl_typesupport_introspection_c__visibility_control.h
[1.212s] -- Up-to-date: /home/orangepi/code/town_ws/install/village_interfaces/include/village_interfaces/srv
[1.213s] -- Up-to-date: /home/orangepi/code/town_ws/install/village_interfaces/include/village_interfaces/srv/detail
[1.213s] -- Up-to-date: /home/orangepi/code/town_ws/install/village_interfaces/include/village_interfaces/srv/detail/borrow_money__rosidl_typesupport_introspection_c.h
[1.214s] -- Up-to-date: /home/orangepi/code/town_ws/install/village_interfaces/include/village_interfaces/srv/detail/sell_novel__rosidl_typesupport_introspection_c.h
[1.214s] -- Up-to-date: /home/orangepi/code/town_ws/install/village_interfaces/include/village_interfaces/srv/detail/sell_novel__type_support.c
[1.215s] -- Up-to-date: /home/orangepi/code/town_ws/install/village_interfaces/include/village_interfaces/srv/detail/borrow_money__type_support.c
[1.215s] -- Up-to-date: /home/orangepi/code/town_ws/install/village_interfaces/lib/libvillage_interfaces__rosidl_typesupport_introspection_c.so
[1.216s] -- Up-to-date: /home/orangepi/code/town_ws/install/village_interfaces/lib/libvillage_interfaces__rosidl_typesupport_c.so
[1.216s] -- Up-to-date: /home/orangepi/code/town_ws/install/village_interfaces/include/village_interfaces
[1.216s] -- Up-to-date: /home/orangepi/code/town_ws/install/village_interfaces/include/village_interfaces/msg
[1.217s] -- Up-to-date: /home/orangepi/code/town_ws/install/village_interfaces/include/village_interfaces/msg/novel.hpp
[1.217s] -- Up-to-date: /home/orangepi/code/town_ws/install/village_interfaces/include/village_interfaces/msg/detail
[1.218s] -- Up-to-date: /home/orangepi/code/town_ws/install/village_interfaces/include/village_interfaces/msg/detail/novel__type_support.hpp
[1.218s] -- Up-to-date: /home/orangepi/code/town_ws/install/village_interfaces/include/village_interfaces/msg/detail/novel__struct.hpp
[1.218s] -- Up-to-date: /home/orangepi/code/town_ws/install/village_interfaces/include/village_interfaces/msg/detail/novel__builder.hpp
[1.219s] -- Up-to-date: /home/orangepi/code/town_ws/install/village_interfaces/include/village_interfaces/msg/detail/novel__traits.hpp
[1.219s] -- Up-to-date: /home/orangepi/code/town_ws/install/village_interfaces/include/village_interfaces/msg/rosidl_generator_cpp__visibility_control.hpp
[1.220s] -- Up-to-date: /home/orangepi/code/town_ws/install/village_interfaces/include/village_interfaces/srv
[1.220s] -- Up-to-date: /home/orangepi/code/town_ws/install/village_interfaces/include/village_interfaces/srv/detail
[1.220s] -- Up-to-date: /home/orangepi/code/town_ws/install/village_interfaces/include/village_interfaces/srv/detail/borrow_money__struct.hpp
[1.221s] -- Up-to-date: /home/orangepi/code/town_ws/install/village_interfaces/include/village_interfaces/srv/detail/borrow_money__builder.hpp
[1.221s] -- Up-to-date: /home/orangepi/code/town_ws/install/village_interfaces/include/village_interfaces/srv/detail/sell_novel__type_support.hpp
[1.222s] -- Up-to-date: /home/orangepi/code/town_ws/install/village_interfaces/include/village_interfaces/srv/detail/sell_novel__struct.hpp
[1.222s] -- Up-to-date: /home/orangepi/code/town_ws/install/village_interfaces/include/village_interfaces/srv/detail/sell_novel__builder.hpp
[1.222s] -- Up-to-date: /home/orangepi/code/town_ws/install/village_interfaces/include/village_interfaces/srv/detail/sell_novel__traits.hpp
[1.223s] -- Up-to-date: /home/orangepi/code/town_ws/install/village_interfaces/include/village_interfaces/srv/detail/borrow_money__type_support.hpp
[1.223s] -- Up-to-date: /home/orangepi/code/town_ws/install/village_interfaces/include/village_interfaces/srv/detail/borrow_money__traits.hpp
[1.224s] -- Up-to-date: /home/orangepi/code/town_ws/install/village_interfaces/include/village_interfaces/srv/borrow_money.hpp
[1.224s] -- Up-to-date: /home/orangepi/code/town_ws/install/village_interfaces/include/village_interfaces/srv/sell_novel.hpp
[1.224s] -- Up-to-date: /home/orangepi/code/town_ws/install/village_interfaces/include/village_interfaces
[1.225s] -- Up-to-date: /home/orangepi/code/town_ws/install/village_interfaces/include/village_interfaces/msg
[1.225s] -- Up-to-date: /home/orangepi/code/town_ws/install/village_interfaces/include/village_interfaces/msg/detail
[1.226s] -- Up-to-date: /home/orangepi/code/town_ws/install/village_interfaces/include/village_interfaces/msg/detail/novel__rosidl_typesupport_introspection_cpp.hpp
[1.226s] -- Up-to-date: /home/orangepi/code/town_ws/install/village_interfaces/include/village_interfaces/msg/detail/novel__type_support.cpp
[1.226s] -- Up-to-date: /home/orangepi/code/town_ws/install/village_interfaces/include/village_interfaces/srv
[1.227s] -- Up-to-date: /home/orangepi/code/town_ws/install/village_interfaces/include/village_interfaces/srv/detail
[1.227s] -- Up-to-date: /home/orangepi/code/town_ws/install/village_interfaces/include/village_interfaces/srv/detail/sell_novel__rosidl_typesupport_introspection_cpp.hpp
[1.228s] -- Up-to-date: /home/orangepi/code/town_ws/install/village_interfaces/include/village_interfaces/srv/detail/sell_novel__type_support.cpp
[1.228s] -- Up-to-date: /home/orangepi/code/town_ws/install/village_interfaces/include/village_interfaces/srv/detail/borrow_money__rosidl_typesupport_introspection_cpp.hpp
[1.228s] -- Up-to-date: /home/orangepi/code/town_ws/install/village_interfaces/include/village_interfaces/srv/detail/borrow_money__type_support.cpp
[1.229s] -- Up-to-date: /home/orangepi/code/town_ws/install/village_interfaces/lib/libvillage_interfaces__rosidl_typesupport_introspection_cpp.so
[1.229s] -- Up-to-date: /home/orangepi/code/town_ws/install/village_interfaces/lib/libvillage_interfaces__rosidl_typesupport_cpp.so
[1.230s] -- Up-to-date: /home/orangepi/code/town_ws/install/village_interfaces/share/village_interfaces/environment/pythonpath.sh
[1.230s] -- Up-to-date: /home/orangepi/code/town_ws/install/village_interfaces/share/village_interfaces/environment/pythonpath.dsv
[1.230s] -- Up-to-date: /home/orangepi/code/town_ws/install/village_interfaces/lib/python3.8/site-packages/village_interfaces/__init__.py
[1.275s] -- Up-to-date: /home/orangepi/code/town_ws/install/village_interfaces/lib/python3.8/site-packages/village_interfaces/msg
[1.276s] -- Up-to-date: /home/orangepi/code/town_ws/install/village_interfaces/lib/python3.8/site-packages/village_interfaces/msg/__init__.py
[1.276s] -- Up-to-date: /home/orangepi/code/town_ws/install/village_interfaces/lib/python3.8/site-packages/village_interfaces/msg/_novel_s.c
[1.277s] -- Up-to-date: /home/orangepi/code/town_ws/install/village_interfaces/lib/python3.8/site-packages/village_interfaces/msg/_novel.py
[1.277s] -- Up-to-date: /home/orangepi/code/town_ws/install/village_interfaces/lib/python3.8/site-packages/village_interfaces/srv
[1.278s] -- Up-to-date: /home/orangepi/code/town_ws/install/village_interfaces/lib/python3.8/site-packages/village_interfaces/srv/__init__.py
[1.278s] -- Up-to-date: /home/orangepi/code/town_ws/install/village_interfaces/lib/python3.8/site-packages/village_interfaces/srv/_borrow_money.py
[1.279s] -- Up-to-date: /home/orangepi/code/town_ws/install/village_interfaces/lib/python3.8/site-packages/village_interfaces/srv/_borrow_money_s.c
[1.279s] -- Up-to-date: /home/orangepi/code/town_ws/install/village_interfaces/lib/python3.8/site-packages/village_interfaces/srv/_sell_novel_s.c
[1.279s] -- Up-to-date: /home/orangepi/code/town_ws/install/village_interfaces/lib/python3.8/site-packages/village_interfaces/srv/_sell_novel.py
[1.280s] -- Up-to-date: /home/orangepi/code/town_ws/install/village_interfaces/lib/python3.8/site-packages/village_interfaces/village_interfaces_s__rosidl_typesupport_fastrtps_c.cpython-38-aarch64-linux-gnu.so
[1.280s] -- Up-to-date: /home/orangepi/code/town_ws/install/village_interfaces/lib/python3.8/site-packages/village_interfaces/village_interfaces_s__rosidl_typesupport_introspection_c.cpython-38-aarch64-linux-gnu.so
[1.281s] -- Up-to-date: /home/orangepi/code/town_ws/install/village_interfaces/lib/python3.8/site-packages/village_interfaces/village_interfaces_s__rosidl_typesupport_c.cpython-38-aarch64-linux-gnu.so
[1.283s] -- Up-to-date: /home/orangepi/code/town_ws/install/village_interfaces/lib/libvillage_interfaces__python.so
[1.283s] -- Up-to-date: /home/orangepi/code/town_ws/install/village_interfaces/share/village_interfaces/msg/Novel.idl
[1.284s] -- Up-to-date: /home/orangepi/code/town_ws/install/village_interfaces/share/village_interfaces/srv/BorrowMoney.idl
[1.285s] -- Up-to-date: /home/orangepi/code/town_ws/install/village_interfaces/share/village_interfaces/srv/SellNovel.idl
[1.285s] -- Up-to-date: /home/orangepi/code/town_ws/install/village_interfaces/share/village_interfaces/msg/Novel.msg
[1.286s] -- Up-to-date: /home/orangepi/code/town_ws/install/village_interfaces/share/village_interfaces/srv/BorrowMoney.srv
[1.286s] -- Up-to-date: /home/orangepi/code/town_ws/install/village_interfaces/share/village_interfaces/srv/BorrowMoney_Request.msg
[1.287s] -- Up-to-date: /home/orangepi/code/town_ws/install/village_interfaces/share/village_interfaces/srv/BorrowMoney_Response.msg
[1.287s] -- Up-to-date: /home/orangepi/code/town_ws/install/village_interfaces/share/village_interfaces/srv/SellNovel.srv
[1.287s] -- Up-to-date: /home/orangepi/code/town_ws/install/village_interfaces/share/village_interfaces/srv/SellNovel_Request.msg
[1.288s] -- Up-to-date: /home/orangepi/code/town_ws/install/village_interfaces/share/village_interfaces/srv/SellNovel_Response.msg
[1.288s] -- Up-to-date: /home/orangepi/code/town_ws/install/village_interfaces/share/ament_index/resource_index/package_run_dependencies/village_interfaces
[1.289s] -- Up-to-date: /home/orangepi/code/town_ws/install/village_interfaces/share/ament_index/resource_index/parent_prefix_path/village_interfaces
[1.289s] -- Up-to-date: /home/orangepi/code/town_ws/install/village_interfaces/share/village_interfaces/environment/ament_prefix_path.sh
[1.289s] -- Up-to-date: /home/orangepi/code/town_ws/install/village_interfaces/share/village_interfaces/environment/ament_prefix_path.dsv
[1.290s] -- Up-to-date: /home/orangepi/code/town_ws/install/village_interfaces/share/village_interfaces/environment/path.sh
[1.290s] -- Up-to-date: /home/orangepi/code/town_ws/install/village_interfaces/share/village_interfaces/environment/path.dsv
[1.291s] -- Up-to-date: /home/orangepi/code/town_ws/install/village_interfaces/share/village_interfaces/local_setup.bash
[1.291s] -- Up-to-date: /home/orangepi/code/town_ws/install/village_interfaces/share/village_interfaces/local_setup.sh
[1.292s] -- Up-to-date: /home/orangepi/code/town_ws/install/village_interfaces/share/village_interfaces/local_setup.zsh
[1.292s] -- Up-to-date: /home/orangepi/code/town_ws/install/village_interfaces/share/village_interfaces/local_setup.dsv
[1.292s] -- Installing: /home/orangepi/code/town_ws/install/village_interfaces/share/village_interfaces/package.dsv
[1.293s] -- Up-to-date: /home/orangepi/code/town_ws/install/village_interfaces/share/ament_index/resource_index/packages/village_interfaces
[1.293s] -- Up-to-date: /home/orangepi/code/town_ws/install/village_interfaces/share/village_interfaces/cmake/village_interfaces__rosidl_generator_cExport.cmake
[1.294s] -- Up-to-date: /home/orangepi/code/town_ws/install/village_interfaces/share/village_interfaces/cmake/village_interfaces__rosidl_generator_cExport-noconfig.cmake
[1.294s] -- Up-to-date: /home/orangepi/code/town_ws/install/village_interfaces/share/village_interfaces/cmake/village_interfaces__rosidl_typesupport_introspection_cExport.cmake
[1.294s] -- Up-to-date: /home/orangepi/code/town_ws/install/village_interfaces/share/village_interfaces/cmake/village_interfaces__rosidl_typesupport_introspection_cExport-noconfig.cmake
[1.295s] -- Up-to-date: /home/orangepi/code/town_ws/install/village_interfaces/share/village_interfaces/cmake/village_interfaces__rosidl_typesupport_cExport.cmake
[1.295s] -- Up-to-date: /home/orangepi/code/town_ws/install/village_interfaces/share/village_interfaces/cmake/village_interfaces__rosidl_typesupport_cExport-noconfig.cmake
[1.296s] -- Up-to-date: /home/orangepi/code/town_ws/install/village_interfaces/share/village_interfaces/cmake/village_interfaces__rosidl_generator_cppExport.cmake
[1.298s] -- Up-to-date: /home/orangepi/code/town_ws/install/village_interfaces/share/village_interfaces/cmake/village_interfaces__rosidl_typesupport_introspection_cppExport.cmake
[1.298s] -- Up-to-date: /home/orangepi/code/town_ws/install/village_interfaces/share/village_interfaces/cmake/village_interfaces__rosidl_typesupport_introspection_cppExport-noconfig.cmake
[1.299s] -- Up-to-date: /home/orangepi/code/town_ws/install/village_interfaces/share/village_interfaces/cmake/village_interfaces__rosidl_typesupport_cppExport.cmake
[1.300s] -- Up-to-date: /home/orangepi/code/town_ws/install/village_interfaces/share/village_interfaces/cmake/village_interfaces__rosidl_typesupport_cppExport-noconfig.cmake
[1.301s] -- Up-to-date: /home/orangepi/code/town_ws/install/village_interfaces/share/village_interfaces/cmake/rosidl_cmake-extras.cmake
[1.301s] -- Up-to-date: /home/orangepi/code/town_ws/install/village_interfaces/share/village_interfaces/cmake/ament_cmake_export_dependencies-extras.cmake
[1.301s] -- Up-to-date: /home/orangepi/code/town_ws/install/village_interfaces/share/village_interfaces/cmake/ament_cmake_export_libraries-extras.cmake
[1.302s] -- Up-to-date: /home/orangepi/code/town_ws/install/village_interfaces/share/village_interfaces/cmake/ament_cmake_export_targets-extras.cmake
[1.302s] -- Up-to-date: /home/orangepi/code/town_ws/install/village_interfaces/share/village_interfaces/cmake/ament_cmake_export_include_directories-extras.cmake
[1.303s] -- Up-to-date: /home/orangepi/code/town_ws/install/village_interfaces/share/village_interfaces/cmake/rosidl_cmake_export_typesupport_libraries-extras.cmake
[1.303s] -- Up-to-date: /home/orangepi/code/town_ws/install/village_interfaces/share/village_interfaces/cmake/rosidl_cmake_export_typesupport_targets-extras.cmake
[1.303s] -- Up-to-date: /home/orangepi/code/town_ws/install/village_interfaces/share/village_interfaces/cmake/village_interfacesConfig.cmake
[1.304s] -- Up-to-date: /home/orangepi/code/town_ws/install/village_interfaces/share/village_interfaces/cmake/village_interfacesConfig-version.cmake
[1.304s] -- Up-to-date: /home/orangepi/code/town_ws/install/village_interfaces/share/village_interfaces/package.xml
[1.309s] Invoked command in '/home/orangepi/code/town_ws/build/village_interfaces' returned '0': CMAKE_PREFIX_PATH=/opt/ros/foxy CONDA_PROMPT_MODIFIER=(base) /usr/bin/cmake --install /home/orangepi/code/town_ws/build/village_interfaces
